Loaded module: cuda/11.6
Traceback (most recent call last):
  File "/zhome/fd/6/127382/miniconda3/lib/python3.9/runpy.py", line 197, in _run_module_as_main
    return _run_code(code, main_globals, None,
  File "/zhome/fd/6/127382/miniconda3/lib/python3.9/runpy.py", line 87, in _run_code
    exec(code, run_globals)
  File "/zhome/fd/6/127382/miniconda3/lib/python3.9/site-packages/torch/utils/bottleneck/__main__.py", line 229, in <module>
    main()
  File "/zhome/fd/6/127382/miniconda3/lib/python3.9/site-packages/torch/utils/bottleneck/__main__.py", line 203, in main
    env_summary = run_env_analysis()
  File "/zhome/fd/6/127382/miniconda3/lib/python3.9/site-packages/torch/utils/bottleneck/__main__.py", line 37, in run_env_analysis
    info = get_env_info()
  File "/zhome/fd/6/127382/miniconda3/lib/python3.9/site-packages/torch/utils/collect_env.py", line 356, in get_env_info
    conda_packages=get_conda_packages(run_lambda),
  File "/zhome/fd/6/127382/miniconda3/lib/python3.9/site-packages/torch/utils/collect_env.py", line 92, in get_conda_packages
    out = run_and_read_all(run_lambda, f"{conda} list")
  File "/zhome/fd/6/127382/miniconda3/lib/python3.9/site-packages/torch/utils/collect_env.py", line 66, in run_and_read_all
    rc, out, _ = run_lambda(command)
  File "/zhome/fd/6/127382/miniconda3/lib/python3.9/site-packages/torch/utils/collect_env.py", line 53, in run
    raw_output, raw_err = p.communicate()
  File "/zhome/fd/6/127382/miniconda3/lib/python3.9/subprocess.py", line 1134, in communicate
    stdout, stderr = self._communicate(input, endtime, timeout)
  File "/zhome/fd/6/127382/miniconda3/lib/python3.9/subprocess.py", line 1979, in _communicate
    ready = selector.select(timeout)
  File "/zhome/fd/6/127382/miniconda3/lib/python3.9/selectors.py", line 416, in select
    fd_event_list = self._selector.poll(timeout)
KeyboardInterrupt
