Loaded module: cuda/11.6
Traceback (most recent call last):
  File "/zhome/fd/6/127382/Desktop/MasterThesis/Master-thesis/main.py", line 685, in <module>
    train_model(train_dl, val_dl, test_dl, model, epoch_nr, lr,0.0,wd,id)
  File "/zhome/fd/6/127382/Desktop/MasterThesis/Master-thesis/DL_functions.py", line 171, in train_model
    yhat = model(inputs)
  File "/zhome/fd/6/127382/miniconda3/lib/python3.9/site-packages/torch/nn/modules/module.py", line 1130, in _call_impl
    return forward_call(*input, **kwargs)
  File "/zhome/fd/6/127382/Desktop/MasterThesis/Master-thesis/DL_functions.py", line 382, in forward
    x = self.inception_4a(x)
  File "/zhome/fd/6/127382/miniconda3/lib/python3.9/site-packages/torch/nn/modules/module.py", line 1130, in _call_impl
    return forward_call(*input, **kwargs)
  File "/zhome/fd/6/127382/Desktop/MasterThesis/Master-thesis/DL_functions.py", line 338, in forward
    out3 = self.conv3(input_img)
  File "/zhome/fd/6/127382/miniconda3/lib/python3.9/site-packages/torch/nn/modules/module.py", line 1130, in _call_impl
    return forward_call(*input, **kwargs)
  File "/zhome/fd/6/127382/Desktop/MasterThesis/Master-thesis/DL_functions.py", line 293, in forward
    x = self.redConv(input_img)
  File "/zhome/fd/6/127382/miniconda3/lib/python3.9/site-packages/torch/nn/modules/module.py", line 1130, in _call_impl
    return forward_call(*input, **kwargs)
  File "/zhome/fd/6/127382/miniconda3/lib/python3.9/site-packages/torch/nn/modules/container.py", line 139, in forward
    input = module(input)
  File "/zhome/fd/6/127382/miniconda3/lib/python3.9/site-packages/torch/nn/modules/module.py", line 1130, in _call_impl
    return forward_call(*input, **kwargs)
  File "/zhome/fd/6/127382/miniconda3/lib/python3.9/site-packages/torch/nn/modules/batchnorm.py", line 168, in forward
    return F.batch_norm(
  File "/zhome/fd/6/127382/miniconda3/lib/python3.9/site-packages/torch/nn/functional.py", line 2438, in batch_norm
    return torch.batch_norm(
KeyboardInterrupt
