Loaded module: cuda/11.6
Traceback (most recent call last):
  File "/zhome/fd/6/127382/Desktop/MasterThesis/Master-thesis/main.py", line 658, in <module>
    train_model(train_dl, val_dl,test_dl, model, 100, 1e-6,0.0,0.001,'IMLinReg')
  File "/zhome/fd/6/127382/Desktop/MasterThesis/Master-thesis/DL_functions.py", line 205, in train_model
    acc = evaluate_model(test_dl, model)
  File "/zhome/fd/6/127382/Desktop/MasterThesis/Master-thesis/DL_functions.py", line 237, in evaluate_model
    for i, (inputs, targets) in enumerate(test_dl):
  File "/zhome/fd/6/127382/miniconda3/lib/python3.9/site-packages/torch/utils/data/dataloader.py", line 681, in __next__
    data = self._next_data()
  File "/zhome/fd/6/127382/miniconda3/lib/python3.9/site-packages/torch/utils/data/dataloader.py", line 721, in _next_data
    data = self._dataset_fetcher.fetch(index)  # may raise StopIteration
  File "/zhome/fd/6/127382/miniconda3/lib/python3.9/site-packages/torch/utils/data/_utils/fetch.py", line 49, in fetch
    data = [self.dataset[idx] for idx in possibly_batched_index]
  File "/zhome/fd/6/127382/miniconda3/lib/python3.9/site-packages/torch/utils/data/_utils/fetch.py", line 49, in <listcomp>
    data = [self.dataset[idx] for idx in possibly_batched_index]
  File "/zhome/fd/6/127382/Desktop/MasterThesis/Master-thesis/DL_functions.py", line 62, in __getitem__
    image = np.load(imagePath)
  File "/zhome/fd/6/127382/miniconda3/lib/python3.9/site-packages/numpy/lib/npyio.py", line 397, in load
    magic = fid.read(N)
KeyboardInterrupt
