Loaded module: cuda/11.6
Traceback (most recent call last):
  File "/zhome/fd/6/127382/Desktop/MasterThesis/Master-thesis/main.py", line 697, in <module>
    train_model(train_dl, val_dl, test_dl, model, epoch_nr, lr,0.0,wd,id)
  File "/zhome/fd/6/127382/Desktop/MasterThesis/Master-thesis/DL_functions.py", line 246, in train_model
    acc_v = evaluate_model(val_dl, model)
  File "/zhome/fd/6/127382/Desktop/MasterThesis/Master-thesis/DL_functions.py", line 288, in evaluate_model
    for i, (inputs, targets) in enumerate(test_dl):
  File "/zhome/fd/6/127382/miniconda3/lib/python3.9/site-packages/torch/utils/data/dataloader.py", line 681, in __next__
    data = self._next_data()
  File "/zhome/fd/6/127382/miniconda3/lib/python3.9/site-packages/torch/utils/data/dataloader.py", line 721, in _next_data
    data = self._dataset_fetcher.fetch(index)  # may raise StopIteration
  File "/zhome/fd/6/127382/miniconda3/lib/python3.9/site-packages/torch/utils/data/_utils/fetch.py", line 49, in fetch
    data = [self.dataset[idx] for idx in possibly_batched_index]
  File "/zhome/fd/6/127382/miniconda3/lib/python3.9/site-packages/torch/utils/data/_utils/fetch.py", line 49, in <listcomp>
    data = [self.dataset[idx] for idx in possibly_batched_index]
  File "/zhome/fd/6/127382/Desktop/MasterThesis/Master-thesis/DL_functions.py", line 65, in __getitem__
    image = np.load(imagePath)
  File "/zhome/fd/6/127382/miniconda3/lib/python3.9/site-packages/numpy/lib/npyio.py", line 405, in load
    ret = NpzFile(fid, own_fid=own_fid, allow_pickle=allow_pickle,
  File "/zhome/fd/6/127382/miniconda3/lib/python3.9/site-packages/numpy/lib/npyio.py", line 180, in __init__
    _zip = zipfile_factory(fid)
  File "/zhome/fd/6/127382/miniconda3/lib/python3.9/site-packages/numpy/lib/npyio.py", line 103, in zipfile_factory
    return zipfile.ZipFile(file, *args, **kwargs)
KeyboardInterrupt
