Sat Nov 19 20:51:55 2022       
+-----------------------------------------------------------------------------+
| NVIDIA-SMI 520.61.05    Driver Version: 520.61.05    CUDA Version: 11.8     |
|-------------------------------+----------------------+----------------------+
| GPU  Name        Persistence-M| Bus-Id        Disp.A | Volatile Uncorr. ECC |
| Fan  Temp  Perf  Pwr:Usage/Cap|         Memory-Usage | GPU-Util  Compute M. |
|                               |                      |               MIG M. |
|===============================+======================+======================|
|   0  Tesla V100-PCIE...  On   | 00000000:D8:00.0 Off |                    0 |
| N/A   44C    P0    29W / 250W |      0MiB / 32768MiB |      0%   E. Process |
|                               |                      |                  N/A |
+-------------------------------+----------------------+----------------------+
                                                                               
+-----------------------------------------------------------------------------+
| Processes:                                                                  |
|  GPU   GI   CI        PID   Type   Process name                  GPU Memory |
|        ID   ID                                                   Usage      |
|=============================================================================|
|  No running processes found                                                 |
+-----------------------------------------------------------------------------+
/appl/cuda/11.6.0/samples/bin/x86_64/linux/release/deviceQuery Starting...

 CUDA Device Query (Runtime API) version (CUDART static linking)

Detected 1 CUDA Capable device(s)

Device 0: "Tesla V100-PCIE-32GB"
  CUDA Driver Version / Runtime Version          11.8 / 11.6
  CUDA Capability Major/Minor version number:    7.0
  Total amount of global memory:                 32511 MBytes (34089926656 bytes)
  (080) Multiprocessors, (064) CUDA Cores/MP:    5120 CUDA Cores
  GPU Max Clock rate:                            1380 MHz (1.38 GHz)
  Memory Clock rate:                             877 Mhz
  Memory Bus Width:                              4096-bit
  L2 Cache Size:                                 6291456 bytes
  Maximum Texture Dimension Size (x,y,z)         1D=(131072), 2D=(131072, 65536), 3D=(16384, 16384, 16384)
  Maximum Layered 1D Texture Size, (num) layers  1D=(32768), 2048 layers
  Maximum Layered 2D Texture Size, (num) layers  2D=(32768, 32768), 2048 layers
  Total amount of constant memory:               65536 bytes
  Total amount of shared memory per block:       49152 bytes
  Total shared memory per multiprocessor:        98304 bytes
  Total number of registers available per block: 65536
  Warp size:                                     32
  Maximum number of threads per multiprocessor:  2048
  Maximum number of threads per block:           1024
  Max dimension size of a thread block (x,y,z): (1024, 1024, 64)
  Max dimension size of a grid size    (x,y,z): (2147483647, 65535, 65535)
  Maximum memory pitch:                          2147483647 bytes
  Texture alignment:                             512 bytes
  Concurrent copy and kernel execution:          Yes with 7 copy engine(s)
  Run time limit on kernels:                     No
  Integrated GPU sharing Host Memory:            No
  Support host page-locked memory mapping:       Yes
  Alignment requirement for Surfaces:            Yes
  Device has ECC support:                        Enabled
  Device supports Unified Addressing (UVA):      Yes
  Device supports Managed Memory:                Yes
  Device supports Compute Preemption:            Yes
  Supports Cooperative Kernel Launch:            Yes
  Supports MultiDevice Co-op Kernel Launch:      Yes
  Device PCI Domain ID / Bus ID / location ID:   0 / 216 / 0
  Compute Mode:
     < Exclusive Process (many threads in one process is able to use ::cudaSetDevice() with this device) >

deviceQuery, CUDA Driver = CUDART, CUDA Driver Version = 11.8, CUDA Runtime Version = 11.6, NumDevs = 1
Result = PASS
Deep_google_deep_deep
batch_size =  128 lr =  1e-06 wd =  0.1
5276 1164 1140
cuda:0
Using SGD
1 4.180625457669678
2 3.1754128688930834
3 2.9826784833441007
4 2.788338481159803
5 2.6248072352347904
6 2.527566212429252
7 2.448212421871298
8 2.345829509441558
9 2.252330433698745
10 2.156551821833763
Train R2 - DI: 0.192
Val R2 - DI: -0.036
Test R2 - DI: 0.069
11 2.1288554281606378
12 2.063444506859942
13 1.9912039603673661
14 1.9584610899620838
15 1.9238358684522443
16 1.8586932365599684
17 1.8584542795055468
18 1.825773065066681
19 1.7665142998539922
20 1.7743134657662416
Train R2 - DI: 0.276
Val R2 - DI: -0.005
Test R2 - DI: 0.151
21 1.7526483875589898
22 1.7298087933643738
23 1.6840536603428722
24 1.651897536253188
25 1.6314512426153651
26 1.5839744917455272
27 1.5975598121249739
28 1.5946387010058098
29 1.557969654754222
30 1.5483024210709346
Train R2 - DI: 0.327
Val R2 - DI: 0.061
Test R2 - DI: 0.150
31 1.5454180018299903
32 1.5104018562756496
33 1.4906958991420187
34 1.47844142367932
35 1.475675800878772
36 1.4741180379613048
37 1.4911738591179693
38 1.4471796666066514
39 1.4236107649814007
40 1.441958232121182
Train R2 - DI: 0.361
Val R2 - DI: 0.037
Test R2 - DI: 0.197
41 1.416788427733941
42 1.4035019400989224
43 1.4068356751491844
44 1.3948296522714587
45 1.3842018391708246
46 1.3891033945524665
47 1.3758941299541148
48 1.3619269382058896
49 1.3689820500736078
50 1.3458905356503328
Train R2 - DI: 0.391
Val R2 - DI: 0.062
Test R2 - DI: 0.199
51 1.3296078152508335
52 1.3378026057048853
53 1.332134500609102
54 1.3163180503093266
55 1.30811414924691
56 1.3406494052415547
57 1.2987682268057383
58 1.2996309232856398
59 1.3168069648869205
60 1.3268591621050425
Train R2 - DI: 0.409
Val R2 - DI: 0.062
Test R2 - DI: 0.203
61 1.279995722514016
62 1.2901348604949883
63 1.280966893934318
64 1.283754570182297
65 1.2929623573453612
66 1.2706531865566042
67 1.272104468013049
68 1.3004536866418694
69 1.2803483091582848
70 1.2530163634085492
Train R2 - DI: 0.431
Val R2 - DI: 0.083
Test R2 - DI: 0.222
71 1.2497367173817413
72 1.272526328901706
73 1.2497001196779565
74 1.2554226153903698
75 1.2266894323162458
76 1.2276828294454694
77 1.2463083224734002
78 1.2246554440128885
79 1.2324412001001734
80 1.2260372443484755
Train R2 - DI: 0.445
Val R2 - DI: 0.086
Test R2 - DI: 0.206
81 1.2071936334779174
82 1.2304799107550852
83 1.2114788637728833
84 1.2150645389802714
85 1.20318146489442
86 1.2195212224652316
87 1.2134104910178831
88 1.2065389559429824
89 1.1933817021136397
90 1.196909548885629
Train R2 - DI: 0.471
Val R2 - DI: 0.104
Test R2 - DI: 0.190
91 1.202424572759546
92 1.1985776373795978
93 1.1832217776115597
94 1.2199835543202306
95 1.1960895640819338
96 1.1702700236062376
97 1.188084091355712
98 1.1873309398980825
99 1.1931183265862455
100 1.1874208059882105
Train R2 - DI: 0.482
Val R2 - DI: 0.104
Test R2 - DI: 0.214
101 1.184206252571667
102 1.1688947239276404
103 1.172028374364649
104 1.1716463948579519
105 1.1761163114326483
106 1.1747335441371
107 1.1697886287488206
108 1.1621106661477714
109 1.1624956280106031
110 1.1726574545741715
Train R2 - DI: 0.500
Val R2 - DI: 0.102
Test R2 - DI: 0.193
111 1.152146033123644
112 1.1704659643635955
113 1.1556117321344106
114 1.1416083390826615
115 1.1475221136467668
116 1.1568062578393619
117 1.1344606364830774
118 1.142724109111725
119 1.1354606887262098
120 1.1653061915383907
Train R2 - DI: 0.511
Val R2 - DI: 0.093
Test R2 - DI: 0.222
121 1.1547852642975402
122 1.1368391891154852
123 1.1290986544259847
124 1.1398530605618389
125 1.1176732177080035
126 1.1261211647239031
127 1.1252066646225982
128 1.1319437096569012
129 1.1079539300095773
130 1.1400193352424528
Train R2 - DI: 0.505
Val R2 - DI: 0.078
Test R2 - DI: 0.238
131 1.1314015053184399
132 1.12088403555369
133 1.1263635011221804
134 1.1172078642725853
135 1.118477385725552
136 1.1109485787094497
137 1.1095015186536845
138 1.1018608822978022
139 1.109540659699863
140 1.1051438607620054
Train R2 - DI: 0.531
Val R2 - DI: 0.109
Test R2 - DI: 0.227
141 1.0998438148447922
142 1.1094780299047162
143 1.1075175247741884
144 1.0888416271845982
145 1.1091625390403463
146 1.0927565982614709
147 1.0943841317822482
148 1.1013165205332978
149 1.101325742578398
150 1.098319979216494
Train R2 - DI: 0.541
Val R2 - DI: 0.102
Test R2 - DI: 0.222
151 1.0861562670316545
152 1.0828229313641449
153 1.0808789589081504
154 1.067530932618055
155 1.0832730820903822
156 1.0827753886388414
157 1.0821213841528672
158 1.071614458761584
159 1.0831218545774874
160 1.0905455644606097
Train R2 - DI: 0.554
Val R2 - DI: 0.103
Test R2 - DI: 0.206
161 1.0772610251157007
162 1.097072037356292
163 1.082965777352328
164 1.0816162421542466
165 1.0874805374521483
166 1.0819251434291466
167 1.0790712094108112
168 1.0741392186955125
169 1.06533619049736
170 1.062415999476886
Train R2 - DI: 0.571
Val R2 - DI: 0.072
Test R2 - DI: 0.222
171 1.0615976406282508
172 1.0651553074820101
173 1.0646245800427545
174 1.060938991498911
175 1.0776283488841198
176 1.063137464942672
177 1.0679622274894802
178 1.0634371820410786
179 1.067245068018684
180 1.061499926924615
Train R2 - DI: 0.577
Val R2 - DI: 0.096
Test R2 - DI: 0.236
181 1.072249095940608
182 1.0677133040323323
183 1.0508440126515952
184 1.038548060490201
185 1.0380286599217805
186 1.055107181771765
187 1.0568376737982148
188 1.0657948050379662
189 1.0399092329642012
190 1.048801142668706
Train R2 - DI: 0.582
Val R2 - DI: 0.121
Test R2 - DI: 0.209
191 1.0292253365021389
192 1.0516805005308532
193 1.0396412535993504
194 1.0459328699599983
195 1.0426771051961423
196 1.0380790474922752
197 1.0288931327484339
198 1.0494990088525733
199 1.028124021480624
200 1.0343311996149058
Train R2 - DI: 0.596
Val R2 - DI: 0.080
Test R2 - DI: 0.220
201 1.033665984710841
202 1.029781444584266
203 1.0405547525776073
204 1.034796106580354
205 1.0248782038236768
206 1.0176155992852096
207 1.0153445380487796
208 1.0353321640486064
209 1.0149961798547162
210 1.00950804526739
Train R2 - DI: 0.551
Val R2 - DI: 0.074
Test R2 - DI: 0.249
211 1.0272547088851525
212 1.0293232366115057
213 1.0129414983912794
214 1.0214880906423898
215 1.020657488032667
216 1.0075166243509057
217 1.00248201504361
218 1.0191764990609193
219 1.0210879816983667
220 0.9870030326857723
Train R2 - DI: 0.620
Val R2 - DI: 0.081
Test R2 - DI: 0.222
221 1.018605358859099
222 1.0113468164743304
223 1.0067971638877613
224 1.0052153418875718
225 1.0026173685607447
226 1.0059813462576241
227 1.0039132584036075
228 0.9998222375295667
229 1.0017991437886682
230 0.9988201897283501
Train R2 - DI: 0.624
Val R2 - DI: 0.083
Test R2 - DI: 0.210
231 0.9826876343516711
232 1.0036141845292446
233 0.9865204734816707
234 0.9973067496200689
235 0.9986755884534215
236 0.9814623378279356
237 1.0088905589520887
238 0.9918353519627685
239 0.9887642403097203
240 0.9902771823418872
Train R2 - DI: 0.637
Val R2 - DI: 0.072
Test R2 - DI: 0.220
241 0.979952893716264
242 0.997494650935476
243 0.987750814483417
244 0.9890223208298007
245 0.9739788804567611
246 0.9972203428588011
247 0.9730746377318804
248 0.9932819162922614
249 0.9760362601262137
250 0.9926047321519136
Train R2 - DI: 0.645
Val R2 - DI: 0.076
Test R2 - DI: 0.204
251 0.9747921770680033
252 0.9635036090633199
253 0.9766229133519193
254 0.9748260863718433
255 0.9731956058781286
256 0.960916071339391
257 0.9671608207802415
258 0.9808821380816236
259 0.9774591338914664
260 0.9641905535885201
Train R2 - DI: 0.650
Val R2 - DI: 0.088
Test R2 - DI: 0.211
261 0.961077349668565
262 0.9603948857044975
263 0.9618524736848358
264 0.9590508284398875
265 0.956673608890892
266 0.9665019733603928
267 0.962558081061484
268 0.9721275467688247
269 0.9632501802813203
270 0.9639496911737935
Train R2 - DI: 0.661
Val R2 - DI: 0.082
Test R2 - DI: 0.214
271 0.967451002310405
272 0.9428695738993421
273 0.9400486984968728
274 0.9642191688792103
275 0.9461926380009973
276 0.9517027919178573
277 0.9511594201146517
278 0.942667581621131
279 0.9352880144227717
280 0.9565362459425677
Train R2 - DI: 0.664
Val R2 - DI: 0.095
Test R2 - DI: 0.219
281 0.9391646414565895
282 0.9415645324614483
283 0.9534178235659191
284 0.9424701754661832
285 0.9685038692396278
286 0.9522686853745022
287 0.9410634866892342
288 0.9358409806758369
289 0.9529641149982166
290 0.9386134719740179
Train R2 - DI: 0.674
Val R2 - DI: 0.081
Test R2 - DI: 0.202
291 0.9221531511528009
292 0.946333516538821
293 0.9246429651410766
294 0.948015409405255
295 0.9410196556296648
296 0.9491009124758751
297 0.9337476688049524
298 0.9298668862112188
299 0.9391450689451725
300 0.943247649957051
Train R2 - DI: 0.683
Val R2 - DI: 0.056
Test R2 - DI: 0.220
301 0.932904011919428
302 0.9510751218846388
303 0.9251182882780374
304 0.932391142465564
305 0.9381888289176848
306 0.9280554662155689
307 0.9331429749388329
308 0.9313617438597603
309 0.9174826411788801
310 0.9197308811118333
Train R2 - DI: 0.682
Val R2 - DI: 0.075
Test R2 - DI: 0.206
311 0.9098920441649916
312 0.9158882978199285
313 0.9139744808856424
314 0.9251726926322053
315 0.9221538430908759
316 0.9128453764073138
317 0.9205896582813132
318 0.9134353466608743
319 0.9302308525073881
320 0.9165900282284994
Train R2 - DI: 0.692
Val R2 - DI: 0.074
Test R2 - DI: 0.150
321 0.9022300098772027
322 0.9135431694749452
323 0.9111066134794812
324 0.9056459354396297
325 0.9258417676487504
326 0.9013096511680309
327 0.9139899564928137
328 0.889428263545669
329 0.9201927903567958
330 0.9084549293633751
Train R2 - DI: 0.707
Val R2 - DI: 0.091
Test R2 - DI: 0.195
331 0.9183604836554307
332 0.8994929180441705
333 0.8967389950162991
334 0.9020596428112698
335 0.8934522631314779
336 0.8891305743156734
337 0.9061328376487315
338 0.9000919365449056
339 0.9012126505058583
340 0.9074473171364276
Train R2 - DI: 0.695
Val R2 - DI: 0.070
Test R2 - DI: 0.223
341 0.9037037835688732
342 0.9227218533936009
343 0.9064982635130748
344 0.8781365446288808
345 0.8974716471306206
346 0.8867385206663582
347 0.8922971511447493
348 0.9025186516282412
349 0.8969801276628496
350 0.8855406036875842
Train R2 - DI: 0.719
Val R2 - DI: 0.060
Test R2 - DI: 0.213
351 0.8965557023736
352 0.8862654016811438
353 0.882975262163985
354 0.8858624599122749
355 0.8947951641834713
356 0.8879651594921167
357 0.8832420253952495
358 0.8870595378167164
359 0.8956626746761157
360 0.8788481856766209
Train R2 - DI: 0.721
Val R2 - DI: 0.080
Test R2 - DI: 0.201
361 0.8815473854044696
362 0.8805578378586266
363 0.883144916052887
364 0.8745648642215338
365 0.8793050498561121
366 0.8787472220963831
367 0.8862561644524494
368 0.8784801319659524
369 0.8659428255046472
370 0.8956821796295767
Train R2 - DI: 0.731
Val R2 - DI: 0.049
Test R2 - DI: 0.216
371 0.8831369872342646
372 0.8610654829848075
373 0.8781845759405522
374 0.868462909433858
375 0.879235716278215
376 0.8677814118422913
377 0.8762375852029554
378 0.8685351377007092
379 0.8760565386476438
380 0.8687244838977782
Train R2 - DI: 0.732
Val R2 - DI: 0.079
Test R2 - DI: 0.214
381 0.8703696472885213
382 0.8553669768540221
383 0.8820151604875821
384 0.8674496037206295
385 0.8715551716979477
386 0.8604262881969483
387 0.8689273099179878
388 0.8593906041254502
389 0.8743866395552652
390 0.872074984166548
Train R2 - DI: 0.734
Val R2 - DI: 0.075
Test R2 - DI: 0.190
391 0.869555410876068
392 0.8785545880185374
393 0.8693909241992294
394 0.8554757973567566
395 0.8603677153135448
396 0.8536235026286533
397 0.8596876330498586
398 0.8602774633070661
399 0.8574244257534337
400 0.8666850532700927
Train R2 - DI: 0.749
Val R2 - DI: 0.062
Test R2 - DI: 0.211
401 0.8485048027360321
402 0.8749200727471445
403 0.8590544455877482
404 0.8435620084868135
405 0.8655569370810601
406 0.8659531335382411
407 0.8499637823198852
408 0.8536899497420432
409 0.8423664978365721
410 0.8322440683163866
Train R2 - DI: 0.756
Val R2 - DI: 0.085
Test R2 - DI: 0.207
411 0.8476122367373011
412 0.8644629747601872
413 0.8691876950455579
414 0.8494631790409854
415 0.8324210528083784
416 0.8392608213641591
417 0.8470904079687424
418 0.8380086834092679
419 0.851975487162436
420 0.825751831985225
Train R2 - DI: 0.767
Val R2 - DI: 0.062
Test R2 - DI: 0.202
421 0.8414268587646022
422 0.8434291792422013
423 0.8517730477364159
424 0.8377761529918147
425 0.8404756177095322
426 0.8447107763521774
427 0.838773406256863
428 0.8409925729510819
429 0.8371195248621174
430 0.8388624659444999
Train R2 - DI: 0.763
Val R2 - DI: 0.072
Test R2 - DI: 0.206
431 0.834383527965054
432 0.8268591713236534
433 0.8355301764537386
434 0.8270242493472558
435 0.821019821315213
436 0.8193548130573334
437 0.8287339431033883
438 0.8379286059472848
439 0.8233995644588918
440 0.826127089226761
Train R2 - DI: 0.769
Val R2 - DI: 0.075
Test R2 - DI: 0.210
441 0.8298356549770566
442 0.8227786378846013
443 0.8294566965988859
444 0.8240707894000616
445 0.8459782842617309
446 0.8315700344103046
447 0.8378653824555322
448 0.8173639220302081
449 0.8015074810356331
450 0.8327974985728578
Train R2 - DI: 0.776
Val R2 - DI: 0.076
Test R2 - DI: 0.206
451 0.8359687829035715
452 0.8173731315126918
453 0.8154727740663755
454 0.8294139729023341
455 0.8249888588209058
456 0.8221467180266536
457 0.8287300151618165
458 0.8221107260398199
459 0.8281586758108913
460 0.8055969315826034
Train R2 - DI: 0.785
Val R2 - DI: 0.059
Test R2 - DI: 0.216
461 0.800306353268974
462 0.8090430980292661
463 0.8196352703992483
464 0.8189835484232117
465 0.8165146105211734
466 0.8082642038271588
467 0.8062429193568283
468 0.824207533662115
469 0.8016152663426114
470 0.8108401914000782
Train R2 - DI: 0.792
Val R2 - DI: 0.079
Test R2 - DI: 0.191
471 0.800957846677692
472 0.8041322898286324
473 0.8068650205357677
474 0.8086077454778803
475 0.8092742233768027
476 0.7863798859988856
477 0.8256594480394503
478 0.8048911685741156
479 0.8173164928203465
480 0.8029605964533392
Train R2 - DI: 0.789
Val R2 - DI: 0.079
Test R2 - DI: 0.212
481 0.7932366731945902
482 0.8053785457676157
483 0.8048840994361316
484 0.8031150574843209
485 0.7906979439021784
486 0.8075656042214684
487 0.8040656480398749
488 0.8245115290996792
489 0.7970501250439832
490 0.7904587549364323
Train R2 - DI: 0.798
Val R2 - DI: 0.059
Test R2 - DI: 0.197
491 0.8016898149428175
492 0.7928185076131524
493 0.8087563225498156
494 0.7950314025792142
495 0.7969160702664171
496 0.785174213502333
497 0.7944779593986123
498 0.7755758605100965
499 0.7778702437019059
500 0.780096398374183
Train R2 - DI: 0.800
Val R2 - DI: 0.073
Test R2 - DI: 0.210
501 0.7851149499009648
502 0.8028330877931665
503 0.7819533865048724
504 0.7978931376661108
505 0.7828146565403334
506 0.7809571277200498
507 0.7787183563848442
508 0.8033572224345146
509 0.7655106859283072
510 0.7844166048916115
Train R2 - DI: 0.810
Val R2 - DI: 0.065
Test R2 - DI: 0.186
511 0.7745015414218455
512 0.7869953519471944
513 0.774810046838756
514 0.785296095963045
515 0.7814398477075677
516 0.7946728186864036
517 0.787208981817649
518 0.792122439284321
519 0.7957631398368008
520 0.7618517137278744
Train R2 - DI: 0.818
Val R2 - DI: 0.038
Test R2 - DI: 0.177
521 0.7732358888028877
522 0.7873231718448006
523 0.7685643119103444
524 0.7734699745445743
525 0.7722692797814833
526 0.7805809990938547
527 0.7798702385138164
528 0.7816772529625188
529 0.7646190398023199
530 0.8001550002654815
Train R2 - DI: 0.823
Val R2 - DI: 0.059
Test R2 - DI: 0.211
531 0.7673717489560686
532 0.7748407646053392
533 0.7617989398928824
534 0.769871854438666
535 0.7752718386819997
536 0.763984420337489
537 0.7695965207463598
538 0.7585853438561753
539 0.7681343410392889
540 0.7691260672953203
Train R2 - DI: 0.827
Val R2 - DI: 0.069
Test R2 - DI: 0.211
541 0.7642091051749518
542 0.7532499684945845
543 0.7635587852411508
544 0.7556831074357485
545 0.7637816779626148
546 0.779212194107264
547 0.7708463642161574
548 0.7613016641709369
549 0.7541869107840005
550 0.7643433472168455
Train R2 - DI: 0.827
Val R2 - DI: 0.077
Test R2 - DI: 0.206
551 0.750748461489428
552 0.7465473657037562
553 0.7686464040002831
554 0.7506938731697493
555 0.7554444862731575
556 0.7580567485369725
557 0.7368968637085395
558 0.7651367831898964
559 0.7619852575955741
560 0.7671628412285748
Train R2 - DI: 0.781
Val R2 - DI: 0.080
Test R2 - DI: 0.190
561 0.7502067574865444
562 0.771035651712367
563 0.7416075007584711
564 0.77288819100479
565 0.7638356475960223
566 0.7446835044661284
567 0.7591801933305927
568 0.748683645654755
569 0.756691455750686
570 0.7524771569261414
Train R2 - DI: 0.841
Val R2 - DI: 0.037
Test R2 - DI: 0.208
571 0.7525784093561816
572 0.7529824149708029
573 0.7476062968520164
574 0.7471355062438467
575 0.7324822728971896
576 0.7513705933066911
577 0.7576854482937077
578 0.7475307817437415
579 0.7556168551332938
580 0.7438231588675273
Train R2 - DI: 0.848
Val R2 - DI: 0.056
Test R2 - DI: 0.215
581 0.7394890429125852
582 0.7329436276698311
583 0.7560652304635616
584 0.7517590880213225
585 0.7387580742340725
586 0.7429570897769711
587 0.7481723844417575
588 0.7373605020304717
589 0.7387865363783327
590 0.7270588744671802
Train R2 - DI: 0.849
Val R2 - DI: 0.058
Test R2 - DI: 0.182
591 0.7317466682516507
592 0.7308033856593632
593 0.7513582230608422
594 0.7433743133429237
595 0.7452298893541708
596 0.7427296056450995
597 0.7453002777399667
598 0.7454781735187412
599 0.7263525770955958
600 0.749037583548522
Train R2 - DI: 0.852
Val R2 - DI: 0.061
Test R2 - DI: 0.209
0.12125591691459958
Test R2 - DI: 0.209
Test R2 - DI: 0.209
Deep_google_deep_deep
batch_size =  128 lr =  1e-06 wd =  1.0
5276 1164 1140
cuda:0
Using SGD
1 4.240599616898832
2 3.269285709772985
3 2.978720542424732
4 2.7929812717654654
5 2.6258392411709917
6 2.476083167671163
7 2.3602219974569882
8 2.2385048868079545
9 2.1629746923670794
10 2.078742974811291
Train R2 - DI: 0.222
Val R2 - DI: -0.014
Test R2 - DI: 0.111
11 2.031858914905285
12 1.9813894030720651
13 1.9337775803949906
14 1.8717453627987646
15 1.8569395762668404
16 1.778261504813159
17 1.7597076644311809
18 1.7166153291936532
19 1.6440269811484198
20 1.6662410964922438
Train R2 - DI: 0.305
Val R2 - DI: 0.033
Test R2 - DI: 0.179
21 1.6353992280678102
22 1.6209365267749987
23 1.570453313555656
24 1.5721594021119703
25 1.5517405417039596
26 1.5160008508929526
27 1.5025636885905465
28 1.4964382080890808
29 1.4859780178908781
30 1.4669925913474522
Train R2 - DI: 0.346
Val R2 - DI: 0.084
Test R2 - DI: 0.163
31 1.4425403637990886
32 1.4223614594898413
33 1.4013031987731794
34 1.4206714881379285
35 1.4130558893931824
36 1.4281967771695
37 1.3949009280389144
38 1.374989898842876
39 1.3760848670768593
40 1.3679559550744462
Train R2 - DI: 0.382
Val R2 - DI: 0.101
Test R2 - DI: 0.204
41 1.3447649636171006
42 1.3367319347462572
43 1.3397942291596696
44 1.3121254530885709
45 1.318241665994154
46 1.313966980750494
47 1.309469501207596
48 1.3111228487363271
49 1.3106256494746233
50 1.3165455273916724
Train R2 - DI: 0.407
Val R2 - DI: 0.133
Test R2 - DI: 0.213
51 1.29344449556624
52 1.3040438650954032
53 1.2767545377512246
54 1.2826325693665535
55 1.265018337327843
56 1.2700030922980088
57 1.2570770305607515
58 1.2776096648027537
59 1.269418408601369
60 1.2572308368444263
Train R2 - DI: 0.430
Val R2 - DI: 0.138
Test R2 - DI: 0.202
61 1.2438399693204925
62 1.250357081259264
63 1.2260252092714288
64 1.228268746718753
65 1.23030608508332
66 1.2477140014509616
67 1.2353914507959176
68 1.2280722410955422
69 1.2055209496420745
70 1.2153649165650224
Train R2 - DI: 0.462
Val R2 - DI: 0.133
Test R2 - DI: 0.214
71 1.2013304193784469
72 1.2257910466176076
73 1.207090474964544
74 1.19620326846002
75 1.1980609830533853
76 1.1927411827379506
77 1.187782671344922
78 1.2042900491971875
79 1.1941209656438474
80 1.1829374731264846
Train R2 - DI: 0.477
Val R2 - DI: 0.155
Test R2 - DI: 0.199
81 1.184851873363845
82 1.1798822617693505
83 1.1776323741001102
84 1.1803993981746763
85 1.1672636645593997
86 1.1736815934654796
87 1.1660086624183106
88 1.1706072691265972
89 1.1696447200898061
90 1.1339775806489183
Train R2 - DI: 0.484
Val R2 - DI: 0.172
Test R2 - DI: 0.166
91 1.1584758711548082
92 1.156817417419526
93 1.1572236960543385
94 1.1365707583098452
95 1.149604594463467
96 1.143172594161536
97 1.1695077629862995
98 1.150186762247599
99 1.1223503582128709
100 1.1389944299411556
Train R2 - DI: 0.514
Val R2 - DI: 0.145
Test R2 - DI: 0.217
101 1.1447438480638934
102 1.1220754460912477
103 1.1260756661803366
104 1.135268688653797
105 1.132702103792672
106 1.124949079648033
107 1.130355176101407
108 1.129787274704818
109 1.103131793230388
110 1.1133990477575688
Train R2 - DI: 0.523
Val R2 - DI: 0.129
Test R2 - DI: 0.219
111 1.111641850861932
112 1.0984698524070202
113 1.105179823737329
114 1.1107737710748864
115 1.1068507449205758
116 1.0960340323639783
117 1.0859656538178832
118 1.0909650150440786
119 1.0964240631974043
120 1.0887606448527083
Train R2 - DI: 0.544
Val R2 - DI: 0.134
Test R2 - DI: 0.242
121 1.0928620126231139
122 1.0823748632305223
123 1.0829611258401937
124 1.0948976308129972
125 1.0782784873378195
126 1.082956558380098
127 1.0791902276401362
128 1.0736548086293636
129 1.085134357462515
130 1.0834966784991307
Train R2 - DI: 0.548
Val R2 - DI: 0.131
Test R2 - DI: 0.252
131 1.0775503082832123
132 1.0803052682240322
133 1.0477583390280005
134 1.0632845399233317
135 1.0643090859247573
136 1.0571052621403276
137 1.0661088355659445
138 1.0611088880541832
139 1.0516548192889696
140 1.0498065024817687
Train R2 - DI: 0.565
Val R2 - DI: 0.159
Test R2 - DI: 0.210
141 1.0543891093873725
142 1.0537476927335738
143 1.0579386572660687
144 1.0430177696913459
145 1.0453822549497476
146 1.047001823862002
147 1.0335504357068261
148 1.0424783143516378
149 1.0254782497928032
150 1.0366288496744822
Train R2 - DI: 0.581
Val R2 - DI: 0.145
Test R2 - DI: 0.232
151 1.0390413285567057
152 1.023929548498534
153 1.0431988376211814
154 1.0388043732964876
155 1.032768130935079
156 1.0369783505243817
157 1.0172842947075635
158 1.0272820520979424
159 1.0139591341401881
160 1.0302235408657152
Train R2 - DI: 0.590
Val R2 - DI: 0.155
Test R2 - DI: 0.224
161 1.017611131060747
162 1.0277697008789444
163 1.0300784797447933
164 1.0127865337259034
165 1.0175926627490988
166 1.0269372539144288
167 1.0108975556603519
168 1.0119617142579698
169 1.0043904813877826
170 0.9856270756840796
Train R2 - DI: 0.601
Val R2 - DI: 0.137
Test R2 - DI: 0.246
171 1.0211014774281297
172 1.0025304427555422
173 1.004842285770101
174 1.0209306636662805
175 0.9948689935783982
176 0.9942372032328932
177 0.9965189565665077
178 1.0012275467685354
179 0.9977143780583229
180 1.005236375187273
Train R2 - DI: 0.611
Val R2 - DI: 0.133
Test R2 - DI: 0.231
181 0.991003696533475
182 0.9953472495440555
183 0.9776585561204264
184 0.99608402219661
185 1.000478211273471
186 0.9976425348040369
187 0.9868174173146871
188 0.9835410541074577
189 0.9879027573424275
190 0.981961739614572
Train R2 - DI: 0.626
Val R2 - DI: 0.130
Test R2 - DI: 0.245
191 0.9621679290304408
192 0.9899295763231932
193 0.9697545740620669
194 0.9835573532438531
195 0.9708743292423159
196 0.9760307694493685
197 0.970111955920343
198 0.967259099214162
199 0.9704443080756048
200 0.9905068865321277
Train R2 - DI: 0.604
Val R2 - DI: 0.164
Test R2 - DI: 0.214
201 0.9672414062147885
202 0.9694011020696551
203 0.956809876632112
204 0.9634719539809353
205 0.9576682215662414
206 0.9729703785435009
207 0.970409085842766
208 0.967540869033183
209 0.9668005420187371
210 0.9657877227227918
Train R2 - DI: 0.638
Val R2 - DI: 0.130
Test R2 - DI: 0.234
211 0.9469003386349277
212 0.9487720818299069
213 0.9645761311099419
214 0.9498924767998153
215 0.9557032512841214
216 0.9471615376664075
217 0.9350892940283364
218 0.9440163273626968
219 0.944316995604821
220 0.9419836076124768
Train R2 - DI: 0.614
Val R2 - DI: 0.151
Test R2 - DI: 0.222
221 0.9567684648252057
222 0.9496762309678131
223 0.942512944487571
224 0.9589873113986486
225 0.9465036282853885
226 0.937734018409677
227 0.9288853392445562
228 0.939522523424497
229 0.9284986201970301
230 0.926489016610262
Train R2 - DI: 0.664
Val R2 - DI: 0.133
Test R2 - DI: 0.235
231 0.931636026630445
232 0.9248386472350635
233 0.919943015398267
234 0.9314519680748391
235 0.9312573099244806
236 0.9164277992075008
237 0.9299051774280193
238 0.9365957166499672
239 0.9175247992413617
240 0.9215488225967257
Train R2 - DI: 0.669
Val R2 - DI: 0.126
Test R2 - DI: 0.255
241 0.9247739508443027
242 0.9240865862396651
243 0.9360605732250431
244 0.9089490668714001
245 0.9218565977550619
246 0.9101209089193858
247 0.9085028211757755
248 0.9115505668590971
249 0.9220255071055807
250 0.9068169815690342
Train R2 - DI: 0.676
Val R2 - DI: 0.162
Test R2 - DI: 0.226
251 0.9164813164963336
252 0.8917193544733425
253 0.9092513099595215
254 0.8966710694908102
255 0.8993805636050938
256 0.9036662332753145
257 0.9112490674959519
258 0.8997335600256468
259 0.9088113061219476
260 0.9056688656492429
Train R2 - DI: 0.680
Val R2 - DI: 0.123
Test R2 - DI: 0.256
261 0.8906095976446324
262 0.9057570112935516
263 0.9015953750480207
264 0.8920698803062237
265 0.9126202222793006
266 0.8935816373853994
267 0.9016805699234934
268 0.9030554669657108
269 0.8880185035252951
270 0.8971143961856544
Train R2 - DI: 0.690
Val R2 - DI: 0.140
Test R2 - DI: 0.237
271 0.8995067429325633
272 0.8933769492058251
273 0.887060156909691
274 0.8721579934178744
275 0.878480421855108
276 0.8957393549444822
277 0.8862891499068901
278 0.8817608597786523
279 0.8756963377020592
280 0.8865543389699964
Train R2 - DI: 0.657
Val R2 - DI: 0.150
Test R2 - DI: 0.246
281 0.9053027249358656
282 0.8856797512052997
283 0.8767275537298519
284 0.8854079034131436
285 0.870456594694194
286 0.8807631552987608
287 0.8784275266417416
288 0.8761854963920801
289 0.8679352009088547
290 0.866254851391498
Train R2 - DI: 0.708
Val R2 - DI: 0.151
Test R2 - DI: 0.228
291 0.8657151795951953
292 0.8577601710804671
293 0.8666274536279587
294 0.8704487612701167
295 0.8769393063929155
296 0.8738027936224688
297 0.8529940916788767
298 0.8505150091476382
299 0.8657554408833328
300 0.8551677050601361
Train R2 - DI: 0.720
Val R2 - DI: 0.151
Test R2 - DI: 0.232
301 0.8610534154618663
302 0.863321792410575
303 0.8670498972322291
304 0.8531629450850816
305 0.8408853786293533
306 0.8639454462023917
307 0.8574519346752701
308 0.8670093530140834
309 0.8551395246709631
310 0.830841502156377
Train R2 - DI: 0.695
Val R2 - DI: 0.155
Test R2 - DI: 0.226
311 0.869016484205609
312 0.847436962930247
313 0.853854099668455
314 0.8442031668387551
315 0.8561034621028307
316 0.8432088422449906
317 0.8480144012507568
318 0.8435733889521208
319 0.840830157569541
320 0.8382465974953791
Train R2 - DI: 0.732
Val R2 - DI: 0.140
Test R2 - DI: 0.251
321 0.8445835267168903
322 0.8359548378117253
323 0.8398860789682939
324 0.840560506111388
325 0.8356800580042795
326 0.8374762595648835
327 0.8416762816535424
328 0.8261447649186447
329 0.8341730404207434
330 0.8268789831122455
Train R2 - DI: 0.737
Val R2 - DI: 0.149
Test R2 - DI: 0.241
331 0.8154162053722066
332 0.8335582929817992
333 0.8183936023459099
334 0.8231392409242944
335 0.8232553452592262
336 0.8384355970907609
337 0.8511039331340717
338 0.82093532795794
339 0.8316433347021657
340 0.8263784748211875
Train R2 - DI: 0.750
Val R2 - DI: 0.139
Test R2 - DI: 0.239
341 0.809624876778988
342 0.8303423456570883
343 0.8172123351722527
344 0.8209971920661261
345 0.8255029354156916
346 0.8134660242722738
347 0.8151842492199739
348 0.831746835524246
349 0.8243245839439982
350 0.8133395941895549
Train R2 - DI: 0.755
Val R2 - DI: 0.149
Test R2 - DI: 0.227
351 0.8115029613387865
352 0.8223636618972818
353 0.8165075826861806
354 0.8117073375768423
355 0.8191036467212361
356 0.8177710932434464
357 0.8082411498893293
358 0.8178365930090175
359 0.8021341252272738
360 0.8019915641122374
Train R2 - DI: 0.762
Val R2 - DI: 0.140
Test R2 - DI: 0.238
361 0.8102123084802172
362 0.7996720330474772
363 0.8032572147428673
364 0.8070242591569422
365 0.7963165544577853
366 0.8072180508482718
367 0.8055785336758351
368 0.8055492316890251
369 0.8068556157000776
370 0.8156119441335359
Train R2 - DI: 0.767
Val R2 - DI: 0.134
Test R2 - DI: 0.232
371 0.8060473742315135
372 0.8119585728265735
373 0.8014925481967622
374 0.798877194083216
375 0.794416686275676
376 0.7875260294071195
377 0.7853458211492462
378 0.7970317124055135
379 0.7926765330548174
380 0.7976247674140902
Train R2 - DI: 0.773
Val R2 - DI: 0.133
Test R2 - DI: 0.246
381 0.798604059617026
382 0.7869902904328295
383 0.7910887205392868
384 0.7941082410960598
385 0.8070358892025777
386 0.782519284616012
387 0.7744895551492085
388 0.8002982976040757
389 0.7841790350121562
390 0.798846690830089
Train R2 - DI: 0.762
Val R2 - DI: 0.130
Test R2 - DI: 0.236
391 0.7787209070478993
392 0.7862485970756699
393 0.7912526304203059
394 0.7791517532802694
395 0.7821303496223403
396 0.7858365218778557
397 0.7879475365541847
398 0.7916658155117368
399 0.7775336317802759
400 0.7821204884654198
Train R2 - DI: 0.783
Val R2 - DI: 0.126
Test R2 - DI: 0.244
401 0.763145506788692
402 0.778915719067716
403 0.7821341454304919
404 0.7882064709706773
405 0.7892808175340035
406 0.7774385896209879
407 0.7869062580964709
408 0.7729803036793874
409 0.7660620407320677
410 0.7662143130660328
Train R2 - DI: 0.776
Val R2 - DI: 0.130
Test R2 - DI: 0.265
411 0.7726841319953971
412 0.7658017559246731
413 0.766112505892536
414 0.7669824514088981
415 0.7697039666367445
416 0.7751056918418254
417 0.7549962931460192
418 0.770169261371303
419 0.7659793605941819
420 0.7569102840589881
Train R2 - DI: 0.796
Val R2 - DI: 0.135
Test R2 - DI: 0.243
421 0.7623823835056238
422 0.7626223389717374
423 0.7706424261784355
424 0.7657537006626896
425 0.7734405951033586
426 0.7703583988843314
427 0.7477625839361375
428 0.7630195257065421
429 0.7607434243302711
430 0.7606821299683786
Train R2 - DI: 0.802
Val R2 - DI: 0.131
Test R2 - DI: 0.239
431 0.7478844394188564
432 0.7476986350210623
433 0.760860375150575
434 0.7744220281930653
435 0.7426402938465353
436 0.7561323887204654
437 0.7478971073716043
438 0.7615794580573834
439 0.7503849360145702
440 0.7336978773622462
Train R2 - DI: 0.790
Val R2 - DI: 0.139
Test R2 - DI: 0.232
441 0.7610867977865362
442 0.7445432563185963
443 0.7465758336774322
444 0.7599682444600647
445 0.7389037979652341
446 0.7537331344323958
447 0.7432972639234252
448 0.7353251351832982
449 0.7484100709999032
450 0.753618698575625
Train R2 - DI: 0.800
Val R2 - DI: 0.138
Test R2 - DI: 0.242
451 0.7519732933319184
452 0.7375775668275817
453 0.735981628603787
454 0.734368687511123
455 0.7347750251631198
456 0.744664771435747
457 0.7528893601451524
458 0.7257464180578329
459 0.7420398146027051
460 0.7296610285469399
Train R2 - DI: 0.818
Val R2 - DI: 0.133
Test R2 - DI: 0.232
461 0.7356013858562351
462 0.7362998735732974
463 0.7320043420231279
464 0.7333867481208552
465 0.7322930288278668
466 0.7293826069137741
467 0.7294280830886528
468 0.7355060859373612
469 0.7434109334605855
470 0.7201183413446989
Train R2 - DI: 0.816
Val R2 - DI: 0.115
Test R2 - DI: 0.259
471 0.738714307524021
472 0.7291158051812531
473 0.7252657073659369
474 0.7250816794486549
475 0.7197322060973288
476 0.7256008328769675
477 0.7219432478063119
478 0.7249257494501312
479 0.7173689277539026
480 0.7154194300512728
Train R2 - DI: 0.817
Val R2 - DI: 0.133
Test R2 - DI: 0.203
481 0.7146511697425727
482 0.7386604349119723
483 0.7247595356394614
484 0.7134852424727144
485 0.7201001467444482
486 0.7182904417719056
487 0.7127040898465495
488 0.7116372859143596
489 0.7191642218236222
490 0.7112207815807999
Train R2 - DI: 0.839
Val R2 - DI: 0.134
Test R2 - DI: 0.231
491 0.7090741892128483
492 0.7088125149710238
493 0.7144817121558519
494 0.7071931761625231
495 0.7294666243376743
496 0.7102919600062337
497 0.7163996325016383
498 0.6992167653777185
499 0.7119048542376266
500 0.7091986073789676
Train R2 - DI: 0.841
Val R2 - DI: 0.132
Test R2 - DI: 0.227
501 0.6989009871999814
502 0.7172538755607026
503 0.7082653116149555
504 0.6962789422730048
505 0.6981354685241838
506 0.7018318885741042
507 0.7019859995238251
508 0.710484196870412
509 0.6966255182023298
510 0.71018628264305
Train R2 - DI: 0.825
Val R2 - DI: 0.128
Test R2 - DI: 0.231
511 0.7321217456850886
512 0.7073187679843165
513 0.6898319150481467
514 0.6962788804540858
515 0.6930186073376972
516 0.7012414913271484
517 0.6998245059946796
518 0.7027400778133459
519 0.6944823533951829
520 0.6927901951086349
Train R2 - DI: 0.853
Val R2 - DI: 0.116
Test R2 - DI: 0.228
521 0.6953161420290718
522 0.7072936917363558
523 0.699010046121295
524 0.7013776565339187
525 0.6927808732404412
526 0.6817592337241762
527 0.694515371747411
528 0.7000978908546048
529 0.7069582899381394
530 0.6930196817577382
Train R2 - DI: 0.845
Val R2 - DI: 0.124
Test R2 - DI: 0.237
531 0.7005351083219006
532 0.6867244287003523
533 0.6953848284966481
534 0.6817589941306761
535 0.7001040543996537
536 0.698725073286943
537 0.6962099714293636
538 0.6945638059214085
539 0.7000726550885273
540 0.6855143127882454
Train R2 - DI: 0.861
Val R2 - DI: 0.117
Test R2 - DI: 0.235
541 0.6937560888291129
542 0.6910322781446037
543 0.6720951445361174
544 0.666238327519834
545 0.6735016479014989
546 0.6873750959588688
547 0.6821755407613909
548 0.6862913228690036
549 0.6841945753936247
550 0.6835081331471407
Train R2 - DI: 0.861
Val R2 - DI: 0.121
Test R2 - DI: 0.258
551 0.6750654393384816
552 0.6781408331265858
553 0.6823539616394622
554 0.6796622094193402
555 0.675420964550484
556 0.6779317386318464
557 0.6798338044584475
558 0.6988554463592599
559 0.6865666302159665
560 0.6994473654000121
Train R2 - DI: 0.863
Val R2 - DI: 0.119
Test R2 - DI: 0.224
561 0.6852629988188089
562 0.6684950309056419
563 0.6887500526961094
564 0.6816412411556722
565 0.6762706805034693
566 0.6669995600387307
567 0.6697931615035583
568 0.6574370276304337
569 0.6816725886347079
570 0.6776623363473182
Train R2 - DI: 0.857
Val R2 - DI: 0.131
Test R2 - DI: 0.213
571 0.6711386403321677
572 0.6644637369585362
573 0.6813553080945597
574 0.6589147847109079
575 0.6965892020728752
576 0.6759254057087439
577 0.6555173797441125
578 0.6821612938504222
579 0.6664664505827689
580 0.6687042385543088
Train R2 - DI: 0.877
Val R2 - DI: 0.129
Test R2 - DI: 0.227
581 0.6611853873666441
582 0.6764965545869036
583 0.6762250143077176
584 0.6779214809842865
585 0.6740993319631436
586 0.6683163345537916
587 0.674874267540166
588 0.6574040234902304
589 0.6631544541463064
590 0.6535363980004786
Train R2 - DI: 0.850
Val R2 - DI: 0.125
Test R2 - DI: 0.218
591 0.6550918406749694
592 0.6647902195701281
593 0.6697348051219387
594 0.6666725525989778
595 0.6508822702295044
596 0.651306638399519
597 0.6465750810230565
598 0.6390277171695296
599 0.6549083628918385
600 0.6575472708268993
Train R2 - DI: 0.875
Val R2 - DI: 0.116
Test R2 - DI: 0.236
0.17235501765585215
Test R2 - DI: 0.236
Test R2 - DI: 0.166
Deep_google_deep_deep
batch_size =  128 lr =  1e-06 wd =  10.0
5276 1164 1140
cuda:0
Using SGD
1 4.431645229967188
2 3.0550841254840932
3 2.790307645096392
4 2.6050159857072464
5 2.4474549817713576
6 2.3171396465171368
7 2.258621703141381
8 2.15341391140444
9 2.1100396820774034
10 2.0498475782612764
Train R2 - DI: 0.208
Val R2 - DI: -0.000
Test R2 - DI: 0.125
11 1.96814213890845
12 1.9338257423036473
13 1.8869660362499605
14 1.8439194995223618
15 1.8168490695808763
16 1.7929338394827332
17 1.779688438201511
18 1.7677516717636015
19 1.7112510588423966
20 1.7063893650046256
Train R2 - DI: 0.281
Val R2 - DI: 0.080
Test R2 - DI: 0.157
21 1.688136863835026
22 1.6575224716795314
23 1.6586434828503012
24 1.6410636941622025
25 1.6240491532664845
26 1.5986582428510665
27 1.5772327094298588
28 1.5663619288176276
29 1.5561510704971788
30 1.544129360436128
Train R2 - DI: 0.319
Val R2 - DI: 0.126
Test R2 - DI: 0.187
31 1.5250027590036572
32 1.5313136183555782
33 1.519469222668177
34 1.5022612590515043
35 1.48235133310626
36 1.4810612250495083
37 1.4637192667569963
38 1.4850086139132346
39 1.4610181161180602
40 1.4562483188146167
Train R2 - DI: 0.343
Val R2 - DI: 0.129
Test R2 - DI: 0.204
41 1.4605574300562096
42 1.448423514138396
43 1.4278068238808586
44 1.4360101360367319
45 1.419801319160635
46 1.414364117307135
47 1.4227106032541432
48 1.4175928921479
49 1.423246785489965
50 1.4107744556380728
Train R2 - DI: 0.348
Val R2 - DI: 0.161
Test R2 - DI: 0.207
51 1.4205952349081465
52 1.4031379024037094
53 1.3915361565473496
54 1.4088591428486301
55 1.3904301932221383
56 1.391856854751853
57 1.3810662887058447
58 1.3971656950429319
59 1.3785526324077662
60 1.3767504384790612
Train R2 - DI: 0.364
Val R2 - DI: 0.169
Test R2 - DI: 0.227
61 1.3778557260439557
62 1.3790379229416172
63 1.3729055439368445
64 1.364607617202539
65 1.3819255586642945
66 1.3711295389966407
67 1.3771884019307967
68 1.3646102178449246
69 1.3748114456092886
70 1.3725083316249138
Train R2 - DI: 0.370
Val R2 - DI: 0.173
Test R2 - DI: 0.225
71 1.387406739888542
72 1.3705498397666636
73 1.3773245521347302
74 1.3626216252343595
75 1.365879820954899
76 1.3689174397232136
77 1.3817271929604253
78 1.3609438479353388
79 1.3740380045317446
80 1.3655628951956957
Train R2 - DI: 0.379
Val R2 - DI: 0.173
Test R2 - DI: 0.246
81 1.3678727402119495
82 1.3788712527193383
83 1.3507567218436356
84 1.3687315999422225
85 1.378103154820868
86 1.3710974235259916
87 1.3764967137525441
88 1.366952258407211
89 1.3683318468184973
90 1.3662974845287563
Train R2 - DI: 0.383
Val R2 - DI: 0.184
Test R2 - DI: 0.245
91 1.372880744247205
92 1.3707474818095915
93 1.3763619947831138
94 1.3764869964330644
95 1.3790064125552695
96 1.3928246903003754
97 1.3805341459387084
98 1.3845496416272676
99 1.384832247176615
100 1.3908781504612966
Train R2 - DI: 0.383
Val R2 - DI: 0.179
Test R2 - DI: 0.252
101 1.3916176549406825
102 1.3886702370697843
103 1.3897765472678183
104 1.3925808576854275
105 1.4005658441280397
106 1.404876279370002
107 1.4012306980150409
108 1.4062585921067012
109 1.4040436407126107
110 1.4040548235652481
Train R2 - DI: 0.384
Val R2 - DI: 0.200
Test R2 - DI: 0.249
111 1.4055186637519796
112 1.411799074665356
113 1.4164240350318371
114 1.4244169095323518
115 1.4207461441530251
116 1.432272755168802
117 1.4263307149885638
118 1.437314989532459
119 1.4370191755215267
120 1.4382711772759635
Train R2 - DI: 0.386
Val R2 - DI: 0.205
Test R2 - DI: 0.251
121 1.4426608909432683
122 1.4497914098265317
123 1.4436462873577438
124 1.4457249682992583
125 1.457801706416757
126 1.4519278249386316
127 1.4624754473329766
128 1.4621578052786826
129 1.4675261864072902
130 1.4747477924398982
Train R2 - DI: 0.384
Val R2 - DI: 0.204
Test R2 - DI: 0.259
131 1.4746299612422709
132 1.4777157269615944
133 1.4841235072618184
134 1.4853471989338827
135 1.489371338967937
136 1.4948913015317882
137 1.4947732628250412
138 1.5016760070546276
139 1.5039799865942456
140 1.5030630139169412
Train R2 - DI: 0.383
Val R2 - DI: 0.212
Test R2 - DI: 0.255
141 1.5170976025665954
142 1.520489277669749
143 1.523070751762101
144 1.5252514677214026
145 1.5288286028349372
146 1.5308280832574077
147 1.5372587969304938
148 1.5423357205647605
149 1.5525256360092337
150 1.5602520264125936
Train R2 - DI: 0.385
Val R2 - DI: 0.212
Test R2 - DI: 0.263
151 1.55944084800311
152 1.5676796866511649
153 1.565633675923756
154 1.579401967379069
155 1.5730457586985451
156 1.5844076908927147
157 1.5845396372294047
158 1.5929045248790796
159 1.5950704199333279
160 1.597497854203867
Train R2 - DI: 0.382
Val R2 - DI: 0.218
Test R2 - DI: 0.262
161 1.60993917210704
162 1.6182572890448697
163 1.618360236072468
164 1.6212920799139687
165 1.6295131414202328
166 1.6278853405597447
167 1.6381634983535605
168 1.6466149420698453
169 1.6482491883660375
170 1.6525355598255935
Train R2 - DI: 0.382
Val R2 - DI: 0.220
Test R2 - DI: 0.260
171 1.6621562704342256
172 1.661771748172595
173 1.6672566757679348
174 1.676259267863403
175 1.6853714712286103
176 1.6917751735588924
177 1.697383021476867
178 1.6953660830844073
179 1.7006995323664136
180 1.7140496689953344
Train R2 - DI: 0.382
Val R2 - DI: 0.218
Test R2 - DI: 0.262
181 1.7175121536030744
182 1.7254913522042137
183 1.7212290367093206
184 1.7295348743672982
185 1.7390957576384412
186 1.7446123393220012
187 1.7507091074662284
188 1.7577262741765622
189 1.7652713881919924
190 1.7649627740497025
Train R2 - DI: 0.376
Val R2 - DI: 0.222
Test R2 - DI: 0.255
191 1.7788111606811916
192 1.7830152480867978
193 1.7925831524145432
194 1.7934478875630908
195 1.797575523945488
196 1.808715068543834
197 1.8140467592402785
198 1.8194203893735248
199 1.8232804671483478
200 1.8391824086748172
Train R2 - DI: 0.381
Val R2 - DI: 0.216
Test R2 - DI: 0.274
201 1.840770556675475
202 1.851075139165015
203 1.8548462155915464
204 1.8604993545439679
205 1.869095068433413
206 1.8714028631221895
207 1.8771409955867047
208 1.8878378322216667
209 1.8930496115680895
210 1.8991024258283162
Train R2 - DI: 0.379
Val R2 - DI: 0.216
Test R2 - DI: 0.270
211 1.9110629055154784
212 1.9145525553806702
213 1.9179901834506714
214 1.9299844488038358
215 1.9318526161720213
216 1.9436049972907263
217 1.9488997242503134
218 1.9565171168734397
219 1.9668814271937003
220 1.973129013255295
Train R2 - DI: 0.370
Val R2 - DI: 0.211
Test R2 - DI: 0.254
221 1.9778872338816287
222 1.9905516112546653
223 1.995378240299008
224 1.9985048080412522
225 2.0063806436927685
226 2.0191707880412024
227 2.0286035199704
228 2.033518853921435
229 2.040725530865881
230 2.0513811888705606
Train R2 - DI: 0.369
Val R2 - DI: 0.204
Test R2 - DI: 0.261
231 2.0583805967407574
232 2.06588876681223
233 2.0773973247153545
234 2.0829767107150157
235 2.0867368430238136
236 2.0952384184489565
237 2.109432247572545
238 2.1175800934264477
239 2.126983077531515
240 2.13415856791591
Train R2 - DI: 0.367
Val R2 - DI: 0.196
Test R2 - DI: 0.268
241 2.1435983909450758
242 2.1539794339475713
243 2.1590794078141475
244 2.1713662122215984
245 2.176412658586567
246 2.190623545122472
247 2.1946844508740107
248 2.2057482035798137
249 2.216382804650805
250 2.2311245496748433
Train R2 - DI: 0.364
Val R2 - DI: 0.192
Test R2 - DI: 0.276
251 2.2331436719742572
252 2.2431270552910667
253 2.2602715094582977
254 2.267788867502162
255 2.280264083863751
256 2.2876433131367624
257 2.2964662856636306
258 2.312822040958419
259 2.321833672353587
260 2.3339326743197497
Train R2 - DI: 0.347
Val R2 - DI: 0.192
Test R2 - DI: 0.253
261 2.3455427432259075
262 2.356449217756559
263 2.370013282550294
264 2.3852985637309065
265 2.3934623168398703
266 2.408048050976595
267 2.421092446596899
268 2.4333261239700374
269 2.4449561696056166
270 2.462392987944666
Train R2 - DI: 0.322
Val R2 - DI: 0.184
Test R2 - DI: 0.243
271 2.476385572084972
272 2.488313325342579
273 2.506982352175073
274 2.5173206794795164
275 2.5369061655488494
276 2.5518735353471294
277 2.5637192277857714
278 2.577535562392344
279 2.5957268726834752
280 2.6106124209851544
Train R2 - DI: 0.282
Val R2 - DI: 0.166
Test R2 - DI: 0.219
281 2.627996555506234
282 2.641914466730657
283 2.659520377707897
284 2.6726156625899518
285 2.687404789646256
286 2.701208185119282
287 2.7137941263949354
288 2.728556810679808
289 2.7452462003301545
290 2.7550322232235556
Train R2 - DI: 0.210
Val R2 - DI: 0.138
Test R2 - DI: 0.186
291 2.766579100360827
292 2.781651839241103
293 2.790993406340604
294 2.804781843804337
295 2.812381153309137
296 2.8248386272794828
297 2.831806289327244
298 2.847267219566594
299 2.8573283427949203
300 2.8689505867744773
Train R2 - DI: 0.141
Val R2 - DI: 0.103
Test R2 - DI: 0.159
301 2.870360789468923
302 2.880655923153615
303 2.8904360184803255
304 2.897264951282238
305 2.8991982627764536
306 2.9077450482568747
307 2.913478379180885
308 2.922651018131132
309 2.9280210642131372
310 2.9411312949937614
Train R2 - DI: 0.076
Val R2 - DI: 0.076
Test R2 - DI: 0.085
311 2.9468652595616907
312 2.9494372883739572
313 2.9662612469653635
314 2.9623931280313975
315 2.969216169418034
316 2.978433343657406
317 2.991591738786907
318 2.995283238719683
319 3.0011451329310073
320 2.999999994938802
Train R2 - DI: 0.077
Val R2 - DI: 0.069
Test R2 - DI: 0.127
321 3.0083419506616713
322 3.015202693635537
323 3.0211583380449714
324 3.0275751700267546
325 3.032556408548825
326 3.0364539717254178
327 3.0443789819770912
328 3.0464624769313486
329 3.0506311120907403
330 3.054236820920839
Train R2 - DI: -0.021
Val R2 - DI: 0.008
Test R2 - DI: 0.012
331 3.06248501523866
332 3.0646918103765413
333 3.0716207954719086
334 3.0736347517341804
335 3.0803949223764926
336 3.0852863371055896
337 3.08614408237813
338 3.0918413242487586
339 3.0980262360489665
340 3.105317218092195
Train R2 - DI: -0.050
Val R2 - DI: -0.015
Test R2 - DI: 0.015
341 3.1070080616873623
342 3.1142091391392057
343 3.113194185282987
344 3.115057394484664
345 3.125846167058995
346 3.1288209870694894
347 3.131012721889574
348 3.136033797462932
349 3.1416523456573486
350 3.14716650844976
Train R2 - DI: -0.094
Val R2 - DI: -0.044
Test R2 - DI: -0.010
351 3.1499976708728132
352 3.1589894166401247
353 3.158487729180302
354 3.1639471260140213
355 3.1679372116866844
356 3.1713369481937734
357 3.1742264824983657
358 3.1797697386839245
359 3.183542321720658
360 3.1852187432512538
Train R2 - DI: -0.119
Val R2 - DI: -0.058
Test R2 - DI: -0.016
361 3.192208581842013
362 3.1938617281881223
363 3.1983173828038236
364 3.206602013770878
365 3.2058507582741855
366 3.2097730235315978
367 3.2180361487451514
368 3.219413618864301
369 3.2250468291686825
370 3.232686093578382
Train R2 - DI: -0.157
Val R2 - DI: -0.083
Test R2 - DI: -0.049
371 3.229444000918003
372 3.231812965155913
373 3.2345040034307866
374 3.236941743565835
375 3.2459533001275744
376 3.2534004479669276
377 3.252325374308276
378 3.25837450338368
379 3.262173167316185
380 3.2709827719537303
Train R2 - DI: -0.207
Val R2 - DI: -0.120
Test R2 - DI: -0.066
381 3.269933661517996
382 3.2786703097088217
383 3.281727183850269
384 3.28924635018789
385 3.287133111657294
386 3.2988006560706657
387 3.301265581527201
388 3.303309916365409
389 3.3120307589770266
390 3.3152504209499636
Train R2 - DI: -0.253
Val R2 - DI: -0.151
Test R2 - DI: -0.110
391 3.322423912161132
392 3.3288642158103405
393 3.33218403455432
394 3.3375052921332764
395 3.345085180917412
396 3.352229204387535
397 3.3569926456396466
398 3.3646956449932364
399 3.372367872262742
400 3.377925223884843
Train R2 - DI: -0.330
Val R2 - DI: -0.206
Test R2 - DI: -0.163
401 3.3822115026160207
402 3.3894152113485734
403 3.4050320866796624
404 3.4043458373913538
405 3.411191121658834
406 3.4230673383636128
407 3.4267646266801326
408 3.434769661160831
409 3.4435332824643403
410 3.4471308619258436
Train R2 - DI: -0.387
Val R2 - DI: -0.245
Test R2 - DI: -0.200
411 3.459205973771958
412 3.4634907957818855
413 3.47375887139807
414 3.4843848031790894
415 3.48919719109669
416 3.4997078175794183
417 3.5093464977909345
418 3.518618816855823
419 3.5246047456667586
420 3.531169618052728
Train R2 - DI: -0.488
Val R2 - DI: -0.319
Test R2 - DI: -0.282
421 3.5421822098189
422 3.5509477865524235
423 3.563562614796648
424 3.5688495086484826
425 3.5769094564048878
426 3.5879160188381376
427 3.5981588689010193
428 3.608361723569417
429 3.6186862995084077
430 3.6255263949633547
Train R2 - DI: -0.624
Val R2 - DI: -0.422
Test R2 - DI: -0.414
431 3.6377540619830637
432 3.649088561308935
433 3.6575899666416727
434 3.66705682713304
435 3.6782431624168876
436 3.685015557660037
437 3.7011309371381387
438 3.7065253207139484
439 3.71836175097942
440 3.728264416050423
Train R2 - DI: -0.715
Val R2 - DI: -0.489
Test R2 - DI: -0.497
441 3.7378847383928626
442 3.750035380666413
443 3.758947082863693
444 3.7696365807614964
445 3.7798208850545354
446 3.796256746461303
447 3.8047946079650368
448 3.8159518912491066
449 3.823368979187243
450 3.833042150559617
Train R2 - DI: -0.802
Val R2 - DI: -0.555
Test R2 - DI: -0.583
451 3.845641259626514
452 3.8566937759303976
453 3.8665362226863627
454 3.878378291849479
455 3.89471758632067
456 3.9053642151480465
457 3.912782703772741
458 3.925929151401997
459 3.935558502740983
460 3.947257753390991
Train R2 - DI: -0.974
Val R2 - DI: -0.705
Test R2 - DI: -0.778
461 3.9592644302478064
462 3.972098049022105
463 3.986123979407969
464 3.9965957601111977
465 4.010911824759251
466 4.02234953366237
467 4.035416109260056
468 4.046981733074868
469 4.060645734658288
470 4.076521527505084
Train R2 - DI: -1.068
Val R2 - DI: -0.787
Test R2 - DI: -0.870
471 4.0894354349560045
472 4.105821759163927
473 4.11683645783454
474 4.130359427688518
475 4.146237375159622
476 4.158101794031012
477 4.176516462402691
478 4.191098630563882
479 4.207598158769123
480 4.2239203138546655
Train R2 - DI: -1.247
Val R2 - DI: -0.969
Test R2 - DI: -1.070
481 4.2404359708327615
482 4.253294661336093
483 4.270754892777276
484 4.288783871287013
485 4.304400532963242
486 4.3212355294853015
487 4.340636465204223
488 4.357991733724552
489 4.376967900083136
490 4.394794364333424
Train R2 - DI: -1.415
Val R2 - DI: -1.155
Test R2 - DI: -1.251
491 4.414588708422055
492 4.433611482630361
493 4.451768222408281
494 4.470535691892495
495 4.489685069077661
496 4.5101947835035805
497 4.52685784371718
498 4.547474823909062
499 4.5660482251888155
500 4.583771089607337
Train R2 - DI: -1.623
Val R2 - DI: -1.408
Test R2 - DI: -1.488
501 4.601616077842452
502 4.619387132819626
503 4.6359100117658105
504 4.651923203124884
505 4.6675743055307475
506 4.681722301167914
507 4.695602205506412
508 4.7090085870483955
509 4.720975043648929
510 4.732183447925316
Train R2 - DI: -1.766
Val R2 - DI: -1.605
Test R2 - DI: -1.668
511 4.742712054494839
512 4.752688946915541
513 4.761465662622922
514 4.768905187755755
515 4.775384346583832
516 4.780271593777857
517 4.7844552617799705
518 4.787142250734898
519 4.788952313380498
520 4.789999683487135
Train R2 - DI: -1.821
Val R2 - DI: -1.693
Test R2 - DI: -1.748
521 4.7903916071182495
522 4.789489942395931
523 4.788170156558415
524 4.785943548999292
525 4.783384427959219
526 4.780056756043452
527 4.7764222724949255
528 4.7722008486784615
529 4.767515226238329
530 4.762603801882023
Train R2 - DI: -1.791
Val R2 - DI: -1.673
Test R2 - DI: -1.735
531 4.757708780145537
532 4.75241932243538
533 4.746759092202233
534 4.741172077259934
535 4.735413427331214
536 4.729243700390426
537 4.723186111884012
538 4.717046340728366
539 4.7108762726989815
540 4.704617055281262
Train R2 - DI: -1.731
Val R2 - DI: -1.617
Test R2 - DI: -1.690
541 4.698514894972795
542 4.692172753259573
543 4.685720527235354
544 4.679354243245967
545 4.673008422403285
546 4.66647911216383
547 4.660189734524719
548 4.653913219558913
549 4.647501559398497
550 4.641207279989085
Train R2 - DI: -1.666
Val R2 - DI: -1.554
Test R2 - DI: -1.640
551 4.634733662811349
552 4.628457630466927
553 4.621925291823473
554 4.615747526073384
555 4.609377840416643
556 4.603124168806676
557 4.596765959235734
558 4.590663595756316
559 4.584400222914249
560 4.578129911169669
Train R2 - DI: -1.602
Val R2 - DI: -1.491
Test R2 - DI: -1.589
561 4.571972293506706
562 4.565749482371031
563 4.559728885257307
564 4.553418992413455
565 4.547310405648776
566 4.541523186883934
567 4.53530575923616
568 4.529382312361086
569 4.523303000469656
570 4.517481178474571
Train R2 - DI: -1.540
Val R2 - DI: -1.431
Test R2 - DI: -1.540
571 4.511444404868125
572 4.505468953460161
573 4.499448893194943
574 4.493585175687025
575 4.487862324696585
576 4.481913658413949
577 4.476180519092435
578 4.470273777786035
579 4.464629244497095
580 4.458791312708649
Train R2 - DI: -1.480
Val R2 - DI: -1.373
Test R2 - DI: -1.493
581 4.452820397218671
582 4.44738969484724
583 4.441476963612959
584 4.435786490913952
585 4.430189639352505
586 4.4245234768529835
587 4.419153219285203
588 4.413586842462454
589 4.40811749151749
590 4.402434473059411
Train R2 - DI: -1.423
Val R2 - DI: -1.317
Test R2 - DI: -1.447
591 4.396946843055453
592 4.391260770345114
593 4.3858575441333
594 4.380324573025186
595 4.374896905926523
596 4.369533725721173
597 4.364171642711255
598 4.358900797918405
599 4.353511911165181
600 4.348202071287489
Train R2 - DI: -1.367
Val R2 - DI: -1.263
Test R2 - DI: -1.403
0.2219598277224496
Test R2 - DI: -1.403
Test R2 - DI: 0.255

------------------------------------------------------------
Sender: LSF System <lsfadmin@hpc.dtu.dk>
Subject: Job 14808263: <testjob> in cluster <dcc> Done

Job <testjob> was submitted from host <n-62-30-5> by user <s174503> in cluster <dcc> at Sat Nov 19 20:46:55 2022
Job was executed on host(s) <n-62-20-14>, in queue <gpuv100>, as user <s174503> in cluster <dcc> at Sat Nov 19 20:51:54 2022
</zhome/fd/6/127382> was used as the home directory.
</zhome/fd/6/127382/Desktop/MasterThesis/Master-thesis> was used as the working directory.
Started at Sat Nov 19 20:51:54 2022
Terminated at Sun Nov 20 07:44:40 2022
Results reported at Sun Nov 20 07:44:40 2022

Your job looked like:

------------------------------------------------------------
# LSBATCH: User input
#!/bin/sh
#BSUB -q gpuv100
#BSUB -J testjob
#BSUB -n 1
#BSUB -gpu "num=1:mode=exclusive_process"
#BSUB -W 18:00
#BSUB -R "rusage[mem=5GB]"
#BSUB -o outputs/gpu_%J.out
#BSUB -e outputs/errors/gpu_%J.err

nvidia-smi
module load cuda/11.6

/appl/cuda/11.6.0/samples/bin/x86_64/linux/release/deviceQuery

source $HOME/miniconda3/bin/activate
source venv_1/bin/activate

python3 main.py Deep_google_deep_deep 128 1e-6 0.1 600 2_4_sgd_wd01 7 SGD
python3 main.py Deep_google_deep_deep 128 1e-6 1 600 2_4_sgd_wd1 7 SGD
python3 main.py Deep_google_deep_deep 128 1e-6 10 600 2_4_sgd_wd10 7 SGD

------------------------------------------------------------

Successfully completed.

Resource usage summary:

    CPU time :                                   33974.02 sec.
    Max Memory :                                 2242 MB
    Average Memory :                             2224.10 MB
    Total Requested Memory :                     5120.00 MB
    Delta Memory :                               2878.00 MB
    Max Swap :                                   1 MB
    Max Processes :                              4
    Max Threads :                                8
    Run time :                                   39166 sec.
    Turnaround time :                            39465 sec.

The output (if any) is above this job summary.



PS:

Read file <outputs/errors/gpu_14808263.err> for stderr output of this job.

