Wed Nov  9 23:12:55 2022       
+-----------------------------------------------------------------------------+
| NVIDIA-SMI 515.65.01    Driver Version: 515.65.01    CUDA Version: 11.7     |
|-------------------------------+----------------------+----------------------+
| GPU  Name        Persistence-M| Bus-Id        Disp.A | Volatile Uncorr. ECC |
| Fan  Temp  Perf  Pwr:Usage/Cap|         Memory-Usage | GPU-Util  Compute M. |
|                               |                      |               MIG M. |
|===============================+======================+======================|
|   0  Tesla V100-PCIE...  On   | 00000000:AF:00.0 Off |                    0 |
| N/A   30C    P0    23W / 250W |      0MiB / 16384MiB |      0%   E. Process |
|                               |                      |                  N/A |
+-------------------------------+----------------------+----------------------+
                                                                               
+-----------------------------------------------------------------------------+
| Processes:                                                                  |
|  GPU   GI   CI        PID   Type   Process name                  GPU Memory |
|        ID   ID                                                   Usage      |
|=============================================================================|
|  No running processes found                                                 |
+-----------------------------------------------------------------------------+
/appl/cuda/11.6.0/samples/bin/x86_64/linux/release/deviceQuery Starting...

 CUDA Device Query (Runtime API) version (CUDART static linking)

Detected 1 CUDA Capable device(s)

Device 0: "Tesla V100-PCIE-16GB"
  CUDA Driver Version / Runtime Version          11.7 / 11.6
  CUDA Capability Major/Minor version number:    7.0
  Total amount of global memory:                 16161 MBytes (16945709056 bytes)
  (080) Multiprocessors, (064) CUDA Cores/MP:    5120 CUDA Cores
  GPU Max Clock rate:                            1380 MHz (1.38 GHz)
  Memory Clock rate:                             877 Mhz
  Memory Bus Width:                              4096-bit
  L2 Cache Size:                                 6291456 bytes
  Maximum Texture Dimension Size (x,y,z)         1D=(131072), 2D=(131072, 65536), 3D=(16384, 16384, 16384)
  Maximum Layered 1D Texture Size, (num) layers  1D=(32768), 2048 layers
  Maximum Layered 2D Texture Size, (num) layers  2D=(32768, 32768), 2048 layers
  Total amount of constant memory:               65536 bytes
  Total amount of shared memory per block:       49152 bytes
  Total shared memory per multiprocessor:        98304 bytes
  Total number of registers available per block: 65536
  Warp size:                                     32
  Maximum number of threads per multiprocessor:  2048
  Maximum number of threads per block:           1024
  Max dimension size of a thread block (x,y,z): (1024, 1024, 64)
  Max dimension size of a grid size    (x,y,z): (2147483647, 65535, 65535)
  Maximum memory pitch:                          2147483647 bytes
  Texture alignment:                             512 bytes
  Concurrent copy and kernel execution:          Yes with 7 copy engine(s)
  Run time limit on kernels:                     No
  Integrated GPU sharing Host Memory:            No
  Support host page-locked memory mapping:       Yes
  Alignment requirement for Surfaces:            Yes
  Device has ECC support:                        Enabled
  Device supports Unified Addressing (UVA):      Yes
  Device supports Managed Memory:                Yes
  Device supports Compute Preemption:            Yes
  Supports Cooperative Kernel Launch:            Yes
  Supports MultiDevice Co-op Kernel Launch:      Yes
  Device PCI Domain ID / Bus ID / location ID:   0 / 175 / 0
  Compute Mode:
     < Exclusive Process (many threads in one process is able to use ::cudaSetDevice() with this device) >

deviceQuery, CUDA Driver = CUDART, CUDA Driver Version = 11.7, CUDA Runtime Version = 11.6, NumDevs = 1
Result = PASS
Deep_google
batch_size =  128 lr =  1e-06 wd =  15.0
5276 1164 1140
cuda:0
1 4.087017523148821
2 3.7534270452856564
3 3.5231173958536166
4 3.304485075576817
5 3.179931448841746
6 3.0385620387961594
7 2.8730557483647066
8 2.8011967913502542
9 2.6887635154377065
10 2.611928163467708
Train R2 - DI: -1.548
Val R2 - DI: -1.180
Test R2 - DI: -1.177
11 2.565022556414832
12 2.4624567509059023
13 2.410511860619719
14 2.349825833221563
15 2.2807107888179083
16 2.240075585334205
17 2.1985566044866
18 2.154411802877523
19 2.1346308676196917
20 2.0947635616652436
Train R2 - DI: -1.057
Val R2 - DI: -0.749
Test R2 - DI: -0.781
21 2.0367360731432886
22 2.0031541509100483
23 1.9824664075777692
24 1.9123795518737747
25 1.9324917794177712
26 1.8836704197031156
27 1.856272010300718
28 1.8168192528883014
29 1.796157553938865
30 1.7611019862610975
Train R2 - DI: -0.732
Val R2 - DI: -0.489
Test R2 - DI: -0.534
31 1.736930533012176
32 1.7037509928335286
33 1.6927250309185695
34 1.6899888789319377
35 1.634148981826065
36 1.607416432675672
37 1.6111466895458462
38 1.6000095771242941
39 1.5677098506684553
40 1.5625458116148168
Train R2 - DI: -0.511
Val R2 - DI: -0.324
Test R2 - DI: -0.377
41 1.5306905688798456
42 1.532155384883635
43 1.4952065241526618
44 1.4878799013335926
45 1.490201257592896
46 1.471223268977072
47 1.4506439831873248
48 1.4557241214957537
49 1.4343548429292472
50 1.4149084562058698
Train R2 - DI: -0.381
Val R2 - DI: -0.232
Test R2 - DI: -0.279
51 1.420052174278242
52 1.4065485184982567
53 1.3805251643005152
54 1.3807028388326326
55 1.3758857331554306
56 1.3742867564504304
57 1.3591069749487992
58 1.3630350019734767
59 1.3409967628548414
60 1.321623923201919
Train R2 - DI: -0.279
Val R2 - DI: -0.162
Test R2 - DI: -0.207
61 1.313095136155135
62 1.2979676187535503
63 1.3034854794741582
64 1.2986463363465257
65 1.257113221289987
66 1.2667743171861083
67 1.2720912504232318
68 1.2725874142180436
69 1.2477514387713498
70 1.23874233191984
Train R2 - DI: -0.197
Val R2 - DI: -0.111
Test R2 - DI: -0.142
71 1.2195571797467073
72 1.2380050836502376
73 1.2312789018448778
74 1.2199946838947207
75 1.2113378935460344
76 1.208073847848778
77 1.1951627829835847
78 1.2022995295806578
79 1.1878731120617847
80 1.1820426550301935
Train R2 - DI: -0.165
Val R2 - DI: -0.085
Test R2 - DI: -0.126
81 1.1737032798404852
82 1.1843598087779312
83 1.1757041724727766
84 1.1487135554552983
85 1.1532322464339926
86 1.1503392663121315
87 1.1483816208488749
88 1.1352031135577159
89 1.1465826716451957
90 1.1207227631894994
Train R2 - DI: -0.097
Val R2 - DI: -0.048
Test R2 - DI: -0.072
91 1.123381643380244
92 1.1244143564833033
93 1.1162524303764534
94 1.125405961948421
95 1.0989211567248967
96 1.1122303142793437
97 1.1053192325393932
98 1.1117197784896689
99 1.0959095109855703
100 1.100875380501953
Train R2 - DI: -0.072
Val R2 - DI: -0.029
Test R2 - DI: -0.059
101 1.0993256878907072
102 1.08819840549067
103 1.0956561229642907
104 1.0840768972249353
105 1.077382049567777
106 1.0610617201286703
107 1.0520531645410436
108 1.0638739206828882
109 1.062064276941804
110 1.0583040427763954
Train R2 - DI: -0.042
Val R2 - DI: -0.011
Test R2 - DI: -0.039
111 1.0602598298309969
112 1.0564763228309435
113 1.0572600032092045
114 1.0656572639083572
115 1.0495079242432994
116 1.0360535551780459
117 1.0372610062790062
118 1.0347372418194671
119 1.0341695793837287
120 1.0193227815121932
Train R2 - DI: -0.028
Val R2 - DI: 0.000
Test R2 - DI: -0.032
121 1.0234933779762043
122 1.00905266862823
123 1.021263142984143
124 1.0082260339525815
125 1.0161442457499876
126 1.0041560819873854
127 1.013428865914276
128 1.0204372054885245
129 1.017073979515122
130 1.0005621591058982
Train R2 - DI: -0.010
Val R2 - DI: 0.009
Test R2 - DI: -0.017
131 1.0013630741287851
132 1.0044352598855493
133 1.013990136418404
134 1.0119279511866017
135 1.0030190962747338
136 0.9987503112130675
137 0.9798665262696596
138 0.9896641865745469
139 0.9817525651800172
140 0.9933290075767754
Train R2 - DI: 0.004
Val R2 - DI: 0.019
Test R2 - DI: -0.009
141 0.9832424173940756
142 0.9731874911056675
143 0.985150211819019
144 0.9743997616872723
145 0.9738224873586168
146 0.9738659363429234
147 0.9828457707614046
148 0.9735867414084052
149 0.9718265266830584
150 0.9716739077925953
Train R2 - DI: 0.030
Val R2 - DI: 0.033
Test R2 - DI: 0.011
151 0.9692318350008892
152 0.9770100549642926
153 0.9676118125239496
154 0.9592575327386632
155 0.9584264216592946
156 0.9547513175679482
157 0.9547986549532169
158 0.9488010540254375
159 0.9508732599322772
160 0.9562326969297842
Train R2 - DI: 0.028
Val R2 - DI: 0.037
Test R2 - DI: 0.008
161 0.9570755891677012
162 0.9526698020392065
163 0.9483762875120236
164 0.9384751934459301
165 0.944452023849603
166 0.9636443400581829
167 0.939092569815742
168 0.9421638609153742
169 0.9358357581972986
170 0.9375841376273536
Train R2 - DI: 0.065
Val R2 - DI: 0.052
Test R2 - DI: 0.040
171 0.9299508283949874
172 0.9372624402881301
173 0.9513982092457526
174 0.927934936179276
175 0.9265633094843994
176 0.9368704276341575
177 0.9326689136669978
178 0.9258027268323689
179 0.9284260615514389
180 0.9236298769689854
Train R2 - DI: 0.064
Val R2 - DI: 0.059
Test R2 - DI: 0.036
181 0.916641253291702
182 0.9211290946415286
183 0.9064397205901562
184 0.926993127389782
185 0.9067210687029262
186 0.9144961631505936
187 0.8997297097644271
188 0.9221667798293911
189 0.9102440778281853
190 0.9130281044552957
Train R2 - DI: 0.075
Val R2 - DI: 0.069
Test R2 - DI: 0.045
191 0.9027068217294156
192 0.9120981489464223
193 0.9137070869477614
194 0.9034351133053008
195 0.9063285330735525
196 0.9129244956760537
197 0.9066358574689384
198 0.9086743226956924
199 0.9043202833572602
200 0.9084313845797142
Train R2 - DI: 0.091
Val R2 - DI: 0.080
Test R2 - DI: 0.055
201 0.9001503838021435
202 0.9002817696111504
203 0.8980282301067674
204 0.887812813590023
205 0.8922155676148352
206 0.8894130200305791
207 0.8913554303839498
208 0.8972588106933373
209 0.8809941906292751
210 0.8849222929166789
Train R2 - DI: 0.101
Val R2 - DI: 0.090
Test R2 - DI: 0.064
211 0.8870980310747351
212 0.8879739240862548
213 0.8880187816200517
214 0.880177851424604
215 0.8866538657574513
216 0.8814231037551296
217 0.8739093251080112
218 0.8801862805788042
219 0.8856799983905969
220 0.8771134243036781
Train R2 - DI: 0.091
Val R2 - DI: 0.091
Test R2 - DI: 0.051
221 0.8836144108587906
222 0.872076901140495
223 0.8733480724084549
224 0.8791414448670857
225 0.8712470674261711
226 0.8761934199687474
227 0.8661274135429088
228 0.8735457164848999
229 0.8692120634036321
230 0.8696279490509207
Train R2 - DI: 0.109
Val R2 - DI: 0.100
Test R2 - DI: 0.065
231 0.8632511382666929
232 0.8740341928169707
233 0.8614673680026392
234 0.8643997000238044
235 0.8683997670568419
236 0.8678232981365137
237 0.8590387795981899
238 0.8667132601401768
239 0.8597404350377648
240 0.860608700462324
Train R2 - DI: 0.110
Val R2 - DI: 0.103
Test R2 - DI: 0.064
241 0.8697000675982287
242 0.8590887714462627
243 0.8547378864317251
244 0.8605207254526921
245 0.8526256958402586
246 0.8515316224441644
247 0.8489826585959087
248 0.8586291052158174
249 0.8648010985339746
250 0.8581696306782477
Train R2 - DI: 0.130
Val R2 - DI: 0.114
Test R2 - DI: 0.083
251 0.8540402724039744
252 0.8571365445377792
253 0.8542092696024307
254 0.8507739995988234
255 0.8519237888320275
256 0.8523502533321945
257 0.8479971583816841
258 0.8455973009072623
259 0.8448343552632075
260 0.848375387947337
Train R2 - DI: 0.136
Val R2 - DI: 0.118
Test R2 - DI: 0.089
261 0.8478108379224469
262 0.8423397966277156
263 0.8529273548570883
264 0.850411500236679
265 0.8447874460462551
266 0.8504003315734718
267 0.8453570377474214
268 0.840872281649693
269 0.8541361709450844
270 0.8422865432893986
Train R2 - DI: 0.128
Val R2 - DI: 0.120
Test R2 - DI: 0.082
271 0.8429021038188457
272 0.8421713005330547
273 0.8324841203519664
274 0.8316649114028173
275 0.8356863672847183
276 0.8354116714389329
277 0.8333140354521623
278 0.8396491959657155
279 0.8368536071220612
280 0.8289210257248232
Train R2 - DI: 0.141
Val R2 - DI: 0.127
Test R2 - DI: 0.091
281 0.8430323543830565
282 0.8334020114107689
283 0.8317575655352265
284 0.8283463194119017
285 0.8357869715650846
286 0.8348623200561893
287 0.8333076926412865
288 0.8355520992589955
289 0.8265228332037995
290 0.8384654633559632
Train R2 - DI: 0.143
Val R2 - DI: 0.129
Test R2 - DI: 0.093
291 0.8339076668950444
292 0.8320609548943254
293 0.8300492800574487
294 0.8285061431889104
295 0.822849237349469
296 0.8230953486332666
297 0.8269854329407803
298 0.8247656056698386
299 0.8256436025129293
300 0.8220080083929471
Train R2 - DI: 0.142
Val R2 - DI: 0.130
Test R2 - DI: 0.091
301 0.8281396778358303
302 0.8247187005199204
303 0.8311428496383916
304 0.8245178784178097
305 0.8196285073733673
306 0.8237359674705349
307 0.8302326401677251
308 0.8188765776979824
309 0.8276389864378576
310 0.8227073698445104
Train R2 - DI: 0.157
Val R2 - DI: 0.138
Test R2 - DI: 0.106
311 0.820217419429834
312 0.8259992584574846
313 0.8252092982169984
314 0.8212734714342483
315 0.8242800524959608
316 0.818155209163177
317 0.8161122915959882
318 0.8157384648659267
319 0.827172682852886
320 0.8243715325659925
Train R2 - DI: 0.154
Val R2 - DI: 0.138
Test R2 - DI: 0.104
321 0.8204216876203495
322 0.8161773785575942
323 0.8197153113483027
324 0.8205297784971595
325 0.8235540482200756
326 0.8240359258344446
327 0.8270410558235655
328 0.8172565336657619
329 0.8197395876106482
330 0.821012623116679
Train R2 - DI: 0.164
Val R2 - DI: 0.144
Test R2 - DI: 0.113
331 0.820575965137713
332 0.8143539280038246
333 0.8160655209293322
334 0.8159770001237188
335 0.8112911916845581
336 0.8181493912256514
337 0.8196408311194593
338 0.808035080680529
339 0.8120014709085113
340 0.8122130028671889
Train R2 - DI: 0.161
Val R2 - DI: 0.143
Test R2 - DI: 0.109
341 0.8150560166277245
342 0.8125788276623921
343 0.8137693417804363
344 0.8106283569444391
345 0.8074374175867047
346 0.8066051559885674
347 0.8163518282027747
348 0.8125534280852172
349 0.8150185040220155
350 0.820525189165458
Train R2 - DI: 0.164
Val R2 - DI: 0.144
Test R2 - DI: 0.110
351 0.8131279634019477
352 0.8193904634132992
353 0.8097299190070071
354 0.8124294483453781
355 0.8121080537064678
356 0.8086239947705128
357 0.8156539379782167
358 0.8148809670950085
359 0.8138187876969598
360 0.8041980485287104
Train R2 - DI: 0.174
Val R2 - DI: 0.149
Test R2 - DI: 0.123
361 0.8133913863780735
362 0.8140388207511526
363 0.8083948801194655
364 0.8108318401521765
365 0.8113769694564016
366 0.8043557869113693
367 0.8141287905958405
368 0.80741496172884
369 0.8103064045117966
370 0.8020400518355177
Train R2 - DI: 0.155
Val R2 - DI: 0.144
Test R2 - DI: 0.100
371 0.807019097186834
372 0.8070960435973956
373 0.8045930140754144
374 0.8047126716425059
375 0.8079059267694793
376 0.811080098875189
377 0.8066364275496326
378 0.8047106234389241
379 0.8065946495288967
380 0.802502005501531
Train R2 - DI: 0.164
Val R2 - DI: 0.149
Test R2 - DI: 0.104
381 0.813337862536797
382 0.7988395065950389
383 0.8081010034628399
384 0.8037851390466263
385 0.8013661041505595
386 0.801537547895997
387 0.8085641103137886
388 0.804117446871216
389 0.8005390492599059
390 0.8085852761084243
Train R2 - DI: 0.168
Val R2 - DI: 0.151
Test R2 - DI: 0.106
391 0.8026149679622115
392 0.809271089252511
393 0.802771878658234
394 0.8048294751909847
395 0.7987073562739924
396 0.8022986602566294
397 0.8060478765102297
398 0.8000800247622585
399 0.8036110784358559
400 0.7963942049849295
Train R2 - DI: 0.176
Val R2 - DI: 0.154
Test R2 - DI: 0.119
401 0.7967001911453264
402 0.8002592311201898
403 0.799307066983938
404 0.7963349590525652
405 0.7997285988947223
406 0.8009212269215443
407 0.7971238013557451
408 0.8000889618438333
409 0.801737591341827
410 0.8029896861409671
Train R2 - DI: 0.168
Val R2 - DI: 0.153
Test R2 - DI: 0.102
411 0.8014851602936803
412 0.8034086503975314
413 0.798310050216925
414 0.7989659796075625
415 0.7924925405659217
416 0.797273319494191
417 0.7905773551198368
418 0.7908382535523045
419 0.7905714588693094
420 0.789481582833204
Train R2 - DI: 0.188
Val R2 - DI: 0.162
Test R2 - DI: 0.126
421 0.7972112712397369
422 0.7909406391032453
423 0.7951094157954253
424 0.7958594090202887
425 0.7979512979714956
426 0.7945172884321465
427 0.7895601752628604
428 0.7966309155904496
429 0.7971052448798347
430 0.793458450193022
Train R2 - DI: 0.187
Val R2 - DI: 0.162
Test R2 - DI: 0.121
431 0.7899522855934363
432 0.790803948435664
433 0.7889589514128632
434 0.7935491958922559
435 0.7866365023414866
436 0.7838846653858037
437 0.794782904804973
438 0.7839281864921824
439 0.7895396091975978
440 0.7895602803053143
Train R2 - DI: 0.188
Val R2 - DI: 0.163
Test R2 - DI: 0.118
441 0.786311885368833
442 0.7863098161974308
443 0.7859469574450362
444 0.7936332458072399
445 0.7853183660930174
446 0.785936480900661
447 0.7926562877655753
448 0.7861766982837732
449 0.7817991342934991
450 0.7895034429157567
Train R2 - DI: 0.200
Val R2 - DI: 0.167
Test R2 - DI: 0.127
451 0.784458060215783
452 0.7851266719971397
453 0.7842039793978323
454 0.7846720909602358
455 0.7858033510118474
456 0.7852927542166606
457 0.7825592089729656
458 0.78788811280205
459 0.7813506646532286
460 0.778657011185025
Train R2 - DI: 0.202
Val R2 - DI: 0.169
Test R2 - DI: 0.126
461 0.7857632222638337
462 0.7883166053965744
463 0.7918166952480232
464 0.7814954300555792
465 0.7780129709778816
466 0.7789068651343947
467 0.7816818599180347
468 0.7740733036721991
469 0.7818527655496662
470 0.7829326079414142
Train R2 - DI: 0.197
Val R2 - DI: 0.165
Test R2 - DI: 0.122
471 0.7884670834002665
472 0.7805329440126282
473 0.7859951386495103
474 0.7777143706870495
475 0.7800074315956815
476 0.7764723199257985
477 0.7760528960491871
478 0.7823998877458088
479 0.7778987671228138
480 0.7778728745307228
Train R2 - DI: 0.201
Val R2 - DI: 0.166
Test R2 - DI: 0.120
481 0.7709093594569162
482 0.7813906739208172
483 0.7779831953171621
484 0.7764769131889662
485 0.771164987284275
486 0.774064924904033
487 0.7730217998546575
488 0.7718372439868166
489 0.780055537876349
490 0.7725152319990567
Train R2 - DI: 0.216
Val R2 - DI: 0.173
Test R2 - DI: 0.138
491 0.77219030584143
492 0.7749272211651805
493 0.7785240643127476
494 0.7711884755813506
495 0.7773517785965267
496 0.7748091486116717
497 0.7691093790793256
498 0.7741754627119329
499 0.7758793648758832
500 0.7665586399706681
Train R2 - DI: 0.215
Val R2 - DI: 0.173
Test R2 - DI: 0.126
501 0.77258996171785
502 0.7678249214434822
503 0.770403128984392
504 0.7689093402879902
505 0.7710756291215215
506 0.7729768931097475
507 0.7716730111380975
508 0.7565962663873567
509 0.765186278950183
510 0.7767909605273521
Train R2 - DI: 0.197
Val R2 - DI: 0.161
Test R2 - DI: 0.102
511 0.7673487269670517
512 0.7602485342401731
513 0.769486349988291
514 0.7676949618981588
515 0.771671098773456
516 0.7653807518245417
517 0.7717256994072103
518 0.7605429431359998
519 0.7652241611589167
520 0.7606153068802771
Train R2 - DI: 0.227
Val R2 - DI: 0.177
Test R2 - DI: 0.137
521 0.7656728819611399
522 0.7594836252579823
523 0.7627645242476301
524 0.7560852641314607
525 0.763868294718412
526 0.7547799904207283
527 0.7604219746056428
528 0.7581109776923474
529 0.7628642803706212
530 0.7703356864869911
Train R2 - DI: 0.222
Val R2 - DI: 0.171
Test R2 - DI: 0.126
531 0.7620343685692418
532 0.7575374984940044
533 0.7576474921101417
534 0.7565461196982562
535 0.7504456441360862
536 0.7531033149716346
537 0.7529963112130501
538 0.7591639127217973
539 0.7506290602358658
540 0.7573347120595937
Train R2 - DI: 0.228
Val R2 - DI: 0.173
Test R2 - DI: 0.136
541 0.7578610259534013
542 0.7550906111924733
543 0.7479517407901727
544 0.755810335063862
545 0.7451701721881175
546 0.7541718394852118
547 0.7572629762201981
548 0.7574388875122591
549 0.7478831505757376
550 0.753792797687652
Train R2 - DI: 0.217
Val R2 - DI: 0.167
Test R2 - DI: 0.112
551 0.7495702583741021
552 0.7518231361268415
553 0.747226504731847
554 0.7516202088374817
555 0.7472428662746219
556 0.7449882761197527
557 0.7494625615025218
558 0.7520026059833957
559 0.7427431117683942
560 0.7440099341115597
Train R2 - DI: 0.244
Val R2 - DI: 0.180
Test R2 - DI: 0.146
561 0.7476266437267335
562 0.7456677135777708
563 0.745863934192267
564 0.7446475171789787
565 0.7460747447268723
566 0.740964761776306
567 0.7412816539598831
568 0.741860086489483
569 0.7359981688701176
570 0.7478255138784037
Train R2 - DI: 0.235
Val R2 - DI: 0.175
Test R2 - DI: 0.126
571 0.7396668132459512
572 0.7328930926467543
573 0.7445693050847982
574 0.7365218560021425
575 0.7422001867514835
576 0.7382855196176288
577 0.7382852566160877
578 0.742762669051028
579 0.738924219763758
580 0.738328484489305
Train R2 - DI: 0.256
Val R2 - DI: 0.184
Test R2 - DI: 0.151
581 0.7361317122859247
582 0.7328155883068926
583 0.7319557815451256
584 0.7273061187814998
585 0.7364655771519398
586 0.7368854562200499
587 0.7323882532354735
588 0.7361593848832906
589 0.7299340503336897
590 0.7329491205609504
Train R2 - DI: 0.267
Val R2 - DI: 0.187
Test R2 - DI: 0.174
591 0.731664054858314
592 0.7397072072097801
593 0.7292207109376821
594 0.7336898989709966
595 0.7228234953009061
596 0.7224985338052716
597 0.7291453027924053
598 0.7252561174801935
599 0.7302801709359482
600 0.7325238636761926
Train R2 - DI: 0.266
Val R2 - DI: 0.187
Test R2 - DI: 0.155
601 0.7337889195256743
602 0.7274397727754461
603 0.7315684734102991
604 0.7291119292977183
605 0.733222893641879
606 0.7225114434754153
607 0.7230546887486698
608 0.7206656948647054
609 0.7241060007603626
610 0.7261943193526771
Train R2 - DI: 0.263
Val R2 - DI: 0.181
Test R2 - DI: 0.156
611 0.7208852686603653
612 0.7152349124630805
613 0.7254839958658356
614 0.7217382321401109
615 0.7199724599029911
616 0.7151703413369712
617 0.7213528167577835
618 0.7186354051673837
619 0.7182277914156419
620 0.7215226258718217
Train R2 - DI: 0.274
Val R2 - DI: 0.186
Test R2 - DI: 0.163
621 0.7194546164663748
622 0.7233611199103855
623 0.7174357879423933
624 0.72117018699646
625 0.7173665059706403
626 0.7187984237804659
627 0.7213355629077185
628 0.7107550717828127
629 0.7247272496471087
630 0.7144941292403773
Train R2 - DI: 0.267
Val R2 - DI: 0.179
Test R2 - DI: 0.136
631 0.7245077654165785
632 0.716430799178412
633 0.708920546243189
634 0.7207003069972341
635 0.7100812504470484
636 0.7163045267384553
637 0.7164408711432687
638 0.7178483592279938
639 0.7123384716114914
640 0.716508359688534
Train R2 - DI: 0.278
Val R2 - DI: 0.181
Test R2 - DI: 0.151
641 0.7108267824969751
642 0.7084106672343383
643 0.712047144940082
644 0.7082657002426622
645 0.7144051856665651
646 0.7147200993736013
647 0.7139893276751087
648 0.7083651232755572
649 0.7096401242888092
650 0.7156362492898994
Train R2 - DI: 0.266
Val R2 - DI: 0.171
Test R2 - DI: 0.139
651 0.7077924178982432
652 0.7044119364027728
653 0.7046051797223326
654 0.7001582575711994
655 0.7094903694941656
656 0.7101399478268858
657 0.7075779797273481
658 0.7123239227458327
659 0.7027163755902746
660 0.7143844077766077
Train R2 - DI: 0.284
Val R2 - DI: 0.178
Test R2 - DI: 0.166
661 0.7038932364487666
662 0.7094909932868241
663 0.7054104940108588
664 0.7002605196198701
665 0.7111597868011611
666 0.711381153503632
667 0.7090721023272528
668 0.7001463899203916
669 0.7031259461954925
670 0.6965980204874318
Train R2 - DI: 0.264
Val R2 - DI: 0.163
Test R2 - DI: 0.119
671 0.6967063941812768
672 0.7030452892037392
673 0.7016827042035934
674 0.7085286511716922
675 0.707410300247953
676 0.706582131125513
677 0.6976886505968558
678 0.6940163182796539
679 0.704446867074453
680 0.6941094154024594
Train R2 - DI: 0.291
Val R2 - DI: 0.169
Test R2 - DI: 0.163
681 0.6873383399570775
682 0.6995728765137725
683 0.6942185475755768
684 0.693600692380279
685 0.6973420318281045
686 0.6915072665872495
687 0.6980280675519317
688 0.6933856972516532
689 0.6966522216706497
690 0.6966543915237415
Train R2 - DI: 0.299
Val R2 - DI: 0.177
Test R2 - DI: 0.147
691 0.690992548666369
692 0.6877962489350444
693 0.690218808345491
694 0.688581819015529
695 0.6993541632573472
696 0.6937247028940098
697 0.6865811627682996
698 0.686304683347287
699 0.6832004082844599
700 0.6860883326761825
Train R2 - DI: 0.271
Val R2 - DI: 0.146
Test R2 - DI: 0.098
701 0.692046806792403
702 0.6839324861561557
703 0.6799444324415321
704 0.6861682752707946
705 0.6861396155816484
706 0.6805247719130614
707 0.6788321423250405
708 0.6856734639681858
709 0.6856037900021259
710 0.6767729088788326
Train R2 - DI: 0.289
Val R2 - DI: 0.159
Test R2 - DI: 0.119
711 0.6724300132365367
712 0.6790436609302893
713 0.6753936592063007
714 0.6773283353260379
715 0.6687717192818307
716 0.6742728847369179
717 0.6644974838521465
718 0.6703867504459334
719 0.6725026748232809
720 0.6825800021549714
Train R2 - DI: 0.302
Val R2 - DI: 0.155
Test R2 - DI: 0.117
721 0.6636952823359827
722 0.6671583264772417
723 0.6780268432427031
724 0.6671674338319792
725 0.6745892386711213
726 0.671123724710408
727 0.6688831845316767
728 0.6674470816985326
729 0.6690845747080783
730 0.6665171753103938
Train R2 - DI: 0.281
Val R2 - DI: 0.129
Test R2 - DI: 0.069
731 0.6649334196162278
732 0.6566051892071985
733 0.6609362793113356
734 0.6532047901124644
735 0.6591830475028488
736 0.6610663191127994
737 0.6561521025116106
738 0.6562779891030006
739 0.6531765708153314
740 0.6518770181789283
Train R2 - DI: 0.356
Val R2 - DI: 0.163
Test R2 - DI: 0.183
741 0.6483298779166585
742 0.6488973709378304
743 0.6500301108475975
744 0.6466126558769825
745 0.6424301880566435
746 0.6424401199573635
747 0.6538512570285002
748 0.6393773346529303
749 0.6395940363994596
750 0.6376113811164665
Train R2 - DI: 0.368
Val R2 - DI: 0.155
Test R2 - DI: 0.165
751 0.6392949817757249
752 0.6384780277258705
753 0.6263672784931105
754 0.6373020889543963
755 0.634145287377442
756 0.6283446786483189
757 0.620324410436007
758 0.6224680333945496
759 0.6209608869538151
760 0.6230990006627234
Train R2 - DI: 0.414
Val R2 - DI: 0.165
Test R2 - DI: 0.184
761 0.6223857738105883
762 0.6219925062506374
763 0.6119863305966722
764 0.6066701036678109
765 0.6121107648049818
766 0.6043674634929134
767 0.5975625399299604
768 0.5964846850526071
769 0.6029846192852306
770 0.6027368664108866
Train R2 - DI: 0.306
Val R2 - DI: 0.077
Test R2 - DI: -0.034
771 0.6014198588547696
772 0.5899432850119017
773 0.5988815245165618
774 0.5923039247991462
775 0.5899377594941307
776 0.5908963144548559
777 0.582062864728368
778 0.5849499773400765
779 0.5766089131110902
780 0.5725815370961335
Train R2 - DI: 0.347
Val R2 - DI: 0.072
Test R2 - DI: 0.027
781 0.5708743349632772
782 0.5761293770238429
783 0.5769695264991257
784 0.5667834952078235
785 0.5647203905325753
786 0.5627978726532352
787 0.5606591383827013
788 0.5521579317923655
789 0.5463183596334826
790 0.5527781436080007
Train R2 - DI: 0.473
Val R2 - DI: 0.108
Test R2 - DI: 0.147
791 0.5549981362264748
792 0.5466783102305212
793 0.545717533064937
794 0.5435286541614142
795 0.5372837230145163
796 0.5343164702181206
797 0.5351189083001033
798 0.5346128004260638
799 0.5377238327305456
800 0.5258513432817987
Train R2 - DI: 0.485
Val R2 - DI: 0.107
Test R2 - DI: 0.114
0.1874453838805069
Test R2 - DI: 0.114
Test R2 - DI: 0.155
CNN_simple
batch_size =  128 lr =  1e-06 wd =  50.0
5580 1000 1000
cuda:0
1 2.033788764604958
2 1.3603551894533163
3 1.229665266142951
4 1.1464928495841213
5 1.09843617092324
6 1.0593417694918998
7 1.0380145488246795
8 0.986098465141857
9 0.9891674865531238
10 0.9805550568419973
Train R2 - DI: 0.154
Val R2 - DI: 0.144
Test R2 - DI: 0.093
11 0.9592195364309468
12 0.9285045522942765
13 0.9097445748185599
14 0.9223285500293992
15 0.880639995169896
16 0.8817327395989476
17 0.8844544182968823
18 0.8671007371717884
19 0.8660479259320057
20 0.8610822561393929
Train R2 - DI: 0.257
Val R2 - DI: 0.234
Test R2 - DI: 0.180
21 0.8427773823447552
22 0.8396443628923013
23 0.8365108146462389
24 0.8203947666725377
25 0.8144266399858673
26 0.8124168884796908
27 0.8112778746953575
28 0.8067217855043308
29 0.805422995423758
30 0.8036328252498395
Train R2 - DI: 0.307
Val R2 - DI: 0.277
Test R2 - DI: 0.225
31 0.8011475527158347
32 0.7879361216312668
33 0.788607668022101
34 0.786342370467374
35 0.7767854232087358
36 0.7694492622515634
37 0.7723409888992173
38 0.7686932254863041
39 0.7751537039288483
40 0.7635686300988693
Train R2 - DI: 0.333
Val R2 - DI: 0.295
Test R2 - DI: 0.243
41 0.7651037049977155
42 0.7600114051159137
43 0.7647141342521996
44 0.7600807856060698
45 0.7487650250021275
46 0.7464727798670423
47 0.7622953255971273
48 0.7443530845812999
49 0.7521099792159159
50 0.7371579295845442
Train R2 - DI: 0.346
Val R2 - DI: 0.302
Test R2 - DI: 0.252
51 0.7454064468329098
52 0.7333440326020709
53 0.7401323386417922
54 0.7479916915244099
55 0.7328933507738148
56 0.7396840193365637
57 0.7309501160002951
58 0.73555832370635
59 0.7323969291529775
60 0.7291223339709757
Train R2 - DI: 0.349
Val R2 - DI: 0.301
Test R2 - DI: 0.257
61 0.733109845781839
62 0.726391036664286
63 0.7254985866153539
64 0.7217416185631974
65 0.7259416613527524
66 0.7240628017319574
67 0.7220648839054996
68 0.7230456841461975
69 0.7148635661730203
70 0.7295153275612862
Train R2 - DI: 0.356
Val R2 - DI: 0.308
Test R2 - DI: 0.256
71 0.7244757594173528
72 0.7204582509174142
73 0.7239151885432582
74 0.7242459210443668
75 0.7178759745799512
76 0.7191136839141983
77 0.7144693022987748
78 0.7152913593904092
79 0.7127467714757475
80 0.7145936085331824
Train R2 - DI: 0.363
Val R2 - DI: 0.314
Test R2 - DI: 0.259
81 0.7120707857993341
82 0.7128032859508282
83 0.7219662641966215
84 0.7228183378455459
85 0.7212950840645793
86 0.7237843833943849
87 0.7129601044253209
88 0.707719480307726
89 0.7174943589395092
90 0.7112291512950775
Train R2 - DI: 0.371
Val R2 - DI: 0.313
Test R2 - DI: 0.262
91 0.7099262625513111
92 0.7032711152962032
93 0.7001068324171087
94 0.7076698854832666
95 0.7146091812400408
96 0.7176041713324927
97 0.7101543786277907
98 0.7028216927709545
99 0.7209223076006845
100 0.7157704313596089
Train R2 - DI: 0.367
Val R2 - DI: 0.318
Test R2 - DI: 0.263
101 0.7193322754461705
102 0.7123835083831596
103 0.7106453935305278
104 0.7147158261268369
105 0.7338193898559898
106 0.7230737217865537
107 0.7135651857194935
108 0.7078348518272455
109 0.7192051656357277
110 0.7192957819576332
Train R2 - DI: 0.368
Val R2 - DI: 0.317
Test R2 - DI: 0.266
111 0.7165291008983462
112 0.7201682374041568
113 0.7225238574875725
114 0.7267005309409138
115 0.7203708438463109
116 0.7197222318700565
117 0.7144331224503055
118 0.7126665591339056
119 0.7199145660605482
120 0.7158901022753835
Train R2 - DI: 0.367
Val R2 - DI: 0.311
Test R2 - DI: 0.269
121 0.7250924691077202
122 0.7147691497238734
123 0.7240771544022372
124 0.7127077219306782
125 0.7099293207182252
126 0.7212194828576939
127 0.7257102327534802
128 0.7186410416838943
129 0.718959731397663
130 0.7219366315017892
Train R2 - DI: 0.367
Val R2 - DI: 0.316
Test R2 - DI: 0.266
131 0.7146267303001923
132 0.7239452638079189
133 0.706624399718418
134 0.7229698642607658
135 0.7198593895067879
136 0.7211161491691426
137 0.7195576443467089
138 0.7361350937983469
139 0.7285270593926898
140 0.7333206124630453
Train R2 - DI: 0.308
Val R2 - DI: 0.277
Test R2 - DI: 0.217
141 0.7318855536026767
142 0.7335362027622893
143 0.7237576518007504
144 0.7199147709381624
145 0.7274293733754038
146 0.7230719755627348
147 0.7225589353123874
148 0.723883686142583
149 0.7280443872602183
150 0.7202362494656689
Train R2 - DI: 0.346
Val R2 - DI: 0.305
Test R2 - DI: 0.248
151 0.72706523928591
152 0.7262952502483108
153 0.7338448744093645
154 0.7293768537941799
155 0.7149194610588867
156 0.7264070860801205
157 0.7199008408413139
158 0.7286957749756434
159 0.7150894450884994
160 0.7280872739771361
Train R2 - DI: 0.354
Val R2 - DI: 0.313
Test R2 - DI: 0.261
161 0.739714010684721
162 0.7283421093845026
163 0.7380644683342253
164 0.7307363476804508
165 0.725950815643461
166 0.7298437624422025
167 0.760933165695505
168 0.7310161196202788
169 0.7311779746018003
170 0.7434389795881018
Train R2 - DI: 0.334
Val R2 - DI: 0.305
Test R2 - DI: 0.242
171 0.7344848961813049
172 0.7299824865488168
173 0.7253476991875625
174 0.7389099243721227
175 0.7360452699404891
176 0.7242068776947623
177 0.7418133236601361
178 0.7364288984661034
179 0.7299229914142239
180 0.7292366736678667
Train R2 - DI: 0.348
Val R2 - DI: 0.315
Test R2 - DI: 0.262
181 0.7285824133931095
182 0.7303488850166293
183 0.7325117144533383
184 0.7295426894259709
185 0.7324303938923771
186 0.7364210530848486
187 0.7313413972922977
188 0.7307669086268298
189 0.731634852322199
190 0.7294996429087868
Train R2 - DI: 0.346
Val R2 - DI: 0.313
Test R2 - DI: 0.256
191 0.7320287435285506
192 0.7369519179439886
193 0.7261489687427398
194 0.7325633152838676
195 0.7334474302107288
196 0.7358987908209523
197 0.7447428825935583
198 0.7317101143167011
199 0.7399025482943409
200 0.7333375857722375
Train R2 - DI: 0.347
Val R2 - DI: 0.315
Test R2 - DI: 0.258
0.31756920762457164
Test R2 - DI: 0.258
Test R2 - DI: 0.263
CNN_simple
batch_size =  128 lr =  1e-06 wd =  75.0
5580 1000 1000
cuda:0
1 1.69290643498889
2 1.2738493688217627
3 1.2078057218196143
4 1.1434601088151282
5 1.0811397423453655
6 1.0484894728147856
7 1.0209704330745137
8 0.9978027642841407
9 0.983949705392229
10 0.9615260769389437
Train R2 - DI: 0.176
Val R2 - DI: 0.136
Test R2 - DI: 0.174
11 0.949698043125932
12 0.9268592285853561
13 0.929656494689244
14 0.9116964892674518
15 0.9098253542377103
16 0.8901355951917641
17 0.8965320890095072
18 0.8763285016714458
19 0.8751791729294698
20 0.8767219118747233
Train R2 - DI: 0.234
Val R2 - DI: 0.199
Test R2 - DI: 0.231
21 0.8617848189073651
22 0.8536330953721077
23 0.8404306010106131
24 0.8482404991290048
25 0.8367164404588788
26 0.8293473568441193
27 0.8279075964377345
28 0.8267212058908195
29 0.8232547364781835
30 0.8157172696137514
Train R2 - DI: 0.275
Val R2 - DI: 0.238
Test R2 - DI: 0.271
31 0.8162285313811354
32 0.822329490586421
33 0.8044403457299782
34 0.806689984097703
35 0.8023523041424359
36 0.8035867959795032
37 0.802154943165386
38 0.7955731591016161
39 0.7916475946757956
40 0.7937157195956049
Train R2 - DI: 0.303
Val R2 - DI: 0.264
Test R2 - DI: 0.290
41 0.7892525929276661
42 0.7869833862909706
43 0.7823345539817673
44 0.7812602461452552
45 0.7675866691869647
46 0.7628892373867787
47 0.7768396466436351
48 0.7724563299114131
49 0.7707221614844483
50 0.7603525961171769
Train R2 - DI: 0.314
Val R2 - DI: 0.274
Test R2 - DI: 0.298
51 0.7812264209579823
52 0.7701330700228292
53 0.7697187886015916
54 0.7589586637780658
55 0.7665393249535646
56 0.7664255517785267
57 0.7607812693896687
58 0.7514948416781682
59 0.7540921559470529
60 0.7562133976208266
Train R2 - DI: 0.325
Val R2 - DI: 0.282
Test R2 - DI: 0.302
61 0.7563665986488369
62 0.762098278366964
63 0.7585536126167544
64 0.7449096625851047
65 0.744717804847225
66 0.7481275728953782
67 0.7458676642841763
68 0.7387124977658727
69 0.7444215834781688
70 0.7523184933970052
Train R2 - DI: 0.318
Val R2 - DI: 0.278
Test R2 - DI: 0.294
71 0.7500570767241994
72 0.7470445336834077
73 0.7404882448548484
74 0.7279322598142863
75 0.7483074331369024
76 0.7467860642727131
77 0.7434975574520754
78 0.7355473436762355
79 0.74213708750236
80 0.7463376784837374
Train R2 - DI: 0.318
Val R2 - DI: 0.274
Test R2 - DI: 0.290
81 0.7439825059265219
82 0.7382404017619335
83 0.7360998430132438
84 0.7385746129952024
85 0.7388678560974777
86 0.7367087474433325
87 0.7362179251127345
88 0.7380109399877569
89 0.735311487071403
90 0.7512559286582428
Train R2 - DI: 0.337
Val R2 - DI: 0.291
Test R2 - DI: 0.308
91 0.7365289797919625
92 0.7379279636994912
93 0.7352226487624602
94 0.7459524782755041
95 0.736270402793816
96 0.7371639226072578
97 0.7335481572322093
98 0.735600554729448
99 0.7289544913503859
100 0.7442141135960925
Train R2 - DI: 0.336
Val R2 - DI: 0.291
Test R2 - DI: 0.304
101 0.7461470686406645
102 0.7366836224405569
103 0.7389747932820337
104 0.7387843862656625
105 0.744887826177809
106 0.7351156929060549
107 0.7391989966019935
108 0.7333786623025026
109 0.739952012949947
110 0.7385237201567619
Train R2 - DI: 0.322
Val R2 - DI: 0.277
Test R2 - DI: 0.291
111 0.7409905093117855
112 0.7348958846916007
113 0.7591295209409515
114 0.7440266842910466
115 0.7381918354273697
116 0.7455201701451374
117 0.7496852119763692
118 0.7449881863423146
119 0.7430416404987321
120 0.7515746864793976
Train R2 - DI: 0.331
Val R2 - DI: 0.287
Test R2 - DI: 0.302
121 0.7311220557886212
122 0.7456707716842707
123 0.7453034233448753
124 0.7449694859938809
125 0.7393866785110966
126 0.7498954441812303
127 0.7438225298799495
128 0.7405142635000223
129 0.7554494744133351
130 0.7503044853500995
Train R2 - DI: 0.336
Val R2 - DI: 0.292
Test R2 - DI: 0.303
131 0.7489902266892053
132 0.7378310476152701
133 0.7420101969900097
134 0.7425205384958602
135 0.7390835819278566
136 0.7526395904975125
137 0.7481669766074013
138 0.7427656972280112
139 0.7492944213010931
140 0.7492646100700543
Train R2 - DI: 0.324
Val R2 - DI: 0.286
Test R2 - DI: 0.299
141 0.7504731330820309
142 0.7369769991085093
143 0.746244178194299
144 0.7485144144745284
145 0.7508183283190574
146 0.7549268897289017
147 0.7464372653260454
148 0.7508070327902353
149 0.7611700815539206
150 0.7461715396159866
Train R2 - DI: 0.325
Val R2 - DI: 0.287
Test R2 - DI: 0.303
151 0.7489237149983752
152 0.7584047095322695
153 0.7525063730055286
154 0.7480969651625575
155 0.7524930499360553
156 0.7507692207999555
157 0.7499932095141394
158 0.7486227799060097
159 0.7509056078276753
160 0.7535264168588919
Train R2 - DI: 0.326
Val R2 - DI: 0.286
Test R2 - DI: 0.301
161 0.7542718924074617
162 0.7561396530452168
163 0.7515775764287587
164 0.7567438087583015
165 0.7502919569237685
166 0.7489927555925102
167 0.7536215178000885
168 0.7500307025875242
169 0.7472698414197532
170 0.7488375494129769
Train R2 - DI: 0.321
Val R2 - DI: 0.285
Test R2 - DI: 0.301
171 0.7500505050023397
172 0.7503706132639266
173 0.7595878003745951
174 0.7694001910507038
175 0.7554636164805368
176 0.7631446082959465
177 0.763176687814856
178 0.7586398228094996
179 0.7580282783422846
180 0.7482637000767561
Train R2 - DI: 0.327
Val R2 - DI: 0.291
Test R2 - DI: 0.301
181 0.7625713829071291
182 0.7547288134961145
183 0.766878099125346
184 0.7684630093181433
185 0.7680642924428414
186 0.7510440630297507
187 0.7540919068039105
188 0.7525954438794044
189 0.7547280470102918
190 0.7622087784138204
Train R2 - DI: 0.316
Val R2 - DI: 0.285
Test R2 - DI: 0.299
191 0.7525608651954213
192 0.7612611174156162
193 0.7714411240324752
194 0.7567634721810672
195 0.7662281010740547
196 0.766730313019086
197 0.7628011577445546
198 0.7577540603162567
199 0.7632570614096938
200 0.7602893665272702
Train R2 - DI: 0.286
Val R2 - DI: 0.258
Test R2 - DI: 0.272
0.29235736243623334
Test R2 - DI: 0.272
Test R2 - DI: 0.303
CNN_simple
batch_size =  128 lr =  1e-06 wd =  100.0
5580 1000 1000
cuda:0
1 2.162700688625322
2 1.4698153259933635
3 1.3351908694885966
4 1.2471490191729693
5 1.1734756187298818
6 1.146121549948142
7 1.1123963718345944
8 1.0630232399082526
9 1.0521963067379476
10 1.0398168478388086
Train R2 - DI: 0.089
Val R2 - DI: 0.072
Test R2 - DI: 0.104
11 1.015181440905431
12 1.0016210644475876
13 0.9981412240253982
14 0.9645922883009825
15 0.9765835421059721
16 0.9512212039321981
17 0.9610602680500263
18 0.9358682669191805
19 0.9239812492897006
20 0.9118370495816712
Train R2 - DI: 0.207
Val R2 - DI: 0.192
Test R2 - DI: 0.209
21 0.9167961252632961
22 0.9108042962662208
23 0.9156191344756807
24 0.9103085176491823
25 0.8809526038426225
26 0.891221080373265
27 0.878208222696858
28 0.877005168186721
29 0.876239601301036
30 0.8860399019760897
Train R2 - DI: 0.235
Val R2 - DI: 0.220
Test R2 - DI: 0.237
31 0.8665548159657414
32 0.8630944302432426
33 0.8548377129339403
34 0.8525912764251873
35 0.8441221323491852
36 0.8520467998306384
37 0.8359207224674977
38 0.8409518937910757
39 0.8397453899879183
40 0.8447976446493553
Train R2 - DI: 0.250
Val R2 - DI: 0.240
Test R2 - DI: 0.246
41 0.8353450424782264
42 0.830795059067374
43 0.8305676208174784
44 0.8263896754992905
45 0.8221656759152703
46 0.818397753512133
47 0.8289972574480118
48 0.8218341045482185
49 0.8140632860122189
50 0.8167277174183972
Train R2 - DI: 0.260
Val R2 - DI: 0.244
Test R2 - DI: 0.258
51 0.8308860789063156
52 0.7973856576454682
53 0.8052403470521332
54 0.8096820177143192
55 0.8041419324909059
56 0.8032674485637296
57 0.8079500215882469
58 0.7980288718763645
59 0.8021995561097258
60 0.7945388294889936
Train R2 - DI: 0.283
Val R2 - DI: 0.274
Test R2 - DI: 0.276
61 0.7875004251370721
62 0.7949807621244889
63 0.8011698040483674
64 0.7845841213793737
65 0.7918078449891887
66 0.7952405142100482
67 0.7879089440496164
68 0.7966796701954257
69 0.7957896047595582
70 0.7881840664853332
Train R2 - DI: 0.290
Val R2 - DI: 0.277
Test R2 - DI: 0.283
71 0.7917143474770276
72 0.7880171591235745
73 0.780609799243216
74 0.7897900801832958
75 0.7897660330204981
76 0.7791504658251253
77 0.7844158337107696
78 0.7862126246148113
79 0.7801112570215725
80 0.7773805020957865
Train R2 - DI: 0.303
Val R2 - DI: 0.288
Test R2 - DI: 0.288
81 0.7838812799863918
82 0.784083102894513
83 0.7790380813314923
84 0.7869257973513722
85 0.7865298817661928
86 0.7726285777211617
87 0.7822932707366123
88 0.7728195865094448
89 0.7953756774198197
90 0.7818059057317754
Train R2 - DI: 0.306
Val R2 - DI: 0.292
Test R2 - DI: 0.289
91 0.7705453274497849
92 0.7882550588218115
93 0.7759204523110476
94 0.7811865582688308
95 0.7769577531831666
96 0.7785302577907467
97 0.7809683469461284
98 0.7835187606486795
99 0.7855806001625608
100 0.7679580361185108
Train R2 - DI: 0.292
Val R2 - DI: 0.282
Test R2 - DI: 0.283
101 0.7835963302188449
102 0.7718572064967139
103 0.7777437411756071
104 0.7794900043463622
105 0.7829366365641248
106 0.7746454891765416
107 0.7745838003773843
108 0.7667538696719755
109 0.7768257686741463
110 0.785566536905945
Train R2 - DI: 0.300
Val R2 - DI: 0.284
Test R2 - DI: 0.289
111 0.7832934291986582
112 0.7851660907054887
113 0.7763325886059833
114 0.7744117296724764
115 0.780406475109866
116 0.7877758277787102
117 0.784513116566511
118 0.7818841409085044
119 0.772059328068969
120 0.7925686016304946
Train R2 - DI: 0.297
Val R2 - DI: 0.282
Test R2 - DI: 0.290
121 0.7881426893254762
122 0.785192224329945
123 0.7809988337178384
124 0.7839212333002398
125 0.7878273626382206
126 0.780131747218443
127 0.7785708778220692
128 0.7919474051417416
129 0.7839946103779646
130 0.7967914457389531
Train R2 - DI: 0.304
Val R2 - DI: 0.294
Test R2 - DI: 0.294
131 0.7834273186208527
132 0.7892553081221905
133 0.7859716201768554
134 0.7823335683473976
135 0.7838105957567906
136 0.7871047247267966
137 0.7824980652887762
138 0.7830913035673053
139 0.7781722456323631
140 0.7878281867205028
Train R2 - DI: 0.289
Val R2 - DI: 0.274
Test R2 - DI: 0.284
141 0.786779349337342
142 0.7890925881683185
143 0.7960006974503986
144 0.7862494217024909
145 0.7820082606807832
146 0.785656074255598
147 0.7826879662852133
148 0.795356195630993
149 0.7871493093856347
150 0.7946929582985499
Train R2 - DI: 0.300
Val R2 - DI: 0.291
Test R2 - DI: 0.289
151 0.7858052519914497
152 0.7916495067671636
153 0.7849113189618647
154 0.789293800246331
155 0.7832649465102876
156 0.7925722618684119
157 0.7823916531378223
158 0.7887416801999547
159 0.7871016302416401
160 0.7952614227503432
Train R2 - DI: 0.296
Val R2 - DI: 0.286
Test R2 - DI: 0.290
161 0.7858378764121763
162 0.7917162035101204
163 0.7862024639242439
164 0.7815365334138221
165 0.7849054878757846
166 0.7947043570139075
167 0.7875838754852186
168 0.7806081008740223
169 0.804219905407198
170 0.7844224999027868
Train R2 - DI: 0.297
Val R2 - DI: 0.292
Test R2 - DI: 0.289
171 0.7922078626984764
172 0.7959278521571963
173 0.7816610204703491
174 0.7907214127561097
175 0.7894759539207677
176 0.811203786420993
177 0.7929637332543678
178 0.7806354964505814
179 0.7955409228588091
180 0.7915899011396592
Train R2 - DI: 0.292
Val R2 - DI: 0.280
Test R2 - DI: 0.287
181 0.792704918948553
182 0.7903421383177508
183 0.7864391069685687
184 0.7932311030698933
185 0.7815765012122396
186 0.798631108747161
187 0.7949410234728167
188 0.7941016875714811
189 0.7955586577401793
190 0.7900250540412028
Train R2 - DI: 0.286
Val R2 - DI: 0.282
Test R2 - DI: 0.285
191 0.7924057402063869
192 0.804392947005542
193 0.7909750663678706
194 0.7976400564221071
195 0.7874353237476828
196 0.7983747010589928
197 0.8000064701589632
198 0.7939411202639235
199 0.8004721578304058
200 0.7956663655551104
Train R2 - DI: 0.274
Val R2 - DI: 0.273
Test R2 - DI: 0.278
0.2935615525653036
Test R2 - DI: 0.278
Test R2 - DI: 0.294

------------------------------------------------------------
Sender: LSF System <lsfadmin@hpc.dtu.dk>
Subject: Job 14712775: <testjob> in cluster <dcc> Done

Job <testjob> was submitted from host <n-62-30-1> by user <s174503> in cluster <dcc> at Wed Nov  9 23:12:52 2022
Job was executed on host(s) <n-62-20-2>, in queue <gpuv100>, as user <s174503> in cluster <dcc> at Wed Nov  9 23:12:54 2022
</zhome/fd/6/127382> was used as the home directory.
</zhome/fd/6/127382/Desktop/MasterThesis/Master-thesis> was used as the working directory.
Started at Wed Nov  9 23:12:54 2022
Terminated at Thu Nov 10 08:39:55 2022
Results reported at Thu Nov 10 08:39:55 2022

Your job looked like:

------------------------------------------------------------
# LSBATCH: User input
#!/bin/sh
#BSUB -q gpuv100
#BSUB -J testjob
#BSUB -n 1
#BSUB -gpu "num=1:mode=exclusive_process"
#BSUB -W 12:00
#BSUB -R "rusage[mem=5GB]"
#BSUB -o outputs/gpu_%J.out
#BSUB -e outputs/errors/gpu_%J.err

nvidia-smi
module load cuda/11.6

/appl/cuda/11.6.0/samples/bin/x86_64/linux/release/deviceQuery

source $HOME/miniconda3/bin/activate
source venv_1/bin/activate

python3 main.py Deep_google 128 1e-6 15 800 2_4_test4 7
#python3 main.py Deep_google 128 1e-6 20 800 shuffle_test5 99
python3 main.py CNN_simple 128 1e-6 50 200 shufflev5 99
python3 main.py CNN_simple 128 1e-6 75 200 shufflev6 99
python3 main.py CNN_simple 128 1e-6 100 200 shufflev7 99


------------------------------------------------------------

Successfully completed.

Resource usage summary:

    CPU time :                                   29740.67 sec.
    Max Memory :                                 2268 MB
    Average Memory :                             2215.54 MB
    Total Requested Memory :                     5120.00 MB
    Delta Memory :                               2852.00 MB
    Max Swap :                                   1 MB
    Max Processes :                              4
    Max Threads :                                8
    Run time :                                   34061 sec.
    Turnaround time :                            34023 sec.

The output (if any) is above this job summary.



PS:

Read file <outputs/errors/gpu_14712775.err> for stderr output of this job.

