Mon Nov 14 03:10:19 2022       
+-----------------------------------------------------------------------------+
| NVIDIA-SMI 520.61.05    Driver Version: 520.61.05    CUDA Version: 11.8     |
|-------------------------------+----------------------+----------------------+
| GPU  Name        Persistence-M| Bus-Id        Disp.A | Volatile Uncorr. ECC |
| Fan  Temp  Perf  Pwr:Usage/Cap|         Memory-Usage | GPU-Util  Compute M. |
|                               |                      |               MIG M. |
|===============================+======================+======================|
|   0  Tesla V100-PCIE...  On   | 00000000:AF:00.0 Off |                    0 |
| N/A   29C    P0    23W / 250W |      0MiB / 16384MiB |      0%   E. Process |
|                               |                      |                  N/A |
+-------------------------------+----------------------+----------------------+
                                                                               
+-----------------------------------------------------------------------------+
| Processes:                                                                  |
|  GPU   GI   CI        PID   Type   Process name                  GPU Memory |
|        ID   ID                                                   Usage      |
|=============================================================================|
|  No running processes found                                                 |
+-----------------------------------------------------------------------------+
/appl/cuda/11.6.0/samples/bin/x86_64/linux/release/deviceQuery Starting...

 CUDA Device Query (Runtime API) version (CUDART static linking)

Detected 1 CUDA Capable device(s)

Device 0: "Tesla V100-PCIE-16GB"
  CUDA Driver Version / Runtime Version          11.8 / 11.6
  CUDA Capability Major/Minor version number:    7.0
  Total amount of global memory:                 16161 MBytes (16945709056 bytes)
  (080) Multiprocessors, (064) CUDA Cores/MP:    5120 CUDA Cores
  GPU Max Clock rate:                            1380 MHz (1.38 GHz)
  Memory Clock rate:                             877 Mhz
  Memory Bus Width:                              4096-bit
  L2 Cache Size:                                 6291456 bytes
  Maximum Texture Dimension Size (x,y,z)         1D=(131072), 2D=(131072, 65536), 3D=(16384, 16384, 16384)
  Maximum Layered 1D Texture Size, (num) layers  1D=(32768), 2048 layers
  Maximum Layered 2D Texture Size, (num) layers  2D=(32768, 32768), 2048 layers
  Total amount of constant memory:               65536 bytes
  Total amount of shared memory per block:       49152 bytes
  Total shared memory per multiprocessor:        98304 bytes
  Total number of registers available per block: 65536
  Warp size:                                     32
  Maximum number of threads per multiprocessor:  2048
  Maximum number of threads per block:           1024
  Max dimension size of a thread block (x,y,z): (1024, 1024, 64)
  Max dimension size of a grid size    (x,y,z): (2147483647, 65535, 65535)
  Maximum memory pitch:                          2147483647 bytes
  Texture alignment:                             512 bytes
  Concurrent copy and kernel execution:          Yes with 7 copy engine(s)
  Run time limit on kernels:                     No
  Integrated GPU sharing Host Memory:            No
  Support host page-locked memory mapping:       Yes
  Alignment requirement for Surfaces:            Yes
  Device has ECC support:                        Enabled
  Device supports Unified Addressing (UVA):      Yes
  Device supports Managed Memory:                Yes
  Device supports Compute Preemption:            Yes
  Supports Cooperative Kernel Launch:            Yes
  Supports MultiDevice Co-op Kernel Launch:      Yes
  Device PCI Domain ID / Bus ID / location ID:   0 / 175 / 0
  Compute Mode:
     < Exclusive Process (many threads in one process is able to use ::cudaSetDevice() with this device) >

deviceQuery, CUDA Driver = CUDART, CUDA Driver Version = 11.8, CUDA Runtime Version = 11.6, NumDevs = 1
Result = PASS
CNN_simple
batch_size =  128 lr =  1e-08 wd =  1.0
5276 1164 1140
cuda:0
Using SGD
1 3.222101835521267
2 3.211626648270243
3 3.1763818612868717
4 3.16158847197879
5 3.11921141019276
6 3.121690572437868
7 3.1139961406080174
8 3.0815371266814053
9 3.0883877069503636
10 3.0658903490692673
Train R2 - DI: -2.088
Val R2 - DI: -1.880
Test R2 - DI: -1.852
11 3.014761489661378
12 3.0140287191059842
13 2.9984482198705087
14 2.9889926153028257
15 2.968349079185584
16 2.9406000721897474
17 2.9463461142222567
18 2.9146956896763845
19 2.879855979293291
20 2.86318125048761
Train R2 - DI: -1.910
Val R2 - DI: -1.670
Test R2 - DI: -1.662
21 2.8620015712648383
22 2.8393969078512242
23 2.81545365968376
24 2.837547390094031
25 2.8045568988574465
26 2.7892434090895577
27 2.755467739676417
28 2.7619549810570057
29 2.752899616030331
30 2.7380513859301288
Train R2 - DI: -1.792
Val R2 - DI: -1.541
Test R2 - DI: -1.544
31 2.706445539603186
32 2.696787287558092
33 2.6810305856049648
34 2.6747714392247754
35 2.6627961235393443
36 2.6618629087545007
37 2.644314677178453
38 2.6051150760115593
39 2.5973805065314095
40 2.5896066115424885
Train R2 - DI: -1.640
Val R2 - DI: -1.370
Test R2 - DI: -1.385
41 2.5603992579288786
42 2.5648629614762775
43 2.5518654701472956
44 2.5359548240832255
45 2.5364699860790445
46 2.499495782754564
47 2.5160779269741194
48 2.4940743422851677
49 2.4782701652098824
50 2.4559990542688723
Train R2 - DI: -1.498
Val R2 - DI: -1.215
Test R2 - DI: -1.238
51 2.466392764817412
52 2.4556961050532458
53 2.4471275730509032
54 2.4317898990712083
55 2.4181269757037276
56 2.386841227377428
57 2.372274814183464
58 2.382578432876292
59 2.376186148608788
60 2.3488579929733566
Train R2 - DI: -1.376
Val R2 - DI: -1.088
Test R2 - DI: -1.115
61 2.3507158358590545
62 2.342971891955592
63 2.312189443713341
64 2.311832304521435
65 2.3297720147046834
66 2.3089474404373345
67 2.2726386435742265
68 2.2588176368492134
69 2.255913250187837
70 2.25706975996901
Train R2 - DI: -1.273
Val R2 - DI: -0.980
Test R2 - DI: -1.010
71 2.2356058369087757
72 2.2357293854526175
73 2.1994687699295516
74 2.213457487133798
75 2.2026196411832704
76 2.2009653783007224
77 2.208794525755997
78 2.176465078770346
79 2.189397982524325
80 2.1557623676678914
Train R2 - DI: -1.206
Val R2 - DI: -0.915
Test R2 - DI: -0.945
81 2.1510438647931776
82 2.1557991113330126
83 2.155281559999826
84 2.1325304851647666
85 2.125886170768304
86 2.09894725171972
87 2.1092751224986346
88 2.1009723066470225
89 2.0892087388345923
90 2.082789506670017
Train R2 - DI: -1.080
Val R2 - DI: -0.797
Test R2 - DI: -0.824
91 2.0633685143270486
92 2.0573526991416866
93 2.046484409090784
94 2.0545226408732127
95 2.043919513585262
96 2.0475585466085553
97 2.0245973154665213
98 2.0181043314337277
99 2.015232742872086
100 2.0226574424905612
Train R2 - DI: -1.024
Val R2 - DI: -0.746
Test R2 - DI: -0.774
101 2.000698609276194
102 1.978099036524023
103 1.9715962807638705
104 1.9726648516868261
105 1.9733467317151698
106 1.975657212454049
107 1.9654885388577499
108 1.9367909639328154
109 1.9274992824414177
110 1.9288926827717767
Train R2 - DI: -0.949
Val R2 - DI: -0.678
Test R2 - DI: -0.701
111 1.9350212484349618
112 1.9285234345731814
113 1.9196666218820533
114 1.9139267084180993
115 1.906245372980449
116 1.8949914725103372
117 1.907477838962344
118 1.8985295599387215
119 1.8823531054474352
120 1.8776864714474277
Train R2 - DI: -0.893
Val R2 - DI: -0.632
Test R2 - DI: -0.651
121 1.8702613508457302
122 1.866175471787384
123 1.8613758060044643
124 1.8611148679861975
125 1.8533789663264206
126 1.8244137223513404
127 1.83443816707747
128 1.8359154134288351
129 1.8332642652122608
130 1.8272603798129505
Train R2 - DI: -0.838
Val R2 - DI: -0.587
Test R2 - DI: -0.604
131 1.8131727918338558
132 1.8223043463282553
133 1.7851586150255412
134 1.7902493815787188
135 1.7939000800308447
136 1.7963728037090172
137 1.7843041992079045
138 1.7729391833884505
139 1.7865857322438365
140 1.7614228586250404
Train R2 - DI: -0.817
Val R2 - DI: -0.565
Test R2 - DI: -0.586
141 1.7618091307958932
142 1.757087954795207
143 1.7541005992817102
144 1.757251225609595
145 1.7392824289923459
146 1.7381227978980387
147 1.7207478312853162
148 1.7410710432296272
149 1.7288512507562297
150 1.7051806001612595
Train R2 - DI: -0.709
Val R2 - DI: -0.491
Test R2 - DI: -0.481
151 1.730027786975019
152 1.7288794071950906
153 1.7102104457966572
154 1.6976903349816392
155 1.6914079044694879
156 1.6810406018966433
157 1.7131121493000439
158 1.6942840156634709
159 1.6797592998725885
160 1.6997176744072071
Train R2 - DI: -0.667
Val R2 - DI: -0.462
Test R2 - DI: -0.451
161 1.6604338245377386
162 1.664503046379928
163 1.6609280319987507
164 1.6725788759046472
165 1.6635033531203425
166 1.6444112232365873
167 1.6420380700438921
168 1.6558958182649417
169 1.632722277411735
170 1.6484133645926036
Train R2 - DI: -0.654
Val R2 - DI: -0.448
Test R2 - DI: -0.438
171 1.6390922395816077
172 1.6281853075548047
173 1.6292543814343154
174 1.6227648820363725
175 1.6385083814928982
176 1.6358963376740057
177 1.6241980362697657
178 1.6175280962142193
179 1.6243201307133348
180 1.5972450973410963
Train R2 - DI: -0.596
Val R2 - DI: -0.414
Test R2 - DI: -0.390
181 1.5958795945150912
182 1.6022075863838918
183 1.5925251411795165
184 1.58617944225748
185 1.5921781833104964
186 1.5852078939586811
187 1.5861873848136399
188 1.5821154064260892
189 1.5847671576030693
190 1.5734949352345384
Train R2 - DI: -0.585
Val R2 - DI: -0.401
Test R2 - DI: -0.383
191 1.5628298751507137
192 1.5689210193097547
193 1.5628451812077508
194 1.5614326490065291
195 1.5586667680396917
196 1.564345252974816
197 1.5373949634025637
198 1.542260761148917
199 1.535863539140454
200 1.546050029328775
Train R2 - DI: -0.549
Val R2 - DI: -0.378
Test R2 - DI: -0.355
201 1.5386355927805724
202 1.5463949934472814
203 1.5233374708434504
204 1.523973868596364
205 1.5270895675965743
206 1.5463147617995152
207 1.510476666024637
208 1.5331344758135699
209 1.520968775300929
210 1.5054556554334466
Train R2 - DI: -0.482
Val R2 - DI: -0.355
Test R2 - DI: -0.298
211 1.5105004936027382
212 1.4980938021570918
213 1.4957478770349313
214 1.5002993007244894
215 1.4905758861161436
216 1.5014894919652122
217 1.5081627919332288
218 1.4940500832399335
219 1.4807410509501377
220 1.4817650227315322
Train R2 - DI: -0.478
Val R2 - DI: -0.340
Test R2 - DI: -0.299
221 1.4732238633150039
222 1.491315737106838
223 1.4801011501251522
224 1.4728381916643365
225 1.4777712280593016
226 1.4731451742932866
227 1.473581457969544
228 1.4843452447648298
229 1.475587321918421
230 1.4638997436563927
Train R2 - DI: -0.465
Val R2 - DI: -0.332
Test R2 - DI: -0.287
231 1.4414538683721385
232 1.4601556967387515
233 1.4576550646204223
234 1.4619426873482204
235 1.4451902675484056
236 1.4540138868240808
237 1.466053037502442
238 1.4478501535166928
239 1.4345938590912317
240 1.452293849922293
Train R2 - DI: -0.432
Val R2 - DI: -0.322
Test R2 - DI: -0.259
241 1.4324864705825413
242 1.429202541878406
243 1.4238585798102315
244 1.4199064092440892
245 1.4219127137883312
246 1.4141276836214507
247 1.423026944761298
248 1.4114110064922272
249 1.421527777773761
250 1.4289117452319233
Train R2 - DI: -0.420
Val R2 - DI: -0.308
Test R2 - DI: -0.253
251 1.4260986417961266
252 1.4135682393060298
253 1.411674118295052
254 1.403708789455249
255 1.411104875048333
256 1.4107372763032169
257 1.402417497078156
258 1.402698016419747
259 1.4134350842467938
260 1.3953050074928
Train R2 - DI: -0.406
Val R2 - DI: -0.299
Test R2 - DI: -0.242
261 1.3780535037450667
262 1.391481112132387
263 1.3942933729690887
264 1.3830658553494388
265 1.388742345133182
266 1.4075955117263967
267 1.386434365597704
268 1.375721800137506
269 1.3871064290031507
270 1.3875120736325302
Train R2 - DI: -0.368
Val R2 - DI: -0.290
Test R2 - DI: -0.212
271 1.3805662896074609
272 1.3693224748397435
273 1.3667398330567009
274 1.3645479306748096
275 1.3768489700632622
276 1.373839960846601
277 1.362646435588666
278 1.3656864235399346
279 1.3606430471079018
280 1.3691660933100518
Train R2 - DI: -0.365
Val R2 - DI: -0.273
Test R2 - DI: -0.213
281 1.3627028627048576
282 1.355733274871242
283 1.3671565525815557
284 1.3553365698540365
285 1.3443692185103306
286 1.3470998528873135
287 1.3526889742821613
288 1.3619982783228632
289 1.3424341858472673
290 1.3405020142975317
Train R2 - DI: -0.327
Val R2 - DI: -0.285
Test R2 - DI: -0.184
291 1.3346407782678988
292 1.3145771021188617
293 1.342926133031462
294 1.334849158049172
295 1.3271443011907125
296 1.3202331106801932
297 1.3245653778066049
298 1.3565407552169615
299 1.3392045490664004
300 1.3311478974152189
Train R2 - DI: -0.319
Val R2 - DI: -0.273
Test R2 - DI: -0.177
-0.2733895758393965
Test R2 - DI: -0.177
Test R2 - DI: -0.213
CNN_simple
batch_size =  128 lr =  1e-08 wd =  10.0
5276 1164 1140
cuda:0
Using SGD
1 3.6137984650346526
2 3.5274156658282507
3 3.562480045865213
4 3.507202339316969
5 3.494756587623556
6 3.4621830803594236
7 3.448642522842257
8 3.4342263831253574
9 3.4215713384207493
10 3.3782680421457587
Train R2 - DI: -2.451
Val R2 - DI: -2.370
Test R2 - DI: -2.273
11 3.3612769062181056
12 3.3810095801508906
13 3.315414088164612
14 3.2944793923503073
15 3.2829329709016166
16 3.2664465620447234
17 3.241869646098417
18 3.217133060018613
19 3.1907695808403416
20 3.1714759906916297
Train R2 - DI: -2.241
Val R2 - DI: -2.125
Test R2 - DI: -2.060
21 3.122933956779613
22 3.151673467345451
23 3.1304843754728604
24 3.0869912589653774
25 3.085571289604771
26 3.07604006206203
27 3.02377086376222
28 3.0353726603209386
29 2.971340749189653
30 2.983540778995193
Train R2 - DI: -2.059
Val R2 - DI: -1.895
Test R2 - DI: -1.857
31 2.9604042040931176
32 2.957924121252238
33 2.942624859958096
34 2.901598340729315
35 2.9053460969628486
36 2.8904377418182583
37 2.862626299883399
38 2.829849923895199
39 2.8405885378278684
40 2.795068660046315
Train R2 - DI: -1.877
Val R2 - DI: -1.681
Test R2 - DI: -1.668
41 2.823184753566913
42 2.8118218963484227
43 2.77907980835013
44 2.748924594200227
45 2.7288335456009434
46 2.7280898437615684
47 2.704357251513628
48 2.688160408980201
49 2.6799129421192194
50 2.637483359648478
Train R2 - DI: -1.717
Val R2 - DI: -1.493
Test R2 - DI: -1.502
51 2.6588399670537988
52 2.644459569698215
53 2.630174248213114
54 2.605209162960096
55 2.589363397839758
56 2.5824196486874365
57 2.5787792686624362
58 2.551596375646873
59 2.5490967681500116
60 2.514092890758963
Train R2 - DI: -1.608
Val R2 - DI: -1.366
Test R2 - DI: -1.382
61 2.5028948241603293
62 2.5077452289054936
63 2.4947536552015626
64 2.491245538380401
65 2.4721810680343133
66 2.4534382930391208
67 2.4616867615654217
68 2.445023437084982
69 2.4211534877181324
70 2.400085280572401
Train R2 - DI: -1.480
Val R2 - DI: -1.227
Test R2 - DI: -1.255
71 2.4031124728660496
72 2.3956260729956753
73 2.375192170797468
74 2.3703360459947334
75 2.340714672824666
76 2.349496946179388
77 2.337699120924995
78 2.3192450186806797
79 2.318963618961765
80 2.2994783430771903
Train R2 - DI: -1.380
Val R2 - DI: -1.117
Test R2 - DI: -1.151
81 2.2898559063288912
82 2.259950067709575
83 2.2693606262590236
84 2.244234704447118
85 2.2628694977879613
86 2.2385825076457495
87 2.2269065461437116
88 2.2024242756852965
89 2.1883386625676016
90 2.214007383860631
Train R2 - DI: -1.241
Val R2 - DI: -0.976
Test R2 - DI: -1.020
91 2.185654194270055
92 2.2023754683835115
93 2.1936881404830437
94 2.1559314229797466
95 2.153993260236831
96 2.1492888499065455
97 2.133753893771255
98 2.119339414398448
99 2.1245982892771758
100 2.117650619413565
Train R2 - DI: -1.138
Val R2 - DI: -0.868
Test R2 - DI: -0.911
101 2.104395936618166
102 2.0935155667528407
103 2.0787784362761155
104 2.0743315100579482
105 2.0487197880676247
106 2.046117376793145
107 2.0384294393841653
108 2.0200755165959055
109 2.0400125309768455
110 2.0231476093079666
Train R2 - DI: -1.118
Val R2 - DI: -0.848
Test R2 - DI: -0.895
111 2.031086037518673
112 1.9973003211755298
113 2.019703300908445
114 2.0193205687744857
115 1.9785210710298482
116 1.9789545483621709
117 1.9779187411047274
118 1.9733775688717996
119 1.9754982916489978
120 1.9429017227648604
Train R2 - DI: -1.016
Val R2 - DI: -0.751
Test R2 - DI: -0.797
121 1.9438998608809697
122 1.9555786486554092
123 1.9264313305210579
124 1.93349811143275
125 1.943831426253185
126 1.9099762006814593
127 1.8995406420688181
128 1.8924810313383136
129 1.9050949098848773
130 1.8895676459572006
Train R2 - DI: -0.943
Val R2 - DI: -0.681
Test R2 - DI: -0.727
131 1.8874162318943304
132 1.8712421387230653
133 1.8630590066483204
134 1.8454923991274887
135 1.8471800102439226
136 1.8543624164843036
137 1.8552780673755127
138 1.8288368298485027
139 1.8458409907693119
140 1.840667082017981
Train R2 - DI: -0.852
Val R2 - DI: -0.599
Test R2 - DI: -0.636
141 1.803608781374974
142 1.8010310703737433
143 1.7939177663422066
144 1.8001953652178002
145 1.8047346640392359
146 1.7953171140773447
147 1.782762626159182
148 1.7876676741289856
149 1.7719760416492176
150 1.7627326444390148
Train R2 - DI: -0.799
Val R2 - DI: -0.555
Test R2 - DI: -0.590
151 1.7620492646692376
152 1.7508996182811178
153 1.756213675130941
154 1.7473334945269476
155 1.7310718424488325
156 1.7290992278597226
157 1.7476876871978089
158 1.7333423261664147
159 1.7092151272197489
160 1.7323917352945357
Train R2 - DI: -0.745
Val R2 - DI: -0.512
Test R2 - DI: -0.540
161 1.703958871872521
162 1.6996339408622898
163 1.7325001363052934
164 1.7094507697769148
165 1.7012316464835537
166 1.6816014775369454
167 1.6771719799157432
168 1.6703718839223136
169 1.6745441610655882
170 1.6757324871644548
Train R2 - DI: -0.695
Val R2 - DI: -0.473
Test R2 - DI: -0.496
171 1.6813653885549988
172 1.6641211450958542
173 1.6721447629400779
174 1.6565638235611297
175 1.6320254005565167
176 1.659429671549273
177 1.6469773160769599
178 1.6342104281142773
179 1.6347092966675487
180 1.6491305227981001
Train R2 - DI: -0.688
Val R2 - DI: -0.464
Test R2 - DI: -0.488
181 1.6110328406976695
182 1.6212741691475117
183 1.626139627251325
184 1.6169080300435954
185 1.5999337667945301
186 1.6161169413818925
187 1.6111605723216915
188 1.5968658664716384
189 1.6124915172874792
190 1.5865097725545032
Train R2 - DI: -0.606
Val R2 - DI: -0.409
Test R2 - DI: -0.417
191 1.5822015590429126
192 1.6038897735228406
193 1.5987489340972323
194 1.570338328920412
195 1.566223990835865
196 1.5664457737089017
197 1.5706483568541474
198 1.5686489948275597
199 1.5691256480654412
200 1.5473098133078482
Train R2 - DI: -0.595
Val R2 - DI: -0.397
Test R2 - DI: -0.412
201 1.554360686964479
202 1.5398408679730788
203 1.537306556745042
204 1.550531753362174
205 1.5372066371272783
206 1.5334182434501387
207 1.5417621883142165
208 1.526548530135397
209 1.5232437596888684
210 1.5142758583100662
Train R2 - DI: -0.569
Val R2 - DI: -0.378
Test R2 - DI: -0.391
211 1.5160044492240021
212 1.5198700304190438
213 1.505266784943804
214 1.5179369949408785
215 1.4994331565745587
216 1.5057227666672655
217 1.4905385416145123
218 1.4921984616511694
219 1.4939178861931837
220 1.4830413344595088
Train R2 - DI: -0.516
Val R2 - DI: -0.347
Test R2 - DI: -0.341
221 1.504649612196835
222 1.480482784702165
223 1.499693965803411
224 1.4756917947164714
225 1.4770194745768734
226 1.489613939813812
227 1.4720335426070277
228 1.472689942756867
229 1.4700023273883036
230 1.4426564607229804
Train R2 - DI: -0.474
Val R2 - DI: -0.325
Test R2 - DI: -0.309
231 1.4540560306971322
232 1.4627554245841061
233 1.4629937479946087
234 1.4555763005306541
235 1.452097018439269
236 1.4549766145392382
237 1.4513594424344989
238 1.4334531668192334
239 1.4481250675814543
240 1.4474684246748664
Train R2 - DI: -0.450
Val R2 - DI: -0.312
Test R2 - DI: -0.286
241 1.4339503946857437
242 1.4334942874264953
243 1.4262792398027617
244 1.4372012741733808
245 1.4120661254811233
246 1.419849932690838
247 1.3994200239586414
248 1.4253892540660567
249 1.3998085751146687
250 1.4186605338891227
Train R2 - DI: -0.454
Val R2 - DI: -0.303
Test R2 - DI: -0.293
251 1.4211444972228426
252 1.4187902359008067
253 1.405986399927132
254 1.403677385173303
255 1.4049845690795921
256 1.407381416451669
257 1.3926760626164596
258 1.3928176272177533
259 1.398104850770489
260 1.3840852295294959
Train R2 - DI: -0.388
Val R2 - DI: -0.282
Test R2 - DI: -0.240
261 1.4036462353973158
262 1.3849283469455362
263 1.3705972295714834
264 1.3852193709844165
265 1.3850609600950679
266 1.3638066103098698
267 1.3703859659466804
268 1.3670608097174748
269 1.3684538735233536
270 1.3676217178036716
Train R2 - DI: -0.430
Val R2 - DI: -0.287
Test R2 - DI: -0.276
271 1.3691277303326934
272 1.367865019806232
273 1.359093979419046
274 1.3575062584569728
275 1.36374740052892
276 1.3481177463054295
277 1.3531449268585447
278 1.3551872160237697
279 1.3648079917953266
280 1.357308285538223
Train R2 - DI: -0.359
Val R2 - DI: -0.267
Test R2 - DI: -0.217
281 1.3542773578996636
282 1.3557140208989766
283 1.358519300807146
284 1.3449712113235104
285 1.3468366722160439
286 1.346721929885656
287 1.3402878739239141
288 1.3211196867962332
289 1.3345640269620027
290 1.325422297290458
Train R2 - DI: -0.370
Val R2 - DI: -0.262
Test R2 - DI: -0.225
291 1.3380151022736821
292 1.3261661395780782
293 1.339414484668989
294 1.2914743903371944
295 1.3027579638431974
296 1.319448253257063
297 1.3221533662717933
298 1.3083510708411232
299 1.3261643614707526
300 1.3174598992006448
Train R2 - DI: -0.335
Val R2 - DI: -0.246
Test R2 - DI: -0.201
-0.24596363893586992
Test R2 - DI: -0.201
Test R2 - DI: -0.201
CNN_simple
batch_size =  128 lr =  1e-08 wd =  1.0
5276 1164 1140
cuda:0
Using Adam
1 3.9573018574371224
2 3.5416718895820347
3 3.161147660608993
4 2.824010709093049
5 2.570725386751882
6 2.2937282995349806
7 2.0960483561870813
8 1.9035668161622135
9 1.7468609317312465
10 1.6227529221542683
Train R2 - DI: -0.571
Val R2 - DI: -0.383
Test R2 - DI: -0.410
11 1.4889446985007597
12 1.4126454401052386
13 1.3488726259814328
14 1.2845630583842655
15 1.204425061806483
16 1.1657155152068526
17 1.1199319933832732
18 1.0933685551727244
19 1.0787279913604395
20 1.0411515831947327
Train R2 - DI: -0.027
Val R2 - DI: -0.132
Test R2 - DI: -0.003
21 1.0500111737153672
22 1.0274072628838262
23 1.0135118070201858
24 1.0026282089239182
25 0.9844510183359657
26 0.9700205046810645
27 0.9620943095667783
28 0.9536411088917452
29 0.9613105257050931
30 0.9413151460854369
Train R2 - DI: 0.091
Val R2 - DI: -0.094
Test R2 - DI: 0.089
31 0.9506115944119816
32 0.9336045850760292
33 0.9221330348789195
34 0.9238175958101275
35 0.9168103050787942
36 0.9045011283232463
37 0.8911644405628173
38 0.8939711779604543
39 0.903262686738469
40 0.8796183511196799
Train R2 - DI: 0.151
Val R2 - DI: -0.024
Test R2 - DI: 0.141
41 0.9038676878916123
42 0.882381898851626
43 0.8770468852753166
44 0.8719112452817198
45 0.865790755166711
46 0.8797122322762889
47 0.8677871877989867
48 0.8557775171983414
49 0.8472471259777251
50 0.8628013285838627
Train R2 - DI: 0.190
Val R2 - DI: 0.039
Test R2 - DI: 0.175
51 0.8546108583142308
52 0.8467154225406546
53 0.8409669282673162
54 0.839907850841395
55 0.84701161058316
56 0.8276722347130823
57 0.8264303319466846
58 0.8305065222451685
59 0.8403930213977389
60 0.821646831675494
Train R2 - DI: 0.220
Val R2 - DI: 0.069
Test R2 - DI: 0.198
61 0.8153020497340882
62 0.8296189950306005
63 0.8147217843729587
64 0.8071618645908798
65 0.8267467635612401
66 0.7934992117263586
67 0.8030449887674085
68 0.8026675337458127
69 0.8027823899531563
70 0.7827954213668037
Train R2 - DI: 0.241
Val R2 - DI: 0.102
Test R2 - DI: 0.211
71 0.7927360250879364
72 0.7933012846295268
73 0.7847991464172375
74 0.790694577572832
75 0.7960411601666703
76 0.7979472766237063
77 0.7944755418631414
78 0.7814532131566705
79 0.7983334913589992
80 0.7828390918237138
Train R2 - DI: 0.258
Val R2 - DI: 0.120
Test R2 - DI: 0.223
81 0.7788243841004245
82 0.7818270811897231
83 0.7738432673634319
84 0.7881259081307643
85 0.7688192535838546
86 0.7728738505520362
87 0.7598563929775431
88 0.7667596024532405
89 0.7736852559924036
90 0.7739682858237902
Train R2 - DI: 0.275
Val R2 - DI: 0.126
Test R2 - DI: 0.238
91 0.772637162179636
92 0.7666014051057788
93 0.7653477745493584
94 0.7653364476333341
95 0.7485192266714401
96 0.7670991172204874
97 0.7532297893398363
98 0.7581088613885384
99 0.7433467623046892
100 0.7542697605623992
Train R2 - DI: 0.287
Val R2 - DI: 0.138
Test R2 - DI: 0.246
101 0.7519481132390193
102 0.7607163040361412
103 0.7544129000548796
104 0.7470401805219007
105 0.7513681267182695
106 0.7470331109772134
107 0.7438666929884152
108 0.7459452690908275
109 0.7478225745424527
110 0.7499137827625231
Train R2 - DI: 0.297
Val R2 - DI: 0.155
Test R2 - DI: 0.251
111 0.7371689896406415
112 0.7324211160010511
113 0.7332664177759386
114 0.7534895653160708
115 0.7464472108080679
116 0.7361255303488435
117 0.7334685762602782
118 0.7429727181238691
119 0.7410496355820281
120 0.7373840048333025
Train R2 - DI: 0.304
Val R2 - DI: 0.165
Test R2 - DI: 0.252
121 0.7378174156470223
122 0.7257822796736277
123 0.7494118573812032
124 0.7146566037520755
125 0.7338141869468342
126 0.7262081604640171
127 0.7259940130408737
128 0.7216452632644486
129 0.7332232371255066
130 0.7312164943357414
Train R2 - DI: 0.313
Val R2 - DI: 0.168
Test R2 - DI: 0.254
131 0.7247383113699125
132 0.7268586468298929
133 0.7235300815674823
134 0.7226349353067255
135 0.7199517549485126
136 0.7262471746187305
137 0.7169995790543748
138 0.7211393192918848
139 0.7189170602960421
140 0.7265272753721299
Train R2 - DI: 0.317
Val R2 - DI: 0.174
Test R2 - DI: 0.259
141 0.7130281729531884
142 0.7300047264847456
143 0.7126684206918481
144 0.7143020233121038
145 0.7241460079944342
146 0.7145083086159846
147 0.7157753011419341
148 0.711406451359764
149 0.7072664498379052
150 0.7129720772099006
Train R2 - DI: 0.325
Val R2 - DI: 0.177
Test R2 - DI: 0.261
151 0.715011703235982
152 0.6968762138921984
153 0.7188951034180769
154 0.7198174364915664
155 0.7017261023047839
156 0.7108642932951134
157 0.7043619396742589
158 0.7050430308335472
159 0.7008228249130509
160 0.7055831170154395
Train R2 - DI: 0.331
Val R2 - DI: 0.182
Test R2 - DI: 0.261
161 0.7074175940217893
162 0.7074054329118736
163 0.6962425257329963
164 0.6944602501943674
165 0.6976371659664967
166 0.6947239363979805
167 0.7154933601459651
168 0.6978987097694984
169 0.7078138161012854
170 0.6995719359443439
Train R2 - DI: 0.335
Val R2 - DI: 0.187
Test R2 - DI: 0.258
171 0.7018197370895027
172 0.7006369805227545
173 0.7075467329977858
174 0.6965780040366438
175 0.7050663014991072
176 0.6927221872257048
177 0.693779090980041
178 0.687886130005415
179 0.692975089530135
180 0.7015650594116974
Train R2 - DI: 0.339
Val R2 - DI: 0.189
Test R2 - DI: 0.266
181 0.6792819462010498
182 0.6908955610187059
183 0.6976823185410257
184 0.6800659240602633
185 0.6994831278253631
186 0.6959666391951826
187 0.705841404457179
188 0.6907778669253184
189 0.694387996621526
190 0.6889605563277996
Train R2 - DI: 0.345
Val R2 - DI: 0.188
Test R2 - DI: 0.262
191 0.692317122532799
192 0.6906573157630426
193 0.6877309515496111
194 0.6894817207463317
195 0.6757743134925183
196 0.7018714760450634
197 0.6858176615447867
198 0.6973832560091691
199 0.686587443669878
200 0.6884754308703454
Train R2 - DI: 0.347
Val R2 - DI: 0.196
Test R2 - DI: 0.260
201 0.6865826934191925
202 0.6705083124921393
203 0.6854668014242941
204 0.6761750330339334
205 0.6878420682998206
206 0.6848455975686537
207 0.6847183740075743
208 0.6915332761743559
209 0.679621033500414
210 0.6811004417515596
Train R2 - DI: 0.351
Val R2 - DI: 0.198
Test R2 - DI: 0.261
211 0.6887908234480568
212 0.6672590132280224
213 0.6809259015018964
214 0.6613953455186776
215 0.6722833491167035
216 0.6729332604491413
217 0.673536647125299
218 0.6759495976931041
219 0.6806926218689708
220 0.6859041458282442
Train R2 - DI: 0.358
Val R2 - DI: 0.192
Test R2 - DI: 0.264
221 0.6720580225012536
222 0.6881131125364094
223 0.6718595575165622
224 0.6807609769410486
225 0.6751270352483609
226 0.6740403962099164
227 0.6851070640076282
228 0.6777280593478743
229 0.6744855123094033
230 0.6724172860406582
Train R2 - DI: 0.360
Val R2 - DI: 0.195
Test R2 - DI: 0.260
231 0.6802752609050482
232 0.6692273420669348
233 0.676109559161813
234 0.6700498502845562
235 0.673846172238047
236 0.6742464332439576
237 0.6792249026580504
238 0.6755662896219214
239 0.6704437938759596
240 0.671942206970935
Train R2 - DI: 0.362
Val R2 - DI: 0.199
Test R2 - DI: 0.256
241 0.660339292723451
242 0.6665862829419499
243 0.6720503092354405
244 0.6754002417462445
245 0.6742860289393635
246 0.6616399343308398
247 0.6666031326643891
248 0.6638698272401407
249 0.6585911405728205
250 0.6648154232292306
Train R2 - DI: 0.368
Val R2 - DI: 0.192
Test R2 - DI: 0.272
251 0.6692386679887953
252 0.6605683726013566
253 0.6567695156654867
254 0.6552055553110193
255 0.6690550344382569
256 0.6717280646541789
257 0.6671812636911915
258 0.6611684238576274
259 0.6573194324789489
260 0.6501440590217856
Train R2 - DI: 0.372
Val R2 - DI: 0.188
Test R2 - DI: 0.270
261 0.6659722184710108
262 0.6580585735688343
263 0.6623522729653134
264 0.6604483283496969
265 0.6641092540370054
266 0.6589987280244083
267 0.659026303193712
268 0.6665723026476637
269 0.6544342294979313
270 0.6583512534780698
Train R2 - DI: 0.370
Val R2 - DI: 0.200
Test R2 - DI: 0.271
271 0.6654807906696705
272 0.6505477105333012
273 0.6547656801724814
274 0.6594493752677302
275 0.6522209176608701
276 0.6454801141673457
277 0.6563336711837271
278 0.6563857790192842
279 0.653698222803473
280 0.6451283226056566
Train R2 - DI: 0.378
Val R2 - DI: 0.193
Test R2 - DI: 0.270
281 0.664028882528454
282 0.6520857673146853
283 0.6523244770482419
284 0.6532920491433306
285 0.6530030808094508
286 0.6438444692407077
287 0.647494411585998
288 0.6474014113941727
289 0.6472575975874322
290 0.6538261120928518
Train R2 - DI: 0.380
Val R2 - DI: 0.194
Test R2 - DI: 0.269
291 0.6601497103446717
292 0.6509318947792053
293 0.6565990016892428
294 0.6446978624703941
295 0.6511890355884532
296 0.6435829325098265
297 0.6406894111560998
298 0.642930293327213
299 0.6498233357824278
300 0.6445237370130237
Train R2 - DI: 0.383
Val R2 - DI: 0.195
Test R2 - DI: 0.263
0.200205824005533
Test R2 - DI: 0.263
Test R2 - DI: 0.271
CNN_simple
batch_size =  128 lr =  1e-08 wd =  10.0
5276 1164 1140
cuda:0
Using Adam
1 3.561195259296686
2 3.2700828549715495
3 2.9642761055495903
4 2.698656807531454
5 2.464068867113664
6 2.289116254532491
7 2.1223612565538756
8 1.9727538776180797
9 1.8565774445645822
10 1.7498016572522792
Train R2 - DI: -0.758
Val R2 - DI: -0.525
Test R2 - DI: -0.601
11 1.6769650229185797
12 1.5692022324873698
13 1.5109398004410393
14 1.449675578615537
15 1.4021743017674577
16 1.3651111423291429
17 1.3310609490153824
18 1.288836143611506
19 1.2615255341555152
20 1.2388660223579842
Train R2 - DI: -0.250
Val R2 - DI: -0.186
Test R2 - DI: -0.171
21 1.2271138736928748
22 1.1954375708347202
23 1.1797968557696166
24 1.1604442891069575
25 1.155059442635826
26 1.1401070037332786
27 1.1136762904253215
28 1.1180191383025608
29 1.1009509636200767
30 1.0840098430389162
Train R2 - DI: -0.074
Val R2 - DI: -0.114
Test R2 - DI: -0.042
31 1.104413475928838
32 1.0771183406339622
33 1.0615785924027235
34 1.0633865126703073
35 1.055194091670345
36 1.047155488206185
37 1.0317189606687533
38 1.044777678666104
39 1.0174034602539028
40 1.0133393344054897
Train R2 - DI: -0.033
Val R2 - DI: -0.061
Test R2 - DI: -0.008
41 1.0176508378765636
42 1.0120729336330077
43 0.9998808288050023
44 1.00324489181922
45 0.9896414478318631
46 1.002692520663628
47 0.9853015956415924
48 0.9900703126503899
49 0.984888260341034
50 0.9844529879102208
Train R2 - DI: 0.033
Val R2 - DI: -0.033
Test R2 - DI: 0.045
51 0.9854475340669674
52 0.9802902782388128
53 0.9864836751827243
54 0.9901413872352236
55 0.9488867458021035
56 0.967918678248263
57 0.9631490069324994
58 0.9535595881297246
59 0.9717882360989076
60 0.9622935556479708
Train R2 - DI: 0.072
Val R2 - DI: -0.012
Test R2 - DI: 0.071
61 0.9651676260946012
62 0.948585448209041
63 0.9481455073201177
64 0.9367578458026831
65 0.9334049761702022
66 0.9409083102669473
67 0.9405015447629592
68 0.9259834319827591
69 0.9385749269742871
70 0.931745904607245
Train R2 - DI: 0.106
Val R2 - DI: 0.014
Test R2 - DI: 0.101
71 0.9342643836395952
72 0.9290126506309784
73 0.9285819926796943
74 0.9199694745282136
75 0.9164634098421
76 0.9113942061164688
77 0.9307056453030972
78 0.9108700050017072
79 0.9087949920730938
80 0.9350544124322013
Train R2 - DI: 0.129
Val R2 - DI: 0.025
Test R2 - DI: 0.120
81 0.9095875709864838
82 0.8856163793119903
83 0.8984380980347756
84 0.9111458725600282
85 0.9016213935374129
86 0.9200305719552753
87 0.9003180559156879
88 0.9006347356193259
89 0.8926589761022549
90 0.9093651765218913
Train R2 - DI: 0.133
Val R2 - DI: 0.037
Test R2 - DI: 0.119
91 0.9021584879186137
92 0.8916867022897548
93 0.8930238015367914
94 0.8993409988643366
95 0.8964046494268485
96 0.8808905158737015
97 0.8844234432751161
98 0.8847372871714166
99 0.8692497386907067
100 0.8725590104854315
Train R2 - DI: 0.150
Val R2 - DI: 0.053
Test R2 - DI: 0.135
101 0.8927887935725192
102 0.8827884919359613
103 0.881562797656287
104 0.8820244586765992
105 0.8768142307681329
106 0.8760640761272034
107 0.8766823464763083
108 0.8775183370928588
109 0.8784058534168131
110 0.8596807906716226
Train R2 - DI: 0.166
Val R2 - DI: 0.058
Test R2 - DI: 0.146
111 0.8718660521724172
112 0.8585502612852888
113 0.8690374976672215
114 0.8593895285304881
115 0.8622013915208725
116 0.8553215721233765
117 0.8680622565466134
118 0.8576185309679062
119 0.8597363394891971
120 0.853757181973779
Train R2 - DI: 0.183
Val R2 - DI: 0.070
Test R2 - DI: 0.159
121 0.855003041241366
122 0.8652760584395974
123 0.8579297157920971
124 0.8487421404330273
125 0.8566296568777274
126 0.8554369531588811
127 0.8618451745515524
128 0.8420737361347612
129 0.8540646180318466
130 0.8342006151381544
Train R2 - DI: 0.188
Val R2 - DI: 0.081
Test R2 - DI: 0.162
131 0.8505336004192853
132 0.842630706608883
133 0.8593937838231188
134 0.859523225973916
135 0.8384965203131935
136 0.8393887672756909
137 0.8363748636093892
138 0.8318110896024494
139 0.8486854547438429
140 0.8408635763438748
Train R2 - DI: 0.211
Val R2 - DI: 0.078
Test R2 - DI: 0.187
141 0.8447654215651448
142 0.8439783181450058
143 0.8265794044285674
144 0.8466602060901477
145 0.8521027637305271
146 0.8354188481273752
147 0.8311330720816172
148 0.8425289426815157
149 0.8430749433703998
150 0.8363562579675549
Train R2 - DI: 0.218
Val R2 - DI: 0.090
Test R2 - DI: 0.191
151 0.8397361204604292
152 0.8186007606612633
153 0.8279095621973027
154 0.8394850243936441
155 0.8308519157972907
156 0.8350993403889538
157 0.8372820629777106
158 0.8349669304555614
159 0.8142657709718203
160 0.8203153037229571
Train R2 - DI: 0.208
Val R2 - DI: 0.107
Test R2 - DI: 0.174
161 0.8306238325009119
162 0.8255700734278033
163 0.8309372533352832
164 0.819212890331089
165 0.826140520245492
166 0.8256856683441145
167 0.8050266366460451
168 0.8188419071809192
169 0.8245345212185898
170 0.8144356248232341
Train R2 - DI: 0.187
Val R2 - DI: 0.112
Test R2 - DI: 0.142
171 0.8210622428311282
172 0.8215761734645777
173 0.8190137699664407
174 0.8312952771523037
175 0.8207357302590516
176 0.8187133343586694
177 0.828407930640943
178 0.8116239392911059
179 0.805340110125914
180 0.8185797874632886
Train R2 - DI: 0.240
Val R2 - DI: 0.108
Test R2 - DI: 0.207
181 0.8226939961257714
182 0.8073281615498031
183 0.8150961436585462
184 0.7959789438533277
185 0.8137753066282728
186 0.8109633828131334
187 0.8063875242468984
188 0.8087262529780956
189 0.8102433681488037
190 0.8066142181540367
Train R2 - DI: 0.234
Val R2 - DI: 0.125
Test R2 - DI: 0.192
191 0.808574360279173
192 0.8034972924007621
193 0.79232867777212
194 0.7992096396898843
195 0.8121741225178988
196 0.7968714215522286
197 0.8089479615599753
198 0.805213703586804
199 0.8154767430849921
200 0.7966907433798315
Train R2 - DI: 0.236
Val R2 - DI: 0.133
Test R2 - DI: 0.193
201 0.8087214680672415
202 0.7944578779204674
203 0.8094253491234653
204 0.8078618322338815
205 0.7997070024011712
206 0.7897636492745816
207 0.7928850971631158
208 0.8038390194312292
209 0.8083494360741564
210 0.803030563132884
Train R2 - DI: 0.247
Val R2 - DI: 0.131
Test R2 - DI: 0.204
211 0.7934194015137077
212 0.7940185987379986
213 0.7927700277528047
214 0.7971237044699541
215 0.7901231703024366
216 0.7978912838667609
217 0.7770873123809549
218 0.7975156516898664
219 0.7798181660614563
220 0.787567031415147
Train R2 - DI: 0.255
Val R2 - DI: 0.142
Test R2 - DI: 0.214
221 0.7803636577836124
222 0.7928236719331025
223 0.7955915677538417
224 0.7867432981390587
225 0.7804893927650076
226 0.7875501146996174
227 0.7851411057657324
228 0.7851426065917084
229 0.7828158849202114
230 0.7667949262941489
Train R2 - DI: 0.260
Val R2 - DI: 0.142
Test R2 - DI: 0.216
231 0.7880018310080522
232 0.7855374071523943
233 0.7753138953397634
234 0.7855217323961179
235 0.7908678771963257
236 0.7873047967134235
237 0.7924281054595097
238 0.7934877450399276
239 0.7949055066336458
240 0.7861035316165782
Train R2 - DI: 0.256
Val R2 - DI: 0.147
Test R2 - DI: 0.205
241 0.785937608869985
242 0.7863339008346844
243 0.7683970298705632
244 0.7841933902418008
245 0.7813557379168032
246 0.7785440113076303
247 0.7833107274260098
248 0.7885161625606892
249 0.7810296132494049
250 0.7777891795774406
Train R2 - DI: 0.260
Val R2 - DI: 0.153
Test R2 - DI: 0.207
251 0.7830428859336165
252 0.7813311860451109
253 0.7725032466753945
254 0.7742025205093048
255 0.7727219524304012
256 0.7760162366620513
257 0.7667828265060702
258 0.7794065703217778
259 0.7717761297267526
260 0.7804423992248807
Train R2 - DI: 0.265
Val R2 - DI: 0.149
Test R2 - DI: 0.210
261 0.7794047463021557
262 0.7798869659089066
263 0.7629345758924708
264 0.7714611833252809
265 0.782660203146338
266 0.7729977064280911
267 0.7628801795819928
268 0.7710118670640704
269 0.7710862702000223
270 0.7846021682046597
Train R2 - DI: 0.270
Val R2 - DI: 0.152
Test R2 - DI: 0.214
271 0.7756734696005763
272 0.7698420677517651
273 0.7615401604755798
274 0.7593889010051962
275 0.7623789047001889
276 0.7717865478639986
277 0.7647416525667956
278 0.7752303521320438
279 0.7652383677158688
280 0.7727264192088071
Train R2 - DI: 0.279
Val R2 - DI: 0.155
Test R2 - DI: 0.229
281 0.7687311940251018
282 0.7636523217844005
283 0.7661707043376631
284 0.7525702340752903
285 0.762586901321657
286 0.75505539849457
287 0.7644892868623306
288 0.7494964864870379
289 0.7518573943370215
290 0.7601141826143041
Train R2 - DI: 0.283
Val R2 - DI: 0.161
Test R2 - DI: 0.233
291 0.7499414073688863
292 0.7730552329539891
293 0.7462010379538923
294 0.7571939645706478
295 0.755734063622805
296 0.7598130822723973
297 0.7518961674069888
298 0.7670039377310133
299 0.7676081820091033
300 0.767192907817803
Train R2 - DI: 0.285
Val R2 - DI: 0.162
Test R2 - DI: 0.230
0.16221740330751744
Test R2 - DI: 0.230
Test R2 - DI: 0.230

------------------------------------------------------------
Sender: LSF System <lsfadmin@hpc.dtu.dk>
Subject: Job 14740426: <testjob> in cluster <dcc> Done

Job <testjob> was submitted from host <n-62-27-22> by user <s174503> in cluster <dcc> at Mon Nov 14 01:07:29 2022
Job was executed on host(s) <n-62-20-6>, in queue <gpuv100>, as user <s174503> in cluster <dcc> at Mon Nov 14 03:10:18 2022
</zhome/fd/6/127382> was used as the home directory.
</zhome/fd/6/127382/Desktop/MasterThesis/Master-thesis> was used as the working directory.
Started at Mon Nov 14 03:10:18 2022
Terminated at Mon Nov 14 13:18:35 2022
Results reported at Mon Nov 14 13:18:35 2022

Your job looked like:

------------------------------------------------------------
# LSBATCH: User input
#!/bin/sh
#BSUB -q gpuv100
#BSUB -J testjob
#BSUB -n 1
#BSUB -gpu "num=1:mode=exclusive_process"
#BSUB -W 12:00
#BSUB -R "rusage[mem=5GB]"
#BSUB -o outputs/gpu_%J.out
#BSUB -e outputs/errors/gpu_%J.err

nvidia-smi
module load cuda/11.6

/appl/cuda/11.6.0/samples/bin/x86_64/linux/release/deviceQuery

source $HOME/miniconda3/bin/activate
source venv_1/bin/activate

#python3 main.py Deep_google 128 1e-6 15 800 2_4_test4 7
#python3 main.py Deep_google 128 1e-6 20 800 shuffle_test5 99
# python3 main.py CNN_simple 128 1e-8 1 300 shuffle2_wd1 99 SGD
# python3 main.py CNN_simple 128 1e-8 10 300 shuffle2_wd10 99 SGD
python3 main.py CNN_simple 128 1e-8 1 300 2_4_1wd1 7 SGD
python3 main.py CNN_simple 128 1e-8 10 300 2_4_1wd10 7 SGD

# python3 main.py CNN_simple 128 1e-8 1 300 shuffle3_wd1 99 adam
# python3 main.py CNN_simple 128 1e-8 10 300 shuffle3_wd10 99 adam
python3 main.py CNN_simple 128 1e-8 1 300 2_4_2wd1 7 adam
python3 main.py CNN_simple 128 1e-8 10 300 2_4_2wd10 7 adam
------------------------------------------------------------

Successfully completed.

Resource usage summary:

    CPU time :                                   31614.19 sec.
    Max Memory :                                 2293 MB
    Average Memory :                             2218.03 MB
    Total Requested Memory :                     5120.00 MB
    Delta Memory :                               2827.00 MB
    Max Swap :                                   -
    Max Processes :                              4
    Max Threads :                                8
    Run time :                                   36561 sec.
    Turnaround time :                            43866 sec.

The output (if any) is above this job summary.



PS:

Read file <outputs/errors/gpu_14740426.err> for stderr output of this job.

