Fri Nov 18 00:57:35 2022       
+-----------------------------------------------------------------------------+
| NVIDIA-SMI 520.61.05    Driver Version: 520.61.05    CUDA Version: 11.8     |
|-------------------------------+----------------------+----------------------+
| GPU  Name        Persistence-M| Bus-Id        Disp.A | Volatile Uncorr. ECC |
| Fan  Temp  Perf  Pwr:Usage/Cap|         Memory-Usage | GPU-Util  Compute M. |
|                               |                      |               MIG M. |
|===============================+======================+======================|
|   0  Tesla V100-PCIE...  On   | 00000000:58:00.0 Off |                    0 |
| N/A   29C    P0    26W / 250W |      0MiB / 32768MiB |      0%   E. Process |
|                               |                      |                  N/A |
+-------------------------------+----------------------+----------------------+
                                                                               
+-----------------------------------------------------------------------------+
| Processes:                                                                  |
|  GPU   GI   CI        PID   Type   Process name                  GPU Memory |
|        ID   ID                                                   Usage      |
|=============================================================================|
|  No running processes found                                                 |
+-----------------------------------------------------------------------------+
/appl/cuda/11.6.0/samples/bin/x86_64/linux/release/deviceQuery Starting...

 CUDA Device Query (Runtime API) version (CUDART static linking)

Detected 1 CUDA Capable device(s)

Device 0: "Tesla V100-PCIE-32GB"
  CUDA Driver Version / Runtime Version          11.8 / 11.6
  CUDA Capability Major/Minor version number:    7.0
  Total amount of global memory:                 32511 MBytes (34089926656 bytes)
  (080) Multiprocessors, (064) CUDA Cores/MP:    5120 CUDA Cores
  GPU Max Clock rate:                            1380 MHz (1.38 GHz)
  Memory Clock rate:                             877 Mhz
  Memory Bus Width:                              4096-bit
  L2 Cache Size:                                 6291456 bytes
  Maximum Texture Dimension Size (x,y,z)         1D=(131072), 2D=(131072, 65536), 3D=(16384, 16384, 16384)
  Maximum Layered 1D Texture Size, (num) layers  1D=(32768), 2048 layers
  Maximum Layered 2D Texture Size, (num) layers  2D=(32768, 32768), 2048 layers
  Total amount of constant memory:               65536 bytes
  Total amount of shared memory per block:       49152 bytes
  Total shared memory per multiprocessor:        98304 bytes
  Total number of registers available per block: 65536
  Warp size:                                     32
  Maximum number of threads per multiprocessor:  2048
  Maximum number of threads per block:           1024
  Max dimension size of a thread block (x,y,z): (1024, 1024, 64)
  Max dimension size of a grid size    (x,y,z): (2147483647, 65535, 65535)
  Maximum memory pitch:                          2147483647 bytes
  Texture alignment:                             512 bytes
  Concurrent copy and kernel execution:          Yes with 7 copy engine(s)
  Run time limit on kernels:                     No
  Integrated GPU sharing Host Memory:            No
  Support host page-locked memory mapping:       Yes
  Alignment requirement for Surfaces:            Yes
  Device has ECC support:                        Enabled
  Device supports Unified Addressing (UVA):      Yes
  Device supports Managed Memory:                Yes
  Device supports Compute Preemption:            Yes
  Supports Cooperative Kernel Launch:            Yes
  Supports MultiDevice Co-op Kernel Launch:      Yes
  Device PCI Domain ID / Bus ID / location ID:   0 / 88 / 0
  Compute Mode:
     < Exclusive Process (many threads in one process is able to use ::cudaSetDevice() with this device) >

deviceQuery, CUDA Driver = CUDART, CUDA Driver Version = 11.8, CUDA Runtime Version = 11.6, NumDevs = 1
Result = PASS
Deep_google
batch_size =  128 lr =  1e-06 wd =  0.1
5276 1164 1140
cuda:0
Using SGD
1 3.1537346036439597
2 2.505128044536206
3 2.136976238540667
4 1.8866333167963267
5 1.6999809536362707
6 1.563469806885159
7 1.4254114234691502
8 1.3221473976732476
9 1.2640928598495031
10 1.2176915056060171
Train R2 - DI: -0.081
Val R2 - DI: -0.087
Test R2 - DI: -0.053
11 1.1227653462205356
12 1.1022804668222619
13 1.0564702412140379
14 1.0441281350839309
15 1.0618994794079895
16 1.017808504408286
17 0.9987180057667349
18 0.9784871713513221
19 0.970960491439264
20 0.9486273635599629
Train R2 - DI: 0.145
Val R2 - DI: 0.065
Test R2 - DI: 0.131
21 0.9726911597942384
22 0.9517375198704804
23 0.9632521750259978
24 0.9219581205073046
25 0.92886895185352
26 0.9188766823834411
27 0.9159450154579255
28 0.914892088924058
29 0.9239729244298697
30 0.9162690990164571
Train R2 - DI: 0.195
Val R2 - DI: 0.086
Test R2 - DI: 0.191
31 0.9313003391456749
32 0.9034430770100383
33 0.9018979923936614
34 0.8995251132286888
35 0.894829394376305
36 0.8934259706595524
37 0.9019044253571273
38 0.8783601238657074
39 0.8861471276738772
40 0.9087659488400336
Train R2 - DI: 0.213
Val R2 - DI: 0.118
Test R2 - DI: 0.204
41 0.8839745171780474
42 0.8678745247361513
43 0.8762013218545661
44 0.8891309195616826
45 0.8841582318885115
46 0.8662561968567698
47 0.8647410237852419
48 0.8702822371447421
49 0.8801194173626324
50 0.8514899272101679
Train R2 - DI: 0.232
Val R2 - DI: 0.125
Test R2 - DI: 0.227
51 0.8608236704657166
52 0.8583933936094497
53 0.8492288511751998
54 0.8647523583382526
55 0.8668501540238971
56 0.8832105151444696
57 0.8680366238380038
58 0.8616073841936576
59 0.8490232127556935
60 0.8629952734668116
Train R2 - DI: 0.244
Val R2 - DI: 0.130
Test R2 - DI: 0.243
61 0.8644851666675363
62 0.836619160724825
63 0.8366996389252386
64 0.8437519212669274
65 0.8513854982457078
66 0.8214928911345035
67 0.8353571474235829
68 0.8531352346191088
69 0.8410429137054947
70 0.850916761580157
Train R2 - DI: 0.253
Val R2 - DI: 0.144
Test R2 - DI: 0.246
71 0.8342713821196394
72 0.8575229475767527
73 0.8512346530792115
74 0.8572040995112687
75 0.85191880404904
76 0.8414710985159133
77 0.8448140312090708
78 0.822096501994621
79 0.8303338822946121
80 0.8203969598720252
Train R2 - DI: 0.263
Val R2 - DI: 0.148
Test R2 - DI: 0.255
81 0.8285328665856975
82 0.8250787990666231
83 0.8296572230276147
84 0.827949683263141
85 0.8298802127252481
86 0.8258091864755788
87 0.8106108939132517
88 0.828820233095587
89 0.8281606867785161
90 0.8313002965050814
Train R2 - DI: 0.270
Val R2 - DI: 0.158
Test R2 - DI: 0.255
91 0.8164776245737907
92 0.8246168301718265
93 0.8240123647374579
94 0.8192028957754487
95 0.8100456216734769
96 0.8224788087619986
97 0.8032686755546934
98 0.821518126041985
99 0.8100937655064262
100 0.8060224123124013
Train R2 - DI: 0.276
Val R2 - DI: 0.167
Test R2 - DI: 0.254
101 0.813816103815942
102 0.8117766792436185
103 0.8135919038593272
104 0.8006039707836009
105 0.8086544808065286
106 0.8104364267120405
107 0.7903819987049059
108 0.8163312834442521
109 0.8190824863493126
110 0.7880404126562793
Train R2 - DI: 0.285
Val R2 - DI: 0.164
Test R2 - DI: 0.271
111 0.8074559551735011
112 0.8053842435016878
113 0.7989042535525909
114 0.8286361543855675
115 0.7871685096311967
116 0.7722674019414426
117 0.7988586581684225
118 0.8050603761738047
119 0.7811112075795542
120 0.7925136826361916
Train R2 - DI: 0.289
Val R2 - DI: 0.170
Test R2 - DI: 0.263
121 0.7827830264476143
122 0.7937579392663813
123 0.7882842285286034
124 0.7814221041865924
125 0.7888912769137593
126 0.7946826220914394
127 0.7868917558661368
128 0.7877749565245981
129 0.7970584310574275
130 0.7941511552653772
Train R2 - DI: 0.296
Val R2 - DI: 0.178
Test R2 - DI: 0.266
131 0.801233444184946
132 0.7868294136554929
133 0.7790386708420818
134 0.7981546307893482
135 0.7769506178722859
136 0.7782077806026669
137 0.7691878992739367
138 0.7794333363320449
139 0.7676260119319595
140 0.781246382192376
Train R2 - DI: 0.299
Val R2 - DI: 0.184
Test R2 - DI: 0.260
141 0.7869630624752681
142 0.7824062706395656
143 0.7754731451226872
144 0.7685007946883484
145 0.7796474659506166
146 0.7917031415309573
147 0.7738420488800037
148 0.7769716006503854
149 0.763854432910387
150 0.7686076275411206
Train R2 - DI: 0.304
Val R2 - DI: 0.181
Test R2 - DI: 0.274
151 0.7889246646430657
152 0.7717402200069818
153 0.777445240125591
154 0.7703277538724701
155 0.775132964243032
156 0.7723498971648429
157 0.7981307894737093
158 0.7841982549569027
159 0.7675797259653944
160 0.7675945327713961
Train R2 - DI: 0.311
Val R2 - DI: 0.185
Test R2 - DI: 0.273
161 0.7732957657130041
162 0.7910292391708351
163 0.7601879770056238
164 0.7795488506758909
165 0.7780326814973236
166 0.7799666232462631
167 0.7549948718531553
168 0.7638247844574576
169 0.7833134669802061
170 0.7556691535319949
Train R2 - DI: 0.313
Val R2 - DI: 0.187
Test R2 - DI: 0.271
171 0.7620538899715964
172 0.7736178233688578
173 0.7685417271274975
174 0.7631675295977993
175 0.7649627995364497
176 0.7680567278384801
177 0.7489457120038597
178 0.7608054542830716
179 0.7614112016466009
180 0.7648636551857718
Train R2 - DI: 0.313
Val R2 - DI: 0.189
Test R2 - DI: 0.262
181 0.7552072397681057
182 0.7508552036021495
183 0.7492870919355576
184 0.7500991361262312
185 0.7607701338087636
186 0.7607490219249248
187 0.7585693856728086
188 0.7631253233409633
189 0.7560292224345377
190 0.7474115413865688
Train R2 - DI: 0.322
Val R2 - DI: 0.192
Test R2 - DI: 0.275
191 0.7552977144221088
192 0.7610979921172477
193 0.748228528492373
194 0.7560579663790745
195 0.7478366073240739
196 0.740587216240606
197 0.7554695465241172
198 0.7491122322429573
199 0.7550531415165691
200 0.7552047769077986
Train R2 - DI: 0.326
Val R2 - DI: 0.186
Test R2 - DI: 0.278
201 0.7589897043873091
202 0.749258756592384
203 0.7529954876386369
204 0.7508951011166779
205 0.7414032937542248
206 0.7430480466456554
207 0.7473260958688199
208 0.7492095735870228
209 0.7404669905992237
210 0.7246788329387633
Train R2 - DI: 0.331
Val R2 - DI: 0.189
Test R2 - DI: 0.283
211 0.7348760086266356
212 0.7290859987014527
213 0.7357404513554288
214 0.7382079191150044
215 0.7496531823984686
216 0.7522078148337185
217 0.7342019501375917
218 0.7362025276651158
219 0.726354316882422
220 0.7441673391781765
Train R2 - DI: 0.335
Val R2 - DI: 0.182
Test R2 - DI: 0.293
221 0.7355246209031799
222 0.7340145209596589
223 0.7366778829768357
224 0.7340734553572081
225 0.7469968277907354
226 0.7387881075639993
227 0.7543270492571786
228 0.7452076129428901
229 0.7333013038458112
230 0.7306770120632295
Train R2 - DI: 0.340
Val R2 - DI: 0.186
Test R2 - DI: 0.290
231 0.734490469696849
232 0.7365247404783218
233 0.7377449040434594
234 0.7288198270428985
235 0.7385356116692526
236 0.728219368134239
237 0.7431533350196184
238 0.7295341913315091
239 0.7319208516416629
240 0.7183502624213831
Train R2 - DI: 0.339
Val R2 - DI: 0.195
Test R2 - DI: 0.278
241 0.7366271919604049
242 0.7304077669921655
243 0.7265628929206871
244 0.7227750393908705
245 0.7390525034198805
246 0.7300686849799456
247 0.7159397030888949
248 0.7242927814271072
249 0.7271459872203853
250 0.7326207578498546
Train R2 - DI: 0.342
Val R2 - DI: 0.190
Test R2 - DI: 0.284
251 0.7383345186122897
252 0.7270776028882563
253 0.7157441609912609
254 0.7297585770612056
255 0.7401034930513337
256 0.7244741428160505
257 0.7257673914817538
258 0.7224742183638306
259 0.7198836947138152
260 0.7281350866242554
Train R2 - DI: 0.350
Val R2 - DI: 0.187
Test R2 - DI: 0.291
261 0.7207241145564897
262 0.7256385230313114
263 0.7154632847900189
264 0.7078598884581796
265 0.715504694563408
266 0.711110534633625
267 0.7134900282421647
268 0.7202468929279926
269 0.7237955547355177
270 0.7196588608421459
Train R2 - DI: 0.352
Val R2 - DI: 0.187
Test R2 - DI: 0.290
271 0.7160373700668271
272 0.7293139027771939
273 0.7246223044178538
274 0.7096518604840357
275 0.7137627780573037
276 0.7128442584609697
277 0.7325398924677908
278 0.7090169598063888
279 0.717979758548592
280 0.7029097889118614
Train R2 - DI: 0.355
Val R2 - DI: 0.186
Test R2 - DI: 0.292
281 0.7226824209579832
282 0.7223898786500695
283 0.7074006994264066
284 0.7129152406337498
285 0.7163826528148637
286 0.7188834951536686
287 0.7019843970219957
288 0.7058374733071693
289 0.7083173624668454
290 0.6990951425293525
Train R2 - DI: 0.358
Val R2 - DI: 0.183
Test R2 - DI: 0.295
291 0.7138973223250232
292 0.7121411293089797
293 0.718406531375136
294 0.7116424895489731
295 0.7053081220166985
296 0.7005477228157443
297 0.7096766422787247
298 0.7047115834578137
299 0.7111962987131201
300 0.7080275362598978
Train R2 - DI: 0.359
Val R2 - DI: 0.186
Test R2 - DI: 0.287
301 0.7094419754482382
302 0.6928011515178493
303 0.7121920526886275
304 0.6979581335442278
305 0.6941893201962486
306 0.7045161950036917
307 0.7090664905883581
308 0.7078561899425226
309 0.7109019578271422
310 0.694518022143181
Train R2 - DI: 0.359
Val R2 - DI: 0.190
Test R2 - DI: 0.277
311 0.7217474165425507
312 0.6864519107061593
313 0.703799838726949
314 0.6972375168684669
315 0.7097102463290581
316 0.700634448839192
317 0.7005246570383264
318 0.7033805954718427
319 0.6919973116647664
320 0.6946907347128913
Train R2 - DI: 0.366
Val R2 - DI: 0.189
Test R2 - DI: 0.291
321 0.6932979170529566
322 0.7028741550951676
323 0.6970153719842027
324 0.6893625775460857
325 0.7044766725149003
326 0.6910814303082892
327 0.6867601865163981
328 0.7074700304737047
329 0.6922341427900648
330 0.6949700634980219
Train R2 - DI: 0.368
Val R2 - DI: 0.187
Test R2 - DI: 0.293
331 0.698739929846329
332 0.6945886197100994
333 0.7022291999860999
334 0.6831419118612982
335 0.6972048702431592
336 0.6942224649428598
337 0.6847177907948787
338 0.6826232616154871
339 0.6912675452015452
340 0.691253801857187
Train R2 - DI: 0.365
Val R2 - DI: 0.194
Test R2 - DI: 0.274
341 0.6991017201888552
342 0.6860079249258382
343 0.6862337754204745
344 0.7012780131807465
345 0.6945285133740683
346 0.6861298928394564
347 0.7017996806010232
348 0.6957675170681529
349 0.68574653682246
350 0.6766453325251361
Train R2 - DI: 0.373
Val R2 - DI: 0.182
Test R2 - DI: 0.293
351 0.6929268171337177
352 0.6842993620311427
353 0.6943860613007361
354 0.6819325879137113
355 0.6909280000445154
356 0.6908062523833904
357 0.6847466267447656
358 0.674429180407
359 0.6859195317799074
360 0.685542536107223
Train R2 - DI: 0.374
Val R2 - DI: 0.188
Test R2 - DI: 0.284
361 0.6856556939662994
362 0.702024224267212
363 0.6759596400589903
364 0.6920655644961249
365 0.671900085376193
366 0.6785846738493561
367 0.6875462297963048
368 0.6852124178834356
369 0.6792772829848949
370 0.6832104933993938
Train R2 - DI: 0.379
Val R2 - DI: 0.182
Test R2 - DI: 0.297
371 0.6888436372755512
372 0.6861463115014661
373 0.6784721626938971
374 0.6891418476507825
375 0.6822531574417733
376 0.669297112037595
377 0.6755329365527838
378 0.6838752185873591
379 0.6759450998244817
380 0.6745967101291601
Train R2 - DI: 0.377
Val R2 - DI: 0.189
Test R2 - DI: 0.285
381 0.6895747955682334
382 0.6851978624201436
383 0.6770809290081918
384 0.6880237843793301
385 0.6830911622795759
386 0.6728257846886503
387 0.6687473870751711
388 0.6787068525257212
389 0.675402576133462
390 0.6739808801361067
Train R2 - DI: 0.385
Val R2 - DI: 0.176
Test R2 - DI: 0.299
391 0.6748583076847964
392 0.6796435590853196
393 0.6837770899106735
394 0.6731844914510813
395 0.6630521988308367
396 0.6873624385804096
397 0.6741656325277368
398 0.6741901555234867
399 0.6706674730940422
400 0.6758282908532907
Train R2 - DI: 0.385
Val R2 - DI: 0.183
Test R2 - DI: 0.292
401 0.6811987552975415
402 0.6779416678438049
403 0.661333846268643
404 0.6947282709073984
405 0.6716607798673241
406 0.6745046715649625
407 0.665572076109524
408 0.6773275648490148
409 0.6764904909101375
410 0.6783606504924014
Train R2 - DI: 0.388
Val R2 - DI: 0.182
Test R2 - DI: 0.294
411 0.6710931895536577
412 0.6684852154350714
413 0.6720944113854299
414 0.67634671427157
415 0.677203378277895
416 0.6695094917921337
417 0.6724771501170225
418 0.6759185192257822
419 0.671443032034425
420 0.6748776885937162
Train R2 - DI: 0.389
Val R2 - DI: 0.181
Test R2 - DI: 0.296
421 0.6755796084808887
422 0.6619575628735425
423 0.6701539213048228
424 0.6719995526493816
425 0.6661661416405164
426 0.6706166034670288
427 0.6764974055912026
428 0.6768127653615054
429 0.6673080816333994
430 0.6674729847745339
Train R2 - DI: 0.387
Val R2 - DI: 0.185
Test R2 - DI: 0.276
431 0.6664527802868627
432 0.6722418467053145
433 0.6577710999603792
434 0.6707324715072771
435 0.6725870442263912
436 0.6717001737926475
437 0.663942663754542
438 0.673274900671024
439 0.6719952801396397
440 0.6575274250559774
Train R2 - DI: 0.394
Val R2 - DI: 0.179
Test R2 - DI: 0.299
441 0.6668462140529422
442 0.6655158370484721
443 0.652977139729275
444 0.6614922237631224
445 0.6637991984926271
446 0.6526443936591622
447 0.6578688282149592
448 0.6642382234854622
449 0.6682126707792101
450 0.6653051330701613
Train R2 - DI: 0.396
Val R2 - DI: 0.182
Test R2 - DI: 0.293
451 0.6616003445100387
452 0.6663961273598978
453 0.660076299248725
454 0.6609359310828347
455 0.6658239528661067
456 0.665458290390755
457 0.6620847447701166
458 0.6685002030885246
459 0.668878060204229
460 0.6564438808497558
Train R2 - DI: 0.393
Val R2 - DI: 0.183
Test R2 - DI: 0.281
461 0.6725557378695896
462 0.665617334155805
463 0.6600592000363359
464 0.6554882410261286
465 0.6651103444357909
466 0.6619944057742966
467 0.6587124688323471
468 0.6534103000588811
469 0.6609409371499675
470 0.6678110858633086
Train R2 - DI: 0.401
Val R2 - DI: 0.171
Test R2 - DI: 0.302
471 0.6590435488645193
472 0.656125409210876
473 0.6584019665468633
474 0.6499362186196177
475 0.6502466261883953
476 0.6538621986156345
477 0.6550730485596198
478 0.6603066331062288
479 0.6623376326817649
480 0.639016430155629
Train R2 - DI: 0.394
Val R2 - DI: 0.185
Test R2 - DI: 0.277
481 0.6481044286123454
482 0.6556973919170747
483 0.6541217359925329
484 0.6420512674792958
485 0.6612255098785389
486 0.6515140688220509
487 0.6643608216538043
488 0.6542779954208218
489 0.6464826430761064
490 0.6562782972712151
Train R2 - DI: 0.400
Val R2 - DI: 0.181
Test R2 - DI: 0.287
491 0.6450349317526076
492 0.6527498403311318
493 0.6556158330830957
494 0.6413043354884344
495 0.6437433296934595
496 0.6597314316996848
497 0.6519613286778274
498 0.6576537108041736
499 0.6416550942042093
500 0.6497661324501761
Train R2 - DI: 0.404
Val R2 - DI: 0.178
Test R2 - DI: 0.290
501 0.6569588596934708
502 0.641051155676708
503 0.6547861779793543
504 0.6392256910824432
505 0.6453252047458501
506 0.6486839492995238
507 0.6441139912090128
508 0.6439302025463113
509 0.6655856108828148
510 0.6549062451871622
Train R2 - DI: 0.404
Val R2 - DI: 0.179
Test R2 - DI: 0.278
511 0.6412538331146038
512 0.6511241386477201
513 0.6504177389450377
514 0.6400233756601132
515 0.6529323095349854
516 0.6501317114609494
517 0.6380651292925625
518 0.6457117320553112
519 0.6379334494595821
520 0.6609374040270322
Train R2 - DI: 0.411
Val R2 - DI: 0.175
Test R2 - DI: 0.288
521 0.6354194979852036
522 0.639290514500237
523 0.6383097136535818
524 0.6405317536622308
525 0.6371788751726534
526 0.6355976890306567
527 0.6420036933926401
528 0.6461578106862113
529 0.6323483344322809
530 0.6466284087880982
Train R2 - DI: 0.411
Val R2 - DI: 0.176
Test R2 - DI: 0.289
531 0.6504691149629906
532 0.6334269920743895
533 0.6517255726504091
534 0.6381730310748797
535 0.6312315374093131
536 0.6302615550542258
537 0.6449949885065398
538 0.6374379738747306
539 0.6458980195263826
540 0.6337015726875409
Train R2 - DI: 0.407
Val R2 - DI: 0.181
Test R2 - DI: 0.280
541 0.6439272516870969
542 0.6290015959215489
543 0.6346814457985196
544 0.6354994106419255
545 0.6402371855194231
546 0.6409893948259997
547 0.6452083037241197
548 0.6375783565733087
549 0.6365437983472388
550 0.6416287715006633
Train R2 - DI: 0.412
Val R2 - DI: 0.178
Test R2 - DI: 0.281
551 0.6373538987667294
552 0.6285704155597296
553 0.638739142117851
554 0.633445673408248
555 0.6392018859634081
556 0.6278484887567047
557 0.6375446555016165
558 0.6366273205419487
559 0.6331830065841473
560 0.6288218467501278
Train R2 - DI: 0.416
Val R2 - DI: 0.180
Test R2 - DI: 0.285
561 0.6288732636417739
562 0.6358296824640356
563 0.6343461560696884
564 0.6311480420118394
565 0.6339085044239036
566 0.6346775550929049
567 0.6483435740156369
568 0.6377221016019832
569 0.6316892292302517
570 0.6340294012614865
Train R2 - DI: 0.419
Val R2 - DI: 0.176
Test R2 - DI: 0.286
571 0.6331526324819489
572 0.6292309637906608
573 0.630442630959967
574 0.640997179581235
575 0.6296175636966812
576 0.6326375998178154
577 0.6326657788739048
578 0.6295010682938224
579 0.6256699592349564
580 0.6373093744585964
Train R2 - DI: 0.411
Val R2 - DI: 0.182
Test R2 - DI: 0.264
581 0.6280288991374984
582 0.6183264922969173
583 0.625420849688402
584 0.6320741015279537
585 0.6292900796005272
586 0.6310001812349946
587 0.6355505975201963
588 0.6208273310205809
589 0.6253392110275806
590 0.6187527444527129
Train R2 - DI: 0.425
Val R2 - DI: 0.172
Test R2 - DI: 0.290
591 0.6260365573992956
592 0.6234201506921249
593 0.6286557599213016
594 0.6263013740124532
595 0.6195787154335791
596 0.6253356587895849
597 0.6190241918453581
598 0.6263329752744193
599 0.6175266467684413
600 0.6308894052570566
Train R2 - DI: 0.422
Val R2 - DI: 0.176
Test R2 - DI: 0.284
601 0.636397376645235
602 0.6327814776351544
603 0.6197693212363103
604 0.6209793857682194
605 0.6323155127663428
606 0.6358566344733307
607 0.6272367952988851
608 0.6203004637389946
609 0.6265727731655546
610 0.6256437280396786
Train R2 - DI: 0.427
Val R2 - DI: 0.172
Test R2 - DI: 0.284
611 0.6189553050763504
612 0.6173670860381629
613 0.6258100248178449
614 0.6241987131598142
615 0.620858833227671
616 0.6123450243445939
617 0.6305098455452937
618 0.6233118923890762
619 0.6093008311704038
620 0.6183535263699235
Train R2 - DI: 0.431
Val R2 - DI: 0.169
Test R2 - DI: 0.284
621 0.6336658667939644
622 0.6138678024084483
623 0.6179650554474417
624 0.6117484048969191
625 0.6262512729419191
626 0.627280388211011
627 0.6203052259196469
628 0.622247477477929
629 0.608885267022164
630 0.6134000538062471
Train R2 - DI: 0.432
Val R2 - DI: 0.169
Test R2 - DI: 0.279
631 0.6238889905699643
632 0.6094346557538377
633 0.6215053028550629
634 0.6207838660844625
635 0.6225457277326895
636 0.6269482249920797
637 0.6222239047221111
638 0.6189361570277297
639 0.61795026068438
640 0.6209676825611586
Train R2 - DI: 0.430
Val R2 - DI: 0.170
Test R2 - DI: 0.292
641 0.614875390662489
642 0.6165187632703166
643 0.6178835785867953
644 0.612477354699685
645 0.6136725299551778
646 0.624807303380207
647 0.6188539466322869
648 0.6240344143347636
649 0.6123284126792197
650 0.6075493486836789
Train R2 - DI: 0.433
Val R2 - DI: 0.169
Test R2 - DI: 0.291
651 0.6148572671223627
652 0.6135992198120562
653 0.6226859162755768
654 0.6189012430308893
655 0.6109013777053925
656 0.6144755331741489
657 0.6214944187034884
658 0.6133963885950807
659 0.607209490636156
660 0.6011306866721008
Train R2 - DI: 0.436
Val R2 - DI: 0.167
Test R2 - DI: 0.279
661 0.6272992049319172
662 0.6098399545949368
663 0.6270272200355211
664 0.6065683695201715
665 0.6090154728264046
666 0.6110533678323776
667 0.60828430603814
668 0.6113850625741654
669 0.6130207545654263
670 0.6165662875583987
Train R2 - DI: 0.440
Val R2 - DI: 0.162
Test R2 - DI: 0.292
671 0.5994249848907331
672 0.607812962087381
673 0.6042779335205621
674 0.6109325424842169
675 0.6237382292295605
676 0.6108716256334711
677 0.6146126967022327
678 0.6103983201973361
679 0.6111236475831726
680 0.5981933791769374
Train R2 - DI: 0.442
Val R2 - DI: 0.169
Test R2 - DI: 0.286
681 0.6116240965859108
682 0.6093489225386127
683 0.6120636157233937
684 0.6060045307969577
685 0.599163110550829
686 0.6085720004865489
687 0.602684835803789
688 0.6100742548726742
689 0.6040675924572645
690 0.6080042292802419
Train R2 - DI: 0.444
Val R2 - DI: 0.167
Test R2 - DI: 0.291
691 0.5923877520666058
692 0.6072031875466469
693 0.609164056495973
694 0.6070394065002314
695 0.6083409389462591
696 0.6057234483518955
697 0.6111111748480634
698 0.6040404775406575
699 0.6059524466179825
700 0.6089962359808718
Train R2 - DI: 0.443
Val R2 - DI: 0.169
Test R2 - DI: 0.286
701 0.6100754200553605
702 0.6068517932664091
703 0.6105144336605
704 0.6061383859509315
705 0.6001937961018022
706 0.5981760609321652
707 0.60440010709054
708 0.6049631093378045
709 0.5983933071189979
710 0.6049672598365222
Train R2 - DI: 0.445
Val R2 - DI: 0.168
Test R2 - DI: 0.283
711 0.5993913359674565
712 0.6051560702244381
713 0.6070122513199865
714 0.6025509145605104
715 0.6074369990346646
716 0.595778277735533
717 0.6031539252619567
718 0.6007479951632936
719 0.591122196649764
720 0.6039130614055116
Train R2 - DI: 0.436
Val R2 - DI: 0.182
Test R2 - DI: 0.273
721 0.6042965760368394
722 0.5985352452547826
723 0.6052561724520344
724 0.609505660837577
725 0.59802086896477
726 0.6002630614439044
727 0.5979818156987451
728 0.6014696979631159
729 0.5958336061876411
730 0.596365879574357
Train R2 - DI: 0.451
Val R2 - DI: 0.166
Test R2 - DI: 0.283
731 0.5962611988604837
732 0.6037691086417712
733 0.6001871452808741
734 0.5979180855675119
735 0.6001088531113105
736 0.590839329364175
737 0.5977150698879435
738 0.6035102416024776
739 0.5984121159769713
740 0.5916488213101692
Train R2 - DI: 0.450
Val R2 - DI: 0.171
Test R2 - DI: 0.279
741 0.6007388325872703
742 0.5991226744254129
743 0.5915280843070279
744 0.5961203156681654
745 0.5996911392417977
746 0.5992099381559631
747 0.5903866014713768
748 0.6034776774927737
749 0.5986169715827844
750 0.5984241626224706
Train R2 - DI: 0.454
Val R2 - DI: 0.164
Test R2 - DI: 0.291
751 0.5949586331618384
752 0.5911727964742515
753 0.5885680761637337
754 0.5945730341755142
755 0.587352374812886
756 0.5989962373383575
757 0.590371685239562
758 0.5910902655287346
759 0.5944720826156217
760 0.5936859232896743
Train R2 - DI: 0.450
Val R2 - DI: 0.172
Test R2 - DI: 0.262
761 0.5953681617636315
762 0.600018952767717
763 0.5982558110882786
764 0.5914556867611779
765 0.592412105783357
766 0.5941174441074403
767 0.5963220367203886
768 0.5894239482055387
769 0.5914380818356882
770 0.5905899522971528
Train R2 - DI: 0.458
Val R2 - DI: 0.163
Test R2 - DI: 0.277
771 0.5884114746526844
772 0.5958899436709192
773 0.5896937343729003
774 0.5967165720652594
775 0.5917523322772401
776 0.5866430362487399
777 0.5989117533578576
778 0.5924230689709615
779 0.5849984122371022
780 0.5879308314735552
Train R2 - DI: 0.452
Val R2 - DI: 0.170
Test R2 - DI: 0.273
781 0.5819682209576685
782 0.5794157220207443
783 0.5838643176886419
784 0.5818525876756687
785 0.5875391312129937
786 0.5947400374426998
787 0.5931986527880364
788 0.5817000411332242
789 0.587451501630128
790 0.5903524312672965
Train R2 - DI: 0.463
Val R2 - DI: 0.161
Test R2 - DI: 0.286
791 0.5862784679411396
792 0.5838001396187875
793 0.5851968588297615
794 0.5893237225208615
795 0.5811690514154557
796 0.5853282165988274
797 0.5884316281399282
798 0.5959550502898568
799 0.5866736351223585
800 0.5912731590824113
Train R2 - DI: 0.464
Val R2 - DI: 0.165
Test R2 - DI: 0.281
0.1949893132916144
Test R2 - DI: 0.281
Test R2 - DI: 0.278
Deep_google
batch_size =  128 lr =  1e-06 wd =  1.0
5276 1164 1140
cuda:0
Using SGD
1 3.6703722764362974
2 2.6877178370365145
3 2.07479640260802
4 1.7522111011328707
5 1.5732819743911999
6 1.447892309681225
7 1.351701533550381
8 1.2968466686786713
9 1.2401204620734412
10 1.1717339391686683
Train R2 - DI: -0.100
Val R2 - DI: -0.176
Test R2 - DI: -0.113
11 1.1499939965786041
12 1.120317196240472
13 1.1032825330607
14 1.0674405984574868
15 1.0585654222034342
16 1.0369428695377931
17 1.0310872448855408
18 1.0105021101584302
19 0.9962095048411314
20 1.001990489836802
Train R2 - DI: 0.102
Val R2 - DI: -0.031
Test R2 - DI: 0.067
21 0.9819221961127709
22 0.9727576869830117
23 0.9594527888786079
24 0.9548810808110906
25 0.9562075478819123
26 0.9494440306127749
27 0.967599085825153
28 0.949827929759586
29 0.9361439999800184
30 0.933765489689955
Train R2 - DI: 0.165
Val R2 - DI: 0.031
Test R2 - DI: 0.141
31 0.9294493380959419
32 0.9332034443254449
33 0.9070517822501333
34 0.908624893250657
35 0.8959948980419631
36 0.9070618286378642
37 0.9070030619828786
38 0.8894782360979243
39 0.8727849343674394
40 0.8886164077490546
Train R2 - DI: 0.197
Val R2 - DI: 0.065
Test R2 - DI: 0.183
41 0.8810139833479962
42 0.8921296266645442
43 0.8751652290461369
44 0.8989899510954076
45 0.8740030498193736
46 0.86666891699582
47 0.8742869342702008
48 0.8715877607973169
49 0.888618885589604
50 0.8835272004515768
Train R2 - DI: 0.218
Val R2 - DI: 0.080
Test R2 - DI: 0.212
51 0.8834884797559713
52 0.8566223520777098
53 0.8478873301582683
54 0.8694756548453498
55 0.841885621164494
56 0.8565842425669569
57 0.8595218032575901
58 0.8492951732950739
59 0.8489167650510544
60 0.8442465716279575
Train R2 - DI: 0.233
Val R2 - DI: 0.097
Test R2 - DI: 0.227
61 0.8543228280191805
62 0.854268342008005
63 0.8437050821837193
64 0.8555085170079217
65 0.8388333768895216
66 0.8608158178362004
67 0.8433594785015
68 0.8202903484014782
69 0.8228247921696389
70 0.8423174484106878
Train R2 - DI: 0.243
Val R2 - DI: 0.118
Test R2 - DI: 0.233
71 0.8347180509675715
72 0.8352828474999198
73 0.8328302199864044
74 0.8484233774137461
75 0.8265463520940096
76 0.832133556063018
77 0.8210098403389477
78 0.8410607485991702
79 0.8227698205545873
80 0.8167666631091988
Train R2 - DI: 0.252
Val R2 - DI: 0.128
Test R2 - DI: 0.239
81 0.8265129919301569
82 0.8194176130352642
83 0.8196623429961056
84 0.8235920719164082
85 0.8303345109677116
86 0.8088768229871378
87 0.8223441727148755
88 0.8228429807145275
89 0.8147744610962134
90 0.8026714774132498
Train R2 - DI: 0.261
Val R2 - DI: 0.132
Test R2 - DI: 0.248
91 0.8207160475761986
92 0.8196192984783441
93 0.8147556829669423
94 0.8092407432354427
95 0.8073663954892061
96 0.8004350504069007
97 0.7881239422168399
98 0.7921019520065475
99 0.797142568820349
100 0.8191819940668964
Train R2 - DI: 0.268
Val R2 - DI: 0.145
Test R2 - DI: 0.249
101 0.7917544379028251
102 0.7987073710960724
103 0.792024692140627
104 0.7804940841340766
105 0.7936815179777109
106 0.7875350185467312
107 0.8026567069394196
108 0.7984886343864169
109 0.7965670748584825
110 0.8099399477446775
Train R2 - DI: 0.272
Val R2 - DI: 0.156
Test R2 - DI: 0.249
111 0.7928755896122189
112 0.7972340215056841
113 0.7913861951654476
114 0.7929418993954228
115 0.7829855060242992
116 0.7979917057632406
117 0.7829332829787028
118 0.7947640609253167
119 0.7829072651671496
120 0.7785252776445992
Train R2 - DI: 0.277
Val R2 - DI: 0.159
Test R2 - DI: 0.252
121 0.7823715597232966
122 0.7765163584944875
123 0.7706553068822581
124 0.7597459996623285
125 0.7984523218721038
126 0.7773470828892879
127 0.7903825203698183
128 0.7619256325252496
129 0.7808134967038991
130 0.7845945982792054
Train R2 - DI: 0.285
Val R2 - DI: 0.153
Test R2 - DI: 0.271
131 0.7775450619085889
132 0.7753468877985407
133 0.7759571140963892
134 0.7674063878858334
135 0.7847555661129174
136 0.7617818058847567
137 0.7715564675182895
138 0.7744699818695739
139 0.7564728213043445
140 0.7710888201400491
Train R2 - DI: 0.286
Val R2 - DI: 0.168
Test R2 - DI: 0.256
141 0.765294117625687
142 0.7718567629489508
143 0.7811016904485325
144 0.7733832188769667
145 0.7730359220884351
146 0.7728958219357563
147 0.7585194397370322
148 0.770425964296542
149 0.7636795081000513
150 0.7684444232453352
Train R2 - DI: 0.290
Val R2 - DI: 0.171
Test R2 - DI: 0.262
151 0.762830979449899
152 0.759399863921665
153 0.7654507792836522
154 0.7507399346134354
155 0.7527450176239737
156 0.763299320393028
157 0.7550265831058002
158 0.7636649149037202
159 0.7564911826529948
160 0.7496555015117133
Train R2 - DI: 0.296
Val R2 - DI: 0.166
Test R2 - DI: 0.274
161 0.7565034519008292
162 0.7656677445739937
163 0.7402063837731038
164 0.7698993966649933
165 0.752653284177715
166 0.7635830266625706
167 0.7582332656815524
168 0.7591729618275681
169 0.7444478799846699
170 0.7716953015580513
Train R2 - DI: 0.296
Val R2 - DI: 0.179
Test R2 - DI: 0.261
171 0.7505775362004649
172 0.7509109042782599
173 0.7448988867764043
174 0.7618019497240919
175 0.7545544436883529
176 0.7548670558607696
177 0.7417278653116638
178 0.7461206373886415
179 0.7317725725477622
180 0.7499987190650031
Train R2 - DI: 0.302
Val R2 - DI: 0.176
Test R2 - DI: 0.274
181 0.7455463686885935
182 0.7569345232661336
183 0.7421344551649665
184 0.7441739358623611
185 0.7443970008001263
186 0.7554042085813156
187 0.7514148891830733
188 0.7414472557722934
189 0.7303322115750635
190 0.7359260117763637
Train R2 - DI: 0.302
Val R2 - DI: 0.182
Test R2 - DI: 0.260
191 0.738365809740308
192 0.7536081054881272
193 0.7403917309006929
194 0.7477509492811965
195 0.7506855760585909
196 0.7443964613984262
197 0.7319079603635514
198 0.7354256961723455
199 0.7335117665586189
200 0.7343467275150984
Train R2 - DI: 0.309
Val R2 - DI: 0.172
Test R2 - DI: 0.283
201 0.7450300988326749
202 0.738227332944306
203 0.7365637906940712
204 0.7473846080630362
205 0.7332314913520495
206 0.7351535655857488
207 0.7375708812109172
208 0.7269715740881335
209 0.7160060791195659
210 0.7399837374687195
Train R2 - DI: 0.306
Val R2 - DI: 0.186
Test R2 - DI: 0.264
211 0.7352273412235223
212 0.7319130095864355
213 0.7206922991877709
214 0.7358044514699449
215 0.7297025629749254
216 0.7395205842987709
217 0.745122895311279
218 0.7348906548299782
219 0.7393748160109906
220 0.7184282124629972
Train R2 - DI: 0.313
Val R2 - DI: 0.178
Test R2 - DI: 0.279
221 0.727148503765543
222 0.7259373083721968
223 0.7272303132869874
224 0.7352276410091276
225 0.7267927867250971
226 0.7182670671258395
227 0.718393793830915
228 0.7335361413109746
229 0.7295938159047518
230 0.7232943841957341
Train R2 - DI: 0.313
Val R2 - DI: 0.187
Test R2 - DI: 0.268
231 0.7211053601442818
232 0.7199085494891724
233 0.7224374929551738
234 0.715627567708447
235 0.728403892229686
236 0.7246212131422157
237 0.7245139023225537
238 0.7258595584738516
239 0.7131900530678472
240 0.7299517585392519
Train R2 - DI: 0.318
Val R2 - DI: 0.184
Test R2 - DI: 0.275
241 0.7167026204444678
242 0.7172012163708841
243 0.7195053847112648
244 0.7147251122643136
245 0.7164064360622929
246 0.7204722122679704
247 0.7215074309803845
248 0.7198531050136181
249 0.7248020519172721
250 0.7193591310455548
Train R2 - DI: 0.318
Val R2 - DI: 0.187
Test R2 - DI: 0.274
251 0.7272953334136656
252 0.7171796462226764
253 0.7196091797606705
254 0.7020844261785454
255 0.7267642575199628
256 0.7241864358050251
257 0.717903177606237
258 0.7202670113935535
259 0.7145317984494953
260 0.7161644898733467
Train R2 - DI: 0.324
Val R2 - DI: 0.183
Test R2 - DI: 0.282
261 0.7092182385460548
262 0.7172463524965195
263 0.7026229664807613
264 0.7152536256101838
265 0.7096460287637834
266 0.7186989385671377
267 0.7245730531315084
268 0.7050508633086499
269 0.7046592122592015
270 0.7172563137024799
Train R2 - DI: 0.326
Val R2 - DI: 0.182
Test R2 - DI: 0.289
271 0.7123058797103876
272 0.7035257639172766
273 0.7169033065720704
274 0.7137030272704349
275 0.6964018058831083
276 0.7049828229572305
277 0.7076043440050207
278 0.6941982731392566
279 0.7023147025778946
280 0.7190839885490423
Train R2 - DI: 0.323
Val R2 - DI: 0.185
Test R2 - DI: 0.273
281 0.7104146900820497
282 0.7150058004330107
283 0.7159103673457015
284 0.7022632347353486
285 0.7095065757666148
286 0.7161447801673114
287 0.6919310552500884
288 0.7058132669978109
289 0.7128952107617492
290 0.7091060979425953
Train R2 - DI: 0.326
Val R2 - DI: 0.190
Test R2 - DI: 0.277
291 0.7022626067400882
292 0.7012539242053231
293 0.6976698830418735
294 0.7006050238020046
295 0.6985651534827394
296 0.7041933357128146
297 0.6971293294221909
298 0.7022161620236238
299 0.7025269932417909
300 0.7030318935682053
Train R2 - DI: 0.331
Val R2 - DI: 0.186
Test R2 - DI: 0.285
301 0.6983284854455099
302 0.6998988649355271
303 0.6998938764018304
304 0.7031500777843959
305 0.7014684460667429
306 0.7053571783565409
307 0.7009822281587296
308 0.7098218403231293
309 0.6921776913168577
310 0.6901793955310536
Train R2 - DI: 0.335
Val R2 - DI: 0.184
Test R2 - DI: 0.294
311 0.7102120982778172
312 0.7010363898917162
313 0.6966548961522997
314 0.6957584372336798
315 0.698711598479811
316 0.7035028581098682
317 0.7015229963822469
318 0.7002380277913479
319 0.6914641046451745
320 0.6961019560638207
Train R2 - DI: 0.332
Val R2 - DI: 0.191
Test R2 - DI: 0.274
321 0.6918010721159669
322 0.6773720862198455
323 0.6855942319070326
324 0.6925105855173916
325 0.6968954413383635
326 0.6982474332510115
327 0.6912261025077742
328 0.6982344722910484
329 0.6928794476640685
330 0.6951959646046387
Train R2 - DI: 0.335
Val R2 - DI: 0.187
Test R2 - DI: 0.277
331 0.7009351470192062
332 0.6932498605256735
333 0.6929486523621727
334 0.6746960181101784
335 0.6924276930803237
336 0.6925426092538263
337 0.6984774848111567
338 0.6852349890191235
339 0.6822013149575992
340 0.7006209384229167
Train R2 - DI: 0.337
Val R2 - DI: 0.188
Test R2 - DI: 0.279
341 0.6879419980851694
342 0.6953940191803962
343 0.6816136782326601
344 0.6839895745043144
345 0.6917188533153201
346 0.692193568069163
347 0.6920360056535144
348 0.6945165689466938
349 0.6895817643860419
350 0.6834766203205724
Train R2 - DI: 0.338
Val R2 - DI: 0.189
Test R2 - DI: 0.278
351 0.6872771609633868
352 0.6918908366658093
353 0.6963720077181332
354 0.6889303384900907
355 0.678840057067206
356 0.6826488491348284
357 0.6854944022159128
358 0.6795957136822975
359 0.6854900791393798
360 0.679977894303833
Train R2 - DI: 0.339
Val R2 - DI: 0.188
Test R2 - DI: 0.279
361 0.6824863359185219
362 0.6783932433650744
363 0.6911127833681996
364 0.6794621438307686
365 0.6853344291787513
366 0.6871633945856246
367 0.6819144225735119
368 0.6742296564569972
369 0.6908849170029028
370 0.6833056053309119
Train R2 - DI: 0.342
Val R2 - DI: 0.187
Test R2 - DI: 0.285
371 0.6807146851450679
372 0.6814357896389791
373 0.6789689360015586
374 0.6889066069843734
375 0.6847427174211723
376 0.6840966221416783
377 0.6883212308751714
378 0.6910905744244964
379 0.6792258493280302
380 0.677027771923016
Train R2 - DI: 0.342
Val R2 - DI: 0.189
Test R2 - DI: 0.282
381 0.6797080295297393
382 0.6821816748430369
383 0.6808841774371468
384 0.6761780141247683
385 0.6837152239949167
386 0.6733734707564816
387 0.6695186279550296
388 0.6880604516519933
389 0.6841999030275902
390 0.6765131954897344
Train R2 - DI: 0.348
Val R2 - DI: 0.183
Test R2 - DI: 0.297
391 0.6734870330143192
392 0.6775511453511409
393 0.6783216457596505
394 0.6802414098953641
395 0.6683883844811958
396 0.6779125843019175
397 0.6759265846063731
398 0.6812099941848715
399 0.6702971940604551
400 0.6688845082157213
Train R2 - DI: 0.348
Val R2 - DI: 0.185
Test R2 - DI: 0.291
401 0.6719528470100825
402 0.6765526332034587
403 0.6761191321467702
404 0.6673930103440824
405 0.6750506062323257
406 0.6759490268622681
407 0.6752621477711283
408 0.669680306231822
409 0.6679968064576048
410 0.6651047489424381
Train R2 - DI: 0.348
Val R2 - DI: 0.186
Test R2 - DI: 0.289
411 0.6806639772730402
412 0.6714022367898943
413 0.6699415835311143
414 0.6713756745832268
415 0.662292546354703
416 0.6743122719290403
417 0.6754020966979208
418 0.6661184664202785
419 0.6721069635632727
420 0.6657965916227987
Train R2 - DI: 0.348
Val R2 - DI: 0.190
Test R2 - DI: 0.279
421 0.6671673757185802
422 0.6723083775996077
423 0.6616203472684784
424 0.6689995397122364
425 0.6592815963493504
426 0.6695113841379294
427 0.6627801141339419
428 0.6628793677522704
429 0.6701431702356433
430 0.6782231919235854
Train R2 - DI: 0.349
Val R2 - DI: 0.188
Test R2 - DI: 0.282
431 0.6667988339186257
432 0.6630926306180831
433 0.6673594191049065
434 0.6783670698990869
435 0.6684072101269823
436 0.6631279696651803
437 0.6675453884661243
438 0.6700487310819503
439 0.6700170197389269
440 0.6625579840039737
Train R2 - DI: 0.350
Val R2 - DI: 0.189
Test R2 - DI: 0.279
441 0.6680784220041155
442 0.6686351876352844
443 0.669471665708471
444 0.6607319382757197
445 0.6568679314295933
446 0.6608344036309081
447 0.6724618097613307
448 0.6580506209806568
449 0.6627850428144528
450 0.6643585040318053
Train R2 - DI: 0.339
Val R2 - DI: 0.192
Test R2 - DI: 0.255
451 0.6655964043169332
452 0.6542195546256493
453 0.6694443847213034
454 0.6612785225388135
455 0.6592530376808132
456 0.6614923668549403
457 0.6584206841677043
458 0.663802148402867
459 0.6553061888740314
460 0.6714372348387735
Train R2 - DI: 0.353
Val R2 - DI: 0.185
Test R2 - DI: 0.281
461 0.6644681488771707
462 0.6560688378957296
463 0.6662871411029275
464 0.6617533185655552
465 0.6566250392936955
466 0.6601013520434555
467 0.6670185338149385
468 0.6580219754583462
469 0.6611120508329899
470 0.660734185967326
Train R2 - DI: 0.357
Val R2 - DI: 0.185
Test R2 - DI: 0.288
471 0.6532172549846409
472 0.6656381199538843
473 0.660519231915745
474 0.6625389731951605
475 0.6611557003220796
476 0.6584629568301701
477 0.6589011854073421
478 0.6624895981354095
479 0.6608429159333618
480 0.6515328675802229
Train R2 - DI: 0.356
Val R2 - DI: 0.184
Test R2 - DI: 0.283
481 0.6586463159462825
482 0.6630074301843303
483 0.6584152576596201
484 0.6575753662828426
485 0.6513559538998145
486 0.6610563713280516
487 0.6655671329458525
488 0.6653692738362746
489 0.655720297046644
490 0.6604454789403896
Train R2 - DI: 0.353
Val R2 - DI: 0.188
Test R2 - DI: 0.273
491 0.663559044464869
492 0.6602422666875045
493 0.660268138131018
494 0.6596435666355425
495 0.6590803816428774
496 0.6479454750450747
497 0.6569009302600575
498 0.6571107155179507
499 0.655607273851587
500 0.666086429895281
Train R2 - DI: 0.362
Val R2 - DI: 0.182
Test R2 - DI: 0.296
501 0.6523658242344946
502 0.6483407082930038
503 0.6529038664605963
504 0.6592535846517157
505 0.6648799239278653
506 0.6611189036047577
507 0.6549735630073721
508 0.6504475229431771
509 0.6612260565331165
510 0.6535111968945698
Train R2 - DI: 0.362
Val R2 - DI: 0.186
Test R2 - DI: 0.291
511 0.6562076074504057
512 0.6440894212842078
513 0.6545510493597358
514 0.6513416542077806
515 0.6501144051913333
516 0.6439356635789966
517 0.6476269479589628
518 0.6512420752267208
519 0.6539706566100594
520 0.6455143429593122
Train R2 - DI: 0.362
Val R2 - DI: 0.184
Test R2 - DI: 0.290
521 0.6550969212592055
522 0.6476812041827094
523 0.6405809765697158
524 0.6520273313095752
525 0.6514489209679061
526 0.6513477637516539
527 0.6488898917976159
528 0.6581017636638233
529 0.653407420869846
530 0.6532374425445929
Train R2 - DI: 0.364
Val R2 - DI: 0.183
Test R2 - DI: 0.291
531 0.6491867433089573
532 0.6467875054245921
533 0.6458272252731743
534 0.6509233360899679
535 0.6531885092325334
536 0.6456630972635574
537 0.6454595527113884
538 0.6497883350221925
539 0.6422641175185486
540 0.6490239266693095
Train R2 - DI: 0.369
Val R2 - DI: 0.174
Test R2 - DI: 0.308
541 0.6442429358711561
542 0.64654866757946
543 0.653026527758346
544 0.6396012306665272
545 0.6439020652225109
546 0.6446321752145491
547 0.6478290468386577
548 0.6428357036932568
549 0.6436567296125023
550 0.6473033804618743
Train R2 - DI: 0.367
Val R2 - DI: 0.178
Test R2 - DI: 0.296
551 0.6447690429788724
552 0.6466229104968614
553 0.6524915722303991
554 0.6401642548305867
555 0.646223036107735
556 0.6532586075032273
557 0.6472496044644811
558 0.6471481400967729
559 0.6515353087496811
560 0.6449705781224463
Train R2 - DI: 0.369
Val R2 - DI: 0.181
Test R2 - DI: 0.296
561 0.6432766867370837
562 0.6458325345377022
563 0.645782194551507
564 0.6434009818528257
565 0.6485057053374377
566 0.6388607459415352
567 0.6476863525056586
568 0.6523305122557691
569 0.6420060250233122
570 0.6369982776179107
Train R2 - DI: 0.369
Val R2 - DI: 0.182
Test R2 - DI: 0.290
571 0.6340896937773027
572 0.6439687333566118
573 0.6390394348371562
574 0.6468555549946222
575 0.6520949954603368
576 0.6439309619971529
577 0.6400350539678873
578 0.6451000361798658
579 0.6446313049144325
580 0.6423300256143473
Train R2 - DI: 0.365
Val R2 - DI: 0.187
Test R2 - DI: 0.275
581 0.6490071355799457
582 0.6401880375583394
583 0.6384694152839985
584 0.6409730433378371
585 0.6408918568182389
586 0.6353447399327392
587 0.643750673898519
588 0.6400303520697188
589 0.6407463323265608
590 0.6365518173184515
Train R2 - DI: 0.368
Val R2 - DI: 0.187
Test R2 - DI: 0.281
591 0.6395734241733595
592 0.6419139634577771
593 0.6393161229422094
594 0.6439277019303707
595 0.6411413258002326
596 0.6401874155054678
597 0.6477272655586115
598 0.6378296358825765
599 0.6418642482132149
600 0.6356164647197072
Train R2 - DI: 0.372
Val R2 - DI: 0.183
Test R2 - DI: 0.287
601 0.639710427098784
602 0.6364385781186923
603 0.643478660849209
604 0.6437896402881759
605 0.640164266670175
606 0.6360474942849386
607 0.6479515511940789
608 0.6378466638314896
609 0.6384430052747864
610 0.630510480341539
Train R2 - DI: 0.374
Val R2 - DI: 0.181
Test R2 - DI: 0.290
611 0.6398690481182298
612 0.6377692669968971
613 0.6388786764105131
614 0.6379705467759162
615 0.628218685161715
616 0.629755049695383
617 0.632764509787968
618 0.6365945117549521
619 0.6377661871449165
620 0.6313262988980562
Train R2 - DI: 0.375
Val R2 - DI: 0.180
Test R2 - DI: 0.294
621 0.6344689318996383
622 0.6338318387516707
623 0.6364007882316335
624 0.6327059448352811
625 0.6363947036774255
626 0.6349571365312341
627 0.6390648446722949
628 0.6351405051370929
629 0.6288301767364788
630 0.6350388158623967
Train R2 - DI: 0.377
Val R2 - DI: 0.179
Test R2 - DI: 0.302
631 0.6368680358656073
632 0.6311491967332101
633 0.6352035416356536
634 0.6384313112863362
635 0.6349009529400089
636 0.6372293830821693
637 0.6300163702408051
638 0.6277596742660372
639 0.6402589640805358
640 0.6374976479528165
Train R2 - DI: 0.378
Val R2 - DI: 0.173
Test R2 - DI: 0.301
641 0.6315045969968858
642 0.6332263244291975
643 0.6311056919853465
644 0.630994212681638
645 0.6332163122045533
646 0.6326570783807438
647 0.6350265974072998
648 0.6298878240124397
649 0.6317573426527178
650 0.6274887700258014
Train R2 - DI: 0.376
Val R2 - DI: 0.180
Test R2 - DI: 0.286
651 0.6347650534461357
652 0.623446624056691
653 0.631919565460192
654 0.636500043521965
655 0.6268147795917953
656 0.6397913103306085
657 0.630819609370351
658 0.6340194043560042
659 0.6309094739014494
660 0.6340912616189635
Train R2 - DI: 0.377
Val R2 - DI: 0.184
Test R2 - DI: 0.285
661 0.6306497479045454
662 0.6339202761153003
663 0.6279058394285655
664 0.6338728291234615
665 0.6358784148872034
666 0.6288215466933869
667 0.6280499701702387
668 0.6307925377902522
669 0.6343374612477803
670 0.6272488308730136
Train R2 - DI: 0.380
Val R2 - DI: 0.178
Test R2 - DI: 0.289
671 0.6360614621069867
672 0.6247320321132235
673 0.6302127272139181
674 0.6325020679838284
675 0.6269197393042106
676 0.6229052570753698
677 0.6306831927078976
678 0.6314486797738021
679 0.624801023563171
680 0.6310767124691544
Train R2 - DI: 0.382
Val R2 - DI: 0.179
Test R2 - DI: 0.297
681 0.6253935082379934
682 0.6282298730077664
683 0.625635171768067
684 0.6224585487320172
685 0.6296300361154656
686 0.6204278659332513
687 0.6292122563599998
688 0.6178866626639724
689 0.6331792816779576
690 0.6271495804631231
Train R2 - DI: 0.381
Val R2 - DI: 0.181
Test R2 - DI: 0.289
691 0.6349930519674474
692 0.6280812556044092
693 0.6298305728473476
694 0.630836561062374
695 0.6262683801979979
696 0.6207395431848979
697 0.6215278241017987
698 0.6302180074217466
699 0.6158257133586557
700 0.6251608107106265
Train R2 - DI: 0.384
Val R2 - DI: 0.178
Test R2 - DI: 0.299
701 0.6219283620727343
702 0.6274628856807518
703 0.6253504069851058
704 0.6241412897558263
705 0.6255552019469208
706 0.6250149462600836
707 0.62252674448933
708 0.6268447692688891
709 0.6294200658978975
710 0.6224955416159526
Train R2 - DI: 0.385
Val R2 - DI: 0.176
Test R2 - DI: 0.295
711 0.6219565189182984
712 0.6255489419905682
713 0.6254912335326763
714 0.6250222989607255
715 0.6222289175224449
716 0.6226706192112041
717 0.626752664412035
718 0.6298175439679143
719 0.6256523835921125
720 0.628356656447968
Train R2 - DI: 0.380
Val R2 - DI: 0.182
Test R2 - DI: 0.280
721 0.6251269935928935
722 0.6212245292786489
723 0.6140903384058289
724 0.6122537161293492
725 0.6241683572914856
726 0.6310461159905671
727 0.6220192794234035
728 0.627307106365843
729 0.6222400028566414
730 0.627490228328676
Train R2 - DI: 0.380
Val R2 - DI: 0.180
Test R2 - DI: 0.277
731 0.6210732421159202
732 0.6167222762577818
733 0.6213222817094873
734 0.6270677793468825
735 0.6121645880251603
736 0.613788308520675
737 0.6255643417249582
738 0.6205546552706523
739 0.6242209470028042
740 0.6219478639985143
Train R2 - DI: 0.384
Val R2 - DI: 0.178
Test R2 - DI: 0.285
741 0.6197421638417913
742 0.623017938955884
743 0.612231373922494
744 0.6210948151562411
745 0.6256685645133822
746 0.6237449139424397
747 0.6208396921833869
748 0.6213141395975189
749 0.6154865913087442
750 0.6199000041488448
Train R2 - DI: 0.382
Val R2 - DI: 0.182
Test R2 - DI: 0.272
751 0.6105277639975414
752 0.6099725418510177
753 0.61223090671065
754 0.617866037920445
755 0.617057184363243
756 0.6187884630896631
757 0.6212018834902898
758 0.6147701100158909
759 0.6089137862178753
760 0.6277312085518247
Train R2 - DI: 0.385
Val R2 - DI: 0.180
Test R2 - DI: 0.285
761 0.6227835592580077
762 0.6247538884450669
763 0.6141935376799225
764 0.6220417199847009
765 0.6191810027408817
766 0.6194383724337731
767 0.6171465621381388
768 0.6158052377397134
769 0.6234304301661013
770 0.6128336731189123
Train R2 - DI: 0.386
Val R2 - DI: 0.182
Test R2 - DI: 0.279
771 0.6120608083401059
772 0.6162072389391536
773 0.6140518472265167
774 0.6228131780667772
775 0.6183758901772488
776 0.6210622557236264
777 0.6147189570521657
778 0.6159383462540031
779 0.6084753247352149
780 0.6251072247341061
Train R2 - DI: 0.377
Val R2 - DI: 0.185
Test R2 - DI: 0.260
781 0.6126926603689621
782 0.6174576116204714
783 0.6156168202724848
784 0.607758857247683
785 0.6163854365596453
786 0.6120529482995497
787 0.615735098120839
788 0.6201724219358355
789 0.6160033660643566
790 0.6124999618060305
Train R2 - DI: 0.382
Val R2 - DI: 0.180
Test R2 - DI: 0.273
791 0.616627396553913
792 0.6109484788411671
793 0.6150400581641844
794 0.6127825736366862
795 0.6096922858724818
796 0.6177035282966854
797 0.6092867856228144
798 0.6144787048733171
799 0.6132000839737349
800 0.607500442688532
Train R2 - DI: 0.391
Val R2 - DI: 0.177
Test R2 - DI: 0.282
0.19172813354926155
Test R2 - DI: 0.282
Test R2 - DI: 0.255
Deep_google
batch_size =  128 lr =  1e-06 wd =  10.0
5276 1164 1140
cuda:0
Using SGD
1 3.170975684758115
2 2.4695815104621213
3 1.9855558042547936
4 1.727650680534762
5 1.5541531923957808
6 1.4314716419909739
7 1.3181411421958744
8 1.2559679061558502
9 1.228268438256808
10 1.1711818757971821
Train R2 - DI: -0.109
Val R2 - DI: -0.123
Test R2 - DI: -0.083
11 1.1344809853913118
12 1.0705717595080881
13 1.0461265693748423
14 1.0644476592676309
15 1.0057359313856389
16 1.011790225955914
17 1.0077971317625298
18 0.9807196698738283
19 0.9729430015291383
20 0.966305517626134
Train R2 - DI: 0.079
Val R2 - DI: 0.023
Test R2 - DI: 0.073
21 0.9415122785741764
22 0.950594933671062
23 0.9414428948813808
24 0.9544698169865872
25 0.9398315864769774
26 0.9193997337476515
27 0.900781046901353
28 0.9177781593356736
29 0.9049352317076907
30 0.8997088999708464
Train R2 - DI: 0.122
Val R2 - DI: 0.074
Test R2 - DI: 0.116
31 0.8805152746743555
32 0.9004565602093596
33 0.8859736021944209
34 0.8964929726649813
35 0.8755144752996993
36 0.8875542295259269
37 0.8753124633189672
38 0.8793914675983721
39 0.8804923279706595
40 0.8815488710016622
Train R2 - DI: 0.136
Val R2 - DI: 0.096
Test R2 - DI: 0.125
41 0.8736079993620346
42 0.8704912921892503
43 0.8640918348484459
44 0.8584566072047525
45 0.8586617412668363
46 0.8591124049364571
47 0.854661922774774
48 0.8629176845778291
49 0.8625848098990591
50 0.8565359256591103
Train R2 - DI: 0.145
Val R2 - DI: 0.110
Test R2 - DI: 0.131
51 0.8546598266253785
52 0.8628181663311458
53 0.8465671219366622
54 0.8446458315108201
55 0.855234432527746
56 0.8644887794591515
57 0.8627518666703381
58 0.8486223059047615
59 0.8523362011417825
60 0.8513861414697516
Train R2 - DI: 0.126
Val R2 - DI: 0.118
Test R2 - DI: 0.112
61 0.847408836451871
62 0.8470758735636493
63 0.8485352789207875
64 0.8398797858204238
65 0.850452018877699
66 0.8489296100101659
67 0.8380903837082511
68 0.8475902028116338
69 0.8507761071133197
70 0.8495335478146389
Train R2 - DI: 0.127
Val R2 - DI: 0.123
Test R2 - DI: 0.106
71 0.8449582785616506
72 0.8442470778833292
73 0.8428097882896233
74 0.8449562327531001
75 0.8404676650309761
76 0.8365091198407131
77 0.8514316138487318
78 0.8453379554943753
79 0.8371233077009489
80 0.8439813504352816
Train R2 - DI: 0.131
Val R2 - DI: 0.128
Test R2 - DI: 0.107
81 0.8407141914685808
82 0.8472324546039601
83 0.8469518125735059
84 0.8352593273895993
85 0.8463942811649979
86 0.8504827159475973
87 0.8428301050230985
88 0.8472868711592303
89 0.8463879210918216
90 0.8450636572689609
Train R2 - DI: 0.124
Val R2 - DI: 0.126
Test R2 - DI: 0.098
91 0.8481537572717558
92 0.8522114685939243
93 0.8442314479999962
94 0.8468128999947959
95 0.8490665014084765
96 0.8451003287216314
97 0.8520596433173896
98 0.8509713329086709
99 0.8522534669123426
100 0.8511606573697018
Train R2 - DI: 0.118
Val R2 - DI: 0.128
Test R2 - DI: 0.084
101 0.858710269660458
102 0.8485881790597842
103 0.8553063451023695
104 0.8616378965298275
105 0.855429113679442
106 0.8577305361391289
107 0.8624645391135979
108 0.859283557798575
109 0.8629535968507935
110 0.8610757583465605
Train R2 - DI: 0.102
Val R2 - DI: 0.122
Test R2 - DI: 0.066
111 0.8650155756580188
112 0.8592005362557678
113 0.8600918773090053
114 0.864870039597888
115 0.8651332371247547
116 0.8748359712712054
117 0.8634593150577733
118 0.8730816927436991
119 0.8741825429484011
120 0.8694194772191081
Train R2 - DI: 0.080
Val R2 - DI: 0.112
Test R2 - DI: 0.040
121 0.8730541106604373
122 0.8766112898316141
123 0.8783071503845284
124 0.8806190724803066
125 0.8800862542239891
126 0.8797551540148086
127 0.8868456503222438
128 0.8934311004549016
129 0.8878518332126377
130 0.8877156818789728
Train R2 - DI: 0.069
Val R2 - DI: 0.106
Test R2 - DI: 0.027
131 0.8979654549603393
132 0.900094735251854
133 0.9020361668508644
134 0.9017403288896197
135 0.8966255830579676
136 0.8981970185308045
137 0.8978053479595922
138 0.9064737132004123
139 0.8974818957403269
140 0.9127705412167686
Train R2 - DI: 0.047
Val R2 - DI: 0.094
Test R2 - DI: 0.003
141 0.9195049058496274
142 0.9097130425596346
143 0.9143179264187903
144 0.9119483540688978
145 0.917401626943367
146 0.9230406325906402
147 0.9234956658365512
148 0.9267452892432889
149 0.9299700611282967
150 0.9286356798801755
Train R2 - DI: 0.025
Val R2 - DI: 0.080
Test R2 - DI: -0.020
151 0.9317699883633079
152 0.9349632999316773
153 0.935001848456171
154 0.9404749404850831
155 0.9381593733777415
156 0.9466938144379804
157 0.9436055768882804
158 0.9504751206076986
159 0.9468774054428228
160 0.9560795730492488
Train R2 - DI: -0.027
Val R2 - DI: 0.045
Test R2 - DI: -0.070
161 0.9556753505261402
162 0.9609481374633593
163 0.9639728422233604
164 0.9640807325501981
165 0.9728089950588998
166 0.976488294295961
167 0.9772147567006474
168 0.9819583924906646
169 0.9770551404779476
170 0.9819513102929822
Train R2 - DI: -0.038
Val R2 - DI: 0.037
Test R2 - DI: -0.084
171 0.9831336368838434
172 0.9877138413471919
173 0.9919068801574765
174 0.9996041548441901
175 0.9965344792608966
176 1.0016117137521392
177 1.0047037786746946
178 1.0113740911350004
179 1.0094498646720238
180 1.0112876502558352
Train R2 - DI: -0.056
Val R2 - DI: 0.024
Test R2 - DI: -0.101
181 1.0188026573280207
182 1.0184084551184354
183 1.0193086900523072
184 1.0317764732311674
185 1.0284046988490858
186 1.0341776317498104
187 1.0376882178933444
188 1.043659748499641
189 1.046432946919491
190 1.0489973905775203
Train R2 - DI: -0.097
Val R2 - DI: -0.005
Test R2 - DI: -0.138
191 1.0559432304113359
192 1.0535730575864473
193 1.0602380021943387
194 1.0652279252577588
195 1.065877305186997
196 1.0693855573048276
197 1.0778095911993413
198 1.0746790265115127
199 1.0848129696697788
200 1.0877535080168625
Train R2 - DI: -0.141
Val R2 - DI: -0.038
Test R2 - DI: -0.180
201 1.0858006341788153
202 1.0961280410447023
203 1.09682595413503
204 1.1072992973023965
205 1.1123766182407093
206 1.1123843328622003
207 1.1146612799556261
208 1.1233030563055157
209 1.1262493000688474
210 1.1342751171843766
Train R2 - DI: -0.200
Val R2 - DI: -0.084
Test R2 - DI: -0.235
211 1.142794881470733
212 1.1420922692387823
213 1.1463965279663757
214 1.1516912213051473
215 1.1579001665657627
216 1.1611606076958507
217 1.1682434289901884
218 1.1788230419068557
219 1.17948036369182
220 1.1875789742111889
Train R2 - DI: -0.276
Val R2 - DI: -0.145
Test R2 - DI: -0.302
221 1.1904126825072352
222 1.1966583766749268
223 1.2010635222513808
224 1.2132871659801618
225 1.2165773680392677
226 1.2172334432782685
227 1.2263242786268649
228 1.2294467095627397
229 1.2411818917363409
230 1.2504503754072789
Train R2 - DI: -0.315
Val R2 - DI: -0.174
Test R2 - DI: -0.332
231 1.2581204625130422
232 1.2604848836930618
233 1.2698804157262864
234 1.2753982078947743
235 1.2893142152501382
236 1.2905960351432066
237 1.296750294972406
238 1.2991185874266549
239 1.3161230733486808
240 1.3248008720074032
Train R2 - DI: -0.392
Val R2 - DI: -0.236
Test R2 - DI: -0.396
241 1.3303636157937444
242 1.3370009831536258
243 1.344519823767002
244 1.357690178417093
245 1.3691726186403819
246 1.3750931537901478
247 1.3874723644668718
248 1.3931588662945023
249 1.404809529624083
250 1.4132804296701762
Train R2 - DI: -0.473
Val R2 - DI: -0.303
Test R2 - DI: -0.463
251 1.4206368389050106
252 1.4305567709761555
253 1.443857261228959
254 1.4568895836324742
255 1.471026957261011
256 1.4826555850381107
257 1.4895726952975767
258 1.5017143014346768
259 1.5121406689568664
260 1.5302752777877588
Train R2 - DI: -0.592
Val R2 - DI: -0.405
Test R2 - DI: -0.558
261 1.5368914532787967
262 1.5521178319654834
263 1.5610419228910224
264 1.574530727037252
265 1.5926396372283924
266 1.603112995579353
267 1.613201827420892
268 1.6301100404087208
269 1.644898551354542
270 1.6553802813789535
Train R2 - DI: -0.716
Val R2 - DI: -0.511
Test R2 - DI: -0.656
271 1.673564895253185
272 1.6848110136794177
273 1.6976200726287125
274 1.7160752890596251
275 1.7213693527311336
276 1.738517069292394
277 1.7518014667430006
278 1.7698072215840164
279 1.78409255653552
280 1.7971166882937926
Train R2 - DI: -0.877
Val R2 - DI: -0.650
Test R2 - DI: -0.777
281 1.8133165149909245
282 1.8243766847752187
283 1.84041579796384
284 1.8487413274780922
285 1.8703711811930415
286 1.8821591036711975
287 1.8970529716786695
288 1.9101995084211625
289 1.9217398347413568
290 1.9354292243786886
Train R2 - DI: -1.023
Val R2 - DI: -0.775
Test R2 - DI: -0.883
291 1.9556182683463166
292 1.9600110782467117
293 1.9786124352345962
294 1.9940093375228407
295 2.007741213567877
296 2.0216299964226585
297 2.036539528205415
298 2.0493141919758573
299 2.0604762620687302
300 2.0756816505210884
Train R2 - DI: -1.151
Val R2 - DI: -0.884
Test R2 - DI: -0.974
301 2.08488764701421
302 2.1018063843114705
303 2.1170652086215997
304 2.127335252049658
305 2.1421282445055865
306 2.1542093603786325
307 2.1663135699560643
308 2.181698733608862
309 2.1962462927555837
310 2.2068035964083728
Train R2 - DI: -1.293
Val R2 - DI: -1.008
Test R2 - DI: -1.079
311 2.2199113231612664
312 2.232964116574418
313 2.2494006533799884
314 2.2598602406629746
315 2.2697050757621438
316 2.283192625544666
317 2.2951013871988986
318 2.3067619230279064
319 2.320809994618761
320 2.336051840055522
Train R2 - DI: -1.437
Val R2 - DI: -1.133
Test R2 - DI: -1.184
321 2.3465075097000896
322 2.357105227471121
323 2.3722329150554895
324 2.38188241213176
325 2.3969030533892535
326 2.4054594218866496
327 2.419759493329653
328 2.431361006642039
329 2.444044059655086
330 2.455504938722832
Train R2 - DI: -1.538
Val R2 - DI: -1.219
Test R2 - DI: -1.256
331 2.467699466102317
332 2.477297757049688
333 2.49129827534095
334 2.5012282735927256
335 2.514462407381811
336 2.525003275968886
337 2.534420528946906
338 2.547686537799734
339 2.557178611372166
340 2.566987542151682
Train R2 - DI: -1.656
Val R2 - DI: -1.330
Test R2 - DI: -1.356
341 2.5776068009238426
342 2.591029260988214
343 2.601313730005607
344 2.6107530066061417
345 2.62105257245426
346 2.633352360823012
347 2.6425707173943973
348 2.652004878389013
349 2.659751893355143
350 2.671795101939412
Train R2 - DI: -1.797
Val R2 - DI: -1.481
Test R2 - DI: -1.495
351 2.679445056864671
352 2.69064884568996
353 2.701083867634852
354 2.7118915520986886
355 2.7196793389916873
356 2.730669706314237
357 2.7378702525210437
358 2.7476668184322333
359 2.758339915337031
360 2.766539720986448
Train R2 - DI: -1.895
Val R2 - DI: -1.594
Test R2 - DI: -1.602
361 2.776313126132378
362 2.785836987101372
363 2.7955456233729548
364 2.804971749173411
365 2.8112393093434496
366 2.821170953840266
367 2.829988026094762
368 2.839709309396462
369 2.8468902185163865
370 2.85732476488942
Train R2 - DI: -1.975
Val R2 - DI: -1.698
Test R2 - DI: -1.701
371 2.8644119558052368
372 2.872245181411211
373 2.8825181960336543
374 2.8898307183549834
375 2.89854767685862
376 2.905672848269829
377 2.914794203004121
378 2.922420448747162
379 2.9296135634884317
380 2.9390277399810723
Train R2 - DI: -2.064
Val R2 - DI: -1.820
Test R2 - DI: -1.813
381 2.945244506057959
382 2.9539524939495836
383 2.960697219261534
384 2.9681117521984457
385 2.975807943517643
386 2.9824784629899863
387 2.989972761673309
388 2.996911326351267
389 3.0038853334241784
390 3.0109775758675323
Train R2 - DI: -2.144
Val R2 - DI: -1.936
Test R2 - DI: -1.918
391 3.016870847879891
392 3.023700351151126
393 3.0293281879092455
394 3.035598954438621
395 3.040013608289
396 3.046513333295312
397 3.0515498294353125
398 3.056444995958214
399 3.062325262860695
400 3.067168946515619
Train R2 - DI: -2.191
Val R2 - DI: -2.012
Test R2 - DI: -1.987
401 3.070557732216963
402 3.0745747257490064
403 3.0798013848369097
404 3.0835368736301794
405 3.086627213316853
406 3.0901927129168505
407 3.093832978884138
408 3.0964342430742335
409 3.0991710672964192
410 3.101822276744452
Train R2 - DI: -2.230
Val R2 - DI: -2.074
Test R2 - DI: -2.042
411 3.1041245635844614
412 3.106636275117193
413 3.1084339423465224
414 3.110398927721858
415 3.1118629862631333
416 3.1133456065674636
417 3.114690610547243
418 3.1156902888039912
419 3.116884152395785
420 3.1176193338890164
Train R2 - DI: -2.248
Val R2 - DI: -2.106
Test R2 - DI: -2.072
421 3.1182265012349206
422 3.118840483122472
423 3.1196172396462463
424 3.1200106312055493
425 3.1201971560558466
426 3.120301418543043
427 3.1201664812190684
428 3.12008931259028
429 3.120210899016096
430 3.1194460493222254
Train R2 - DI: -2.249
Val R2 - DI: -2.115
Test R2 - DI: -2.081
431 3.11934995904305
432 3.1191331926306782
433 3.118888785931267
434 3.1183565619138265
435 3.117764617024813
436 3.1174382758556307
437 3.1166956305413467
438 3.1160089765379517
439 3.1153145150943087
440 3.114881508814918
Train R2 - DI: -2.244
Val R2 - DI: -2.114
Test R2 - DI: -2.082
441 3.114012523163802
442 3.1134213676409255
443 3.1125677993028247
444 3.1118155122255176
445 3.1110978381393353
446 3.1103719611164293
447 3.1095894353691604
448 3.1084587902983
449 3.108027255019968
450 3.10690376810995
Train R2 - DI: -2.235
Val R2 - DI: -2.108
Test R2 - DI: -2.078
451 3.106221978460143
452 3.1052777092957515
453 3.1044404569948325
454 3.103438077142873
455 3.1025489023727753
456 3.1017936624479256
457 3.1007646955803905
458 3.0999769549915697
459 3.0991256124960644
460 3.098223582644459
Train R2 - DI: -2.226
Val R2 - DI: -2.100
Test R2 - DI: -2.072
461 3.097404706288324
462 3.0965809512987925
463 3.095489087657914
464 3.0946574184007045
465 3.093633049993103
466 3.092837738032771
467 3.0917126024374917
468 3.090909061692175
469 3.0899936771465124
470 3.0891683745149234
Train R2 - DI: -2.216
Val R2 - DI: -2.091
Test R2 - DI: -2.065
471 3.0880824341025654
472 3.0871955287375172
473 3.0862775608117694
474 3.0852446397025086
475 3.0843512447970305
476 3.0832393959311486
477 3.0823141673552983
478 3.081307968106389
479 3.0804492295737336
480 3.0794130007907965
Train R2 - DI: -2.206
Val R2 - DI: -2.081
Test R2 - DI: -2.058
481 3.078551781909587
482 3.0776065281614198
483 3.07659705919782
484 3.075777828557822
485 3.0748281648793485
486 3.0738123095876073
487 3.07275912181458
488 3.0719901691159124
489 3.070933680899492
490 3.0700544774125613
Train R2 - DI: -2.196
Val R2 - DI: -2.072
Test R2 - DI: -2.051
491 3.069123182629346
492 3.0682938010336507
493 3.0672605260020407
494 3.0663068090269654
495 3.065317274224496
496 3.064413003798594
497 3.063587109820241
498 3.062619678715669
499 3.0616946014334885
500 3.060849998646202
Train R2 - DI: -2.187
Val R2 - DI: -2.063
Test R2 - DI: -2.044
501 3.0599763427745943
502 3.05900093097412
503 3.058123874700458
504 3.0573080294596777
505 3.0562802957168937
506 3.055451446812292
507 3.0545968262872703
508 3.0537828560396068
509 3.052879092546916
510 3.0521015777472207
Train R2 - DI: -2.178
Val R2 - DI: -2.054
Test R2 - DI: -2.037
511 3.0511463753105206
512 3.0502491427516287
513 3.0494874035254673
514 3.0485994897167097
515 3.047831660061736
516 3.0469167125866754
517 3.0461076475436983
518 3.0452223659194355
519 3.0444638911660102
520 3.043528111076789
Train R2 - DI: -2.169
Val R2 - DI: -2.045
Test R2 - DI: -2.030
521 3.0427221762040424
522 3.041918405716486
523 3.0411439231166884
524 3.040405700385706
525 3.039541198052268
526 3.0388387838396906
527 3.038002897339214
528 3.037188120282356
529 3.036463474667009
530 3.0355382672397364
Train R2 - DI: -2.161
Val R2 - DI: -2.037
Test R2 - DI: -2.024
531 3.034810449428139
532 3.034071844576705
533 3.033395026288672
534 3.0324638997902915
535 3.0317775024619404
536 3.030971881925743
537 3.0302543282237715
538 3.029470982381663
539 3.028776011926103
540 3.028060500056026
Train R2 - DI: -2.153
Val R2 - DI: -2.029
Test R2 - DI: -2.018
541 3.0273712648416304
542 3.02659824718753
543 3.0259341025912825
544 3.0251127088313936
545 3.024385587115284
546 3.023723257771941
547 3.0230934254774278
548 3.0223669329766887
549 3.0215579051696686
550 3.020821256471277
Train R2 - DI: -2.145
Val R2 - DI: -2.022
Test R2 - DI: -2.012
551 3.020093741608534
552 3.01955736126296
553 3.0187820283818914
554 3.0179847514114204
555 3.017394032055361
556 3.016719199383774
557 3.0160830138396637
558 3.0154057767374938
559 3.014723566646735
560 3.014024711721679
Train R2 - DI: -2.138
Val R2 - DI: -2.015
Test R2 - DI: -2.006
561 3.013411362845397
562 3.0127457081141844
563 3.012145978921828
564 3.0114508217442117
565 3.0107823797389357
566 3.0101051484209917
567 3.0094991147834484
568 3.0088220770563296
569 3.008165433065199
570 3.0075942320386235
Train R2 - DI: -2.131
Val R2 - DI: -2.009
Test R2 - DI: -2.001
571 3.006918288976338
572 3.00632657346805
573 3.0056903452652706
574 3.0050615205106816
575 3.004462153555499
576 3.003807994612606
577 3.0032230638210478
578 3.002581612461891
579 3.0020158905437087
580 3.0014548025138454
Train R2 - DI: -2.125
Val R2 - DI: -2.002
Test R2 - DI: -1.996
581 3.0007395176746523
582 3.0002061013835593
583 2.999619292706771
584 2.9989851357992894
585 2.99842088397838
586 2.997859138173529
587 2.9972741744841835
588 2.9966238830196215
589 2.996137126094017
590 2.995537380814281
Train R2 - DI: -2.119
Val R2 - DI: -1.996
Test R2 - DI: -1.992
591 2.9950008119390805
592 2.9944074805529395
593 2.993844301615636
594 2.9933510444849345
595 2.992748813524311
596 2.992278972658992
597 2.99171020136899
598 2.991183897868714
599 2.990610690980901
600 2.9900191506262166
Train R2 - DI: -2.113
Val R2 - DI: -1.991
Test R2 - DI: -1.987
601 2.989553859145285
602 2.9889635490232385
603 2.988390824576053
604 2.987921370259734
605 2.9873579467581113
606 2.9868753368516505
607 2.9863624216662474
608 2.9858902279764887
609 2.985328547424941
610 2.984904307682827
Train R2 - DI: -2.108
Val R2 - DI: -1.985
Test R2 - DI: -1.983
611 2.9843124425076826
612 2.9838129676951883
613 2.98330051597092
614 2.982752189932672
615 2.9822567102130026
616 2.9817784060303962
617 2.9812862654361334
618 2.980754808370953
619 2.980298504673956
620 2.979772231721625
Train R2 - DI: -2.103
Val R2 - DI: -1.980
Test R2 - DI: -1.979
621 2.9792885294097946
622 2.9788394214711107
623 2.978322764072028
624 2.9778499136918235
625 2.977412723066953
626 2.9768826464435385
627 2.9764512846919966
628 2.9758956690825142
629 2.975521344502285
630 2.9750738328293114
Train R2 - DI: -2.098
Val R2 - DI: -1.975
Test R2 - DI: -1.975
631 2.9745640704087726
632 2.9741089159652443
633 2.973608027632441
634 2.973159790762091
635 2.972695872854156
636 2.9722123661214788
637 2.971817675099579
638 2.9713711715088005
639 2.9709242697101907
640 2.9704164280143086
Train R2 - DI: -2.093
Val R2 - DI: -1.971
Test R2 - DI: -1.972
641 2.970030894326477
642 2.96965376295042
643 2.969148668942802
644 2.968680230300475
645 2.9682282546508305
646 2.967836613723778
647 2.9673657594439296
648 2.966977673104715
649 2.9665306798430264
650 2.9661139727904096
Train R2 - DI: -2.088
Val R2 - DI: -1.966
Test R2 - DI: -1.968
651 2.9657260212959713
652 2.965291402121219
653 2.9648357332430617
654 2.964453293031775
655 2.9640112995107217
656 2.9636695327136984
657 2.9632433359147563
658 2.9628626416360366
659 2.962409257346523
660 2.962029902477713
Train R2 - DI: -2.084
Val R2 - DI: -1.962
Test R2 - DI: -1.965
661 2.9615925912878747
662 2.961178133034001
663 2.9607673779502792
664 2.9603995447180504
665 2.9600253150352844
666 2.959580582140792
667 2.9592204961567057
668 2.9588152679012434
669 2.9584829232474004
670 2.9580799132427362
Train R2 - DI: -2.080
Val R2 - DI: -1.958
Test R2 - DI: -1.962
671 2.957694614539099
672 2.957340541439042
673 2.9569296440995037
674 2.9565596388902873
675 2.9562252493316787
676 2.9558260001586727
677 2.9554838754626456
678 2.9550621449902166
679 2.9547170040009147
680 2.9543219921352106
Train R2 - DI: -2.076
Val R2 - DI: -1.954
Test R2 - DI: -1.959
681 2.953994771582869
682 2.9536175615774853
683 2.953244417250563
684 2.9529283082873827
685 2.9525561952699397
686 2.952224221168096
687 2.9518348299435724
688 2.9515095438534242
689 2.9511290312355625
690 2.950806470239045
Train R2 - DI: -2.072
Val R2 - DI: -1.951
Test R2 - DI: -1.956
691 2.9504782781174366
692 2.9501128061148503
693 2.9497619974875287
694 2.9494076028206386
695 2.949088440418605
696 2.9487510887938435
697 2.948416781298946
698 2.948115571327875
699 2.9477616431949896
700 2.947424923135441
Train R2 - DI: -2.069
Val R2 - DI: -1.947
Test R2 - DI: -1.953
701 2.9470774332079768
702 2.9467719718305516
703 2.9464077945908786
704 2.9460751278279314
705 2.945769730619267
706 2.9454327464736347
707 2.9451302735528953
708 2.944838121137988
709 2.94450947387007
710 2.944223964096833
Train R2 - DI: -2.066
Val R2 - DI: -1.944
Test R2 - DI: -1.951
711 2.9438880012286623
712 2.9435535856410353
713 2.943211398222304
714 2.9429251162548513
715 2.9426435298138807
716 2.9423160475252974
717 2.9420436852985117
718 2.9416891986262717
719 2.9413927906475976
720 2.9410969741060664
Train R2 - DI: -2.062
Val R2 - DI: -1.941
Test R2 - DI: -1.948
721 2.940809503841617
722 2.9404842414306454
723 2.940209053790054
724 2.9398845238067417
725 2.939610503495327
726 2.9393127539376582
727 2.9390321392467116
728 2.938741163018077
729 2.9384126907230055
730 2.938140607765898
Train R2 - DI: -2.059
Val R2 - DI: -1.938
Test R2 - DI: -1.946
731 2.937856850793996
732 2.937545527103184
733 2.9372787594885605
734 2.937017280464375
735 2.9367095735418336
736 2.9363957369661944
737 2.9361443027933047
738 2.935845063797356
739 2.935565546844112
740 2.9352720904476812
Train R2 - DI: -2.056
Val R2 - DI: -1.935
Test R2 - DI: -1.943
741 2.935001690158164
742 2.934717122129277
743 2.9344670584565136
744 2.934187532284659
745 2.9339403540370497
746 2.933696082724686
747 2.9334224736356123
748 2.933146068596135
749 2.9328898002560884
750 2.9326003906490046
Train R2 - DI: -2.054
Val R2 - DI: -1.932
Test R2 - DI: -1.941
751 2.9323642385828395
752 2.932084914858907
753 2.931844086064996
754 2.931567256788669
755 2.9313072576226387
756 2.9310303968945806
757 2.930756656937386
758 2.9305023447503817
759 2.930263268034778
760 2.930002565000706
Train R2 - DI: -2.051
Val R2 - DI: -1.930
Test R2 - DI: -1.939
761 2.9297506527253585
762 2.9295098888232367
763 2.929290109551974
764 2.9290273780620306
765 2.92878802695719
766 2.928513899095317
767 2.9282899448779425
768 2.928021058067397
769 2.9277978923123746
770 2.927571700322438
Train R2 - DI: -2.048
Val R2 - DI: -1.927
Test R2 - DI: -1.937
771 2.9272968985981973
772 2.9270485570884457
773 2.9268211618890536
774 2.926605035718234
775 2.926372853077389
776 2.9261401131624885
777 2.925907684149753
778 2.9256773712600697
779 2.925435160759094
780 2.925209947749464
Train R2 - DI: -2.046
Val R2 - DI: -1.925
Test R2 - DI: -1.935
781 2.924989916502842
782 2.9247657932776043
783 2.9245386291761304
784 2.924330218711344
785 2.9241201131067283
786 2.923909587513054
787 2.9236466557442737
788 2.923458143108446
789 2.923256856731794
790 2.923018135384595
Train R2 - DI: -2.044
Val R2 - DI: -1.923
Test R2 - DI: -1.934
791 2.922792174402198
792 2.922569555979592
793 2.922312498996437
794 2.9221376416536784
795 2.9219175189439777
796 2.9217299301575492
797 2.9215063146789295
798 2.92127244340551
799 2.921092700018315
800 2.9208822834211556
Train R2 - DI: -2.041
Val R2 - DI: -1.920
Test R2 - DI: -1.932
0.12811804270640392
Test R2 - DI: -1.932
Test R2 - DI: 0.107

------------------------------------------------------------
Sender: LSF System <lsfadmin@hpc.dtu.dk>
Subject: Job 14794935: <testjob> in cluster <dcc> Done

Job <testjob> was submitted from host <n-62-30-5> by user <s174503> in cluster <dcc> at Thu Nov 17 18:36:10 2022
Job was executed on host(s) <n-62-11-14>, in queue <gpuv100>, as user <s174503> in cluster <dcc> at Fri Nov 18 00:57:34 2022
</zhome/fd/6/127382> was used as the home directory.
</zhome/fd/6/127382/Desktop/MasterThesis/Master-thesis> was used as the working directory.
Started at Fri Nov 18 00:57:34 2022
Terminated at Fri Nov 18 12:10:48 2022
Results reported at Fri Nov 18 12:10:48 2022

Your job looked like:

------------------------------------------------------------
# LSBATCH: User input
#!/bin/sh
#BSUB -q gpuv100
#BSUB -J testjob
#BSUB -n 1
#BSUB -gpu "num=1:mode=exclusive_process"
#BSUB -W 18:00
#BSUB -R "rusage[mem=5GB]"
#BSUB -o outputs/gpu_%J.out
#BSUB -e outputs/errors/gpu_%J.err

nvidia-smi
module load cuda/11.6

/appl/cuda/11.6.0/samples/bin/x86_64/linux/release/deviceQuery

source $HOME/miniconda3/bin/activate
source venv_1/bin/activate

python3 main.py Deep_google 128 1e-6 0.1 800 2_4_sgd_10wd01 7 SGD
python3 main.py Deep_google 128 1e-6 1 800 2_4_sgd_10wd1 7 SGD
python3 main.py Deep_google 128 1e-6 10 800 2_4_sgd_10wd10 7 SGD

------------------------------------------------------------

Successfully completed.

Resource usage summary:

    CPU time :                                   34954.68 sec.
    Max Memory :                                 2270 MB
    Average Memory :                             2228.45 MB
    Total Requested Memory :                     5120.00 MB
    Delta Memory :                               2850.00 MB
    Max Swap :                                   -
    Max Processes :                              4
    Max Threads :                                8
    Run time :                                   40397 sec.
    Turnaround time :                            63278 sec.

The output (if any) is above this job summary.



PS:

Read file <outputs/errors/gpu_14794935.err> for stderr output of this job.

