Fri Nov 18 22:05:58 2022       
+-----------------------------------------------------------------------------+
| NVIDIA-SMI 520.61.05    Driver Version: 520.61.05    CUDA Version: 11.8     |
|-------------------------------+----------------------+----------------------+
| GPU  Name        Persistence-M| Bus-Id        Disp.A | Volatile Uncorr. ECC |
| Fan  Temp  Perf  Pwr:Usage/Cap|         Memory-Usage | GPU-Util  Compute M. |
|                               |                      |               MIG M. |
|===============================+======================+======================|
|   0  Tesla V100-PCIE...  On   | 00000000:D8:00.0 Off |                    0 |
| N/A   33C    P0    40W / 250W |      0MiB / 32768MiB |      0%   E. Process |
|                               |                      |                  N/A |
+-------------------------------+----------------------+----------------------+
                                                                               
+-----------------------------------------------------------------------------+
| Processes:                                                                  |
|  GPU   GI   CI        PID   Type   Process name                  GPU Memory |
|        ID   ID                                                   Usage      |
|=============================================================================|
|  No running processes found                                                 |
+-----------------------------------------------------------------------------+
/appl/cuda/11.6.0/samples/bin/x86_64/linux/release/deviceQuery Starting...

 CUDA Device Query (Runtime API) version (CUDART static linking)

Detected 1 CUDA Capable device(s)

Device 0: "Tesla V100-PCIE-32GB"
  CUDA Driver Version / Runtime Version          11.8 / 11.6
  CUDA Capability Major/Minor version number:    7.0
  Total amount of global memory:                 32511 MBytes (34089926656 bytes)
  (080) Multiprocessors, (064) CUDA Cores/MP:    5120 CUDA Cores
  GPU Max Clock rate:                            1380 MHz (1.38 GHz)
  Memory Clock rate:                             877 Mhz
  Memory Bus Width:                              4096-bit
  L2 Cache Size:                                 6291456 bytes
  Maximum Texture Dimension Size (x,y,z)         1D=(131072), 2D=(131072, 65536), 3D=(16384, 16384, 16384)
  Maximum Layered 1D Texture Size, (num) layers  1D=(32768), 2048 layers
  Maximum Layered 2D Texture Size, (num) layers  2D=(32768, 32768), 2048 layers
  Total amount of constant memory:               65536 bytes
  Total amount of shared memory per block:       49152 bytes
  Total shared memory per multiprocessor:        98304 bytes
  Total number of registers available per block: 65536
  Warp size:                                     32
  Maximum number of threads per multiprocessor:  2048
  Maximum number of threads per block:           1024
  Max dimension size of a thread block (x,y,z): (1024, 1024, 64)
  Max dimension size of a grid size    (x,y,z): (2147483647, 65535, 65535)
  Maximum memory pitch:                          2147483647 bytes
  Texture alignment:                             512 bytes
  Concurrent copy and kernel execution:          Yes with 7 copy engine(s)
  Run time limit on kernels:                     No
  Integrated GPU sharing Host Memory:            No
  Support host page-locked memory mapping:       Yes
  Alignment requirement for Surfaces:            Yes
  Device has ECC support:                        Enabled
  Device supports Unified Addressing (UVA):      Yes
  Device supports Managed Memory:                Yes
  Device supports Compute Preemption:            Yes
  Supports Cooperative Kernel Launch:            Yes
  Supports MultiDevice Co-op Kernel Launch:      Yes
  Device PCI Domain ID / Bus ID / location ID:   0 / 216 / 0
  Compute Mode:
     < Exclusive Process (many threads in one process is able to use ::cudaSetDevice() with this device) >

deviceQuery, CUDA Driver = CUDART, CUDA Driver Version = 11.8, CUDA Runtime Version = 11.6, NumDevs = 1
Result = PASS
CNN_simple
batch_size =  128 lr =  1e-06 wd =  0.1
5276 1164 1140
cuda:0
Using SGD
1 2.872110528960383
2 1.9389372032822036
3 1.4969032497637376
4 1.3353755575314536
5 1.2166040058475809
6 1.1359647502494274
7 1.0894949685632505
8 1.04752439680743
9 1.0367912843970297
10 1.0129140418438047
Train R2 - DI: 0.014
Val R2 - DI: -0.071
Test R2 - DI: 0.042
11 1.0119135349062558
12 0.9823364140049267
13 0.976832220010273
14 0.9708594109092001
15 0.9617962106508772
16 0.9470105163069545
17 0.9362109273197616
18 0.9315519427331312
19 0.9083428018422087
20 0.9158390777141782
Train R2 - DI: 0.121
Val R2 - DI: 0.019
Test R2 - DI: 0.114
21 0.9163097553491774
22 0.893358941011306
23 0.9001933640833603
24 0.9026994841671785
25 0.8829715532999856
26 0.9036103820059678
27 0.8784527751511927
28 0.877429777650421
29 0.8833958216920959
30 0.8782404221938902
Train R2 - DI: 0.170
Val R2 - DI: 0.067
Test R2 - DI: 0.148
31 0.8627102886573034
32 0.8557436136787275
33 0.8555730380643218
34 0.857944400632264
35 0.8632946891527993
36 0.8507649398735746
37 0.8436297561473427
38 0.8268880970646162
39 0.8483494080495798
40 0.8421912589608223
Train R2 - DI: 0.194
Val R2 - DI: 0.103
Test R2 - DI: 0.163
41 0.8348712836186754
42 0.8259300232566243
43 0.8343427766896813
44 0.8259872274022829
45 0.8236014937432631
46 0.8248239812117079
47 0.8195796190472242
48 0.8129424378219384
49 0.8074437255114656
50 0.8090020652247524
Train R2 - DI: 0.231
Val R2 - DI: 0.128
Test R2 - DI: 0.194
51 0.8208147319453155
52 0.80078036076558
53 0.8109664232374774
54 0.8002380996242087
55 0.7937380610043755
56 0.7876150353195271
57 0.8095152460326743
58 0.8045888726145504
59 0.784043243520634
60 0.8104179605016932
Train R2 - DI: 0.242
Val R2 - DI: 0.147
Test R2 - DI: 0.198
61 0.7975151068880487
62 0.7978486460298186
63 0.7874698577458611
64 0.7899875974817833
65 0.7755799293066173
66 0.7775330965585832
67 0.7851856007912197
68 0.7834848998802191
69 0.7716125855398865
70 0.7867138200948598
Train R2 - DI: 0.253
Val R2 - DI: 0.161
Test R2 - DI: 0.195
71 0.776197377075473
72 0.7736006678280458
73 0.7764913502111862
74 0.7836760132036217
75 0.7651712681598244
76 0.7776467895489737
77 0.7733556959012677
78 0.7729911688966585
79 0.7713161368908712
80 0.7646236689457666
Train R2 - DI: 0.269
Val R2 - DI: 0.167
Test R2 - DI: 0.218
81 0.7792766406013715
82 0.7721916734494433
83 0.7652135212101477
84 0.772738014413517
85 0.7728580310545337
86 0.762839975367901
87 0.7510219139976877
88 0.7611966835358904
89 0.7667951359723534
90 0.7581136481973418
Train R2 - DI: 0.281
Val R2 - DI: 0.177
Test R2 - DI: 0.223
91 0.7493450688628919
92 0.737957105887849
93 0.7677389641798654
94 0.7420408004517804
95 0.756054569863297
96 0.7389144323783178
97 0.7405504460493844
98 0.7558041831776443
99 0.7515420336177441
100 0.7423372213997743
Train R2 - DI: 0.292
Val R2 - DI: 0.180
Test R2 - DI: 0.234
101 0.7437718062350206
102 0.7515622147382255
103 0.7511762789110961
104 0.7364273974622534
105 0.7487890033038662
106 0.7381427450284893
107 0.7248121158384391
108 0.732358623310144
109 0.7456762398888976
110 0.7404012825563154
Train R2 - DI: 0.291
Val R2 - DI: 0.188
Test R2 - DI: 0.220
111 0.7330081883798141
112 0.733580367460316
113 0.7298900513507997
114 0.7283770763304669
115 0.7301466676256166
116 0.7309469277430339
117 0.7286560174368655
118 0.7330402683091037
119 0.7430403672717936
120 0.7279388031966764
Train R2 - DI: 0.302
Val R2 - DI: 0.189
Test R2 - DI: 0.232
121 0.712853406576427
122 0.73234996283208
123 0.7340403816029373
124 0.7300096584414785
125 0.7245604980615524
126 0.7195492645752439
127 0.7315742297548521
128 0.7233059686002088
129 0.7396026343175007
130 0.7204704814286192
Train R2 - DI: 0.304
Val R2 - DI: 0.192
Test R2 - DI: 0.228
131 0.7152603575458483
132 0.7153507017384342
133 0.7185648506206487
134 0.7326130537122737
135 0.7299384198647905
136 0.7211037375784173
137 0.7318488603925235
138 0.7177474313472779
139 0.7116824259262722
140 0.7281524690377884
Train R2 - DI: 0.313
Val R2 - DI: 0.193
Test R2 - DI: 0.240
141 0.727932181477637
142 0.7394151517032583
143 0.7218886984397824
144 0.71872889869045
145 0.7203552854431678
146 0.7145811879698122
147 0.7174659581958027
148 0.7173715789178902
149 0.7041398282300532
150 0.7131411693961988
Train R2 - DI: 0.316
Val R2 - DI: 0.199
Test R2 - DI: 0.234
151 0.7273646959578838
152 0.7197516437639695
153 0.7015209188056408
154 0.7185046060958353
155 0.7106295084302583
156 0.7093702878709812
157 0.713736329004564
158 0.7041057419198494
159 0.722902203979955
160 0.7126968488085893
Train R2 - DI: 0.316
Val R2 - DI: 0.199
Test R2 - DI: 0.235
161 0.7145911238245931
162 0.7134831707255238
163 0.7095448001936767
164 0.7072057421682819
165 0.7078731342461002
166 0.7144616234926132
167 0.7040116288971051
168 0.7118163812874483
169 0.7042817142626117
170 0.7068840812064193
Train R2 - DI: 0.315
Val R2 - DI: 0.198
Test R2 - DI: 0.221
171 0.7012904879719675
172 0.7063980965202192
173 0.7074058499184407
174 0.6940821807342917
175 0.7066387302320595
176 0.7046200630337656
177 0.6912063503012321
178 0.7082576271347063
179 0.7079388043978071
180 0.6988329792944566
Train R2 - DI: 0.323
Val R2 - DI: 0.198
Test R2 - DI: 0.237
181 0.702465396382937
182 0.7009837984406108
183 0.6960913195946254
184 0.6963581329407884
185 0.699465402515663
186 0.695538456237524
187 0.6936588594188646
188 0.6936372723698706
189 0.7027409212710372
190 0.697943192300153
Train R2 - DI: 0.324
Val R2 - DI: 0.200
Test R2 - DI: 0.231
191 0.7017928708042495
192 0.6875077850715603
193 0.6881830512889865
194 0.7033632079067331
195 0.6950137418630541
196 0.70469207434694
197 0.690799938809971
198 0.6950313786017885
199 0.6872189284229567
200 0.6958412828546658
Train R2 - DI: 0.334
Val R2 - DI: 0.202
Test R2 - DI: 0.240
201 0.6910714286579337
202 0.6892936424019663
203 0.699717284197876
204 0.6983558877432681
205 0.7003996659626647
206 0.6774596627956995
207 0.6895442362352245
208 0.6879436823343851
209 0.6997819732679753
210 0.6966241970488842
Train R2 - DI: 0.341
Val R2 - DI: 0.195
Test R2 - DI: 0.250
211 0.6892527573211704
212 0.6916543037444918
213 0.6929443953523499
214 0.6920653940873945
215 0.6880925658799375
216 0.7002019313721154
217 0.6880436166386608
218 0.696931549054913
219 0.686407235737006
220 0.6873353321141958
Train R2 - DI: 0.334
Val R2 - DI: 0.202
Test R2 - DI: 0.230
221 0.6918945143040244
222 0.6760774248472392
223 0.6884553439017044
224 0.6925847192349264
225 0.6864280107122556
226 0.6839924941377444
227 0.6928213111734282
228 0.6875310264092851
229 0.6890993251594474
230 0.6744181262082092
Train R2 - DI: 0.339
Val R2 - DI: 0.207
Test R2 - DI: 0.232
231 0.6825253640367192
232 0.6902682891481297
233 0.6854203338872492
234 0.6789790739427469
235 0.6898586778047864
236 0.6733136380188749
237 0.6891160023492606
238 0.6752344150720355
239 0.6828786211089712
240 0.6775818104270374
Train R2 - DI: 0.340
Val R2 - DI: 0.205
Test R2 - DI: 0.237
241 0.6934799200843192
242 0.6812494993209839
243 0.6764127144405027
244 0.6810790251564853
245 0.6896657562780055
246 0.6910951148840042
247 0.678463210745053
248 0.6792501388760206
249 0.678293098411025
250 0.6745483209636738
Train R2 - DI: 0.347
Val R2 - DI: 0.200
Test R2 - DI: 0.242
251 0.6855689994397717
252 0.681276463305435
253 0.6700981280584964
254 0.6801069119918337
255 0.6759958481409045
256 0.675369366901765
257 0.6812984613056342
258 0.6740725695228288
259 0.6832939256222705
260 0.6764394684304244
Train R2 - DI: 0.347
Val R2 - DI: 0.204
Test R2 - DI: 0.240
261 0.663288830129191
262 0.6819430395813942
263 0.6785219869349742
264 0.6839265909223867
265 0.6708714476220982
266 0.6736957531611607
267 0.6730170773682583
268 0.6758081172794171
269 0.6767610782380353
270 0.6699717887610175
Train R2 - DI: 0.347
Val R2 - DI: 0.198
Test R2 - DI: 0.224
271 0.6880116416162573
272 0.6692097819240098
273 0.677554666634488
274 0.681575439299843
275 0.6659332477205897
276 0.6693541463619836
277 0.6734799587247586
278 0.6665826149968327
279 0.6684961748945614
280 0.6777648432766333
Train R2 - DI: 0.348
Val R2 - DI: 0.204
Test R2 - DI: 0.227
281 0.6702311273051357
282 0.6629260500513124
283 0.6791240931732172
284 0.6619970782676188
285 0.6758437171363758
286 0.6610972788227246
287 0.6749828852334648
288 0.6761778987113773
289 0.6727453671774238
290 0.6654160379278922
Train R2 - DI: 0.353
Val R2 - DI: 0.205
Test R2 - DI: 0.233
291 0.6667531037800596
292 0.6681878010462051
293 0.6621419967712101
294 0.6667474367746898
295 0.6586874941246721
296 0.6785250904887259
297 0.6704105857288051
298 0.6652228803775634
299 0.6692965267010039
300 0.6625742219089106
Train R2 - DI: 0.355
Val R2 - DI: 0.199
Test R2 - DI: 0.231
301 0.6733877516949692
302 0.6623678093520505
303 0.665725108120277
304 0.6604352805811496
305 0.669212501911253
306 0.6651212493970233
307 0.6672854783681417
308 0.6646501796547439
309 0.6610137120713964
310 0.6640774524510132
Train R2 - DI: 0.356
Val R2 - DI: 0.200
Test R2 - DI: 0.234
311 0.6678461311801625
312 0.6655463325064502
313 0.6633185249914989
314 0.6612270046039637
315 0.6623356005203733
316 0.650590116142594
317 0.6614569560924745
318 0.6589261239184133
319 0.6684765537820864
320 0.660787619136336
Train R2 - DI: 0.364
Val R2 - DI: 0.205
Test R2 - DI: 0.240
321 0.6534815061896746
322 0.6555846830133781
323 0.6695392571497
324 0.6727316700390924
325 0.6605285875177275
326 0.6665199153164827
327 0.6634264901743593
328 0.6725169228639812
329 0.6563917916773665
330 0.6626962460153839
Train R2 - DI: 0.366
Val R2 - DI: 0.202
Test R2 - DI: 0.240
331 0.6588353046510507
332 0.6638575219312701
333 0.6605632826629418
334 0.6541198998621868
335 0.652741555285508
336 0.6639369769562727
337 0.6562431197079679
338 0.6547935026174607
339 0.6595717215736858
340 0.6559069326106485
Train R2 - DI: 0.368
Val R2 - DI: 0.198
Test R2 - DI: 0.235
341 0.658211931529779
342 0.6545362669559389
343 0.6477388487429759
344 0.6541853263307648
345 0.6556940405453761
346 0.659773811912609
347 0.6558095026956172
348 0.6655853097415314
349 0.65651477693698
350 0.6476648809152449
Train R2 - DI: 0.363
Val R2 - DI: 0.203
Test R2 - DI: 0.221
351 0.6643037030966197
352 0.6478696863383755
353 0.6571715663019865
354 0.6520589121911813
355 0.655786126016034
356 0.6482176259216529
357 0.6459324128524746
358 0.6485210346217586
359 0.6534139141157959
360 0.6522316873028389
Train R2 - DI: 0.366
Val R2 - DI: 0.197
Test R2 - DI: 0.238
361 0.6529351337512755
362 0.6570312356840399
363 0.6489223794470781
364 0.6480060362562797
365 0.6583887983941056
366 0.6472321139582184
367 0.6581638778494198
368 0.6514366389766979
369 0.6558368861268559
370 0.6535389036098332
Train R2 - DI: 0.373
Val R2 - DI: 0.202
Test R2 - DI: 0.242
371 0.6524486935120627
372 0.6487122620932526
373 0.6550714611736006
374 0.65668670002758
375 0.6507360436095714
376 0.6534227672357104
377 0.6414058491350395
378 0.6412538966055257
379 0.6472458334200485
380 0.6430385003856315
Train R2 - DI: 0.375
Val R2 - DI: 0.197
Test R2 - DI: 0.231
381 0.6479048102619613
382 0.6539530869773882
383 0.6437467865820994
384 0.650811099481908
385 0.6341502973308519
386 0.6489482114403604
387 0.6462544593691736
388 0.6484149163468848
389 0.6481185485414703
390 0.6524664799854374
Train R2 - DI: 0.373
Val R2 - DI: 0.201
Test R2 - DI: 0.224
391 0.6452070997464467
392 0.6370884222998775
393 0.6491381877113961
394 0.6509662590937871
395 0.6501871532703368
396 0.6434683388521312
397 0.6504846615173132
398 0.6481517182325576
399 0.6524281491602434
400 0.6534091524322255
Train R2 - DI: 0.373
Val R2 - DI: 0.198
Test R2 - DI: 0.236
401 0.6449256411459159
402 0.6348385561859183
403 0.6409870864678008
404 0.6395181487056683
405 0.6420391217789205
406 0.6430847538159236
407 0.6404002101878672
408 0.6399100937564957
409 0.6466100330692607
410 0.6429818194413203
Train R2 - DI: 0.377
Val R2 - DI: 0.200
Test R2 - DI: 0.242
411 0.6466020046308965
412 0.6394513668301794
413 0.6418425360803264
414 0.6426357379729681
415 0.6367268351734905
416 0.6451411689656353
417 0.6457200746720627
418 0.6518606823714418
419 0.6479223588816229
420 0.6432449223418594
Train R2 - DI: 0.383
Val R2 - DI: 0.197
Test R2 - DI: 0.240
421 0.6495495608261447
422 0.636652278122891
423 0.6352611255971115
424 0.6443515007833895
425 0.6318419445772077
426 0.6474115571982938
427 0.6453597617474716
428 0.6457700866745493
429 0.6348015913871132
430 0.6469994054498593
Train R2 - DI: 0.388
Val R2 - DI: 0.195
Test R2 - DI: 0.250
431 0.6370046508411642
432 0.6338529308877993
433 0.6334720234061119
434 0.6345927726146938
435 0.6336533873256541
436 0.6444914235230013
437 0.6347934502919033
438 0.6366317184970992
439 0.6359547145263638
440 0.6416223013916189
Train R2 - DI: 0.390
Val R2 - DI: 0.194
Test R2 - DI: 0.241
441 0.6383539019343164
442 0.6500605460456865
443 0.6334256310188201
444 0.6299633560892847
445 0.6400259700663801
446 0.6368249511068025
447 0.6272025712969811
448 0.6377953471922351
449 0.6403340943118132
450 0.6299093496266236
Train R2 - DI: 0.382
Val R2 - DI: 0.196
Test R2 - DI: 0.232
451 0.6295252247142286
452 0.6321619637903614
453 0.6363001919497677
454 0.6344132500222635
455 0.6386906522254857
456 0.6332814920752947
457 0.6315381312297997
458 0.6365485708762336
459 0.6402907745462191
460 0.6407510059814366
Train R2 - DI: 0.382
Val R2 - DI: 0.197
Test R2 - DI: 0.230
461 0.63555029655967
462 0.6390933891062126
463 0.6246623133420041
464 0.6343540344118982
465 0.6359971707024477
466 0.6377150786474314
467 0.628962124722577
468 0.6347714460781797
469 0.6422151018038584
470 0.634029463848623
Train R2 - DI: 0.389
Val R2 - DI: 0.197
Test R2 - DI: 0.242
471 0.6307133649270402
472 0.6361464937588227
473 0.628470895053583
474 0.6378600013084353
475 0.6289655886607427
476 0.6254161633353418
477 0.6332708427045632
478 0.6306032166054432
479 0.6449482620349881
480 0.6382593302404999
Train R2 - DI: 0.398
Val R2 - DI: 0.192
Test R2 - DI: 0.246
481 0.6273367646926276
482 0.6242049333270162
483 0.6301049551248008
484 0.6268287709574523
485 0.6271233420375625
486 0.6262135073214973
487 0.6240662626916482
488 0.6275380707943955
489 0.6218481748008294
490 0.6186578773114607
Train R2 - DI: 0.392
Val R2 - DI: 0.193
Test R2 - DI: 0.234
491 0.6361398484057961
492 0.6296171272587288
493 0.6343241615942521
494 0.633303275539443
495 0.6278511826245509
496 0.6197326294032799
497 0.6314999853416859
498 0.6251446161196031
499 0.629000843655801
500 0.6327510181930229
Train R2 - DI: 0.393
Val R2 - DI: 0.196
Test R2 - DI: 0.231
501 0.635204341666458
502 0.6297223530907446
503 0.6200568922728278
504 0.6369519156429965
505 0.6295859698909444
506 0.6292391504818422
507 0.6328453371432625
508 0.6162439531860612
509 0.6315043099546541
510 0.6251116838755257
Train R2 - DI: 0.390
Val R2 - DI: 0.198
Test R2 - DI: 0.230
511 0.6204254176238886
512 0.6277771260676915
513 0.6325341660114199
514 0.6224978205107485
515 0.6283566236857486
516 0.6171189429318932
517 0.6277512480491395
518 0.6231954331828212
519 0.6240920704182935
520 0.6200972719116586
Train R2 - DI: 0.388
Val R2 - DI: 0.195
Test R2 - DI: 0.215
521 0.6244933090488327
522 0.6175480816651692
523 0.6283635775459093
524 0.6204786527057413
525 0.6293178075547468
526 0.6273396668604054
527 0.6168952015333776
528 0.630167557851576
529 0.6158422073059863
530 0.6204703622825947
Train R2 - DI: 0.401
Val R2 - DI: 0.193
Test R2 - DI: 0.235
531 0.6173100799796616
532 0.6299730458659055
533 0.6255813118090134
534 0.6196798239358001
535 0.6299317703272377
536 0.6225779987447998
537 0.6153250416632039
538 0.62478543801051
539 0.6169545975393016
540 0.6239430145208722
Train R2 - DI: 0.403
Val R2 - DI: 0.196
Test R2 - DI: 0.235
541 0.6254858228860252
542 0.6284547238028168
543 0.6228319629744384
544 0.6199500878441053
545 0.6166321172056277
546 0.6232707141654974
547 0.6164235013556173
548 0.6212581055375823
549 0.6257330845756184
550 0.6159358577939757
Train R2 - DI: 0.405
Val R2 - DI: 0.193
Test R2 - DI: 0.244
551 0.6218403810529297
552 0.6210650648015118
553 0.6120971836223125
554 0.6267270771638294
555 0.6276391562952789
556 0.6124162611137113
557 0.6115950867025305
558 0.6134919810240878
559 0.6281452061914874
560 0.6183726285288422
Train R2 - DI: 0.406
Val R2 - DI: 0.195
Test R2 - DI: 0.240
561 0.6196194482265411
562 0.6078273028564598
563 0.6128138460111582
564 0.6171744144532245
565 0.6184251100118635
566 0.6213817594176083
567 0.6097645087166208
568 0.6220271602736177
569 0.6167101212032281
570 0.611587895824658
Train R2 - DI: 0.406
Val R2 - DI: 0.194
Test R2 - DI: 0.233
571 0.6171642008877958
572 0.6052301327236861
573 0.6195956708085275
574 0.6114411981743877
575 0.6080750372709878
576 0.6050533370550516
577 0.617830484269513
578 0.6171904959806988
579 0.6176559802164536
580 0.612839355443444
Train R2 - DI: 0.407
Val R2 - DI: 0.194
Test R2 - DI: 0.239
581 0.6130908776450283
582 0.6139601162430732
583 0.6123367015659312
584 0.6157921567118647
585 0.6165967747919301
586 0.6149899560317025
587 0.6160877733360736
588 0.6094045704110632
589 0.6097746693880112
590 0.6115808688934505
Train R2 - DI: 0.411
Val R2 - DI: 0.196
Test R2 - DI: 0.242
591 0.6140634511301606
592 0.621239241277566
593 0.6115173171920429
594 0.6145555469418584
595 0.6104294986685087
596 0.613948810498221
597 0.6129419603430927
598 0.6125050025785214
599 0.6165003416391825
600 0.6143073847657176
Train R2 - DI: 0.413
Val R2 - DI: 0.192
Test R2 - DI: 0.230
601 0.6110808908984551
602 0.6137117564542625
603 0.6125643727813732
604 0.6130165118354121
605 0.618564055601334
606 0.608870480483549
607 0.6096581133411544
608 0.61266165352663
609 0.6134822200969641
610 0.6212616632434795
Train R2 - DI: 0.415
Val R2 - DI: 0.192
Test R2 - DI: 0.237
611 0.6065775313279772
612 0.6046421073032564
613 0.6118649414672013
614 0.6086444566428797
615 0.6113516794089751
616 0.6051968165289913
617 0.6164677793370493
618 0.615859899853467
619 0.6170177609067329
620 0.6114313289285881
Train R2 - DI: 0.411
Val R2 - DI: 0.196
Test R2 - DI: 0.232
621 0.6086176707493346
622 0.60283575169149
623 0.6057053966175163
624 0.6114177517225744
625 0.6109516687967996
626 0.6095407522926736
627 0.613848616355653
628 0.6000754745102362
629 0.607476574575657
630 0.5998486917609966
Train R2 - DI: 0.414
Val R2 - DI: 0.196
Test R2 - DI: 0.239
631 0.6070205237578045
632 0.6102799322679243
633 0.6129920496870117
634 0.6151694696992522
635 0.6044547929738487
636 0.6131690788937844
637 0.602793779040576
638 0.5988603670819408
639 0.6075247497699584
640 0.6084160860331335
Train R2 - DI: 0.412
Val R2 - DI: 0.193
Test R2 - DI: 0.227
641 0.6062612194649825
642 0.6058334590269816
643 0.6059275729987005
644 0.6016715536341692
645 0.6017385915520518
646 0.6038020850583583
647 0.6022126596474665
648 0.6103196727045563
649 0.6034693682257021
650 0.6079884371674359
Train R2 - DI: 0.415
Val R2 - DI: 0.193
Test R2 - DI: 0.241
651 0.58814076608198
652 0.5909594630905857
653 0.6164190039840768
654 0.5995600904543532
655 0.6080581205102691
656 0.606097509365718
657 0.6024889311978454
658 0.5972806289396655
659 0.6038639576395323
660 0.606055619953436
Train R2 - DI: 0.417
Val R2 - DI: 0.196
Test R2 - DI: 0.232
661 0.6014694987688216
662 0.6021678071296784
663 0.5996667720134553
664 0.6040220219497883
665 0.5980170228383684
666 0.6035400084512897
667 0.6033669706092267
668 0.6091874887583562
669 0.5998445073703277
670 0.5974107187204599
Train R2 - DI: 0.419
Val R2 - DI: 0.192
Test R2 - DI: 0.232
671 0.5967208078361262
672 0.6029500730838443
673 0.6054374798398021
674 0.6152654441583328
675 0.6154463609752554
676 0.6023465230936711
677 0.6029480147126771
678 0.5993562870128666
679 0.5958218959084598
680 0.6038812227191304
Train R2 - DI: 0.421
Val R2 - DI: 0.191
Test R2 - DI: 0.243
681 0.5950235435237841
682 0.6055161799780793
683 0.6098349538149483
684 0.5993435675669475
685 0.5982223641610308
686 0.5968107109814543
687 0.6023582889330577
688 0.6013706737932967
689 0.5997991806815482
690 0.6006281690854209
Train R2 - DI: 0.416
Val R2 - DI: 0.193
Test R2 - DI: 0.239
691 0.5920544743899417
692 0.601474824188513
693 0.5918185957188494
694 0.5904885314015207
695 0.5938971892643192
696 0.597667511301207
697 0.5927533779386501
698 0.594921406920522
699 0.5940915640327766
700 0.5986509573468664
Train R2 - DI: 0.420
Val R2 - DI: 0.190
Test R2 - DI: 0.233
701 0.589218698413739
702 0.599367822590337
703 0.5995515284437045
704 0.5955173428353259
705 0.6015742316311106
706 0.595691650043933
707 0.5971381263447314
708 0.5998520082013908
709 0.6000565969645751
710 0.6112721169238926
Train R2 - DI: 0.424
Val R2 - DI: 0.193
Test R2 - DI: 0.231
711 0.5975411056658823
712 0.5893071383305623
713 0.5992720812626912
714 0.6066735090406851
715 0.5891348837992746
716 0.5938824769490773
717 0.5997283061496049
718 0.5974460013713504
719 0.5938840244555672
720 0.59157676272902
Train R2 - DI: 0.423
Val R2 - DI: 0.191
Test R2 - DI: 0.238
721 0.599993263527333
722 0.5951572781805743
723 0.5944893691375276
724 0.5923422045378725
725 0.5964861613408103
726 0.5984888892335545
727 0.5981768285170751
728 0.5959155831805136
729 0.5915458453614392
730 0.5966446807747813
Train R2 - DI: 0.425
Val R2 - DI: 0.192
Test R2 - DI: 0.249
731 0.5900190332968005
732 0.59898680238402
733 0.5999866610137327
734 0.598078614342294
735 0.5978206378930984
736 0.5953688936942089
737 0.6044777954411018
738 0.5864588729444103
739 0.5874115640327188
740 0.5945044617204616
Train R2 - DI: 0.430
Val R2 - DI: 0.190
Test R2 - DI: 0.234
741 0.5916920422468337
742 0.5872469327502218
743 0.5942832359407235
744 0.5948792360242883
745 0.5913643349834786
746 0.5871002692178491
747 0.5912126134163146
748 0.5868567391450519
749 0.590487579354018
750 0.5885603891754801
Train R2 - DI: 0.427
Val R2 - DI: 0.189
Test R2 - DI: 0.227
751 0.5929312193095458
752 0.5871709329192615
753 0.5988617165238682
754 0.5902416138507997
755 0.5951950675705512
756 0.5908951531132575
757 0.5900387965521187
758 0.5895119880391758
759 0.5924536878860205
760 0.5897518794043124
Train R2 - DI: 0.426
Val R2 - DI: 0.188
Test R2 - DI: 0.224
761 0.5919358804878455
762 0.5863969232929395
763 0.5917265728805172
764 0.5911510636446782
765 0.5849211101192159
766 0.589113192973126
767 0.5963368887382533
768 0.5894624082946344
769 0.5891362083193206
770 0.5923860249101799
Train R2 - DI: 0.425
Val R2 - DI: 0.191
Test R2 - DI: 0.227
771 0.5846323517346762
772 0.5891356013596646
773 0.5854165995997674
774 0.5983786985583157
775 0.5977314188229125
776 0.5912698964624354
777 0.5931974047960161
778 0.5892816403989452
779 0.5902693988338756
780 0.5839944569968744
Train R2 - DI: 0.433
Val R2 - DI: 0.187
Test R2 - DI: 0.239
781 0.5912717553229835
782 0.5866860293185195
783 0.5960345279998721
784 0.5834974091644085
785 0.5872672253978171
786 0.5849047971097152
787 0.5904407310521991
788 0.5803588899000744
789 0.5895613902350824
790 0.5853516052761613
Train R2 - DI: 0.427
Val R2 - DI: 0.189
Test R2 - DI: 0.228
791 0.5859116462706796
792 0.5939819690311742
793 0.5828792531893414
794 0.5882212998200042
795 0.5857761845252476
796 0.5917315119545599
797 0.5866626713698881
798 0.5927069598386647
799 0.5832534885207661
800 0.5942605287175544
Train R2 - DI: 0.442
Val R2 - DI: 0.184
Test R2 - DI: 0.244
0.20659013057078024
Test R2 - DI: 0.244
Test R2 - DI: 0.232
CNN_simple
batch_size =  128 lr =  1e-06 wd =  1.0
5276 1164 1140
cuda:0
Using SGD
1 2.817712773148809
2 1.8594573434326485
3 1.4288406232887367
4 1.2540707735060923
5 1.1592112905695369
6 1.0870105002846475
7 1.055208969604255
8 1.0120658729002274
9 1.0050491129836863
10 0.9828782688947769
Train R2 - DI: 0.071
Val R2 - DI: -0.068
Test R2 - DI: 0.107
11 0.9560349681686505
12 0.9559493110069639
13 0.9427741412595875
14 0.9270754508035847
15 0.9207790705902816
16 0.9132622813437363
17 0.9119798174584065
18 0.9118135223070539
19 0.8925599008007787
20 0.8980031336140144
Train R2 - DI: 0.149
Val R2 - DI: 0.018
Test R2 - DI: 0.156
21 0.8966852628976852
22 0.8836482143293646
23 0.887331939629301
24 0.8814954498304031
25 0.8803329867246569
26 0.8561139097260742
27 0.8771608392789203
28 0.8623540501327023
29 0.8514870618942382
30 0.8512392543408797
Train R2 - DI: 0.193
Val R2 - DI: 0.051
Test R2 - DI: 0.197
31 0.851969797200918
32 0.8561014780228204
33 0.8387230354515868
34 0.8530889463930802
35 0.8287598239462696
36 0.8349168662142807
37 0.8334730544083041
38 0.8041530838511585
39 0.8276577809256437
40 0.822219419425143
Train R2 - DI: 0.219
Val R2 - DI: 0.094
Test R2 - DI: 0.214
41 0.8396012270604235
42 0.8136123465804822
43 0.8108309355082162
44 0.7966935324614657
45 0.8150723765888749
46 0.815351028167632
47 0.8025678618556176
48 0.7962054217331693
49 0.8018786284939822
50 0.8147980045241963
Train R2 - DI: 0.237
Val R2 - DI: 0.125
Test R2 - DI: 0.218
51 0.8037332135045773
52 0.7981746353101694
53 0.7980783136167519
54 0.8101094537742939
55 0.7882600025393187
56 0.7769345033340512
57 0.784486462845777
58 0.7805295543656193
59 0.7894572090524178
60 0.7814843599501661
Train R2 - DI: 0.251
Val R2 - DI: 0.146
Test R2 - DI: 0.225
61 0.7878423950905327
62 0.769018374490774
63 0.7769698832774361
64 0.7731751268609534
65 0.7776086059278209
66 0.7772628005207082
67 0.7794281408314998
68 0.7749068771373873
69 0.7654329647251473
70 0.7655804200638777
Train R2 - DI: 0.266
Val R2 - DI: 0.152
Test R2 - DI: 0.239
71 0.7586096440236436
72 0.7724822697718998
73 0.757979180886946
74 0.7673662409265445
75 0.7550904701567672
76 0.7515596592851079
77 0.7681460913787564
78 0.7609942448328986
79 0.7578900352945104
80 0.7561051436813606
Train R2 - DI: 0.275
Val R2 - DI: 0.164
Test R2 - DI: 0.240
81 0.7579225590953871
82 0.7613745175409353
83 0.7581100124495783
84 0.7523798739214211
85 0.7578280937319185
86 0.7487427226244454
87 0.7518917300467964
88 0.7541193621370086
89 0.7486509847044492
90 0.7492522703055815
Train R2 - DI: 0.282
Val R2 - DI: 0.174
Test R2 - DI: 0.241
91 0.7369993139705123
92 0.7481978697881634
93 0.7390708734222756
94 0.7476629691199881
95 0.7521394412566352
96 0.744635155067198
97 0.7435624308889792
98 0.744970935009211
99 0.7318860392754868
100 0.7384250669248001
Train R2 - DI: 0.293
Val R2 - DI: 0.173
Test R2 - DI: 0.255
101 0.7336429468694287
102 0.740215859555945
103 0.7356881694959998
104 0.7519334138930973
105 0.7449764212575078
106 0.7374824299967768
107 0.7510602567754432
108 0.7283293279036145
109 0.7347081269704545
110 0.7383176993474172
Train R2 - DI: 0.297
Val R2 - DI: 0.179
Test R2 - DI: 0.251
111 0.7339164590727117
112 0.7315810873166823
113 0.724133062850715
114 0.7363355330123063
115 0.7333652681252376
116 0.7340756371854561
117 0.7346501328711983
118 0.7364253955776715
119 0.7407286583337935
120 0.7253955440416401
Train R2 - DI: 0.303
Val R2 - DI: 0.184
Test R2 - DI: 0.257
121 0.7331581571682373
122 0.7263496593601149
123 0.7292224698847583
124 0.7193070616208757
125 0.7160109267079351
126 0.7304674847456792
127 0.7286152193906001
128 0.7210329025418944
129 0.7280101797362003
130 0.7184090615674525
Train R2 - DI: 0.311
Val R2 - DI: 0.178
Test R2 - DI: 0.268
131 0.7142163989578258
132 0.7297940956452654
133 0.7252417108251616
134 0.7248578857435612
135 0.7202110827827742
136 0.7191971546325655
137 0.7189786282789535
138 0.7162547434614498
139 0.7313841913033833
140 0.7138401659444211
Train R2 - DI: 0.314
Val R2 - DI: 0.183
Test R2 - DI: 0.265
141 0.72392043030741
142 0.7094075989777433
143 0.7158689971581113
144 0.700111024527951
145 0.7097936342212627
146 0.7082809499486817
147 0.7149809247576169
148 0.7216034607059401
149 0.7180909146134649
150 0.7252728432936593
Train R2 - DI: 0.318
Val R2 - DI: 0.188
Test R2 - DI: 0.260
151 0.7070537767146373
152 0.7159415494772049
153 0.7102311968441891
154 0.7030731778509965
155 0.7108452413188769
156 0.7256575503793966
157 0.7184597811209061
158 0.7030071622951181
159 0.702811248515753
160 0.6990972086278845
Train R2 - DI: 0.317
Val R2 - DI: 0.194
Test R2 - DI: 0.249
161 0.708346440134128
162 0.7053280652156827
163 0.7193609077972024
164 0.7071220279643714
165 0.7104916090853202
166 0.7134074465716943
167 0.7071640082974611
168 0.7059171669315081
169 0.7031851761082613
170 0.7013191090016947
Train R2 - DI: 0.326
Val R2 - DI: 0.189
Test R2 - DI: 0.264
171 0.7089948259672493
172 0.7073552014703006
173 0.6987670510894336
174 0.7001975872373833
175 0.7032241362166097
176 0.7047634459608337
177 0.690665999626553
178 0.6991086233014677
179 0.7106012127406675
180 0.6981715117104583
Train R2 - DI: 0.329
Val R2 - DI: 0.190
Test R2 - DI: 0.265
181 0.7117060987311299
182 0.6968416427915254
183 0.6976096443916651
184 0.6962595974477156
185 0.6927703733332145
186 0.6908592785100669
187 0.6890038118116597
188 0.7021467546742464
189 0.7027228974862203
190 0.6873526953222898
Train R2 - DI: 0.333
Val R2 - DI: 0.191
Test R2 - DI: 0.265
191 0.6880640559706207
192 0.6977447964550421
193 0.6926463213809247
194 0.694370436975683
195 0.6915925557275358
196 0.6815803115163634
197 0.6904078072630337
198 0.6950149498173828
199 0.6879884870419275
200 0.6872897197388627
Train R2 - DI: 0.336
Val R2 - DI: 0.189
Test R2 - DI: 0.273
201 0.6901977163901195
202 0.6946938492928245
203 0.6966835183117587
204 0.6855950040108693
205 0.6890464391195024
206 0.6997646552943388
207 0.6944799313859744
208 0.6835917496066639
209 0.6925612834929696
210 0.6845072885188666
Train R2 - DI: 0.339
Val R2 - DI: 0.190
Test R2 - DI: 0.271
211 0.6914418712088879
212 0.686831031991642
213 0.690389375916207
214 0.6802680769411337
215 0.693341712232247
216 0.6812463537638074
217 0.6873096055022869
218 0.6830254761082734
219 0.68598096076063
220 0.6876093712695356
Train R2 - DI: 0.342
Val R2 - DI: 0.188
Test R2 - DI: 0.271
221 0.6782556310397735
222 0.677672565164125
223 0.6844870984960995
224 0.6855448784025625
225 0.6900676797970937
226 0.6852818094843531
227 0.6868817465516814
228 0.6903429407798675
229 0.6823657239540858
230 0.681755443203169
Train R2 - DI: 0.344
Val R2 - DI: 0.189
Test R2 - DI: 0.273
231 0.6828695780585624
232 0.6890105655737407
233 0.6815684058161917
234 0.6802001422874127
235 0.6678131129183129
236 0.6861924927419022
237 0.6811252211512174
238 0.6761941118525953
239 0.6862411528848354
240 0.6776956064037701
Train R2 - DI: 0.345
Val R2 - DI: 0.193
Test R2 - DI: 0.263
241 0.6706590591008416
242 0.6816829866853241
243 0.676030624174909
244 0.6808364976076035
245 0.6795646192631638
246 0.6704093058783507
247 0.670150139595723
248 0.6837060860018553
249 0.6743721512793771
250 0.673003131734141
Train R2 - DI: 0.350
Val R2 - DI: 0.189
Test R2 - DI: 0.269
251 0.678199098813344
252 0.6795982920915634
253 0.6731796274138184
254 0.6721132493904813
255 0.6801331248854579
256 0.6765118379815227
257 0.6749686100792035
258 0.6765059254402641
259 0.6746855156271633
260 0.678151919590514
Train R2 - DI: 0.353
Val R2 - DI: 0.180
Test R2 - DI: 0.287
261 0.6718618881982596
262 0.6718522781806971
263 0.6758741193688937
264 0.6793528070406447
265 0.6789523249688341
266 0.6642183885599647
267 0.675786212459489
268 0.6784403512114553
269 0.6862253782602763
270 0.6704310085214928
Train R2 - DI: 0.353
Val R2 - DI: 0.191
Test R2 - DI: 0.266
271 0.6717408707957091
272 0.6703212477204653
273 0.6634042972050624
274 0.6668226881132061
275 0.6678785359976959
276 0.6765743880853949
277 0.6787589431441671
278 0.6666257611904477
279 0.6786718833979736
280 0.6670293090829712
Train R2 - DI: 0.357
Val R2 - DI: 0.188
Test R2 - DI: 0.272
281 0.6690936786736206
282 0.6741183509964036
283 0.6674718881665621
284 0.6615996819901774
285 0.6706705810537475
286 0.6694436400473525
287 0.6735830055076666
288 0.6665791458393066
289 0.668941816658211
290 0.6695288871616193
Train R2 - DI: 0.359
Val R2 - DI: 0.186
Test R2 - DI: 0.273
291 0.657952757790922
292 0.6699971555307835
293 0.6642805761329327
294 0.6651089020621334
295 0.6642111325643567
296 0.6615066966430267
297 0.6604273523499877
298 0.6663226741927424
299 0.666239139435416
300 0.6675070415761455
Train R2 - DI: 0.361
Val R2 - DI: 0.186
Test R2 - DI: 0.277
301 0.6736563530449076
302 0.6646213976608433
303 0.6639450730655662
304 0.6598421700349624
305 0.6600156658702587
306 0.6638654741805281
307 0.6601135056971419
308 0.6672379875653074
309 0.6611645235266985
310 0.6585704895743283
Train R2 - DI: 0.362
Val R2 - DI: 0.187
Test R2 - DI: 0.270
311 0.6579584190572546
312 0.6618386215563522
313 0.6493416316948486
314 0.6526373543460953
315 0.6615397306533363
316 0.6619326366539522
317 0.6549388682688612
318 0.6584834677419308
319 0.6668785141669411
320 0.655162239815811
Train R2 - DI: 0.362
Val R2 - DI: 0.191
Test R2 - DI: 0.267
321 0.6587048221303261
322 0.6572787463439063
323 0.6486415669627041
324 0.6536034325743553
325 0.6547719258264306
326 0.6597645340135732
327 0.6613813776966294
328 0.6645803333594096
329 0.6597200526352449
330 0.6601784750536773
Train R2 - DI: 0.367
Val R2 - DI: 0.185
Test R2 - DI: 0.269
331 0.6613670717232872
332 0.660303406366532
333 0.6619199084639097
334 0.6657842225066815
335 0.6620657330575181
336 0.6489910956491929
337 0.6578688857860869
338 0.6585064124572991
339 0.643708927510271
340 0.657810864437702
Train R2 - DI: 0.368
Val R2 - DI: 0.190
Test R2 - DI: 0.270
341 0.6497129763817588
342 0.6580887414724019
343 0.658812946853898
344 0.6548138794526627
345 0.6535982137561477
346 0.6551579180497668
347 0.6544352074388847
348 0.6607988646664883
349 0.6573727091575229
350 0.6492342189281975
Train R2 - DI: 0.370
Val R2 - DI: 0.188
Test R2 - DI: 0.270
351 0.6538220986079952
352 0.6608269674204985
353 0.6505393744238043
354 0.6608236887131431
355 0.656771898721546
356 0.6512785674135644
357 0.6499423006432268
358 0.6378693890173929
359 0.649912344812895
360 0.6491965649704575
Train R2 - DI: 0.372
Val R2 - DI: 0.189
Test R2 - DI: 0.264
361 0.6615815189772253
362 0.6432918034510869
363 0.6485425186392211
364 0.6583746664220407
365 0.64802045597101
366 0.6528716966272575
367 0.640309702003427
368 0.6614845781908332
369 0.6357802114674682
370 0.6560957885945359
Train R2 - DI: 0.374
Val R2 - DI: 0.188
Test R2 - DI: 0.268
371 0.6480550472260967
372 0.648384217514605
373 0.6559585373088932
374 0.6435523793225582
375 0.6397726510491129
376 0.6508477604506683
377 0.6413033278807263
378 0.6480004874208464
379 0.6555894503907962
380 0.6542284539289959
Train R2 - DI: 0.376
Val R2 - DI: 0.186
Test R2 - DI: 0.275
381 0.6500597570862527
382 0.6507659277923185
383 0.6506785226193588
384 0.654666667006249
385 0.6456632053788817
386 0.6524495242037857
387 0.648139607689433
388 0.6466694751682383
389 0.6354960761258239
390 0.6438775185475845
Train R2 - DI: 0.377
Val R2 - DI: 0.187
Test R2 - DI: 0.267
391 0.6443967719119638
392 0.6440420839893176
393 0.6460428579997799
394 0.6455007037762172
395 0.6454091610286704
396 0.6488231071203925
397 0.6526435526190968
398 0.6417837245072082
399 0.6487170627751614
400 0.6349580268050071
Train R2 - DI: 0.371
Val R2 - DI: 0.193
Test R2 - DI: 0.245
401 0.6411100990217323
402 0.6440004046619435
403 0.639152899576553
404 0.6438697796142671
405 0.6401657173812525
406 0.642620948655213
407 0.644809163095736
408 0.6396792197064797
409 0.6464635807967168
410 0.6426167676989286
Train R2 - DI: 0.383
Val R2 - DI: 0.179
Test R2 - DI: 0.279
411 0.6420903927092303
412 0.650015671385157
413 0.6391425208217543
414 0.6501138698340727
415 0.6447490205179117
416 0.6454865592641302
417 0.6441763647132249
418 0.6388242028715757
419 0.6434576840812822
420 0.6568700187670814
Train R2 - DI: 0.382
Val R2 - DI: 0.188
Test R2 - DI: 0.272
421 0.6349716889216558
422 0.633475041100254
423 0.6356398014519773
424 0.6352087740784256
425 0.6437247917903383
426 0.6437745151689687
427 0.6507920605653701
428 0.6365056533177211
429 0.646679580979857
430 0.6354712724595291
Train R2 - DI: 0.383
Val R2 - DI: 0.188
Test R2 - DI: 0.270
431 0.6328760607618559
432 0.6348877602946676
433 0.6368938378080262
434 0.631473657576942
435 0.6312552642605357
436 0.640192612858773
437 0.6319279545541059
438 0.6347262183313029
439 0.6400914631891287
440 0.6291224088200662
Train R2 - DI: 0.386
Val R2 - DI: 0.187
Test R2 - DI: 0.268
441 0.6317206808253615
442 0.6363878562831806
443 0.6454571428129039
444 0.6342833830245613
445 0.6357634229764874
446 0.6285615833172571
447 0.6408265138594286
448 0.6342858721398331
449 0.6372118770759877
450 0.63773755958534
Train R2 - DI: 0.384
Val R2 - DI: 0.190
Test R2 - DI: 0.265
451 0.6335406650459342
452 0.631551358761256
453 0.6392700075199426
454 0.6386083130406285
455 0.6361671829874358
456 0.6366720562002892
457 0.633454746464331
458 0.6309225998926199
459 0.632839866801588
460 0.6373572459810154
Train R2 - DI: 0.387
Val R2 - DI: 0.188
Test R2 - DI: 0.264
461 0.6365017176713792
462 0.6310688471866431
463 0.6312608582400481
464 0.6314029206915097
465 0.6308842851774
466 0.6331310610232523
467 0.6356433419859527
468 0.632392072017849
469 0.6314422870513795
470 0.6412042114118268
Train R2 - DI: 0.389
Val R2 - DI: 0.186
Test R2 - DI: 0.269
471 0.6380651585526137
472 0.6415251979690505
473 0.6357708319829575
474 0.6306489576346229
475 0.630487678559826
476 0.6320090437134258
477 0.6352355689194458
478 0.6280596378267128
479 0.6277858832507897
480 0.6338577986305821
Train R2 - DI: 0.391
Val R2 - DI: 0.185
Test R2 - DI: 0.264
481 0.6322440942007994
482 0.633919311753722
483 0.6226133906181515
484 0.6199621510288768
485 0.6288051382893409
486 0.6376991735840495
487 0.628441872991695
488 0.6244222703894672
489 0.6271459404675684
490 0.6263025346084288
Train R2 - DI: 0.390
Val R2 - DI: 0.189
Test R2 - DI: 0.264
491 0.6329373818983898
492 0.6306468938859328
493 0.6297692756385311
494 0.6282150302762963
495 0.6294548059160552
496 0.6231934328798637
497 0.6333877138335927
498 0.626052138297462
499 0.6184000079156414
500 0.6201399827292691
Train R2 - DI: 0.394
Val R2 - DI: 0.183
Test R2 - DI: 0.272
501 0.6316735252139242
502 0.6194594559387514
503 0.632703110790325
504 0.622227104845329
505 0.6279737411167153
506 0.6251966481275681
507 0.6277617226955654
508 0.6247232672931391
509 0.6289967467967447
510 0.625620357686593
Train R2 - DI: 0.395
Val R2 - DI: 0.184
Test R2 - DI: 0.271
511 0.635304140222172
512 0.6259961954972525
513 0.6303860559167059
514 0.6240639682969331
515 0.6212523345968957
516 0.6270404804647647
517 0.6294397466828011
518 0.6269475390641774
519 0.6312517844383422
520 0.619322054579549
Train R2 - DI: 0.395
Val R2 - DI: 0.186
Test R2 - DI: 0.263
521 0.6231764567178519
522 0.6223637911295511
523 0.6285212167381247
524 0.6255683016153427
525 0.6168383895401885
526 0.6257262045547219
527 0.6233820031771974
528 0.6227088905447266
529 0.6170748833050052
530 0.6183758149823065
Train R2 - DI: 0.396
Val R2 - DI: 0.186
Test R2 - DI: 0.263
531 0.6211528438704768
532 0.6265912003097794
533 0.6299348230882519
534 0.6209209859145239
535 0.6243944859938517
536 0.6166813394352737
537 0.619864571582557
538 0.6253005563986853
539 0.6208743717834929
540 0.6218405712997489
Train R2 - DI: 0.398
Val R2 - DI: 0.186
Test R2 - DI: 0.265
541 0.6253869139488399
542 0.622983865253486
543 0.621755158386057
544 0.6184393061075001
545 0.6231164770925289
546 0.6219130968216063
547 0.6136171931656497
548 0.625909480025499
549 0.6205995330040521
550 0.6150934619827646
Train R2 - DI: 0.401
Val R2 - DI: 0.184
Test R2 - DI: 0.269
551 0.6184716564041814
552 0.6186824030185668
553 0.6224544715302925
554 0.616182733522029
555 0.6225802554064759
556 0.617736589962827
557 0.6168589104387776
558 0.6180406755981706
559 0.6143136673844882
560 0.621599115956634
Train R2 - DI: 0.400
Val R2 - DI: 0.186
Test R2 - DI: 0.261
561 0.6187034321382608
562 0.6217612202552524
563 0.616870886250099
564 0.6164387201521775
565 0.6140367712054495
566 0.6219509275145744
567 0.6182266815852901
568 0.6117147109651313
569 0.6203674227112256
570 0.6135877427320936
Train R2 - DI: 0.402
Val R2 - DI: 0.183
Test R2 - DI: 0.274
571 0.6255757659108825
572 0.6170565793693201
573 0.6204434997028614
574 0.6245065783577674
575 0.6162909681910904
576 0.6126846342578451
577 0.6175140905235643
578 0.6219545848854028
579 0.6137348817459465
580 0.6243512334924832
Train R2 - DI: 0.403
Val R2 - DI: 0.187
Test R2 - DI: 0.273
581 0.6182339591813684
582 0.6153399529919831
583 0.62050666910306
584 0.606941460659325
585 0.6161132124086688
586 0.6131990867595586
587 0.6133919300411216
588 0.6183094516498199
589 0.619259479327849
590 0.6184642516455024
Train R2 - DI: 0.405
Val R2 - DI: 0.184
Test R2 - DI: 0.266
591 0.6166925433912993
592 0.6072969110830884
593 0.614003701134104
594 0.6162553397519196
595 0.6177236646571965
596 0.6158708996443788
597 0.6158203793078141
598 0.6062751567390853
599 0.6068236170346489
600 0.6264404086473767
Train R2 - DI: 0.406
Val R2 - DI: 0.181
Test R2 - DI: 0.268
601 0.619003290927618
602 0.6114915106629132
603 0.6138398051261902
604 0.6164630576459814
605 0.6030351219076022
606 0.6196813802541974
607 0.6137379698901577
608 0.6100343366388664
609 0.6152747078453437
610 0.6179857329494398
Train R2 - DI: 0.407
Val R2 - DI: 0.180
Test R2 - DI: 0.268
611 0.6121573042833417
612 0.619772613138932
613 0.6165558444992714
614 0.6117155008283504
615 0.6139689411422897
616 0.6118956028375777
617 0.6154987639419232
618 0.6147651189741896
619 0.6129966901051809
620 0.6235213152290384
Train R2 - DI: 0.411
Val R2 - DI: 0.177
Test R2 - DI: 0.273
621 0.6092337535311545
622 0.6126495355272763
623 0.6142976740438708
624 0.6156539694660987
625 0.6087420605365935
626 0.605241077609637
627 0.6098103083562815
628 0.6155938842786453
629 0.6069246782011114
630 0.62020455405873
Train R2 - DI: 0.411
Val R2 - DI: 0.179
Test R2 - DI: 0.272
631 0.6013215424618638
632 0.60641243568056
633 0.6108524845101058
634 0.6087918562180531
635 0.5977892362095354
636 0.612971509876714
637 0.6023443555000426
638 0.6134394878144513
639 0.6209779864825291
640 0.6129143900090406
Train R2 - DI: 0.411
Val R2 - DI: 0.180
Test R2 - DI: 0.270
641 0.6043549516916817
642 0.6100798066680047
643 0.6108976184553591
644 0.605306552001434
645 0.6120209734804979
646 0.6076093108207552
647 0.6059907334740186
648 0.6058786098391292
649 0.6123719336952198
650 0.6045748087562695
Train R2 - DI: 0.413
Val R2 - DI: 0.179
Test R2 - DI: 0.269
651 0.6094051870412226
652 0.6025791201652949
653 0.6084486830858139
654 0.6051354267047697
655 0.6075578270489922
656 0.6101436054191416
657 0.6033379806995031
658 0.6083736300152119
659 0.6017597504779189
660 0.6083364089480668
Train R2 - DI: 0.407
Val R2 - DI: 0.186
Test R2 - DI: 0.260
661 0.615083905085187
662 0.6071943743740454
663 0.6105391066394311
664 0.6052656464047103
665 0.6158221642839086
666 0.6081934886687267
667 0.5978853095653294
668 0.6033889219741011
669 0.6029957671613744
670 0.6067772856528693
Train R2 - DI: 0.416
Val R2 - DI: 0.178
Test R2 - DI: 0.267
671 0.6099275891034327
672 0.6058826636780023
673 0.6029173368030285
674 0.6024954601885063
675 0.6102100453022486
676 0.6057906118959437
677 0.6097739558268714
678 0.6063192859574463
679 0.6017104591538818
680 0.5965663045531787
Train R2 - DI: 0.416
Val R2 - DI: 0.180
Test R2 - DI: 0.260
681 0.6000023351373593
682 0.607244219402186
683 0.5978821510614275
684 0.6054290139919163
685 0.6069463596278921
686 0.6073509442977963
687 0.596548493745383
688 0.5994673009348964
689 0.5941910811045389
690 0.5924154139767098
Train R2 - DI: 0.418
Val R2 - DI: 0.179
Test R2 - DI: 0.269
691 0.6007844199277489
692 0.6041507991179089
693 0.6089272030923654
694 0.5991290631937746
695 0.5969461053948768
696 0.6064322318336655
697 0.6011852521486044
698 0.606541369497279
699 0.5986304473162962
700 0.6065873112797827
Train R2 - DI: 0.417
Val R2 - DI: 0.182
Test R2 - DI: 0.267
701 0.5996273443769379
702 0.5999442127005814
703 0.5964520509899159
704 0.6132247776719456
705 0.6027066746473855
706 0.6079814738627182
707 0.5996026425898482
708 0.602819895545491
709 0.6039650658028337
710 0.6039650025378582
Train R2 - DI: 0.421
Val R2 - DI: 0.176
Test R2 - DI: 0.275
711 0.5987924254238831
712 0.597711848006093
713 0.6006610950030008
714 0.5967036388741017
715 0.606644989641622
716 0.5954676286753061
717 0.6026786905603937
718 0.6003525023482079
719 0.5893609685550774
720 0.5981411697559053
Train R2 - DI: 0.422
Val R2 - DI: 0.176
Test R2 - DI: 0.274
721 0.6058872822923494
722 0.601878666172794
723 0.60149158389393
724 0.5990298995698736
725 0.602762111576332
726 0.5974500217927596
727 0.5915862238253492
728 0.5946807296688219
729 0.6030926795237167
730 0.5972299898457039
Train R2 - DI: 0.421
Val R2 - DI: 0.183
Test R2 - DI: 0.269
731 0.5971113034411757
732 0.5936072750738663
733 0.5910108471296338
734 0.5945998604682651
735 0.5964281210129327
736 0.5923799988534796
737 0.5983603739937298
738 0.5925837989283657
739 0.5977902556116423
740 0.6061171640764139
Train R2 - DI: 0.422
Val R2 - DI: 0.182
Test R2 - DI: 0.262
741 0.6095234626978975
742 0.5966641747924394
743 0.6112659072857901
744 0.6060395241235584
745 0.6051006419266418
746 0.6003816051633183
747 0.5921069075430406
748 0.591584772165297
749 0.5939204240044109
750 0.5970634814913839
Train R2 - DI: 0.425
Val R2 - DI: 0.177
Test R2 - DI: 0.277
751 0.5935324419168381
752 0.5954258201970034
753 0.6042010808551375
754 0.5857292120433197
755 0.5980655726291086
756 0.5918157341988183
757 0.5901849488131109
758 0.6006550632072634
759 0.592993771085421
760 0.596773098914166
Train R2 - DI: 0.425
Val R2 - DI: 0.179
Test R2 - DI: 0.267
761 0.5905329364099857
762 0.5965110615765714
763 0.5909095655525155
764 0.5850981067219315
765 0.5905812341123933
766 0.5910781273071832
767 0.5965827547121084
768 0.5887555552532132
769 0.6012154963542513
770 0.5966254479962827
Train R2 - DI: 0.422
Val R2 - DI: 0.182
Test R2 - DI: 0.262
771 0.5964046620888814
772 0.5932916805001259
773 0.5918356067217869
774 0.5951738119396501
775 0.5944158000147098
776 0.5893883692486165
777 0.5930411573880726
778 0.5952341387993102
779 0.5979272462003967
780 0.589747195898176
Train R2 - DI: 0.429
Val R2 - DI: 0.174
Test R2 - DI: 0.272
781 0.5990297910930353
782 0.5875978571976379
783 0.5888731901260648
784 0.5967870788921272
785 0.5877969208497545
786 0.5952598086083088
787 0.5912317752024728
788 0.5847225631160028
789 0.5849156614683901
790 0.5924014120141695
Train R2 - DI: 0.427
Val R2 - DI: 0.179
Test R2 - DI: 0.269
791 0.585228292032839
792 0.5950514359217507
793 0.5940263761635347
794 0.5979416113716802
795 0.5925625743876812
796 0.5837225141942818
797 0.5915637783610161
798 0.5946082820306681
799 0.5873500935682481
800 0.5864984988940314
Train R2 - DI: 0.428
Val R2 - DI: 0.179
Test R2 - DI: 0.265
0.1944642241513478
Test R2 - DI: 0.265
Test R2 - DI: 0.249

------------------------------------------------------------
Sender: LSF System <lsfadmin@hpc.dtu.dk>
Subject: Job 14806993: <testjob> in cluster <dcc> Done

Job <testjob> was submitted from host <n-62-30-5> by user <s174503> in cluster <dcc> at Fri Nov 18 22:03:31 2022
Job was executed on host(s) <n-62-11-15>, in queue <gpuv100>, as user <s174503> in cluster <dcc> at Fri Nov 18 22:05:56 2022
</zhome/fd/6/127382> was used as the home directory.
</zhome/fd/6/127382/Desktop/MasterThesis/Master-thesis> was used as the working directory.
Started at Fri Nov 18 22:05:56 2022
Terminated at Sat Nov 19 10:32:25 2022
Results reported at Sat Nov 19 10:32:25 2022

Your job looked like:

------------------------------------------------------------
# LSBATCH: User input
#!/bin/sh
#BSUB -q gpuv100
#BSUB -J testjob
#BSUB -n 1
#BSUB -gpu "num=1:mode=exclusive_process"
#BSUB -W 18:00
#BSUB -R "rusage[mem=5GB]"
#BSUB -o outputs/gpu_%J.out
#BSUB -e outputs/errors/gpu_%J.err

nvidia-smi
module load cuda/11.6

/appl/cuda/11.6.0/samples/bin/x86_64/linux/release/deviceQuery

source $HOME/miniconda3/bin/activate
source venv_1/bin/activate

python3 main.py CNN_simple 128 1e-6 0.1 800 2_4_sgd_10wd01 7 SGD
python3 main.py CNN_simple 128 1e-6 1 800 2_4_sgd_10wd1 7 SGD

------------------------------------------------------------

Successfully completed.

Resource usage summary:

    CPU time :                                   39697.80 sec.
    Max Memory :                                 2271 MB
    Average Memory :                             2237.99 MB
    Total Requested Memory :                     5120.00 MB
    Delta Memory :                               2849.00 MB
    Max Swap :                                   -
    Max Processes :                              4
    Max Threads :                                8
    Run time :                                   44789 sec.
    Turnaround time :                            44934 sec.

The output (if any) is above this job summary.



PS:

Read file <outputs/errors/gpu_14806993.err> for stderr output of this job.

