Mon Nov 14 16:55:54 2022       
+-----------------------------------------------------------------------------+
| NVIDIA-SMI 515.65.01    Driver Version: 515.65.01    CUDA Version: 11.7     |
|-------------------------------+----------------------+----------------------+
| GPU  Name        Persistence-M| Bus-Id        Disp.A | Volatile Uncorr. ECC |
| Fan  Temp  Perf  Pwr:Usage/Cap|         Memory-Usage | GPU-Util  Compute M. |
|                               |                      |               MIG M. |
|===============================+======================+======================|
|   0  Tesla V100-SXM2...  On   | 00000000:16:00.0 Off |                    0 |
| N/A   38C    P0    45W / 300W |      0MiB / 32768MiB |      0%   E. Process |
|                               |                      |                  N/A |
+-------------------------------+----------------------+----------------------+
                                                                               
+-----------------------------------------------------------------------------+
| Processes:                                                                  |
|  GPU   GI   CI        PID   Type   Process name                  GPU Memory |
|        ID   ID                                                   Usage      |
|=============================================================================|
|  No running processes found                                                 |
+-----------------------------------------------------------------------------+
/appl/cuda/11.6.0/samples/bin/x86_64/linux/release/deviceQuery Starting...

 CUDA Device Query (Runtime API) version (CUDART static linking)

Detected 1 CUDA Capable device(s)

Device 0: "Tesla V100-SXM2-32GB"
  CUDA Driver Version / Runtime Version          11.7 / 11.6
  CUDA Capability Major/Minor version number:    7.0
  Total amount of global memory:                 32511 MBytes (34089926656 bytes)
  (080) Multiprocessors, (064) CUDA Cores/MP:    5120 CUDA Cores
  GPU Max Clock rate:                            1530 MHz (1.53 GHz)
  Memory Clock rate:                             877 Mhz
  Memory Bus Width:                              4096-bit
  L2 Cache Size:                                 6291456 bytes
  Maximum Texture Dimension Size (x,y,z)         1D=(131072), 2D=(131072, 65536), 3D=(16384, 16384, 16384)
  Maximum Layered 1D Texture Size, (num) layers  1D=(32768), 2048 layers
  Maximum Layered 2D Texture Size, (num) layers  2D=(32768, 32768), 2048 layers
  Total amount of constant memory:               65536 bytes
  Total amount of shared memory per block:       49152 bytes
  Total shared memory per multiprocessor:        98304 bytes
  Total number of registers available per block: 65536
  Warp size:                                     32
  Maximum number of threads per multiprocessor:  2048
  Maximum number of threads per block:           1024
  Max dimension size of a thread block (x,y,z): (1024, 1024, 64)
  Max dimension size of a grid size    (x,y,z): (2147483647, 65535, 65535)
  Maximum memory pitch:                          2147483647 bytes
  Texture alignment:                             512 bytes
  Concurrent copy and kernel execution:          Yes with 5 copy engine(s)
  Run time limit on kernels:                     No
  Integrated GPU sharing Host Memory:            No
  Support host page-locked memory mapping:       Yes
  Alignment requirement for Surfaces:            Yes
  Device has ECC support:                        Enabled
  Device supports Unified Addressing (UVA):      Yes
  Device supports Managed Memory:                Yes
  Device supports Compute Preemption:            Yes
  Supports Cooperative Kernel Launch:            Yes
  Supports MultiDevice Co-op Kernel Launch:      Yes
  Device PCI Domain ID / Bus ID / location ID:   0 / 22 / 0
  Compute Mode:
     < Exclusive Process (many threads in one process is able to use ::cudaSetDevice() with this device) >

deviceQuery, CUDA Driver = CUDART, CUDA Driver Version = 11.7, CUDA Runtime Version = 11.6, NumDevs = 1
Result = PASS
CNN_simple
batch_size =  128 lr =  0.0001 wd =  1.0
5580 1000 1000
cuda:0
Using SGD
1 1.0653434371862787
2 0.8361146252642395
3 0.776025071964469
4 0.756836314184264
5 0.733658283713898
6 0.7149061982349683
7 0.7080651779328623
8 0.6838947072251296
9 0.6586005670622685
10 0.6640902643562645
Train R2 - DI: 0.369
Val R2 - DI: 0.287
Test R2 - DI: 0.255
11 0.650821792182102
12 0.6386432193513413
13 0.6362571215116849
14 0.6242381612032545
15 0.6138631879642445
16 0.602542785675295
17 0.5998115259686678
18 0.5927142478659162
19 0.5831207545427438
20 0.57989676203779
Train R2 - DI: 0.462
Val R2 - DI: 0.314
Test R2 - DI: 0.294
21 0.5718644275460192
22 0.5657191372686817
23 0.5664715963879794
24 0.5614017918118439
25 0.5440054543556706
26 0.5374443668191151
27 0.5288686303041314
28 0.534769113260358
29 0.520296338467615
30 0.5125602489303944
Train R2 - DI: 0.475
Val R2 - DI: 0.306
Test R2 - DI: 0.276
31 0.5087301235258793
32 0.5079349800036372
33 0.49991780961713483
34 0.49908859712675907
35 0.5003592685986591
36 0.49076949763896216
37 0.4902614805647122
38 0.48484402328836446
39 0.47973096507424523
40 0.47077869087137203
Train R2 - DI: 0.450
Val R2 - DI: 0.288
Test R2 - DI: 0.247
41 0.4704482533598459
42 0.4640919347390479
43 0.46604621019414677
44 0.46665730322560955
45 0.45916628352630096
46 0.44943437616884924
47 0.456522642690221
48 0.44424418915984454
49 0.4448531825268995
50 0.44121929548119987
Train R2 - DI: 0.500
Val R2 - DI: 0.296
Test R2 - DI: 0.279
51 0.44231117429699096
52 0.4406426196029964
53 0.4450738804101089
54 0.4315336625422201
55 0.4264305447592103
56 0.4307704702500374
57 0.4311163441041037
58 0.41929471821767883
59 0.4267621523163225
60 0.4173452909061131
Train R2 - DI: 0.356
Val R2 - DI: 0.188
Test R2 - DI: 0.182
61 0.4203993549056378
62 0.4115768960940795
63 0.4096853338475723
64 0.41180004035272905
65 0.403734271778428
66 0.399322090289926
67 0.40766714428915346
68 0.40202928916100533
69 0.40000387075554084
70 0.39504539338491296
Train R2 - DI: 0.506
Val R2 - DI: 0.283
Test R2 - DI: 0.235
71 0.3983442966015108
72 0.39326519566624824
73 0.394275020805311
74 0.3927312250205693
75 0.3915102800588027
76 0.388012368576501
77 0.39172137909465365
78 0.3847140193412808
79 0.38299182911927554
80 0.3815199337766162
Train R2 - DI: 0.575
Val R2 - DI: 0.310
Test R2 - DI: 0.281
81 0.3778357217175132
82 0.3768285983565888
83 0.38178284398971063
84 0.37977527561580837
85 0.37598158917973973
86 0.377228202678824
87 0.37120268966562003
88 0.3688504674101389
89 0.3756825252245831
90 0.3688530311148654
Train R2 - DI: 0.595
Val R2 - DI: 0.311
Test R2 - DI: 0.274
91 0.36928373831574635
92 0.36530023330428696
93 0.3669390104150259
94 0.3631628269363048
95 0.35858727398739065
96 0.36017064736308163
97 0.36254001118803536
98 0.3602584460516557
99 0.36000285874985455
100 0.35879151626727057
Train R2 - DI: 0.486
Val R2 - DI: 0.196
Test R2 - DI: 0.180
101 0.36310224998809104
102 0.3569529808763962
103 0.3559615151215625
104 0.3554214477966336
105 0.35587743134054234
106 0.35960983260130797
107 0.3580305429128763
108 0.3487772890957453
109 0.3552555009882937
110 0.3548170862872968
Train R2 - DI: 0.629
Val R2 - DI: 0.323
Test R2 - DI: 0.282
111 0.3476989829839344
112 0.3552976073543658
113 0.3558472135801896
114 0.34698795216912437
115 0.3512608380514234
116 0.3486249824258162
117 0.34918717658647924
118 0.34572171861552853
119 0.3398293551791953
120 0.3473292388796379
Train R2 - DI: 0.467
Val R2 - DI: 0.263
Test R2 - DI: 0.211
121 0.34678771918819795
122 0.3440493938102517
123 0.35104215403611516
124 0.3427849809328715
125 0.3412274549084325
126 0.3408859882944374
127 0.34287445145695866
128 0.3461986668434622
129 0.3399091187557439
130 0.3364414127069562
Train R2 - DI: 0.543
Val R2 - DI: 0.256
Test R2 - DI: 0.236
131 0.3453223329718395
132 0.33788056380005294
133 0.33088400605331614
134 0.3491343829473714
135 0.3384074479661962
136 0.33953153228247035
137 0.3396343274569426
138 0.34799633135077773
139 0.3460761733593479
140 0.34177623209560215
Train R2 - DI: 0.468
Val R2 - DI: 0.258
Test R2 - DI: 0.226
141 0.3411061556108536
142 0.3395870472367946
143 0.3418936726226601
144 0.3417653871052581
145 0.3402015268589006
146 0.3397778355733468
147 0.3497392600262037
148 0.3404837828810497
149 0.3381879125231056
150 0.34255485622259024
Train R2 - DI: 0.595
Val R2 - DI: 0.298
Test R2 - DI: 0.251
151 0.34887071424914945
152 0.3420437277324738
153 0.3351141777730757
154 0.34310101937222226
155 0.3422270452249862
156 0.3437887155026945
157 0.3377199865370241
158 0.3385611796464544
159 0.343668486717354
160 0.34345017154584223
Train R2 - DI: 0.577
Val R2 - DI: 0.302
Test R2 - DI: 0.235
161 0.34397279167260747
162 0.3421406578633093
163 0.34339828200665
164 0.34062630459399207
165 0.3357422065563954
166 0.33920241889133246
167 0.3504798618055159
168 0.352148302887503
169 0.35098001234847587
170 0.3439864539544642
Train R2 - DI: 0.583
Val R2 - DI: 0.282
Test R2 - DI: 0.248
171 0.3398781453195866
172 0.3387653489693946
173 0.3435835548199206
174 0.34018446595865337
175 0.34090083267099114
176 0.3446118995921159
177 0.35064635120839627
178 0.3449863712420173
179 0.34388244083705344
180 0.35029181897853867
Train R2 - DI: 0.534
Val R2 - DI: 0.233
Test R2 - DI: 0.195
181 0.3439012883811869
182 0.34050570560826193
183 0.3429934574070797
184 0.34643191248712574
185 0.34872772082633013
186 0.35737966651557596
187 0.35486394179764613
188 0.34992676300387227
189 0.3480827652638958
190 0.3512049314582647
Train R2 - DI: 0.521
Val R2 - DI: 0.277
Test R2 - DI: 0.242
191 0.3503322573972859
192 0.3543864000655417
193 0.3511691793105081
194 0.34780576923414797
195 0.35843256739732615
196 0.3520080305128542
197 0.35166341773498017
198 0.35300610697824897
199 0.3515431860869076
200 0.3582171670852169
Train R2 - DI: 0.557
Val R2 - DI: 0.283
Test R2 - DI: 0.224
0.3227947507758169
Test R2 - DI: 0.224
Test R2 - DI: 0.282
CNN_simple
batch_size =  128 lr =  0.0001 wd =  10.0
5580 1000 1000
cuda:0
Using SGD
1 1.118365903780879
2 0.8383895447177272
3 0.7941004961622231
4 0.7883609148763842
5 0.7666233740399815
6 0.7543339953627638
7 0.7515543856928425
8 0.7567048693215975
9 0.7509715804916983
10 0.7535742498213245
Train R2 - DI: -0.340
Val R2 - DI: -0.390
Test R2 - DI: -0.402
11 0.7531717790497674
12 0.7593567152604407
13 0.7544997595544357
14 0.7655817022460336
15 0.7687864459543673
16 0.7694297193626349
17 0.7731511519801232
18 0.776070671739544
19 0.7877047317429683
20 0.7890029946535719
Train R2 - DI: 0.210
Val R2 - DI: 0.168
Test R2 - DI: 0.165
21 0.8010663471768834
22 0.8073648803977556
23 0.8071460242339787
24 0.8106695981008605
25 0.8121320924024
26 0.819634020114885
27 0.8255681845022359
28 0.8254144914261329
29 0.8383704651641162
30 0.8584065320243972
Train R2 - DI: 0.215
Val R2 - DI: 0.162
Test R2 - DI: 0.172
31 0.8550051166592533
32 0.8532319017635879
33 0.8621797338181499
34 0.8669429631643398
35 0.8722667571891594
36 0.8742004119367155
37 0.8838345932704146
38 0.8939207074035453
39 0.8942920644864386
40 0.9017111991468724
Train R2 - DI: 0.106
Val R2 - DI: 0.085
Test R2 - DI: 0.079
41 0.9136861838747523
42 0.9218218363314119
43 0.9251175800959269
44 0.9296459581262322
45 0.9385199967251029
46 0.9404879111970197
47 0.9463666733020523
48 0.9629568014093625
49 0.963361219864165
50 0.9770346123257846
Train R2 - DI: 0.092
Val R2 - DI: 0.041
Test R2 - DI: 0.058
51 0.9824675897970849
52 0.9962278327634257
53 1.0029232584020142
54 1.0158333710017597
55 1.009864447193761
56 1.0286091593431315
57 1.0453014165269858
58 1.0596895979296777
59 1.0681424010611777
60 1.0789166452209582
Train R2 - DI: -0.002
Val R2 - DI: -0.048
Test R2 - DI: -0.033
61 1.0883009433746338
62 1.107949745783242
63 1.118190937401146
64 1.1322371270921496
65 1.1472672546208973
66 1.160352089755424
67 1.1714786597904765
68 1.1853209107152878
69 1.201228490268885
70 1.2198256728469685
Train R2 - DI: -0.167
Val R2 - DI: -0.216
Test R2 - DI: -0.197
71 1.232591817455907
72 1.2551355824248338
73 1.2654282342575784
74 1.2843262093041532
75 1.3000571403024872
76 1.316690752924984
77 1.3432279865374275
78 1.3517173291107232
79 1.368856080714947
80 1.383878829231399
Train R2 - DI: -0.291
Val R2 - DI: -0.329
Test R2 - DI: -0.317
81 1.4027407976888842
82 1.4215549765521907
83 1.4313125825697375
84 1.449486550208061
85 1.468630214489489
86 1.4791548851143075
87 1.494052480369486
88 1.5020280987558399
89 1.5182675114669253
90 1.5279809900509413
Train R2 - DI: -0.453
Val R2 - DI: -0.491
Test R2 - DI: -0.480
91 1.5439354711108737
92 1.5514890335793992
93 1.5649235246002033
94 1.5754711979178972
95 1.5799140310629294
96 1.5933023151958288
97 1.6000699062928505
98 1.6101481319755637
99 1.6209579361809625
100 1.6232481358299118
Train R2 - DI: -0.519
Val R2 - DI: -0.551
Test R2 - DI: -0.545
101 1.6360901865907895
102 1.64106656385579
103 1.6426924608941573
104 1.6513156745596171
105 1.6518561505074996
106 1.6578727488022125
107 1.6642721838421293
108 1.6693564336359714
109 1.6713994250075364
110 1.6785490688030011
Train R2 - DI: -0.570
Val R2 - DI: -0.598
Test R2 - DI: -0.594
111 1.6801417464423778
112 1.6824403256071083
113 1.682994031307945
114 1.6901542872938204
115 1.6948074865512095
116 1.6918472554094048
117 1.692019287403339
118 1.6897274665080517
119 1.6920267822921917
120 1.7000887832333964
Train R2 - DI: -0.584
Val R2 - DI: -0.613
Test R2 - DI: -0.609
121 1.696797841082337
122 1.6924567473831997
123 1.6905370973771618
124 1.6934275702336357
125 1.6929240489091497
126 1.6957854820408702
127 1.6876018445551608
128 1.6913517142709438
129 1.6899450857579494
130 1.684672431877437
Train R2 - DI: -0.568
Val R2 - DI: -0.592
Test R2 - DI: -0.591
131 1.6874679851702892
132 1.6854424526187255
133 1.6812418438627728
134 1.6754351145904978
135 1.676426601409912
136 1.672300627069234
137 1.6720101772670677
138 1.6644251003060289
139 1.660936693478656
140 1.6594551066771204
Train R2 - DI: -0.560
Val R2 - DI: -0.588
Test R2 - DI: -0.585
141 1.6560405221891232
142 1.6569172775446301
143 1.6501557688559256
144 1.6433839041699645
145 1.641566353203148
146 1.6366774318893322
147 1.6350505246910998
148 1.625186766774851
149 1.6224867352448056
150 1.6210292579452623
Train R2 - DI: -0.510
Val R2 - DI: -0.536
Test R2 - DI: -0.534
151 1.6109049127093353
152 1.6041690071851122
153 1.5980444666305322
154 1.594432999156282
155 1.59502902800037
156 1.5889650514903462
157 1.5818126575921172
158 1.5731657575108244
159 1.5689981133279836
160 1.561488630352909
Train R2 - DI: -0.522
Val R2 - DI: -0.548
Test R2 - DI: -0.546
161 1.5597422670719872
162 1.5543512332396696
163 1.5494340874388226
164 1.5397964830466924
165 1.5349066530504534
166 1.5267165071220807
167 1.5256630095102455
168 1.514401091384204
169 1.5122433373577706
170 1.5047262589991306
Train R2 - DI: -0.419
Val R2 - DI: -0.437
Test R2 - DI: -0.440
171 1.50103564988755
172 1.492877125569142
173 1.4831318866394754
174 1.482943921448082
175 1.4768468811520539
176 1.472947463083438
177 1.4713496296209247
178 1.4685784748378192
179 1.460921096203575
180 1.4587486485853844
Train R2 - DI: -0.338
Val R2 - DI: -0.345
Test R2 - DI: -0.355
181 1.4539838698602492
182 1.446346684083289
183 1.4427678736307288
184 1.4465213704707374
185 1.438243149771058
186 1.4344830268600082
187 1.4339234689657834
188 1.4267817974945123
189 1.4212432181963357
190 1.423952140688469
Train R2 - DI: -0.358
Val R2 - DI: -0.356
Test R2 - DI: -0.371
191 1.4195482871865714
192 1.416186486521075
193 1.415851469621009
194 1.41306220100772
195 1.4118834369926043
196 1.4093966278978574
197 1.4023477922630994
198 1.4024898955471627
199 1.404634445029775
200 1.404039783802511
Train R2 - DI: -0.315
Val R2 - DI: -0.299
Test R2 - DI: -0.325
0.16807970670402883
Test R2 - DI: -0.325
Test R2 - DI: 0.165

------------------------------------------------------------
Sender: LSF System <lsfadmin@hpc.dtu.dk>
Subject: Job 14754421: <testjob> in cluster <dcc> Done

Job <testjob> was submitted from host <n-62-30-8> by user <s174503> in cluster <dcc> at Mon Nov 14 16:47:15 2022
Job was executed on host(s) <n-62-20-12>, in queue <gpuv100>, as user <s174503> in cluster <dcc> at Mon Nov 14 16:55:52 2022
</zhome/fd/6/127382> was used as the home directory.
</zhome/fd/6/127382/Desktop/MasterThesis/Master-thesis> was used as the working directory.
Started at Mon Nov 14 16:55:52 2022
Terminated at Mon Nov 14 20:20:16 2022
Results reported at Mon Nov 14 20:20:16 2022

Your job looked like:

------------------------------------------------------------
# LSBATCH: User input
#!/bin/sh
#BSUB -q gpuv100
#BSUB -J testjob
#BSUB -n 1
#BSUB -gpu "num=1:mode=exclusive_process"
#BSUB -W 08:00
#BSUB -R "rusage[mem=5GB]"
#BSUB -o outputs/gpu_%J.out
#BSUB -e outputs/errors/gpu_%J.err

nvidia-smi
module load cuda/11.6

/appl/cuda/11.6.0/samples/bin/x86_64/linux/release/deviceQuery

source $HOME/miniconda3/bin/activate
source venv_1/bin/activate

# python3 main.py Deep_google 128 1e-6 15 800 2_4_test4 7
# python3 main.py Deep_google 128 1e-6 20 800 shuffle_test5 99
# python3 main.py CNN_simple 128 1e-8 1 300 shuffle2_wd1 99 SGD
# python3 main.py CNN_simple 128 1e-8 10 300 shuffle2_wd10 99 SGD
python3 main.py CNN_simple 128 1e-4 1 200 shuffle_1wd1 99 SGD
python3 main.py CNN_simple 128 1e-4 10 200 shuffle_1wd10 99 SGD

# python3 main.py CNN_simple 128 1e-8 1 300 shuffle3_wd1 99 adam
# python3 main.py CNN_simple 128 1e-8 10 300 shuffle3_wd10 99 adam
# python3 main.py CNN_simple 128 1e-8 1 200 shuffle_2wd1 99 adam
# python3 main.py CNN_simple 128 1e-8 10 500 shuffle_2wd10 99 adam
------------------------------------------------------------

Successfully completed.

Resource usage summary:

    CPU time :                                   10535.41 sec.
    Max Memory :                                 2258 MB
    Average Memory :                             2228.44 MB
    Total Requested Memory :                     5120.00 MB
    Delta Memory :                               2862.00 MB
    Max Swap :                                   -
    Max Processes :                              4
    Max Threads :                                8
    Run time :                                   12264 sec.
    Turnaround time :                            12781 sec.

The output (if any) is above this job summary.



PS:

Read file <outputs/errors/gpu_14754421.err> for stderr output of this job.

