Fri Nov 11 00:03:50 2022       
+-----------------------------------------------------------------------------+
| NVIDIA-SMI 515.65.01    Driver Version: 515.65.01    CUDA Version: 11.7     |
|-------------------------------+----------------------+----------------------+
| GPU  Name        Persistence-M| Bus-Id        Disp.A | Volatile Uncorr. ECC |
| Fan  Temp  Perf  Pwr:Usage/Cap|         Memory-Usage | GPU-Util  Compute M. |
|                               |                      |               MIG M. |
|===============================+======================+======================|
|   0  Tesla V100-SXM2...  On   | 00000000:15:00.0 Off |                    0 |
| N/A   30C    P0    41W / 300W |      0MiB / 32768MiB |      0%   E. Process |
|                               |                      |                  N/A |
+-------------------------------+----------------------+----------------------+
                                                                               
+-----------------------------------------------------------------------------+
| Processes:                                                                  |
|  GPU   GI   CI        PID   Type   Process name                  GPU Memory |
|        ID   ID                                                   Usage      |
|=============================================================================|
|  No running processes found                                                 |
+-----------------------------------------------------------------------------+
/appl/cuda/11.6.0/samples/bin/x86_64/linux/release/deviceQuery Starting...

 CUDA Device Query (Runtime API) version (CUDART static linking)

Detected 1 CUDA Capable device(s)

Device 0: "Tesla V100-SXM2-32GB"
  CUDA Driver Version / Runtime Version          11.7 / 11.6
  CUDA Capability Major/Minor version number:    7.0
  Total amount of global memory:                 32511 MBytes (34089926656 bytes)
  (080) Multiprocessors, (064) CUDA Cores/MP:    5120 CUDA Cores
  GPU Max Clock rate:                            1530 MHz (1.53 GHz)
  Memory Clock rate:                             877 Mhz
  Memory Bus Width:                              4096-bit
  L2 Cache Size:                                 6291456 bytes
  Maximum Texture Dimension Size (x,y,z)         1D=(131072), 2D=(131072, 65536), 3D=(16384, 16384, 16384)
  Maximum Layered 1D Texture Size, (num) layers  1D=(32768), 2048 layers
  Maximum Layered 2D Texture Size, (num) layers  2D=(32768, 32768), 2048 layers
  Total amount of constant memory:               65536 bytes
  Total amount of shared memory per block:       49152 bytes
  Total shared memory per multiprocessor:        98304 bytes
  Total number of registers available per block: 65536
  Warp size:                                     32
  Maximum number of threads per multiprocessor:  2048
  Maximum number of threads per block:           1024
  Max dimension size of a thread block (x,y,z): (1024, 1024, 64)
  Max dimension size of a grid size    (x,y,z): (2147483647, 65535, 65535)
  Maximum memory pitch:                          2147483647 bytes
  Texture alignment:                             512 bytes
  Concurrent copy and kernel execution:          Yes with 5 copy engine(s)
  Run time limit on kernels:                     No
  Integrated GPU sharing Host Memory:            No
  Support host page-locked memory mapping:       Yes
  Alignment requirement for Surfaces:            Yes
  Device has ECC support:                        Enabled
  Device supports Unified Addressing (UVA):      Yes
  Device supports Managed Memory:                Yes
  Device supports Compute Preemption:            Yes
  Supports Cooperative Kernel Launch:            Yes
  Supports MultiDevice Co-op Kernel Launch:      Yes
  Device PCI Domain ID / Bus ID / location ID:   0 / 21 / 0
  Compute Mode:
     < Exclusive Process (many threads in one process is able to use ::cudaSetDevice() with this device) >

deviceQuery, CUDA Driver = CUDART, CUDA Driver Version = 11.7, CUDA Runtime Version = 11.6, NumDevs = 1
Result = PASS
CNN_simple
batch_size =  128 lr =  1e-08 wd =  0.1
5580 1000 1000
cuda:0
Using Adam
1 4.044428178315521
2 3.6078495434108175
3 3.1833390297428252
4 2.8468233916921855
5 2.5556349990188436
6 2.2745238325501855
7 2.0686406271432034
8 1.8349644440476613
9 1.6949510261576664
10 1.5546928592907485
Train R2 - DI: -0.358
Val R2 - DI: -0.362
Test R2 - DI: -0.388
11 1.4441610876377338
12 1.3391371632135043
13 1.2741173874092786
14 1.203003851145399
15 1.1389237374815036
16 1.1182444550230513
17 1.0855013216695477
18 1.057011332734084
19 1.047654074152738
20 1.0157162291601995
Train R2 - DI: 0.094
Val R2 - DI: 0.069
Test R2 - DI: 0.057
21 0.9982700473946056
22 1.019756805384031
23 0.9782087936623549
24 0.9818243827016551
25 0.9675363510740274
26 0.9729753805745033
27 0.9661191572852459
28 0.9538103532192955
29 0.941836855274802
30 0.9541837755497211
Train R2 - DI: 0.175
Val R2 - DI: 0.141
Test R2 - DI: 0.146
31 0.9430790090219094
32 0.9241951701461628
33 0.9139218315001457
34 0.9158383424136801
35 0.9206815844368337
36 0.9097259314256757
37 0.905635727220966
38 0.9167639024796025
39 0.905377249820258
40 0.906165826918831
Train R2 - DI: 0.215
Val R2 - DI: 0.175
Test R2 - DI: 0.192
41 0.8861421173191413
42 0.9034660831147198
43 0.8854155963894287
44 0.8828933360756085
45 0.8909820605349797
46 0.8757369825489633
47 0.8772209862654354
48 0.8689039530292634
49 0.8683158277610724
50 0.869343487592581
Train R2 - DI: 0.244
Val R2 - DI: 0.196
Test R2 - DI: 0.220
51 0.8725265413202266
52 0.8726122835631012
53 0.8621119125342284
54 0.8568803671867616
55 0.8626452378901956
56 0.8481206670029616
57 0.8459743222882671
58 0.8591548409513248
59 0.8439576102841285
60 0.8471147172767202
Train R2 - DI: 0.264
Val R2 - DI: 0.210
Test R2 - DI: 0.239
61 0.8335595532984716
62 0.8441694418589274
63 0.8278098547330467
64 0.8344845624807488
65 0.825550140830351
66 0.8377012589071814
67 0.8332910994475033
68 0.82070269725656
69 0.8100129228338973
70 0.807091932826572
Train R2 - DI: 0.282
Val R2 - DI: 0.221
Test R2 - DI: 0.255
71 0.8262935421372827
72 0.8366291277297508
73 0.8313986724850098
74 0.8230591284331455
75 0.8287073303294438
76 0.8189507805745662
77 0.8103079004526993
78 0.8120315223184538
79 0.8030274877411491
80 0.8056408775322753
Train R2 - DI: 0.293
Val R2 - DI: 0.228
Test R2 - DI: 0.264
81 0.8166159899004044
82 0.8091861561207788
83 0.8081440669661354
84 0.8054849175142131
85 0.8105905810991924
86 0.8089919402180606
87 0.7923334554104822
88 0.807653811200118
89 0.7973978091738985
90 0.8037462488297493
Train R2 - DI: 0.305
Val R2 - DI: 0.235
Test R2 - DI: 0.273
91 0.7892479955936418
92 0.8002131298024168
93 0.7925095370593465
94 0.7968248422855118
95 0.796382913196386
96 0.78979534141479
97 0.7944359166647799
98 0.7870149823927111
99 0.7877042918649626
100 0.7940471515433335
Train R2 - DI: 0.312
Val R2 - DI: 0.237
Test R2 - DI: 0.277
0.23742815780369508
Test R2 - DI: 0.277
Test R2 - DI: 0.277
CNN_simple
batch_size =  128 lr =  1e-08 wd =  1.0
5580 1000 1000
cuda:0
Using Adam
1 3.430142345052466
2 3.011745142509433
3 2.6033810796703487
4 2.307151389976556
5 2.060777344754947
6 1.8523401592794713
7 1.6674306925052382
8 1.5569940201270538
9 1.4524575424023427
10 1.3722460704037793
Train R2 - DI: -0.182
Val R2 - DI: -0.244
Test R2 - DI: -0.214
11 1.2968955023741637
12 1.2406236839123523
13 1.2094059460479298
14 1.1656176121004167
15 1.1541813198383564
16 1.1154471459781825
17 1.0946929939331547
18 1.0986755420657468
19 1.0791558025558363
20 1.0695070491469463
Train R2 - DI: 0.071
Val R2 - DI: 0.024
Test R2 - DI: 0.065
21 1.047858908740423
22 1.041768019430099
23 1.0378825250919574
24 1.0280357989359072
25 1.0300907285410017
26 1.0156904355172187
27 1.0263342747978839
28 0.9999854621921389
29 0.9813838231093567
30 0.9957316496038949
Train R2 - DI: 0.145
Val R2 - DI: 0.111
Test R2 - DI: 0.144
31 0.9887805608865609
32 0.985640686814503
33 0.9765052143390888
34 0.9667153483223317
35 0.9611675019332585
36 0.9589412863536547
37 0.9573727073635252
38 0.9444402207610427
39 0.9468893994567215
40 0.9345949065300726
Train R2 - DI: 0.190
Val R2 - DI: 0.167
Test R2 - DI: 0.194
41 0.9311636212051556
42 0.9309027130885791
43 0.9201183795501682
44 0.9247905010818154
45 0.9139419212563491
46 0.9185489845532243
47 0.9186922747174472
48 0.9145162888752517
49 0.91830093510262
50 0.9129710526449278
Train R2 - DI: 0.219
Val R2 - DI: 0.198
Test R2 - DI: 0.221
51 0.9094062758175703
52 0.8949739730486306
53 0.891496490577643
54 0.917741597083307
55 0.8892615629353403
56 0.8960881797643545
57 0.8997837988279199
58 0.876407491776251
59 0.896545301201523
60 0.8827510164202755
Train R2 - DI: 0.239
Val R2 - DI: 0.217
Test R2 - DI: 0.239
61 0.8833818621960164
62 0.8693168615354859
63 0.8931230619816797
64 0.8600303430283796
65 0.8675190518406557
66 0.8731875374325715
67 0.8664634969072103
68 0.8661836125944677
69 0.8555081080792198
70 0.8679413016978985
Train R2 - DI: 0.257
Val R2 - DI: 0.236
Test R2 - DI: 0.256
71 0.8715053081512452
72 0.8600601692780799
73 0.8607600377451989
74 0.8545864738443847
75 0.8598987576354788
76 0.8554003637751371
77 0.8494381185500852
78 0.8559247474516591
79 0.8547036667451209
80 0.8572164793168345
Train R2 - DI: 0.271
Val R2 - DI: 0.250
Test R2 - DI: 0.267
81 0.83964340302252
82 0.8469783550949507
83 0.8412327692072878
84 0.8476520187538584
85 0.8507789500725312
86 0.8338988469920278
87 0.8342081937311371
88 0.8461694707579938
89 0.8458093403060803
90 0.8385438408475623
Train R2 - DI: 0.281
Val R2 - DI: 0.259
Test R2 - DI: 0.275
91 0.8370765522816702
92 0.8350230610071545
93 0.8414112090209906
94 0.8310683490554919
95 0.8172525936557401
96 0.8290361332637007
97 0.8376909925946198
98 0.8247545975510792
99 0.837361649757645
100 0.8252857399670454
Train R2 - DI: 0.290
Val R2 - DI: 0.266
Test R2 - DI: 0.284
0.26623517545407316
Test R2 - DI: 0.284
Test R2 - DI: 0.284
CNN_simple
batch_size =  128 lr =  1e-08 wd =  10.0
5580 1000 1000
cuda:0
Using Adam
1 4.022213024734169
2 3.6248364513492928
3 3.256882533377644
4 2.9808108917701204
5 2.7233192589120625
6 2.465716609134469
7 2.2801316290346096
8 2.120559710499206
9 1.9805025705727197
10 1.8677237003080307
Train R2 - DI: -0.618
Val R2 - DI: -0.543
Test R2 - DI: -0.587
11 1.7590862955243785
12 1.6602751040544135
13 1.5933218514192917
14 1.5347799048201585
15 1.4740495285252944
16 1.4359463259310705
17 1.3822250555065798
18 1.344069874201197
19 1.3125138697231116
20 1.2742676401651034
Train R2 - DI: -0.145
Val R2 - DI: -0.075
Test R2 - DI: -0.113
21 1.276495526682946
22 1.2469849316450003
23 1.2431480829861001
24 1.2307885522056223
25 1.2307872567125546
26 1.2010350809302381
27 1.1807239341052203
28 1.1821369177978953
29 1.179728245564259
30 1.1649498942932348
Train R2 - DI: -0.008
Val R2 - DI: 0.054
Test R2 - DI: 0.022
31 1.1426650550630357
32 1.1546212568505263
33 1.1321664235925162
34 1.1353678299961978
35 1.1137520266262861
36 1.1118048310279847
37 1.1203689828995735
38 1.1152544717207604
39 1.098705012866673
40 1.1008782412416191
Train R2 - DI: 0.040
Val R2 - DI: 0.096
Test R2 - DI: 0.065
41 1.1012202784152014
42 1.0934047068319013
43 1.0958163177240707
44 1.076534375195862
45 1.0759617378207518
46 1.0878983785601928
47 1.0724539420083432
48 1.0655226559621886
49 1.0624909763267818
50 1.0463562949156675
Train R2 - DI: 0.088
Val R2 - DI: 0.138
Test R2 - DI: 0.109
51 1.0636040720033817
52 1.0534728881278772
53 1.0542926539229662
54 1.0444639179441664
55 1.0449261160734307
56 1.0446284680383606
57 1.0383313813089896
58 1.0372294302055058
59 1.0459070237306711
60 1.0351415822155587
Train R2 - DI: 0.109
Val R2 - DI: 0.155
Test R2 - DI: 0.127
61 1.0289118490766027
62 1.023739177693603
63 1.0343572776377414
64 1.0428027440997434
65 1.0261223015819398
66 1.0247094801249896
67 1.0293141245414708
68 0.9988268500160573
69 0.9986301915192689
70 1.016735541948708
Train R2 - DI: 0.131
Val R2 - DI: 0.174
Test R2 - DI: 0.146
71 0.9931974472538118
72 1.0069510519718183
73 1.0017776732803674
74 0.9956099834493412
75 1.0029062848791854
76 1.0064507560490707
77 1.0027539501053457
78 0.9854501311497021
79 1.0017740341924852
80 0.9913944475539697
Train R2 - DI: 0.153
Val R2 - DI: 0.192
Test R2 - DI: 0.164
81 0.9938145509330175
82 1.00563208578308
83 1.001229473681433
84 0.9937550040556111
85 0.985536273833244
86 0.980999293464059
87 0.9860678527517558
88 0.9866669873610192
89 0.965744161862199
90 0.9830529821389038
Train R2 - DI: 0.167
Val R2 - DI: 0.204
Test R2 - DI: 0.176
91 0.9687718570446028
92 0.9657137265769384
93 0.9727145411207685
94 0.9652436041917425
95 0.9609541439240978
96 0.9640036100555064
97 0.9703019521569693
98 0.9590554825293975
99 0.9580482362419046
100 0.9597048426187167
Train R2 - DI: 0.176
Val R2 - DI: 0.212
Test R2 - DI: 0.185
0.2117153807995935
Test R2 - DI: 0.185
Test R2 - DI: 0.185
CNN_simple
batch_size =  128 lr =  1e-08 wd =  0.1
5276 1164 1140
cuda:0
Using Adam
1 3.6497599317595486
2 3.2232040142452654
3 2.8789678277889825
4 2.5656655201684173
5 2.301684402714542
6 2.0554970045538
7 1.8640429969083367
8 1.6697387860705222
9 1.5407415380796037
10 1.430973936745034
Train R2 - DI: -0.395
Val R2 - DI: -0.241
Test R2 - DI: -0.321
11 1.3344157656726736
12 1.2460427717153912
13 1.1850306294559076
14 1.1415811139946186
15 1.0944542363342504
16 1.0588132476065537
17 1.018669804223475
18 1.0092336568893854
19 0.9944989857933936
20 0.9771860671639895
Train R2 - DI: 0.055
Val R2 - DI: -0.037
Test R2 - DI: 0.057
21 0.9627108396771643
22 0.9492605093123788
23 0.9376993249364655
24 0.9264033568275978
25 0.9163136121628409
26 0.9176646350368214
27 0.920651342716969
28 0.9052313272703588
29 0.888882559388763
30 0.8987448515089468
Train R2 - DI: 0.146
Val R2 - DI: 0.015
Test R2 - DI: 0.135
31 0.8798865345140765
32 0.866791100010355
33 0.8798870101311245
34 0.882122267277698
35 0.8731095635411954
36 0.8609261362727977
37 0.8465548652514443
38 0.855435656000937
39 0.8539806430858586
40 0.8420850939150558
Train R2 - DI: 0.185
Val R2 - DI: 0.082
Test R2 - DI: 0.163
41 0.8387480153560277
42 0.8303735549473419
43 0.8546586492189953
44 0.8357796324664124
45 0.8418699827855785
46 0.8266770882620967
47 0.8282658575474087
48 0.8128696461804804
49 0.8282475146585744
50 0.8414545742465837
Train R2 - DI: 0.227
Val R2 - DI: 0.093
Test R2 - DI: 0.209
51 0.8148891704836246
52 0.8117218777661617
53 0.7968174024817617
54 0.802727027676881
55 0.798844062351114
56 0.8049283500328671
57 0.8068697655444981
58 0.7999749723214648
59 0.8081772260542979
60 0.7876126848901195
Train R2 - DI: 0.249
Val R2 - DI: 0.121
Test R2 - DI: 0.224
61 0.7997463189172781
62 0.7816640553463581
63 0.7902477665142728
64 0.7792529714568444
65 0.7886540062776382
66 0.7820862304811861
67 0.7852770392871247
68 0.78357510543213
69 0.7852486762429296
70 0.790520185318022
Train R2 - DI: 0.267
Val R2 - DI: 0.136
Test R2 - DI: 0.239
71 0.765099961799234
72 0.7743104430109014
73 0.7903441914651681
74 0.7827700555460122
75 0.7678856529278498
76 0.7718852264940784
77 0.7651604770981425
78 0.7661885218334704
79 0.7583633392845889
80 0.7720902945798306
Train R2 - DI: 0.281
Val R2 - DI: 0.157
Test R2 - DI: 0.248
81 0.7560082454406646
82 0.7526702954969775
83 0.7674951482849468
84 0.7687974924206101
85 0.7519316708526438
86 0.7654023854636712
87 0.7603137136138326
88 0.745719184741728
89 0.7393899575790914
90 0.7499688247824546
Train R2 - DI: 0.292
Val R2 - DI: 0.172
Test R2 - DI: 0.250
91 0.7498561701736638
92 0.7469628364683734
93 0.7568420704971036
94 0.7318657891058036
95 0.7318382940118832
96 0.7369002578292858
97 0.7397862286889435
98 0.7431917508684206
99 0.7414018018305347
100 0.7374484638448372
Train R2 - DI: 0.302
Val R2 - DI: 0.185
Test R2 - DI: 0.248
0.1854752891674305
Test R2 - DI: 0.248
Test R2 - DI: 0.248
CNN_simple
batch_size =  128 lr =  1e-08 wd =  1.0
5276 1164 1140
cuda:0
Using Adam
1 4.741794601365235
2 4.248288267394464
3 3.8280451787611676
4 3.4455755977037734
5 3.1201892018408555
6 2.8069506394673334
7 2.5335030103832414
8 2.2956869737771175
9 2.078769163438278
10 1.8957344907264622
Train R2 - DI: -0.875
Val R2 - DI: -0.577
Test R2 - DI: -0.693
11 1.75345851518242
12 1.6257159276113444
13 1.5076788035733308
14 1.4044579461815685
15 1.333703127659298
16 1.2653015585357805
17 1.201530843272726
18 1.1435177882934178
19 1.1203963396402812
20 1.0809254598852538
Train R2 - DI: -0.034
Val R2 - DI: -0.022
Test R2 - DI: 0.018
21 1.0689473854401872
22 1.021837918481834
23 1.0160744518742044
24 0.9965262608242541
25 0.9909731583490436
26 0.9700235477715753
27 0.9709164295529126
28 0.9636529950683455
29 0.9509467407100756
30 0.9529552302006251
Train R2 - DI: 0.101
Val R2 - DI: 0.015
Test R2 - DI: 0.132
31 0.9348765946952929
32 0.9348051775758062
33 0.9258172163645185
34 0.9136169039904846
35 0.9221664094129596
36 0.9187067350354314
37 0.8946775077779334
38 0.9128140328597444
39 0.9169317027942261
40 0.8914987684832639
Train R2 - DI: 0.148
Val R2 - DI: 0.053
Test R2 - DI: 0.178
41 0.9093094107054507
42 0.8995028261075515
43 0.8856759777206468
44 0.8825252000990919
45 0.88080963182847
46 0.8809488242643181
47 0.8642541747639088
48 0.8826625385548329
49 0.8708247185837961
50 0.8658093698463989
Train R2 - DI: 0.178
Val R2 - DI: 0.090
Test R2 - DI: 0.207
51 0.8706568907028441
52 0.8522105432080898
53 0.8774261098634664
54 0.8594845064758261
55 0.8573804970398556
56 0.8514134243096791
57 0.8441278616798205
58 0.8398914399067501
59 0.8493414613403454
60 0.8475292606548978
Train R2 - DI: 0.199
Val R2 - DI: 0.119
Test R2 - DI: 0.220
61 0.8454820211860969
62 0.8572135095437248
63 0.8339263095017
64 0.8401356802644651
65 0.8214078232860638
66 0.8262469658714248
67 0.825825394781545
68 0.8337188939238426
69 0.8204497154053637
70 0.8273597925878818
Train R2 - DI: 0.207
Val R2 - DI: 0.150
Test R2 - DI: 0.211
71 0.8282886520310547
72 0.8112094296570345
73 0.8213287387226819
74 0.8185872995464797
75 0.8014678873737442
76 0.8159078467606233
77 0.8131513935856244
78 0.8221482892575094
79 0.8029033598617861
80 0.8060987196789265
Train R2 - DI: 0.234
Val R2 - DI: 0.150
Test R2 - DI: 0.244
81 0.807779145656525
82 0.80291121633239
83 0.7941605725281161
84 0.8100690734576239
85 0.7981411050087218
86 0.8009543238127205
87 0.7987601204836703
88 0.79629508295775
89 0.7912542572339617
90 0.7993372109371935
Train R2 - DI: 0.247
Val R2 - DI: 0.162
Test R2 - DI: 0.254
91 0.788590791959307
92 0.7933016935924041
93 0.7840546093898076
94 0.7731208704112604
95 0.7765011216674094
96 0.7829701013416843
97 0.7917571254441736
98 0.776959713206678
99 0.7758175940383466
100 0.7647838928737453
Train R2 - DI: 0.261
Val R2 - DI: 0.167
Test R2 - DI: 0.264
0.16709540928049893
Test R2 - DI: 0.264
Test R2 - DI: 0.264
CNN_simple
batch_size =  128 lr =  1e-08 wd =  10.0
5276 1164 1140
cuda:0
Using Adam
1 3.331203328921453
2 2.9752410116116144
3 2.720557999303614
4 2.4811887511527386
5 2.2688755857122045
6 2.1113023792278414
7 1.9574545546857762
8 1.8125265991262995
9 1.7318360009276568
10 1.6318264905027227
Train R2 - DI: -0.607
Val R2 - DI: -0.417
Test R2 - DI: -0.465
11 1.5512715663938834
12 1.4788816493962007
13 1.4541544695529547
14 1.3897882654777163
15 1.350021779220876
16 1.3175869528500757
17 1.2778587576292788
18 1.2826724256684692
19 1.2395634424333957
20 1.2165661842376558
Train R2 - DI: -0.190
Val R2 - DI: -0.167
Test R2 - DI: -0.102
21 1.2110523730177514
22 1.2005803080740256
23 1.188806927276435
24 1.1705203626624014
25 1.1633138256239295
26 1.1441830957902932
27 1.1372477033085855
28 1.1219589128197822
29 1.106405717482433
30 1.0949133822554618
Train R2 - DI: -0.075
Val R2 - DI: -0.114
Test R2 - DI: -0.013
31 1.0968160089712597
32 1.0911724170199661
33 1.0858516698537946
34 1.0994036539293222
35 1.0818803166692414
36 1.072461275099985
37 1.0578773244932984
38 1.0690268868745685
39 1.0511705127062447
40 1.0465479957686852
Train R2 - DI: -0.013
Val R2 - DI: -0.076
Test R2 - DI: 0.029
41 1.0559057399935574
42 1.0365510121541461
43 1.04443013008297
44 1.0360273560671485
45 1.0088814479822097
46 1.0232286652983635
47 1.0521798169097727
48 1.0137957358016851
49 1.0202100936710337
50 1.0169476938573043
Train R2 - DI: 0.031
Val R2 - DI: -0.046
Test R2 - DI: 0.062
51 1.0223464160547553
52 1.0239651203155518
53 1.0158352772334565
54 1.008146243668398
55 1.0039579747661305
56 0.9883456408209291
57 0.9764846598586863
58 0.9662393660505583
59 0.9674932210168846
60 0.9725955488828206
Train R2 - DI: 0.079
Val R2 - DI: -0.047
Test R2 - DI: 0.099
61 0.9618862520301766
62 0.9647796654719308
63 0.9749872084365278
64 0.9744132965057524
65 0.9702309079925792
66 0.9729161552175416
67 0.9595028001354715
68 0.9460755633620984
69 0.9677791626639579
70 0.9477973339501613
Train R2 - DI: 0.095
Val R2 - DI: -0.022
Test R2 - DI: 0.112
71 0.962932209972182
72 0.9509344000631973
73 0.945260365050882
74 0.9534783862231806
75 0.9454088603302419
76 0.9422394224782167
77 0.9397997876023415
78 0.9339855345385467
79 0.9322220245665723
80 0.9327137077098728
Train R2 - DI: 0.119
Val R2 - DI: -0.006
Test R2 - DI: 0.129
81 0.944979068499067
82 0.9452799921057458
83 0.9228789236077402
84 0.9199066039194566
85 0.9323337418821565
86 0.9262990863419013
87 0.9188949521334447
88 0.9206509739273511
89 0.9336102894529237
90 0.9006268496401297
Train R2 - DI: 0.142
Val R2 - DI: -0.009
Test R2 - DI: 0.144
91 0.91985586138726
92 0.9082171548217242
93 0.913614684655144
94 0.8941464199090745
95 0.8939061272406416
96 0.9118241267822473
97 0.9028619549507622
98 0.89396662030643
99 0.8962167029221733
100 0.9143957107513578
Train R2 - DI: 0.153
Val R2 - DI: 0.028
Test R2 - DI: 0.154
0.028358049585627043
Test R2 - DI: 0.154
Test R2 - DI: 0.154

------------------------------------------------------------
Sender: LSF System <lsfadmin@hpc.dtu.dk>
Subject: Job 14718430: <testjob> in cluster <dcc> Done

Job <testjob> was submitted from host <n-62-30-8> by user <s174503> in cluster <dcc> at Thu Nov 10 23:31:49 2022
Job was executed on host(s) <n-62-20-12>, in queue <gpuv100>, as user <s174503> in cluster <dcc> at Fri Nov 11 00:03:50 2022
</zhome/fd/6/127382> was used as the home directory.
</zhome/fd/6/127382/Desktop/MasterThesis/Master-thesis> was used as the working directory.
Started at Fri Nov 11 00:03:50 2022
Terminated at Fri Nov 11 05:00:05 2022
Results reported at Fri Nov 11 05:00:05 2022

Your job looked like:

------------------------------------------------------------
# LSBATCH: User input
#!/bin/sh
#BSUB -q gpuv100
#BSUB -J testjob
#BSUB -n 1
#BSUB -gpu "num=1:mode=exclusive_process"
#BSUB -W 10:00
#BSUB -R "rusage[mem=5GB]"
#BSUB -o outputs/gpu_%J.out
#BSUB -e outputs/errors/gpu_%J.err

nvidia-smi
module load cuda/11.6

/appl/cuda/11.6.0/samples/bin/x86_64/linux/release/deviceQuery

source $HOME/miniconda3/bin/activate
source venv_1/bin/activate

#python3 main.py Deep_google 128 1e-6 15 800 2_4_test4 7
#python3 main.py Deep_google 128 1e-6 20 800 shuffle_test5 99
python3 main.py CNN_simple 128 1e-8 0.1 100 shuffle1_wd01 99 SGD
python3 main.py CNN_simple 128 1e-8 1 100 shuffle1_wd1 99 SGD
python3 main.py CNN_simple 128 1e-8 10 100 shuffle1_wd10 99 SGD
python3 main.py CNN_simple 128 1e-8 0.1 100 2_4_wd01 7 SGD
python3 main.py CNN_simple 128 1e-8 1 100 2_4_wd1 7 SGD
python3 main.py CNN_simple 128 1e-8 10 100 2_4_wd10 7 SGD

------------------------------------------------------------

Successfully completed.

Resource usage summary:

    CPU time :                                   15435.08 sec.
    Max Memory :                                 2785 MB
    Average Memory :                             2198.11 MB
    Total Requested Memory :                     5120.00 MB
    Delta Memory :                               2335.00 MB
    Max Swap :                                   -
    Max Processes :                              4
    Max Threads :                                8
    Run time :                                   17777 sec.
    Turnaround time :                            19696 sec.

The output (if any) is above this job summary.



PS:

Read file <outputs/errors/gpu_14718430.err> for stderr output of this job.

