Wed Nov  9 15:10:29 2022       
+-----------------------------------------------------------------------------+
| NVIDIA-SMI 515.65.01    Driver Version: 515.65.01    CUDA Version: 11.7     |
|-------------------------------+----------------------+----------------------+
| GPU  Name        Persistence-M| Bus-Id        Disp.A | Volatile Uncorr. ECC |
| Fan  Temp  Perf  Pwr:Usage/Cap|         Memory-Usage | GPU-Util  Compute M. |
|                               |                      |               MIG M. |
|===============================+======================+======================|
|   0  Tesla V100-PCIE...  On   | 00000000:AF:00.0 Off |                    0 |
| N/A   46C    P0    41W / 250W |      0MiB / 16384MiB |      0%   E. Process |
|                               |                      |                  N/A |
+-------------------------------+----------------------+----------------------+
                                                                               
+-----------------------------------------------------------------------------+
| Processes:                                                                  |
|  GPU   GI   CI        PID   Type   Process name                  GPU Memory |
|        ID   ID                                                   Usage      |
|=============================================================================|
|  No running processes found                                                 |
+-----------------------------------------------------------------------------+
/appl/cuda/11.6.0/samples/bin/x86_64/linux/release/deviceQuery Starting...

 CUDA Device Query (Runtime API) version (CUDART static linking)

Detected 1 CUDA Capable device(s)

Device 0: "Tesla V100-PCIE-16GB"
  CUDA Driver Version / Runtime Version          11.7 / 11.6
  CUDA Capability Major/Minor version number:    7.0
  Total amount of global memory:                 16161 MBytes (16945709056 bytes)
  (080) Multiprocessors, (064) CUDA Cores/MP:    5120 CUDA Cores
  GPU Max Clock rate:                            1380 MHz (1.38 GHz)
  Memory Clock rate:                             877 Mhz
  Memory Bus Width:                              4096-bit
  L2 Cache Size:                                 6291456 bytes
  Maximum Texture Dimension Size (x,y,z)         1D=(131072), 2D=(131072, 65536), 3D=(16384, 16384, 16384)
  Maximum Layered 1D Texture Size, (num) layers  1D=(32768), 2048 layers
  Maximum Layered 2D Texture Size, (num) layers  2D=(32768, 32768), 2048 layers
  Total amount of constant memory:               65536 bytes
  Total amount of shared memory per block:       49152 bytes
  Total shared memory per multiprocessor:        98304 bytes
  Total number of registers available per block: 65536
  Warp size:                                     32
  Maximum number of threads per multiprocessor:  2048
  Maximum number of threads per block:           1024
  Max dimension size of a thread block (x,y,z): (1024, 1024, 64)
  Max dimension size of a grid size    (x,y,z): (2147483647, 65535, 65535)
  Maximum memory pitch:                          2147483647 bytes
  Texture alignment:                             512 bytes
  Concurrent copy and kernel execution:          Yes with 7 copy engine(s)
  Run time limit on kernels:                     No
  Integrated GPU sharing Host Memory:            No
  Support host page-locked memory mapping:       Yes
  Alignment requirement for Surfaces:            Yes
  Device has ECC support:                        Enabled
  Device supports Unified Addressing (UVA):      Yes
  Device supports Managed Memory:                Yes
  Device supports Compute Preemption:            Yes
  Supports Cooperative Kernel Launch:            Yes
  Supports MultiDevice Co-op Kernel Launch:      Yes
  Device PCI Domain ID / Bus ID / location ID:   0 / 175 / 0
  Compute Mode:
     < Exclusive Process (many threads in one process is able to use ::cudaSetDevice() with this device) >

deviceQuery, CUDA Driver = CUDART, CUDA Driver Version = 11.7, CUDA Runtime Version = 11.6, NumDevs = 1
Result = PASS
Deep_google
batch_size =  128 lr =  1e-06 wd =  50.0
5580 1000 1000
cuda:0
1 3.9219040889466537
2 3.7565243126243675
3 3.6337786915481733
4 3.6100452045385985
5 3.5181688419806916
6 3.4799774952686815
7 3.4041894386318847
8 3.3119617327139794
9 3.325826880239671
10 3.2230086183035245
Train R2 - DI: -1.929
Val R2 - DI: -1.868
Test R2 - DI: -1.881
11 3.2196805135323583
12 3.1832857366103853
13 3.096198329959719
14 3.079862250563919
15 3.034275314372073
16 3.038203718841717
17 2.970659174457673
18 2.919752274448299
19 2.8952501736234164
20 2.8789643544022754
Train R2 - DI: -1.636
Val R2 - DI: -1.578
Test R2 - DI: -1.582
21 2.8546788142146173
22 2.813764861493128
23 2.785958135085294
24 2.797108625254751
25 2.730033624471302
26 2.7179761343104865
27 2.6940948740983095
28 2.6448703794923736
29 2.6558652705189147
30 2.637382064327117
Train R2 - DI: -1.398
Val R2 - DI: -1.341
Test R2 - DI: -1.346
31 2.5983483552078193
32 2.5811817989554457
33 2.544934050242106
34 2.533263832693886
35 2.4997023008202994
36 2.4831146522234846
37 2.4993253039630083
38 2.468260191503819
39 2.451538899807947
40 2.415306107886803
Train R2 - DI: -1.192
Val R2 - DI: -1.138
Test R2 - DI: -1.142
41 2.3990514387793866
42 2.3860999115906307
43 2.374146561297892
44 2.361779687737906
45 2.3157482555690203
46 2.3481642082173337
47 2.2992389258518013
48 2.280755620190747
49 2.275606386123165
50 2.2641790316523616
Train R2 - DI: -1.046
Val R2 - DI: -0.993
Test R2 - DI: -0.997
51 2.2345988553057436
52 2.2490435531917012
53 2.2336846274714315
54 2.222685685209049
55 2.1900691548555984
56 2.171389051748433
57 2.1595147978020397
58 2.1577719088523617
59 2.1656818877838844
60 2.162499266884233
Train R2 - DI: -0.931
Val R2 - DI: -0.880
Test R2 - DI: -0.884
61 2.116079494688246
62 2.128744394890296
63 2.100289104916289
64 2.103075699652395
65 2.0782929230761784
66 2.0666276285725256
67 2.0473894318372117
68 2.040369086539019
69 2.0496254350976706
70 2.0208874970781334
Train R2 - DI: -0.847
Val R2 - DI: -0.798
Test R2 - DI: -0.801
71 2.0322347608518427
72 2.024631985284949
73 2.028213890649939
74 1.9952068057111514
75 1.991377742914316
76 1.9643671066530288
77 1.9712821074284106
78 1.9790730475524847
79 1.9524080318362056
80 1.9646820131595844
Train R2 - DI: -0.793
Val R2 - DI: -0.746
Test R2 - DI: -0.747
81 1.9334487371547249
82 1.9268337894938752
83 1.947522554688129
84 1.922690522798928
85 1.9041534770774158
86 1.9082993537294395
87 1.8903239534747216
88 1.8926724251025895
89 1.8875518899664656
90 1.8907463135257845
Train R2 - DI: -0.747
Val R2 - DI: -0.701
Test R2 - DI: -0.702
91 1.8744039150976366
92 1.8609928044794282
93 1.848656433201178
94 1.8525740102200525
95 1.8331076757027684
96 1.8426574117393903
97 1.8270690216385763
98 1.8163549494145164
99 1.8247895439893114
100 1.8227031041217108
Train R2 - DI: -0.691
Val R2 - DI: -0.645
Test R2 - DI: -0.646
101 1.806085351803824
102 1.8071939964020978
103 1.7920224484576974
104 1.7749337332223052
105 1.7865908311686636
106 1.776554186967966
107 1.7756334695337495
108 1.7542403924422452
109 1.7481992713012149
110 1.7535249807501352
Train R2 - DI: -0.601
Val R2 - DI: -0.558
Test R2 - DI: -0.559
111 1.7567356077146359
112 1.7258581188844524
113 1.7327974750149635
114 1.7437810211626006
115 1.7193740988290438
116 1.7379417088723952
117 1.7149043853137655
118 1.7188734652748245
119 1.7075253646433568
120 1.7069068619854562
Train R2 - DI: -0.588
Val R2 - DI: -0.545
Test R2 - DI: -0.544
121 1.7077189814659857
122 1.698665245288589
123 1.693547739692059
124 1.6916389338004547
125 1.6849903962945425
126 1.6832590302258836
127 1.6825870856589313
128 1.6673129966182094
129 1.6743359494807473
130 1.6641120078315872
Train R2 - DI: -0.546
Val R2 - DI: -0.504
Test R2 - DI: -0.504
131 1.6730501786782324
132 1.659102388693013
133 1.6599516261008478
134 1.6600506750058956
135 1.6702385352931142
136 1.6519847550272515
137 1.6340898916285524
138 1.641664104991489
139 1.640988600382241
140 1.6419665833100623
Train R2 - DI: -0.506
Val R2 - DI: -0.466
Test R2 - DI: -0.466
141 1.6295855928065528
142 1.6143498600170176
143 1.6291966851894146
144 1.6209485388143943
145 1.6198114074686523
146 1.6042945748161672
147 1.6114228192196098
148 1.600040638831354
149 1.6035933063021697
150 1.5905959461752233
Train R2 - DI: -0.508
Val R2 - DI: -0.467
Test R2 - DI: -0.467
151 1.6076252811698504
152 1.5932581481113228
153 1.6014606163920468
154 1.5925419535688174
155 1.5873970958921644
156 1.589515249190792
157 1.5847779666223833
158 1.5890165299070351
159 1.5855505385279227
160 1.5745113605239485
Train R2 - DI: -0.461
Val R2 - DI: -0.422
Test R2 - DI: -0.422
161 1.5733753929856003
162 1.5766809916410822
163 1.5777244242288733
164 1.5675714613288962
165 1.5616117914944994
166 1.5596058042245953
167 1.5631765355346023
168 1.5578834761000875
169 1.5570139048347336
170 1.559566966265333
Train R2 - DI: -0.475
Val R2 - DI: -0.435
Test R2 - DI: -0.435
171 1.543127144109391
172 1.551978961541234
173 1.555399200053198
174 1.5499073473783376
175 1.550013897752249
176 1.5462077155335403
177 1.5312615274101176
178 1.54919746366453
179 1.554923122758079
180 1.5387354816587169
Train R2 - DI: -0.447
Val R2 - DI: -0.408
Test R2 - DI: -0.407
181 1.532177669173073
182 1.5459365230307356
183 1.5420170313141253
184 1.544942780293017
185 1.523754978094477
186 1.5263510375894527
187 1.5206511980316546
188 1.5353787720417036
189 1.5260718028605198
190 1.509175377934637
Train R2 - DI: -0.423
Val R2 - DI: -0.385
Test R2 - DI: -0.384
191 1.5149659052544597
192 1.52173182947234
193 1.5189617777383455
194 1.5205160411882572
195 1.5156901365539934
196 1.5252783277983306
197 1.5257121912467437
198 1.5208794002464596
199 1.515590153971026
200 1.5083523111104111
Train R2 - DI: -0.430
Val R2 - DI: -0.392
Test R2 - DI: -0.391
201 1.5048114789856806
202 1.5147421098097251
203 1.5145585618138742
204 1.509078149299895
205 1.5116692214883785
206 1.5053452557560363
207 1.5166319909488857
208 1.5034159098902056
209 1.5132243893907062
210 1.5107019873075587
Train R2 - DI: -0.421
Val R2 - DI: -0.383
Test R2 - DI: -0.382
211 1.5022897396463648
212 1.5016728933566788
213 1.510507623354594
214 1.4910154510997102
215 1.501770020043978
216 1.4992212829624025
217 1.5050327763335252
218 1.5084877351706174
219 1.499499634602591
220 1.4995606483951691
Train R2 - DI: -0.426
Val R2 - DI: -0.388
Test R2 - DI: -0.387
221 1.4990656603194479
222 1.5070233098922237
223 1.4985019186491608
224 1.4954320663192366
225 1.5015254987183437
226 1.5031656856605229
227 1.4945287498521975
228 1.5026273345434538
229 1.5010707684315234
230 1.4985380910203447
Train R2 - DI: -0.400
Val R2 - DI: -0.363
Test R2 - DI: -0.363
231 1.5030315954625393
232 1.4967583093164643
233 1.5040165944765973
234 1.5014441581609856
235 1.4910522984774737
236 1.4965838875821842
237 1.5010385662851369
238 1.4996853466956845
239 1.4979135419305507
240 1.4972598560394779
Train R2 - DI: -0.402
Val R2 - DI: -0.365
Test R2 - DI: -0.364
241 1.4986325661341349
242 1.4986661467500912
243 1.5004723572816472
244 1.4947541958969555
245 1.4990967865913145
246 1.4943444013595581
247 1.506257432079657
248 1.5019781247689306
249 1.4869921027973134
250 1.5006473152440936
Train R2 - DI: -0.413
Val R2 - DI: -0.376
Test R2 - DI: -0.374
251 1.4961943161530307
252 1.4983607198175137
253 1.5074441556007632
254 1.500226609766697
255 1.5022520668617714
256 1.4993501206025428
257 1.4957646290461222
258 1.49920330440699
259 1.4937955621322851
260 1.5098821998924337
Train R2 - DI: -0.428
Val R2 - DI: -0.390
Test R2 - DI: -0.389
261 1.5045911941049774
262 1.5000893291179425
263 1.5053309076575823
264 1.5034707490688584
265 1.5086928022377808
266 1.4978715087350551
267 1.4960541459394612
268 1.5031839049417912
269 1.5054218317872734
270 1.5041749135567724
Train R2 - DI: -0.411
Val R2 - DI: -0.374
Test R2 - DI: -0.372
271 1.5037733315566961
272 1.5020196539526771
273 1.505077157482024
274 1.5026737578026284
275 1.504876833320946
276 1.5014626323535878
277 1.5105969097451923
278 1.5095153828248329
279 1.5038407864109162
280 1.5111519009408985
Train R2 - DI: -0.438
Val R2 - DI: -0.400
Test R2 - DI: -0.398
281 1.5060621961470573
282 1.5159180728338097
283 1.5121627159870654
284 1.5133031206746255
285 1.5080681865787848
286 1.5099334951797267
287 1.5083027453405455
288 1.5145747336008215
289 1.515375382754965
290 1.5164390024745764
Train R2 - DI: -0.408
Val R2 - DI: -0.372
Test R2 - DI: -0.370
291 1.510107540144288
292 1.5176413349780558
293 1.5096727328488477
294 1.5184675645657337
295 1.521441211837167
296 1.5209331962797377
297 1.5159675301616764
298 1.5210754724386346
299 1.5291587809080718
300 1.5202369712159625
Train R2 - DI: -0.445
Val R2 - DI: -0.408
Test R2 - DI: -0.405
301 1.523798115022721
302 1.5247795516017517
303 1.5248253839417598
304 1.52806281368365
305 1.5274641239514914
306 1.529352179223064
307 1.530128758868009
308 1.5344532077885016
309 1.5312799527226384
310 1.5323753473151969
Train R2 - DI: -0.461
Val R2 - DI: -0.423
Test R2 - DI: -0.420
311 1.525734680698764
312 1.5351664094514745
313 1.5316442428096648
314 1.537864452280024
315 1.534649798605177
316 1.5361177921295166
317 1.5398731028307295
318 1.5344349512489892
319 1.5400828614457107
320 1.5363477516345225
Train R2 - DI: -0.464
Val R2 - DI: -0.426
Test R2 - DI: -0.423
321 1.543137380811903
322 1.5493228561134749
323 1.5463060658465149
324 1.5474986627537717
325 1.5592146767510309
326 1.55354445484804
327 1.5486825972047757
328 1.5489676283251854
329 1.5611912729065052
330 1.5496029485511096
Train R2 - DI: -0.477
Val R2 - DI: -0.439
Test R2 - DI: -0.436
331 1.549724934690742
332 1.5557266672025016
333 1.553029488149937
334 1.5561833180834315
335 1.5557831717221113
336 1.5496257909309907
337 1.5554559849496383
338 1.5526192069480924
339 1.566969149599793
340 1.5617357789829214
Train R2 - DI: -0.484
Val R2 - DI: -0.446
Test R2 - DI: -0.443
341 1.5622119966800923
342 1.5619916469820083
343 1.5750256266645206
344 1.5654280740300388
345 1.5682092347025445
346 1.5730500167415988
347 1.5714745607000098
348 1.5717138619405822
349 1.5709661107764021
350 1.5666436440628488
Train R2 - DI: -0.490
Val R2 - DI: -0.452
Test R2 - DI: -0.450
351 1.5757797431774891
352 1.5744269149705072
353 1.5711069996638964
354 1.5774617553184536
355 1.5856588008155958
356 1.583454462533356
357 1.5824885575147511
358 1.5855492269693736
359 1.590050829012334
360 1.579777439435323
Train R2 - DI: -0.515
Val R2 - DI: -0.477
Test R2 - DI: -0.475
361 1.580803789374649
362 1.5859566500537285
363 1.5861225710120253
364 1.5812655238695041
365 1.5858104147791434
366 1.5960222480117634
367 1.5912966049700228
368 1.58471276572101
369 1.6011024521243187
370 1.5982615251267682
Train R2 - DI: -0.508
Val R2 - DI: -0.469
Test R2 - DI: -0.468
371 1.5999920912540941
372 1.5999497861417817
373 1.5978670277475884
374 1.60152261701536
375 1.6091773631324904
376 1.610288764328085
377 1.6069753310159116
378 1.6108132555493317
379 1.6130298800793172
380 1.6089648175837745
Train R2 - DI: -0.518
Val R2 - DI: -0.479
Test R2 - DI: -0.479
381 1.613851745666996
382 1.618004603454289
383 1.623724712607681
384 1.6208915143030092
385 1.6219905108106607
386 1.6146978597914445
387 1.6245829653996293
388 1.6262059151058128
389 1.6368473965634582
390 1.6315899787410613
Train R2 - DI: -0.558
Val R2 - DI: -0.517
Test R2 - DI: -0.517
391 1.6349981709620431
392 1.632433677403303
393 1.635851988655692
394 1.6349245087647524
395 1.6410718576027927
396 1.6417950427660377
397 1.646116354730394
398 1.6412476613102849
399 1.6482326951932735
400 1.6396964450890872
Train R2 - DI: -0.563
Val R2 - DI: -0.522
Test R2 - DI: -0.522
401 1.64694433152462
402 1.6518168605783934
403 1.6562578488421698
404 1.6514652623925157
405 1.6554209284457682
406 1.657474905872003
407 1.661846043986659
408 1.661311147717165
409 1.6678035828375046
410 1.6674397159220924
Train R2 - DI: -0.563
Val R2 - DI: -0.522
Test R2 - DI: -0.522
411 1.6702901451391132
412 1.6682354104134345
413 1.6786631661076699
414 1.6786634137553553
415 1.678304522182779
416 1.6801172352178977
417 1.6802698149903275
418 1.6844060954227242
419 1.6843121904626115
420 1.6922920574851361
Train R2 - DI: -0.609
Val R2 - DI: -0.565
Test R2 - DI: -0.566
421 1.6836664925339402
422 1.694003285045692
423 1.6969321930280297
424 1.695936527901653
425 1.6987751155771236
426 1.696088544100416
427 1.7020802441463676
428 1.6939756172104976
429 1.6982071397979628
430 1.7028267627975846
Train R2 - DI: -0.610
Val R2 - DI: -0.566
Test R2 - DI: -0.567
431 1.7051452588864124
432 1.710590044144661
433 1.704642537417805
434 1.7122701672242961
435 1.7174347629683846
436 1.7198117734710803
437 1.7131603011948233
438 1.7150194724400838
439 1.7231759934442445
440 1.722096159466706
Train R2 - DI: -0.659
Val R2 - DI: -0.614
Test R2 - DI: -0.616
441 1.716965992903624
442 1.7274127972168734
443 1.7266683877582618
444 1.7306227593439028
445 1.728415490905871
446 1.72943068969207
447 1.7315210617571322
448 1.7307009277377932
449 1.7368900447763422
450 1.7460283846838072
Train R2 - DI: -0.653
Val R2 - DI: -0.607
Test R2 - DI: -0.609
451 1.7403626633374067
452 1.7414737884289047
453 1.73655836676184
454 1.7417278132558296
455 1.7441429713293644
456 1.7444928759742382
457 1.7515687478485928
458 1.7402528955944978
459 1.7506012999455989
460 1.751718493259936
Train R2 - DI: -0.668
Val R2 - DI: -0.621
Test R2 - DI: -0.624
461 1.7547088104336919
462 1.7499427754391905
463 1.7544017753293437
464 1.7555969620263705
465 1.7542731912332623
466 1.7544093966911343
467 1.7538142436721418
468 1.7716370637271566
469 1.7567874590555828
470 1.7671263475999184
Train R2 - DI: -0.670
Val R2 - DI: -0.623
Test R2 - DI: -0.626
471 1.766331118067533
472 1.7654100422363554
473 1.762533931151086
474 1.7523586106556719
475 1.7700597236660647
476 1.7643470709469156
477 1.7622964693226695
478 1.761623945287479
479 1.765449766788004
480 1.768476373320412
Train R2 - DI: -0.663
Val R2 - DI: -0.616
Test R2 - DI: -0.620
481 1.7680930294870902
482 1.7674137425679033
483 1.764183047680872
484 1.7581963796342146
485 1.7645146223806565
486 1.7654164251888098
487 1.7705951592400937
488 1.7671281368501726
489 1.76618479186916
490 1.764663603912545
Train R2 - DI: -0.657
Val R2 - DI: -0.610
Test R2 - DI: -0.613
491 1.762531143704623
492 1.7650106425780976
493 1.7656616966356942
494 1.7640693720096328
495 1.7628904256342133
496 1.7565083824178225
497 1.767968007056944
498 1.7645233261115234
499 1.7643998352857473
500 1.761060677121617
Train R2 - DI: -0.673
Val R2 - DI: -0.627
Test R2 - DI: -0.630
501 1.7558926770336738
502 1.7623566634338816
503 1.7683102368453925
504 1.752578722618814
505 1.765556245294523
506 1.7567974548613299
507 1.7627344798016291
508 1.7597504955038803
509 1.7554731453618695
510 1.7532299984313253
Train R2 - DI: -0.669
Val R2 - DI: -0.624
Test R2 - DI: -0.627
511 1.762050976719053
512 1.7565597283797452
513 1.7511928390003875
514 1.7520019170631218
515 1.7534781939667186
516 1.7522265383846871
517 1.7497588653290999
518 1.7515863311760742
519 1.7498970491484502
520 1.7509900317824443
Train R2 - DI: -0.659
Val R2 - DI: -0.614
Test R2 - DI: -0.617
521 1.74919852860085
522 1.7368121436847153
523 1.7387105609353726
524 1.7454281742000237
525 1.737559212151394
526 1.7384249621394714
527 1.7392663549778709
528 1.7393225839061122
529 1.7309772423091327
530 1.7286486367598228
Train R2 - DI: -0.632
Val R2 - DI: -0.589
Test R2 - DI: -0.590
531 1.733937136332194
532 1.7319353629184027
533 1.7393100830816453
534 1.7304587027505307
535 1.724014909293062
536 1.7281067034676938
537 1.72192291649439
538 1.7207056798388027
539 1.7153172512635535
540 1.7185021502997286
Train R2 - DI: -0.612
Val R2 - DI: -0.570
Test R2 - DI: -0.571
541 1.729674808953398
542 1.712211177596909
543 1.7164724175648023
544 1.714993344071091
545 1.7107891970637878
546 1.7134022268343143
547 1.7081929096611597
548 1.7074729038395762
549 1.6950014449362258
550 1.7049102272184091
Train R2 - DI: -0.612
Val R2 - DI: -0.571
Test R2 - DI: -0.570
551 1.6964895301394993
552 1.7009516861276388
553 1.7015843634964318
554 1.6937718217090894
555 1.6936888448653682
556 1.689618119458571
557 1.6939033115209217
558 1.6869978838069464
559 1.67881763477052
560 1.6811048976836667
Train R2 - DI: -0.602
Val R2 - DI: -0.562
Test R2 - DI: -0.560
561 1.6899295898321283
562 1.6844203249100715
563 1.6790204142156895
564 1.6689500515606241
565 1.6761938383075072
566 1.6822498202751186
567 1.6761551011847766
568 1.6785790005037862
569 1.6583351894091534
570 1.6707851112529795
Train R2 - DI: -0.557
Val R2 - DI: -0.517
Test R2 - DI: -0.516
571 1.6667915203238046
572 1.6569619963246007
573 1.6619667166877392
574 1.6600173262285076
575 1.6539229690387685
576 1.668390176458598
577 1.659937972749006
578 1.6534048112062572
579 1.6465251766225344
580 1.6497057677169855
Train R2 - DI: -0.565
Val R2 - DI: -0.525
Test R2 - DI: -0.524
581 1.65637881576374
582 1.642552198645889
583 1.653307743568147
584 1.6413569293141792
585 1.646941676020195
586 1.6411824840798601
587 1.6348646263922415
588 1.6328251343046893
589 1.6343980038037864
590 1.6382341392578617
Train R2 - DI: -0.538
Val R2 - DI: -0.498
Test R2 - DI: -0.499
591 1.6362211821327073
592 1.6236951976694087
593 1.6337703775761376
594 1.6274027078382431
595 1.6203282805753865
596 1.6303440618685925
597 1.630909200723026
598 1.6177113851766005
599 1.6192301871528763
600 1.6206676538699845
Train R2 - DI: -0.522
Val R2 - DI: -0.482
Test R2 - DI: -0.483
601 1.6174375474239335
602 1.6208412353283188
603 1.6133788190007636
604 1.6129528467800456
605 1.6125153247600814
606 1.6052743162305552
607 1.6035164313504346
608 1.6212104598253858
609 1.609827632032415
610 1.6100938381687286
Train R2 - DI: -0.544
Val R2 - DI: -0.504
Test R2 - DI: -0.506
611 1.6074114973827074
612 1.6060381067269165
613 1.6065708889328878
614 1.6071729348124568
615 1.6019052775529978
616 1.5998115378895967
617 1.6029614475892864
618 1.6044144385177175
619 1.59961168552385
620 1.596807580438566
Train R2 - DI: -0.506
Val R2 - DI: -0.466
Test R2 - DI: -0.468
621 1.5948853926846631
622 1.6025340863026172
623 1.5885944134872874
624 1.5959721314864346
625 1.5920191135030493
626 1.5983660480027557
627 1.588726207945082
628 1.587730668522551
629 1.5832082817631383
630 1.5910007102515107
Train R2 - DI: -0.504
Val R2 - DI: -0.463
Test R2 - DI: -0.467
631 1.5857216853822005
632 1.5874734500830319
633 1.5849527793118603
634 1.5913452120237452
635 1.5761215750889113
636 1.588250017080683
637 1.5794798370757839
638 1.57561102092907
639 1.5791148752294561
640 1.5819528855730556
Train R2 - DI: -0.487
Val R2 - DI: -0.446
Test R2 - DI: -0.449
641 1.5842219788541076
642 1.5704419092465471
643 1.5692442606854182
644 1.57589437243759
645 1.5735156780502702
646 1.5783541041890352
647 1.5844131578254017
648 1.5682230185436945
649 1.5742181328462443
650 1.563550572839689
Train R2 - DI: -0.468
Val R2 - DI: -0.428
Test R2 - DI: -0.431
651 1.570729985117485
652 1.5586401997501278
653 1.5705809857255668
654 1.5671572068686126
655 1.5639883357564182
656 1.5708829458469131
657 1.5528533204909294
658 1.5563478022066068
659 1.5622393532893137
660 1.5614762227595067
Train R2 - DI: -0.514
Val R2 - DI: -0.474
Test R2 - DI: -0.478
661 1.5634123887639746
662 1.5594311127098657
663 1.554398094795938
664 1.5548238866218103
665 1.56032812168094
666 1.5458237322427892
667 1.5536176678100366
668 1.5545957532834835
669 1.5552572823767166
670 1.5524403941246772
Train R2 - DI: -0.481
Val R2 - DI: -0.442
Test R2 - DI: -0.446
671 1.553298265361444
672 1.5547810177649222
673 1.5477253489169596
674 1.5469344082699028
675 1.546859429557691
676 1.5567882338732375
677 1.5425155958394423
678 1.5396933134311417
679 1.5519879036906798
680 1.5425726975164107
Train R2 - DI: -0.457
Val R2 - DI: -0.418
Test R2 - DI: -0.422
681 1.5527821393850456
682 1.5412260820361448
683 1.540022042746185
684 1.5393287695436921
685 1.5444372252324148
686 1.5486917504273008
687 1.538306823938978
688 1.5388788759067495
689 1.5328312014166172
690 1.5391056018918219
Train R2 - DI: -0.426
Val R2 - DI: -0.387
Test R2 - DI: -0.391
691 1.5426703694900732
692 1.5320956974473905
693 1.5379947585444296
694 1.534784926308526
695 1.5397227916238982
696 1.5351996544868716
697 1.5324788821640836
698 1.5302702193619102
699 1.5343019963165339
700 1.548104023847956
Train R2 - DI: -0.422
Val R2 - DI: -0.383
Test R2 - DI: -0.387
701 1.5292900684486581
702 1.5324373613548963
703 1.5309572884686105
704 1.5316145471347276
705 1.5339968671935433
706 1.5339136239875601
707 1.529906084204233
708 1.536665615044187
709 1.5250391259415603
710 1.5249561209832467
Train R2 - DI: -0.424
Val R2 - DI: -0.385
Test R2 - DI: -0.390
711 1.5336943222203134
712 1.5239972200017675
713 1.5313293195539905
714 1.544495517549549
715 1.520689800477797
716 1.5257490646027323
717 1.5294994826812471
718 1.534522661000597
719 1.528324874242147
720 1.529764699423185
Train R2 - DI: -0.445
Val R2 - DI: -0.406
Test R2 - DI: -0.410
721 1.5210438618095972
722 1.53018438696434
723 1.5272294043640082
724 1.525806353083648
725 1.5318418389152881
726 1.5289927647532529
727 1.5243332224507486
728 1.5294018815495207
729 1.5198256565251231
730 1.5260162998698519
Train R2 - DI: -0.465
Val R2 - DI: -0.424
Test R2 - DI: -0.433
731 1.526505052231546
732 1.5119950279967331
733 1.5362602668423806
734 1.5232113974068755
735 1.5216389860303599
736 1.529181832737393
737 1.5238410376306075
738 1.5268812541038759
739 1.5216700894858248
740 1.5277609140642228
Train R2 - DI: -0.379
Val R2 - DI: -0.341
Test R2 - DI: -0.347
741 1.5270213241645512
742 1.5140924051243771
743 1.5258736643739925
744 1.5221919752790936
745 1.5258875534098635
746 1.5256538189440219
747 1.5143411426988553
748 1.5182871851015263
749 1.5358679133076822
750 1.523579719416984
Train R2 - DI: -0.436
Val R2 - DI: -0.398
Test R2 - DI: -0.405
751 1.5289390193091499
752 1.5148924747248278
753 1.5257995504632218
754 1.5245764668269823
755 1.5222737196953067
756 1.5202342430750528
757 1.5260653833334592
758 1.5309622438150494
759 1.5161592352774835
760 1.5243374674978223
Train R2 - DI: -0.506
Val R2 - DI: -0.468
Test R2 - DI: -0.476
761 1.5174421903480337
762 1.5238075781893987
763 1.5283466542493485
764 1.522238478523856
765 1.524535330991164
766 1.5435214992065156
767 1.5100935277973024
768 1.5297908656486046
769 1.5220264534796437
770 1.522999565148439
Train R2 - DI: -0.452
Val R2 - DI: -0.417
Test R2 - DI: -0.424
771 1.5340714481996378
772 1.5185907680073947
773 1.5263412055148873
774 1.5271735434891076
775 1.5206005651891017
776 1.5273704746718049
777 1.5165657551057876
778 1.5231714954512947
779 1.5195652818167082
780 1.5162201185807533
Train R2 - DI: -0.480
Val R2 - DI: -0.446
Test R2 - DI: -0.453
781 1.5256174456688665
782 1.515750654709382
783 1.518102079309443
784 1.526186471686141
785 1.5284759199320201
786 1.520814725575054
787 1.531720635113323
788 1.5227400509687308
789 1.524758569912244
790 1.5339005515566864
Train R2 - DI: -0.439
Val R2 - DI: -0.409
Test R2 - DI: -0.413
791 1.5238131394950292
792 1.5253046934749919
793 1.5157242562181206
794 1.525564361558593
795 1.5166065757847174
796 1.5274038388310367
797 1.5250149902049785
798 1.5233835467300962
799 1.5177649088230611
800 1.5269202201597152
Train R2 - DI: -0.503
Val R2 - DI: -0.472
Test R2 - DI: -0.478
-0.34064320476948895
Test R2 - DI: -0.478
Test R2 - DI: -0.347
CNN_simple
batch_size =  128 lr =  1e-06 wd =  50.0
5580 1000 1000
cuda:0
1 1.863494867321411
2 1.315562046044189
3 1.1927561881294386
4 1.1495486644006545
5 1.093784190676973
6 1.0570205939713344
7 1.0254947897781181
8 1.024865000478683
9 0.9795742527131112
10 0.9545845151802118
Train R2 - DI: 0.166
Val R2 - DI: 0.150
Test R2 - DI: 0.153
11 0.9507587039769764
12 0.9240879797166394
13 0.9133416309151599
14 0.8991444753489614
15 0.9092491025138499
16 0.9028045015950357
17 0.8782439191708855
18 0.8756246644536226
19 0.8659699568184474
20 0.8605442906366026
Train R2 - DI: 0.253
Val R2 - DI: 0.234
Test R2 - DI: 0.233
21 0.8651940407718809
22 0.8355882689089758
23 0.8454044653523353
24 0.8325306856076777
25 0.8166689896669012
26 0.827750942783971
27 0.8128799162885194
28 0.8144355896125985
29 0.8082472819581255
30 0.8086765556779814
Train R2 - DI: 0.305
Val R2 - DI: 0.278
Test R2 - DI: 0.279
31 0.7987117366551498
32 0.7960937088962952
33 0.8019364979959304
34 0.7885150970951204
35 0.7855370497190824
36 0.7884646285819323
37 0.7974025972427861
38 0.7765020614456533
39 0.7774985089951518
40 0.7719616445589237
Train R2 - DI: 0.325
Val R2 - DI: 0.294
Test R2 - DI: 0.293
41 0.7820845640261114
42 0.781989673816175
43 0.7639124153335461
44 0.7721483704864338
45 0.7683853160950446
46 0.7751485083265544
47 0.7596191281486155
48 0.7663016159047362
49 0.763206264921414
50 0.7640039182905655
Train R2 - DI: 0.329
Val R2 - DI: 0.300
Test R2 - DI: 0.298
51 0.7629191750693919
52 0.7581825968612479
53 0.7526156488285269
54 0.7455716191654137
55 0.7456080605906825
56 0.7655003291304393
57 0.7476276853605838
58 0.7619047637054143
59 0.7475750370264908
60 0.7498127584816308
Train R2 - DI: 0.342
Val R2 - DI: 0.311
Test R2 - DI: 0.309
61 0.7494638324638422
62 0.7359270861499199
63 0.7434744028634922
64 0.7500221413523492
65 0.7417405245551926
66 0.7430942687082461
67 0.7390812778558356
68 0.7368449007738448
69 0.7424153593278701
70 0.7392608642150852
Train R2 - DI: 0.350
Val R2 - DI: 0.313
Test R2 - DI: 0.306
71 0.7454093181531489
72 0.7463594587045759
73 0.7350992969714613
74 0.7497197715185022
75 0.738790722047129
76 0.7417805873364958
77 0.7416258515422917
78 0.745328155768815
79 0.7299305781668659
80 0.7456330389104864
Train R2 - DI: 0.350
Val R2 - DI: 0.311
Test R2 - DI: 0.311
81 0.7337730793115486
82 0.7349924630161682
83 0.737570442435562
84 0.7437587864510048
85 0.7281612875641034
86 0.7350948432867672
87 0.739297662071857
88 0.7422982178281285
89 0.7405759601610109
90 0.7339827966946427
Train R2 - DI: 0.349
Val R2 - DI: 0.305
Test R2 - DI: 0.313
91 0.7345009108598087
92 0.7296497825226049
93 0.7349028367722761
94 0.7365106797132868
95 0.7301398718656178
96 0.7286747570533479
97 0.7467612410104403
98 0.7370378002470966
99 0.7381976779216507
100 0.7299240316968665
Train R2 - DI: 0.355
Val R2 - DI: 0.309
Test R2 - DI: 0.311
0.3131685091426284
Test R2 - DI: 0.311
Test R2 - DI: 0.306

------------------------------------------------------------
Sender: LSF System <lsfadmin@hpc.dtu.dk>
Subject: Job 14699821: <testjob> in cluster <dcc> Done

Job <testjob> was submitted from host <n-62-30-1> by user <s174503> in cluster <dcc> at Wed Nov  9 15:09:19 2022
Job was executed on host(s) <n-62-20-6>, in queue <gpuv100>, as user <s174503> in cluster <dcc> at Wed Nov  9 15:10:29 2022
</zhome/fd/6/127382> was used as the home directory.
</zhome/fd/6/127382/Desktop/MasterThesis/Master-thesis> was used as the working directory.
Started at Wed Nov  9 15:10:29 2022
Terminated at Wed Nov  9 20:28:34 2022
Results reported at Wed Nov  9 20:28:34 2022

Your job looked like:

------------------------------------------------------------
# LSBATCH: User input
#!/bin/sh
#BSUB -q gpuv100
#BSUB -J testjob
#BSUB -n 1
#BSUB -gpu "num=1:mode=exclusive_process"
#BSUB -W 10:00
#BSUB -R "rusage[mem=5GB]"
#BSUB -o outputs/gpu_%J.out
#BSUB -e outputs/errors/gpu_%J.err

nvidia-smi
module load cuda/11.6

/appl/cuda/11.6.0/samples/bin/x86_64/linux/release/deviceQuery

source $HOME/miniconda3/bin/activate
source venv_1/bin/activate

#python3 main.py Deep_google 128 1e-6 10 800 2_4_test3 7
python3 main.py Deep_google 128 1e-6 50 800 shuffle_test3 99
python3 main.py CNN_simple 128 1e-6 50 100 shufflev1 99


------------------------------------------------------------

Successfully completed.

Resource usage summary:

    CPU time :                                   16298.21 sec.
    Max Memory :                                 2271 MB
    Average Memory :                             2207.85 MB
    Total Requested Memory :                     5120.00 MB
    Delta Memory :                               2849.00 MB
    Max Swap :                                   -
    Max Processes :                              4
    Max Threads :                                8
    Run time :                                   19087 sec.
    Turnaround time :                            19155 sec.

The output (if any) is above this job summary.



PS:

Read file <outputs/errors/gpu_14699821.err> for stderr output of this job.

