Fri Nov 18 00:57:35 2022       
+-----------------------------------------------------------------------------+
| NVIDIA-SMI 520.61.05    Driver Version: 520.61.05    CUDA Version: 11.8     |
|-------------------------------+----------------------+----------------------+
| GPU  Name        Persistence-M| Bus-Id        Disp.A | Volatile Uncorr. ECC |
| Fan  Temp  Perf  Pwr:Usage/Cap|         Memory-Usage | GPU-Util  Compute M. |
|                               |                      |               MIG M. |
|===============================+======================+======================|
|   0  Tesla V100-PCIE...  On   | 00000000:37:00.0 Off |                    0 |
| N/A   31C    P0    25W / 250W |      0MiB / 16384MiB |      0%   E. Process |
|                               |                      |                  N/A |
+-------------------------------+----------------------+----------------------+
                                                                               
+-----------------------------------------------------------------------------+
| Processes:                                                                  |
|  GPU   GI   CI        PID   Type   Process name                  GPU Memory |
|        ID   ID                                                   Usage      |
|=============================================================================|
|  No running processes found                                                 |
+-----------------------------------------------------------------------------+
/appl/cuda/11.6.0/samples/bin/x86_64/linux/release/deviceQuery Starting...

 CUDA Device Query (Runtime API) version (CUDART static linking)

Detected 1 CUDA Capable device(s)

Device 0: "Tesla V100-PCIE-16GB"
  CUDA Driver Version / Runtime Version          11.8 / 11.6
  CUDA Capability Major/Minor version number:    7.0
  Total amount of global memory:                 16161 MBytes (16945709056 bytes)
  (080) Multiprocessors, (064) CUDA Cores/MP:    5120 CUDA Cores
  GPU Max Clock rate:                            1380 MHz (1.38 GHz)
  Memory Clock rate:                             877 Mhz
  Memory Bus Width:                              4096-bit
  L2 Cache Size:                                 6291456 bytes
  Maximum Texture Dimension Size (x,y,z)         1D=(131072), 2D=(131072, 65536), 3D=(16384, 16384, 16384)
  Maximum Layered 1D Texture Size, (num) layers  1D=(32768), 2048 layers
  Maximum Layered 2D Texture Size, (num) layers  2D=(32768, 32768), 2048 layers
  Total amount of constant memory:               65536 bytes
  Total amount of shared memory per block:       49152 bytes
  Total shared memory per multiprocessor:        98304 bytes
  Total number of registers available per block: 65536
  Warp size:                                     32
  Maximum number of threads per multiprocessor:  2048
  Maximum number of threads per block:           1024
  Max dimension size of a thread block (x,y,z): (1024, 1024, 64)
  Max dimension size of a grid size    (x,y,z): (2147483647, 65535, 65535)
  Maximum memory pitch:                          2147483647 bytes
  Texture alignment:                             512 bytes
  Concurrent copy and kernel execution:          Yes with 7 copy engine(s)
  Run time limit on kernels:                     No
  Integrated GPU sharing Host Memory:            No
  Support host page-locked memory mapping:       Yes
  Alignment requirement for Surfaces:            Yes
  Device has ECC support:                        Enabled
  Device supports Unified Addressing (UVA):      Yes
  Device supports Managed Memory:                Yes
  Device supports Compute Preemption:            Yes
  Supports Cooperative Kernel Launch:            Yes
  Supports MultiDevice Co-op Kernel Launch:      Yes
  Device PCI Domain ID / Bus ID / location ID:   0 / 55 / 0
  Compute Mode:
     < Exclusive Process (many threads in one process is able to use ::cudaSetDevice() with this device) >

deviceQuery, CUDA Driver = CUDART, CUDA Driver Version = 11.8, CUDA Runtime Version = 11.6, NumDevs = 1
Result = PASS
Deep_google
batch_size =  128 lr =  1e-06 wd =  1.0
5276 1164 1140
cuda:0
Using Adam
1 3.8348441601161074
2 2.4549408003269857
3 1.7116205131944333
4 1.3734480272286584
5 1.227087438784376
6 1.1344485266629813
7 1.0709567835513527
8 1.0278907717403993
9 1.0070539906315952
10 0.9923245139516059
Train R2 - DI: 0.089
Val R2 - DI: 0.068
Test R2 - DI: 0.055
11 0.9889930535031594
12 0.9599394389767824
13 0.9703359712336079
14 0.9425096987231922
15 0.9422541173052119
16 0.9301498292340212
17 0.9200604680905837
18 0.9257730826724199
19 0.9091002820928138
20 0.910620062842886
Train R2 - DI: 0.180
Val R2 - DI: 0.115
Test R2 - DI: 0.155
21 0.8956382015693178
22 0.9046429221245084
23 0.8819704565521078
24 0.8644663160546789
25 0.8787835858101372
26 0.8745246365090227
27 0.8722096581726566
28 0.8658476753430081
29 0.8726357606164066
30 0.8731120697831999
Train R2 - DI: 0.210
Val R2 - DI: 0.142
Test R2 - DI: 0.180
31 0.8431240556997454
32 0.8459410227275961
33 0.8633799814563343
34 0.8428163196753155
35 0.8565628577851273
36 0.8272381462410963
37 0.8390850521923467
38 0.8258073193905839
39 0.8354152974258146
40 0.8370307355418722
Train R2 - DI: 0.240
Val R2 - DI: 0.160
Test R2 - DI: 0.201
41 0.8251269772886055
42 0.8295384353539363
43 0.8299829248138411
44 0.8250459443447353
45 0.8134069936215832
46 0.8096911714689762
47 0.8142414158542017
48 0.829071501514241
49 0.8025671850107582
50 0.802655165397913
Train R2 - DI: 0.261
Val R2 - DI: 0.164
Test R2 - DI: 0.224
51 0.8012172527797662
52 0.8090405738471221
53 0.7981286287036604
54 0.8119266679379142
55 0.7853923042765886
56 0.8007662216310161
57 0.781037772488106
58 0.7849774827009987
59 0.7830572420670464
60 0.7948829586800524
Train R2 - DI: 0.274
Val R2 - DI: 0.183
Test R2 - DI: 0.226
61 0.7719372908575595
62 0.783248245038256
63 0.784522905595561
64 0.7801918879072263
65 0.7822361893505649
66 0.7708418233725408
67 0.7748156102703231
68 0.7492630255321737
69 0.7760726627840789
70 0.7531798056258316
Train R2 - DI: 0.291
Val R2 - DI: 0.188
Test R2 - DI: 0.236
71 0.7684803124265837
72 0.759685356161466
73 0.7627369510666542
74 0.764920668226015
75 0.7576716636689528
76 0.7578671820422209
77 0.7458765280798044
78 0.7520921183771215
79 0.7473450203661308
80 0.7527982205762567
Train R2 - DI: 0.301
Val R2 - DI: 0.189
Test R2 - DI: 0.239
81 0.7479049604530132
82 0.7433089712878987
83 0.7424597978772676
84 0.745276323089643
85 0.7395176819728305
86 0.7452700136736363
87 0.742720240350019
88 0.7260490027316328
89 0.735620133121236
90 0.7433517211264422
Train R2 - DI: 0.314
Val R2 - DI: 0.192
Test R2 - DI: 0.250
91 0.7405590162844798
92 0.7312798721488449
93 0.735199990554503
94 0.7171098263178747
95 0.7250251912365726
96 0.7149831926940154
97 0.7238130931424046
98 0.7188420050789498
99 0.7225493546956593
100 0.7153369327491662
Train R2 - DI: 0.323
Val R2 - DI: 0.200
Test R2 - DI: 0.257
101 0.7217198235686753
102 0.7157034408061047
103 0.701867023365709
104 0.7256455351404388
105 0.7205719790556288
106 0.7179122931854214
107 0.7220613711525582
108 0.7014452113040566
109 0.708818484970437
110 0.7019104255339338
Train R2 - DI: 0.334
Val R2 - DI: 0.196
Test R2 - DI: 0.258
111 0.7074008539285146
112 0.7037014446536911
113 0.6998968255890419
114 0.7020102260101917
115 0.7014318982067209
116 0.6912682487532621
117 0.7032984661007579
118 0.6949080293426195
119 0.7011506086140532
120 0.687033058975211
Train R2 - DI: 0.341
Val R2 - DI: 0.205
Test R2 - DI: 0.251
121 0.7025109250677455
122 0.6889739913005916
123 0.6946077666741777
124 0.6908874969937929
125 0.6908120552277005
126 0.6882077616846317
127 0.7020244034878497
128 0.689136689589546
129 0.6921921871303156
130 0.6803910744922282
Train R2 - DI: 0.352
Val R2 - DI: 0.201
Test R2 - DI: 0.266
131 0.6778242389662326
132 0.6743718988521249
133 0.6761699454905501
134 0.6828850285405006
135 0.683150591499612
136 0.6827816706520757
137 0.6872700099424488
138 0.6824071728613812
139 0.6694802081973558
140 0.6840962754496125
Train R2 - DI: 0.361
Val R2 - DI: 0.201
Test R2 - DI: 0.268
141 0.6786524295987642
142 0.6795033565337592
143 0.6660018140750911
144 0.6769661256271027
145 0.6673514672171627
146 0.6627471563579279
147 0.6605004359593077
148 0.6738064204589086
149 0.6652876725243835
150 0.6653613593200556
Train R2 - DI: 0.367
Val R2 - DI: 0.201
Test R2 - DI: 0.271
151 0.660687110001974
152 0.6625598953744514
153 0.6628309940641084
154 0.6590914674063719
155 0.6622271569865142
156 0.6615033299747609
157 0.6523432084066204
158 0.6586303142004614
159 0.656474799121122
160 0.6599378549664016
Train R2 - DI: 0.376
Val R2 - DI: 0.203
Test R2 - DI: 0.272
161 0.6578691575995352
162 0.6652147130951725
163 0.6465925643442254
164 0.6520914988955193
165 0.6512029235610644
166 0.6449499334956409
167 0.6374378780056981
168 0.6405603281922011
169 0.6397430452096634
170 0.651184230975078
Train R2 - DI: 0.383
Val R2 - DI: 0.201
Test R2 - DI: 0.269
171 0.6483979124386623
172 0.6420810724678502
173 0.6460105840503673
174 0.641831740544907
175 0.6393640409643855
176 0.635449339848201
177 0.6283273419437307
178 0.6344306751848442
179 0.6345361662778645
180 0.631125389942172
Train R2 - DI: 0.389
Val R2 - DI: 0.203
Test R2 - DI: 0.264
181 0.6197751457714691
182 0.6323018841801311
183 0.6258937874646509
184 0.6325848343880273
185 0.6239579151172001
186 0.6356702025547635
187 0.6311781772887554
188 0.6266240264494551
189 0.6322881420784777
190 0.6271740513556469
Train R2 - DI: 0.397
Val R2 - DI: 0.203
Test R2 - DI: 0.271
191 0.6253050751447496
192 0.6256539885341624
193 0.6189982350167224
194 0.6197914825505249
195 0.6270912008090305
196 0.6156948485819113
197 0.6212053249242
198 0.6216994968212581
199 0.6222147403837064
200 0.6186707191073235
Train R2 - DI: 0.403
Val R2 - DI: 0.207
Test R2 - DI: 0.259
201 0.6091406312153319
202 0.6177498556792148
203 0.6139149976282792
204 0.6157256186776671
205 0.6064496596172237
206 0.6114575793293049
207 0.6090232562259619
208 0.6062146604648587
209 0.6128553669953364
210 0.6114286252094815
Train R2 - DI: 0.414
Val R2 - DI: 0.198
Test R2 - DI: 0.268
211 0.6012755793274308
212 0.6044985778499861
213 0.6066846815901692
214 0.6037269127332776
215 0.6037879930110118
216 0.6039904136382964
217 0.5978996755500198
218 0.597217878218037
219 0.593730052462846
220 0.5972060468542115
Train R2 - DI: 0.422
Val R2 - DI: 0.200
Test R2 - DI: 0.276
221 0.5936720664072795
222 0.598209305863384
223 0.5935048300538486
224 0.5872218374775792
225 0.5878039397598669
226 0.5938727465247096
227 0.5942685647025264
228 0.5899561934167459
229 0.5935453680810646
230 0.5846203624343583
Train R2 - DI: 0.433
Val R2 - DI: 0.195
Test R2 - DI: 0.271
231 0.5802856113894407
232 0.5876396274458197
233 0.588218844009223
234 0.5844222439157863
235 0.5781125237853171
236 0.578522047958562
237 0.5887976779550924
238 0.59020116990764
239 0.5817375320480844
240 0.5840478940295667
Train R2 - DI: 0.438
Val R2 - DI: 0.196
Test R2 - DI: 0.269
241 0.5777978083236006
242 0.5742254273470285
243 0.5749904920062484
244 0.581131557066211
245 0.5720409932147381
246 0.5709153557474456
247 0.5701505019413512
248 0.5708127837003949
249 0.5746609319603019
250 0.5760044052439987
Train R2 - DI: 0.450
Val R2 - DI: 0.191
Test R2 - DI: 0.265
251 0.567387197395452
252 0.5697391128070071
253 0.5706382597188682
254 0.5652328868812463
255 0.5573874127241226
256 0.5615714135903856
257 0.5619536999774033
258 0.5617970235425473
259 0.5588062224603223
260 0.5590177994727004
Train R2 - DI: 0.456
Val R2 - DI: 0.193
Test R2 - DI: 0.256
261 0.5536001027760133
262 0.5570776692116414
263 0.5583075602186549
264 0.5556294699796137
265 0.5457374526525285
266 0.5602314915731154
267 0.5550985661892388
268 0.5439106944476771
269 0.5504656468402986
270 0.5500426407652067
Train R2 - DI: 0.466
Val R2 - DI: 0.178
Test R2 - DI: 0.276
271 0.552417112174045
272 0.5486454195918415
273 0.5565092271706478
274 0.5467139873385339
275 0.541147188583588
276 0.5388229625798067
277 0.5435877209183301
278 0.5523579623592542
279 0.5441765565597442
280 0.5395501180522997
Train R2 - DI: 0.476
Val R2 - DI: 0.187
Test R2 - DI: 0.267
281 0.5401902622214947
282 0.5391980524176987
283 0.5272028919555094
284 0.5338171196535196
285 0.5385364821862777
286 0.531480235164142
287 0.5313761779717915
288 0.52097316828526
289 0.527336310603747
290 0.5330283099543967
Train R2 - DI: 0.486
Val R2 - DI: 0.168
Test R2 - DI: 0.264
291 0.53303391159349
292 0.5249880878106494
293 0.5285611988424441
294 0.5304987261790592
295 0.5221064327068633
296 0.5172465617589828
297 0.5228376962453511
298 0.5177931602115067
299 0.520047644510515
300 0.5243707560426453
Train R2 - DI: 0.502
Val R2 - DI: 0.165
Test R2 - DI: 0.274
301 0.5198048949693531
302 0.5195282336389413
303 0.5121218763670295
304 0.5169600009963402
305 0.5162760319811002
306 0.5247210530144776
307 0.507724515545811
308 0.5108162197902223
309 0.5113995365566878
310 0.5079893442019086
Train R2 - DI: 0.506
Val R2 - DI: 0.182
Test R2 - DI: 0.247
311 0.5051806922027611
312 0.49772924150907244
313 0.5032486195949283
314 0.5004026159994344
315 0.5066747178039016
316 0.4909131341671022
317 0.5018360158590949
318 0.49290215833517886
319 0.4935151296551251
320 0.49733652191418787
Train R2 - DI: 0.518
Val R2 - DI: 0.162
Test R2 - DI: 0.254
321 0.4946516323396887
322 0.4860870681584469
323 0.4903911675712753
324 0.4863160589683047
325 0.4893556394027525
326 0.48289478814809766
327 0.4929348576963626
328 0.4895567084190247
329 0.4788583974164033
330 0.4776684988439761
Train R2 - DI: 0.527
Val R2 - DI: 0.175
Test R2 - DI: 0.213
331 0.4816436440407823
332 0.47596206684922343
333 0.47930641267858193
334 0.473778865412386
335 0.4712021913466985
336 0.4809193934248287
337 0.46898221937972007
338 0.46971263137163766
339 0.46778086062811647
340 0.47038510505045067
Train R2 - DI: 0.550
Val R2 - DI: 0.155
Test R2 - DI: 0.235
341 0.4619862876487917
342 0.45949904219592674
343 0.4681685653213663
344 0.4587686409138657
345 0.4560199598411071
346 0.4573934055170026
347 0.4567352269209181
348 0.45480178742810035
349 0.4526815575302506
350 0.45626614448968167
Train R2 - DI: 0.568
Val R2 - DI: 0.151
Test R2 - DI: 0.243
351 0.4576502157441588
352 0.4478868499816232
353 0.44134787233423517
354 0.4460136094176471
355 0.4529380955598497
356 0.44456580861939726
357 0.4391601053578461
358 0.4387366148989882
359 0.4432698422711035
360 0.43641729685643843
Train R2 - DI: 0.551
Val R2 - DI: 0.153
Test R2 - DI: 0.188
361 0.43241688882518303
362 0.43269830799807735
363 0.4341057398447582
364 0.4310444723122765
365 0.4304636649058749
366 0.42925476304864774
367 0.42874314212907527
368 0.4245085472677403
369 0.424443977068011
370 0.42704631836690893
Train R2 - DI: 0.601
Val R2 - DI: 0.148
Test R2 - DI: 0.246
371 0.4157136824657015
372 0.4243692812411689
373 0.4220048515881617
374 0.4167203961944291
375 0.41714762482252693
376 0.4133751818499301
377 0.415630325934849
378 0.4101604331027747
379 0.4077708062753251
380 0.4066381052283286
Train R2 - DI: 0.617
Val R2 - DI: 0.132
Test R2 - DI: 0.244
381 0.40132227076826177
382 0.4023061060742775
383 0.40581712675781484
384 0.399689131292816
385 0.39257204844429244
386 0.399668391542601
387 0.3924039144738322
388 0.3993725962852148
389 0.39224576516256265
390 0.3909076249355435
Train R2 - DI: 0.631
Val R2 - DI: 0.137
Test R2 - DI: 0.215
391 0.3810149120778365
392 0.38787447375904166
393 0.3874459896149104
394 0.38025952770549115
395 0.3807170225012203
396 0.38411636376037483
397 0.3864803372955033
398 0.3746975501709765
399 0.3766597821190106
400 0.36978416505232287
Train R2 - DI: 0.635
Val R2 - DI: 0.136
Test R2 - DI: 0.209
401 0.3717369937236965
402 0.3690924876969
403 0.36855278693427634
404 0.36816442489533646
405 0.3631034635792545
406 0.3607847244564198
407 0.3576320222013371
408 0.3568305647829611
409 0.3584353931931676
410 0.35417626184708606
Train R2 - DI: 0.669
Val R2 - DI: 0.126
Test R2 - DI: 0.202
411 0.3598713659264085
412 0.34889894195177773
413 0.34999039581637204
414 0.3462334963252275
415 0.35361170465969693
416 0.35484299653402507
417 0.34107694131483896
418 0.33722012335825724
419 0.3437714167758314
420 0.33733682003411675
Train R2 - DI: 0.691
Val R2 - DI: 0.091
Test R2 - DI: 0.243
421 0.33951120447985955
422 0.340698831365179
423 0.3258452045366202
424 0.3355431159713939
425 0.32519889442734506
426 0.32246898316903216
427 0.31879806166078395
428 0.32190968275883597
429 0.31928680802132703
430 0.3148846851776187
Train R2 - DI: 0.710
Val R2 - DI: 0.104
Test R2 - DI: 0.199
431 0.3177702370875708
432 0.31094020389308524
433 0.3175470587247425
434 0.3162039648501416
435 0.3113922400172684
436 0.30812448773807066
437 0.30450090320838774
438 0.31543133426471764
439 0.30571835171191236
440 0.30350042187055914
Train R2 - DI: 0.725
Val R2 - DI: 0.051
Test R2 - DI: 0.204
441 0.30207383580692254
442 0.3058624983828026
443 0.29491476229956154
444 0.2967007677829835
445 0.2975751952952377
446 0.2871422160747288
447 0.2878140271658966
448 0.286829723089007
449 0.28411473635473966
450 0.2819592910024413
Train R2 - DI: 0.749
Val R2 - DI: 0.066
Test R2 - DI: 0.213
451 0.2839012358159708
452 0.28844434635218025
453 0.2825113964677309
454 0.2816203380507714
455 0.2832388066834261
456 0.28667196476658335
457 0.2786727700385295
458 0.2696390868679333
459 0.2710655804630298
460 0.2673191524437651
Train R2 - DI: 0.764
Val R2 - DI: 0.077
Test R2 - DI: 0.201
461 0.26300720200563943
462 0.26584885690228516
463 0.2613070406545013
464 0.2689694755903422
465 0.27127979443866795
466 0.2719185200376525
467 0.2597091624780168
468 0.25707331347230533
469 0.2610851966855741
470 0.25459811231509766
Train R2 - DI: 0.785
Val R2 - DI: 0.066
Test R2 - DI: 0.171
471 0.24240028198421498
472 0.24591697984070737
473 0.24200126924146026
474 0.25238171471755916
475 0.25186454386671353
476 0.238431270484946
477 0.24277686661531567
478 0.2384552683136154
479 0.24931057791668326
480 0.24531675953138407
Train R2 - DI: 0.778
Val R2 - DI: 0.055
Test R2 - DI: 0.157
481 0.2472114365511179
482 0.24239397907546292
483 0.23135491891554397
484 0.23926000049658305
485 0.23287478125483996
486 0.22583234748486047
487 0.23189691016401098
488 0.22966974024703957
489 0.2256203183086647
490 0.22549651591410866
Train R2 - DI: 0.814
Val R2 - DI: 0.033
Test R2 - DI: 0.197
491 0.2231276505051281
492 0.23230875912175383
493 0.22584174112490943
494 0.21285660511802054
495 0.21666866572541302
496 0.2071970337218096
497 0.22097369662462715
498 0.2086556374326269
499 0.2087514380824846
500 0.222085993056319
Train R2 - DI: 0.828
Val R2 - DI: 0.063
Test R2 - DI: 0.146
501 0.21395262976412163
502 0.20574032860420435
503 0.20172217232969514
504 0.20742248408807057
505 0.2123869400163597
506 0.20497706792316625
507 0.20458380325532846
508 0.21122960921396713
509 0.20742224130872708
510 0.19661529015374057
Train R2 - DI: 0.843
Val R2 - DI: 0.023
Test R2 - DI: 0.168
511 0.19451515745990108
512 0.20103259882843794
513 0.20040901294479413
514 0.19802642998323014
515 0.19136793727310794
516 0.19068081506370504
517 0.19438335604519444
518 0.19184834090392638
519 0.1877495924842638
520 0.1995807743551516
Train R2 - DI: 0.838
Val R2 - DI: 0.031
Test R2 - DI: 0.118
521 0.19066459456793372
522 0.18353483303421098
523 0.1898788352573885
524 0.1844292005934979
525 0.1814199570817781
526 0.17970747304649584
527 0.17858630271912343
528 0.17967256935280865
529 0.1736638139738469
530 0.18103202612586236
Train R2 - DI: 0.843
Val R2 - DI: 0.038
Test R2 - DI: 0.090
531 0.1738893396254287
532 0.17775485789441448
533 0.17916169877844024
534 0.1730749857095808
535 0.16876618120144316
536 0.17260207797289798
537 0.17114026420852105
538 0.17098534766971568
539 0.16814263527640977
540 0.16755457072207383
Train R2 - DI: 0.867
Val R2 - DI: 0.033
Test R2 - DI: 0.118
541 0.1648960480688195
542 0.17227776636672434
543 0.1698463309479989
544 0.15637386741061568
545 0.16730537103422669
546 0.17453555815865182
547 0.16275279979709426
548 0.15956637123211304
549 0.15988471988839936
550 0.16086832507936408
Train R2 - DI: 0.881
Val R2 - DI: 0.034
Test R2 - DI: 0.137
551 0.15467807849398882
552 0.15077468190254634
553 0.14807337157603373
554 0.1579224879516626
555 0.1590351534779999
556 0.14852052058253531
557 0.16189896920307556
558 0.15331042437638362
559 0.15985107693010608
560 0.16552835230668264
Train R2 - DI: 0.892
Val R2 - DI: -0.012
Test R2 - DI: 0.136
561 0.15466392184858344
562 0.16381378206364397
563 0.14579949797419908
564 0.14405905872786742
565 0.15175891426406726
566 0.14932786471650308
567 0.14768098302643076
568 0.14289947637018605
569 0.15464444535306407
570 0.1399054599698517
Train R2 - DI: 0.901
Val R2 - DI: -0.017
Test R2 - DI: 0.160
571 0.13591000354136365
572 0.14163924474622192
573 0.13939941363229816
574 0.14077905342378247
575 0.14718333572443007
576 0.13577368077091234
577 0.1505982518376863
578 0.14129435210584057
579 0.13699209187363384
580 0.14513993563753264
Train R2 - DI: 0.896
Val R2 - DI: -0.036
Test R2 - DI: 0.160
581 0.14225550792360053
582 0.12972669211908938
583 0.1261849344635299
584 0.1312128222060981
585 0.13343780498508254
586 0.128888405899011
587 0.13452833013113383
588 0.12844522550442256
589 0.1281467147787201
590 0.1280384487596039
Train R2 - DI: 0.909
Val R2 - DI: -0.050
Test R2 - DI: 0.125
591 0.1301524150407703
592 0.12150263960294601
593 0.12891041987361648
594 0.12792320615012506
595 0.1323102184820573
596 0.12381699396589654
597 0.1304540706684049
598 0.12551829236940149
599 0.12239839225849299
600 0.12941707283190654
Train R2 - DI: 0.923
Val R2 - DI: -0.020
Test R2 - DI: 0.132
601 0.12499406018701803
602 0.1279090170475278
603 0.12299815833658952
604 0.11460033820559348
605 0.11826964130538986
606 0.11968730453336844
607 0.11673777991619139
608 0.12025339333192249
609 0.11963415683626315
610 0.11185473706389666
Train R2 - DI: 0.928
Val R2 - DI: -0.014
Test R2 - DI: 0.124
611 0.12010168198883037
612 0.11067281852647877
613 0.11596477920806615
614 0.1244940297385795
615 0.11694202726315693
616 0.1260563983349659
617 0.12398728008655276
618 0.11368939165277314
619 0.10668369261173699
620 0.11370654577012311
Train R2 - DI: 0.905
Val R2 - DI: -0.020
Test R2 - DI: 0.048
621 0.11435633719283762
622 0.11574218779734538
623 0.11333840789444254
624 0.11800040940699748
625 0.10679432683094059
626 0.11857570921317297
627 0.10948868700281249
628 0.1150065049291832
629 0.10446740898153292
630 0.1074813427212927
Train R2 - DI: 0.909
Val R2 - DI: -0.068
Test R2 - DI: 0.172
631 0.11197025738967196
632 0.11178607808269272
633 0.1066589377385545
634 0.11041164658031652
635 0.10530084771491796
636 0.09855671948311996
637 0.1188316860711421
638 0.10983991078958989
639 0.10922412185663523
640 0.1097300680434731
Train R2 - DI: 0.928
Val R2 - DI: -0.103
Test R2 - DI: 0.129
641 0.10837578597260389
642 0.11054663914817134
643 0.11030378745666862
644 0.10876321046414748
645 0.11668360844491737
646 0.10256830000172427
647 0.10801108388217495
648 0.09941024759147454
649 0.10167081667628589
650 0.1015523066398228
Train R2 - DI: 0.935
Val R2 - DI: -0.024
Test R2 - DI: 0.091
651 0.09254277342191874
652 0.09721509667171323
653 0.10226159637131593
654 0.10658735680797048
655 0.10981227124817358
656 0.10466128063527268
657 0.09516116579072416
658 0.10274244546099447
659 0.09861681452183402
660 0.09523295743886588
Train R2 - DI: 0.941
Val R2 - DI: -0.060
Test R2 - DI: 0.138
661 0.09002340948202106
662 0.09174217959870164
663 0.1025885500697316
664 0.09809943739892499
665 0.09789707434276815
666 0.09051681513855003
667 0.09055152694730709
668 0.09815953464061587
669 0.09265103558864984
670 0.09809579337022808
Train R2 - DI: 0.945
Val R2 - DI: -0.031
Test R2 - DI: 0.099
671 0.10460629862668931
672 0.08859480292712132
673 0.09267286996415748
674 0.10293730999638946
675 0.09588735857364171
676 0.09160439397820566
677 0.08667451433605819
678 0.0885915655284058
679 0.09702878745330655
680 0.09606106241513962
Train R2 - DI: 0.942
Val R2 - DI: -0.103
Test R2 - DI: 0.103
681 0.09122988510484312
682 0.08481190585791838
683 0.09152936698181147
684 0.09382514482741107
685 0.09445081386853565
686 0.09206477010946006
687 0.09107506884667257
688 0.08857174677501763
689 0.09223643067865502
690 0.09172139952271341
Train R2 - DI: 0.956
Val R2 - DI: -0.062
Test R2 - DI: 0.109
691 0.0973939688041682
692 0.08233425429004715
693 0.08377426501202528
694 0.088500718639103
695 0.08892621484057663
696 0.0851296113127556
697 0.08960043376282005
698 0.09033159452961466
699 0.08503900311316749
700 0.09021909956885975
Train R2 - DI: 0.957
Val R2 - DI: -0.093
Test R2 - DI: 0.109
701 0.08988381692909489
702 0.09510037711933764
703 0.0854143805129678
704 0.08774971891931732
705 0.082558136407944
706 0.08318228131672756
707 0.08604226939781223
708 0.08082154054276594
709 0.08987158288370035
710 0.0856246489175709
Train R2 - DI: 0.959
Val R2 - DI: -0.075
Test R2 - DI: 0.110
711 0.08355681566554005
712 0.09021452516656286
713 0.08982914857922222
714 0.09325308631187681
715 0.08258300458191921
716 0.08168693374873473
717 0.08304305979593674
718 0.07831986321925756
719 0.08372404204908875
720 0.09020689858506356
Train R2 - DI: 0.943
Val R2 - DI: -0.057
Test R2 - DI: 0.057
721 0.08306596451315398
722 0.08491821202129646
723 0.08568652344753201
724 0.07777690969921586
725 0.0749593881086656
726 0.08401845521530119
727 0.08097548602068397
728 0.08124300670316492
729 0.08715982467410599
730 0.08090339509531619
Train R2 - DI: 0.930
Val R2 - DI: -0.064
Test R2 - DI: 0.025
731 0.09190822023844701
732 0.08152104052203094
733 0.07844747998910569
734 0.07874120225094773
735 0.0755730589697811
736 0.08209383371903917
737 0.07652285455572867
738 0.08331072133901536
739 0.07643394651480295
740 0.0884761786917288
Train R2 - DI: 0.959
Val R2 - DI: -0.048
Test R2 - DI: 0.068
741 0.07761916678633267
742 0.0779916367538053
743 0.08124246217248293
744 0.08542997160131413
745 0.07424442903325809
746 0.07366798530029835
747 0.07353859344233249
748 0.08516208079048321
749 0.07430720722431301
750 0.07458384633855082
Train R2 - DI: 0.966
Val R2 - DI: -0.095
Test R2 - DI: 0.103
751 0.06955852451041578
752 0.07585057130449192
753 0.07469147807544971
754 0.08067048088540807
755 0.0729027449790956
756 0.08530857971529783
757 0.08276976859641852
758 0.09183433439534573
759 0.07000633525161512
760 0.07855383874996762
Train R2 - DI: 0.965
Val R2 - DI: -0.063
Test R2 - DI: 0.077
761 0.07459316808247403
762 0.07039869106159326
763 0.08020647463245406
764 0.0666047505542941
765 0.07478667584963149
766 0.07017284961610784
767 0.07375680171150976
768 0.0819291553549734
769 0.07727998352755734
770 0.07466144244087022
Train R2 - DI: 0.966
Val R2 - DI: -0.042
Test R2 - DI: 0.099
771 0.0745094834125747
772 0.08910096644044736
773 0.07523960182393835
774 0.07671702167384999
775 0.06634930598636393
776 0.07097879031827
777 0.077466347119951
778 0.07428202646487224
779 0.07376572170589257
780 0.07543294652562145
Train R2 - DI: 0.946
Val R2 - DI: -0.078
Test R2 - DI: 0.044
781 0.06601902630132107
782 0.07250294173482334
783 0.068853807932866
784 0.08007297080244595
785 0.06873067108585222
786 0.07143361582911494
787 0.07435088938524363
788 0.07375562886924251
789 0.07572050217519302
790 0.07604972780360879
Train R2 - DI: 0.971
Val R2 - DI: -0.097
Test R2 - DI: 0.086
791 0.07058588535700719
792 0.06811049092529939
793 0.06772125933186587
794 0.06912970319785704
795 0.07036845610280033
796 0.07461771170147627
797 0.07278368474069737
798 0.06938659270393568
799 0.07132066245712594
800 0.07487063847589528
Train R2 - DI: 0.971
Val R2 - DI: -0.079
Test R2 - DI: 0.080
0.20697564902106746
Test R2 - DI: 0.080
Test R2 - DI: 0.259
Deep_google
batch_size =  128 lr =  1e-06 wd =  10.0
5276 1164 1140
cuda:0
Using Adam
1 3.8924916222567267
2 3.483351317384733
3 3.2204788004113833
4 2.9875506235850047
5 2.7976891490164086
6 2.6624485804693006
7 2.5257573715207067
8 2.4405983396332043
9 2.3290973235658843
10 2.2571994609413406
Train R2 - DI: -1.206
Val R2 - DI: -0.869
Test R2 - DI: -0.905
11 2.1753010393725463
12 2.087198238737932
13 2.038122141695637
14 1.9703853205354762
15 1.9370532364805508
16 1.900970301454586
17 1.8703080944440147
18 1.8196248655702418
19 1.8106484143818935
20 1.762734050277149
Train R2 - DI: -0.693
Val R2 - DI: -0.456
Test R2 - DI: -0.504
21 1.7287508223524954
22 1.716512135161515
23 1.6543797058892846
24 1.6448347363352684
25 1.6371171235857451
26 1.5998844202943965
27 1.558745653182833
28 1.5531933814671295
29 1.5241764566950766
30 1.4944279899734543
Train R2 - DI: -0.476
Val R2 - DI: -0.289
Test R2 - DI: -0.357
31 1.4626267357610048
32 1.4625608924666167
33 1.4472726497621224
34 1.4147778844815297
35 1.3972756996400615
36 1.3902258031561665
37 1.3824304900809252
38 1.355351534822477
39 1.3365696302591805
40 1.324551854782524
Train R2 - DI: -0.260
Val R2 - DI: -0.146
Test R2 - DI: -0.196
41 1.325443968255923
42 1.304134673110638
43 1.3149314974184014
44 1.2624508275327762
45 1.2789632281270147
46 1.2674893258284945
47 1.2439529675710734
48 1.2318940574784818
49 1.2484265964441539
50 1.2197784031766035
Train R2 - DI: -0.193
Val R2 - DI: -0.090
Test R2 - DI: -0.148
51 1.2187947297837356
52 1.202477589893558
53 1.204857798215564
54 1.2012273683251533
55 1.1705790118252897
56 1.1885709948753027
57 1.1789316154502394
58 1.157722300069634
59 1.1721848946705833
60 1.13919829373291
Train R2 - DI: -0.135
Val R2 - DI: -0.054
Test R2 - DI: -0.107
61 1.139586974582137
62 1.1467647048629894
63 1.1290447121320843
64 1.1131069108877696
65 1.103320536421862
66 1.1313425673057493
67 1.1182404315498762
68 1.0991642200377423
69 1.1068390947657158
70 1.1028607987923726
Train R2 - DI: -0.078
Val R2 - DI: -0.021
Test R2 - DI: -0.056
71 1.0981099016292246
72 1.0776248354637052
73 1.0767108915971029
74 1.0733658081659139
75 1.072878688460864
76 1.0476883145513816
77 1.0426892536982522
78 1.0664710522240268
79 1.0568276235242067
80 1.0561190564312475
Train R2 - DI: -0.027
Val R2 - DI: 0.012
Test R2 - DI: -0.021
81 1.0488723170314438
82 1.0530469987860587
83 1.0376075297435907
84 1.0379196910626785
85 1.0119697891734964
86 1.0463708373432001
87 1.0213394196219658
88 1.0146644730925831
89 0.9947601872199047
90 0.9985060567111116
Train R2 - DI: 0.000
Val R2 - DI: 0.030
Test R2 - DI: -0.000
91 1.0043391875917032
92 1.0014652988963095
93 1.008440163887478
94 0.987473440360083
95 0.99309183477542
96 0.991274767250975
97 0.9931551328294651
98 0.9873951431293213
99 0.9908919142809124
100 0.9657215709664588
Train R2 - DI: 0.051
Val R2 - DI: 0.063
Test R2 - DI: 0.035
101 0.9574716293152035
102 0.9790435178068391
103 0.9793155520499159
104 0.9696830592433823
105 0.9729945376526686
106 0.9594694627696045
107 0.9699131070528182
108 0.9607759675263816
109 0.9485502990924382
110 0.9489358093270395
Train R2 - DI: 0.066
Val R2 - DI: 0.075
Test R2 - DI: 0.041
111 0.9497432435797054
112 0.9322892759133686
113 0.9485603550151047
114 0.9496033898441063
115 0.9424026288527083
116 0.927835539265778
117 0.920624302769358
118 0.9326475104027575
119 0.9297172964477828
120 0.9280666175260971
Train R2 - DI: 0.083
Val R2 - DI: 0.091
Test R2 - DI: 0.054
121 0.9261810783186675
122 0.9325464133334214
123 0.920615883737554
124 0.9048167879017489
125 0.9199561368705107
126 0.9195967215855434
127 0.913650747634318
128 0.9088755910192321
129 0.9086656828917185
130 0.9128342494538013
Train R2 - DI: 0.101
Val R2 - DI: 0.101
Test R2 - DI: 0.056
131 0.9101822922589473
132 0.895823436491954
133 0.9007028765168671
134 0.9006736691563847
135 0.9128838190985413
136 0.889952108071915
137 0.8995228162581854
138 0.8846803911261888
139 0.9008051424518149
140 0.8914718751748283
Train R2 - DI: 0.120
Val R2 - DI: 0.112
Test R2 - DI: 0.079
141 0.8867448745034155
142 0.8918963123940445
143 0.8769470806642407
144 0.8768377870750572
145 0.8746505084590898
146 0.8919183408969997
147 0.8711432987672981
148 0.8787918164026927
149 0.876442377905307
150 0.8784977233346617
Train R2 - DI: 0.137
Val R2 - DI: 0.119
Test R2 - DI: 0.095
151 0.859365813021772
152 0.8799746990474993
153 0.8801149639150606
154 0.8650419463299729
155 0.8797296484913946
156 0.8640344139298677
157 0.8702097976180619
158 0.8809858617952504
159 0.8624974116400573
160 0.8592551759556444
Train R2 - DI: 0.149
Val R2 - DI: 0.122
Test R2 - DI: 0.106
161 0.8619986009742384
162 0.8668759162901386
163 0.8584280178978915
164 0.8602201428894205
165 0.8513585646736341
166 0.8311590782795285
167 0.8612444823307012
168 0.8586966470392298
169 0.8524992456031262
170 0.8557886571211739
Train R2 - DI: 0.149
Val R2 - DI: 0.124
Test R2 - DI: 0.107
171 0.8589218396684996
172 0.8454478435031928
173 0.853509264655688
174 0.8512999072411098
175 0.8440534247422959
176 0.8435609303160632
177 0.8389378971814928
178 0.8481999194197261
179 0.8378647674747811
180 0.8463415026303219
Train R2 - DI: 0.161
Val R2 - DI: 0.130
Test R2 - DI: 0.116
181 0.8436606714362173
182 0.8312256383208997
183 0.8416966504902439
184 0.8428949296610024
185 0.8470252909562731
186 0.836560241375302
187 0.8302678614064001
188 0.8286053452462839
189 0.8367419938773617
190 0.8303977804621392
Train R2 - DI: 0.152
Val R2 - DI: 0.132
Test R2 - DI: 0.106
191 0.8292950015794698
192 0.830351793196637
193 0.829435875824313
194 0.8295123002762321
195 0.8285854477336498
196 0.8242031445640611
197 0.8265745120124441
198 0.8106592001564309
199 0.8159758055002243
200 0.8180699816610526
Train R2 - DI: 0.183
Val R2 - DI: 0.137
Test R2 - DI: 0.140
201 0.8217726381915008
202 0.8214795235163158
203 0.8204831548763821
204 0.8242780051961642
205 0.8313476586992583
206 0.8135046727780233
207 0.8191627882212016
208 0.8218593298711047
209 0.8047598453070559
210 0.8155267151401656
Train R2 - DI: 0.177
Val R2 - DI: 0.137
Test R2 - DI: 0.129
211 0.8222713290605697
212 0.7958589436612046
213 0.8172666111437094
214 0.8114816983420348
215 0.8147286048343997
216 0.8062373949235998
217 0.8068424863649011
218 0.8098024133482695
219 0.8156523984702272
220 0.8088646978930689
Train R2 - DI: 0.188
Val R2 - DI: 0.149
Test R2 - DI: 0.139
221 0.7981441969940208
222 0.8133362503644641
223 0.8067061871719505
224 0.8084585141105305
225 0.8060994811180959
226 0.8042571102244281
227 0.8044740212424584
228 0.8090140229377718
229 0.7954832502980409
230 0.8003164756198649
Train R2 - DI: 0.190
Val R2 - DI: 0.149
Test R2 - DI: 0.142
231 0.8007933960392947
232 0.8008562586721459
233 0.7955013989182111
234 0.8123400690792364
235 0.7995222985202205
236 0.7905671400857568
237 0.7976734401874238
238 0.7969416822783417
239 0.7973352431166434
240 0.795743327099234
Train R2 - DI: 0.184
Val R2 - DI: 0.149
Test R2 - DI: 0.131
241 0.7892882724979594
242 0.7965754109227902
243 0.7964401012392456
244 0.7985449227489605
245 0.7943375757284649
246 0.7902763649493659
247 0.7995157734158366
248 0.7900199617193538
249 0.788305000476172
250 0.796143653042123
Train R2 - DI: 0.212
Val R2 - DI: 0.153
Test R2 - DI: 0.166
251 0.7939785580638686
252 0.7941639188838059
253 0.7930839249272523
254 0.7829607307142702
255 0.7892588658528042
256 0.7833278981730105
257 0.7786678080761225
258 0.7790061267512237
259 0.7847266368923809
260 0.7862448745193221
Train R2 - DI: 0.194
Val R2 - DI: 0.154
Test R2 - DI: 0.144
261 0.78290571824812
262 0.7791848986143411
263 0.7781179507995212
264 0.7729694738905026
265 0.7888367678108678
266 0.7825819671470348
267 0.7764389831699866
268 0.7711927041671238
269 0.7697725334883279
270 0.7792533538032428
Train R2 - DI: 0.204
Val R2 - DI: 0.159
Test R2 - DI: 0.156
271 0.7874689724429075
272 0.7757025704951427
273 0.7679311131057277
274 0.7802455990580196
275 0.7768058521987996
276 0.7735876447780282
277 0.7810139531796407
278 0.7766107375012644
279 0.7747036419735432
280 0.7711507796879696
Train R2 - DI: 0.211
Val R2 - DI: 0.160
Test R2 - DI: 0.166
281 0.766947340657984
282 0.7714972118702326
283 0.779555727940242
284 0.775081768733611
285 0.7705488047697401
286 0.7753900524067825
287 0.7693451194712572
288 0.7729534704274893
289 0.772077875529572
290 0.7730887508735772
Train R2 - DI: 0.220
Val R2 - DI: 0.162
Test R2 - DI: 0.171
291 0.7712248805529064
292 0.7645166974071304
293 0.7688523369182503
294 0.7719635042934548
295 0.772865364278601
296 0.7725953791880806
297 0.7740950863681298
298 0.7654755199109179
299 0.7668056346142808
300 0.7668829385849271
Train R2 - DI: 0.223
Val R2 - DI: 0.167
Test R2 - DI: 0.175
301 0.7755362169592556
302 0.7701806452935893
303 0.7746529514090051
304 0.7675702875992672
305 0.7581033371812561
306 0.7701603619323887
307 0.7707636251062765
308 0.7655814957492183
309 0.762491645191184
310 0.7674302847390829
Train R2 - DI: 0.225
Val R2 - DI: 0.166
Test R2 - DI: 0.176
311 0.7585172193623384
312 0.7688230843684997
313 0.7557379839273906
314 0.7564018968382598
315 0.7641805011815787
316 0.7528216009613599
317 0.7672933453045803
318 0.7575361904454466
319 0.7602115104919677
320 0.7622634129961663
Train R2 - DI: 0.222
Val R2 - DI: 0.170
Test R2 - DI: 0.172
321 0.7603224640411351
322 0.7608296349701148
323 0.7645160218275705
324 0.7605408800199595
325 0.7605718661204173
326 0.7573949926906323
327 0.7577190784182487
328 0.749698724233354
329 0.7615820272254438
330 0.7612754279596504
Train R2 - DI: 0.219
Val R2 - DI: 0.172
Test R2 - DI: 0.161
331 0.7606157310267485
332 0.7571810877756968
333 0.7561000677290245
334 0.7586006944020469
335 0.7523020941077804
336 0.7575108585166064
337 0.756560002880805
338 0.7562030292171886
339 0.755634248708576
340 0.7538519705489696
Train R2 - DI: 0.225
Val R2 - DI: 0.172
Test R2 - DI: 0.174
341 0.7589492295798793
342 0.7515410148708815
343 0.7560519044195007
344 0.7482102227265226
345 0.7542204424185316
346 0.7621178245164844
347 0.7581898639652203
348 0.7514331015878957
349 0.7533477122264888
350 0.7565470865226497
Train R2 - DI: 0.230
Val R2 - DI: 0.175
Test R2 - DI: 0.170
351 0.7486325845834069
352 0.7537577128527831
353 0.756033874760079
354 0.7489542337056811
355 0.749962396925376
356 0.7525438421643802
357 0.7489777483932895
358 0.7459932717525029
359 0.7488745951670602
360 0.7420934792989308
Train R2 - DI: 0.216
Val R2 - DI: 0.173
Test R2 - DI: 0.151
361 0.7504457931702927
362 0.7434110298041053
363 0.7407056107450561
364 0.75380091697904
365 0.750063132751702
366 0.7466277527122266
367 0.7472285075202144
368 0.7484650567140065
369 0.7426089395665146
370 0.745748010072137
Train R2 - DI: 0.240
Val R2 - DI: 0.177
Test R2 - DI: 0.185
371 0.7425073683487817
372 0.7393109201481164
373 0.7507385288882744
374 0.7410989478738855
375 0.7470753567972538
376 0.7441532353816203
377 0.7435623573886345
378 0.7411249739550749
379 0.7313075809428148
380 0.7448476593633598
Train R2 - DI: 0.242
Val R2 - DI: 0.180
Test R2 - DI: 0.186
381 0.7372588263577453
382 0.7372377941651811
383 0.7459389021940716
384 0.7358267049702665
385 0.7338306211539523
386 0.7388903909871938
387 0.7372954448937827
388 0.7460292073657243
389 0.739750512356646
390 0.7368970197922718
Train R2 - DI: 0.252
Val R2 - DI: 0.183
Test R2 - DI: 0.189
391 0.7278036277252585
392 0.74003841521796
393 0.7351262338962222
394 0.7395353221007601
395 0.7359426448614512
396 0.7320830106644851
397 0.7324150519627708
398 0.7301903270337508
399 0.7363887554411639
400 0.7350437426946668
Train R2 - DI: 0.253
Val R2 - DI: 0.181
Test R2 - DI: 0.187
401 0.7318968316476575
402 0.7259342335588196
403 0.7335577940651645
404 0.7319692270244226
405 0.7356923272701896
406 0.7301423346300393
407 0.7310985700934108
408 0.729691108670354
409 0.7330543372647341
410 0.7334738328567141
Train R2 - DI: 0.254
Val R2 - DI: 0.186
Test R2 - DI: 0.180
411 0.7288027223174187
412 0.7303257394325019
413 0.7316766116002729
414 0.7280001932242497
415 0.731836513464337
416 0.7209604194527598
417 0.7296969886075556
418 0.7171482098111608
419 0.7257032344700984
420 0.7194234802923571
Train R2 - DI: 0.255
Val R2 - DI: 0.185
Test R2 - DI: 0.182
421 0.7301340603394613
422 0.72520545195051
423 0.7238990338215601
424 0.7207750748105805
425 0.7217268993946708
426 0.7276210491633759
427 0.7288309670787042
428 0.7272960918251541
429 0.7202379106571496
430 0.7245971084183324
Train R2 - DI: 0.262
Val R2 - DI: 0.184
Test R2 - DI: 0.191
431 0.730565243954908
432 0.725346091301537
433 0.7227667562883853
434 0.7193067997942556
435 0.7295506943166934
436 0.7176992744094409
437 0.7169948852450853
438 0.7172352791826684
439 0.7202158346602734
440 0.7158959154562122
Train R2 - DI: 0.270
Val R2 - DI: 0.187
Test R2 - DI: 0.185
441 0.7233957063528152
442 0.717104447258522
443 0.713640761881547
444 0.7210805126443969
445 0.7220056027151401
446 0.7114499377155955
447 0.7161675920036366
448 0.7147736778487032
449 0.7143349216416354
450 0.7098552694909946
Train R2 - DI: 0.262
Val R2 - DI: 0.185
Test R2 - DI: 0.177
451 0.7131914405591385
452 0.7169023503219657
453 0.7084580985680957
454 0.7107395042154805
455 0.7111729737300598
456 0.706998604007342
457 0.7103637916920671
458 0.7050583088732381
459 0.70597113444102
460 0.711990068092592
Train R2 - DI: 0.276
Val R2 - DI: 0.189
Test R2 - DI: 0.181
461 0.7117286534631134
462 0.7145010431758195
463 0.7037042313854833
464 0.7094043027369519
465 0.7088747118981703
466 0.7096462707071254
467 0.7057656532349779
468 0.7072360995504511
469 0.7103211828214459
470 0.7047577731712376
Train R2 - DI: 0.281
Val R2 - DI: 0.189
Test R2 - DI: 0.182
471 0.7102313283901489
472 0.6981755927080815
473 0.7001827929036196
474 0.7070565333955662
475 0.7042404825349393
476 0.6986926654417285
477 0.7108512330091388
478 0.6926988265657172
479 0.6965563085785953
480 0.6943895342767555
Train R2 - DI: 0.282
Val R2 - DI: 0.187
Test R2 - DI: 0.175
481 0.6992977635258522
482 0.6935071499172353
483 0.6952393367220001
484 0.6997605768725039
485 0.7004583200059938
486 0.6942271068748694
487 0.6958100292337401
488 0.6947085235135134
489 0.6954696135958367
490 0.6878339955081896
Train R2 - DI: 0.293
Val R2 - DI: 0.186
Test R2 - DI: 0.189
491 0.6868612096560914
492 0.6911159244968278
493 0.6877699764593701
494 0.6908880561657978
495 0.6882011490034461
496 0.6984576836872318
497 0.6870321550994682
498 0.6911758368805198
499 0.6787671750472114
500 0.6916451822455134
Train R2 - DI: 0.293
Val R2 - DI: 0.182
Test R2 - DI: 0.170
501 0.6880091371366344
502 0.6841914095238721
503 0.6889349777107441
504 0.686490607677399
505 0.688842044331252
506 0.6867568249319249
507 0.6855281481153591
508 0.6860071823305935
509 0.6744699132451513
510 0.6808129481242587
Train R2 - DI: 0.305
Val R2 - DI: 0.178
Test R2 - DI: 0.189
511 0.6731854155038323
512 0.6740238423868053
513 0.6795040687618155
514 0.6710966377207689
515 0.6782980337117638
516 0.6726480431182534
517 0.6774645869572837
518 0.6830323507064576
519 0.6767634347679942
520 0.6729084101475216
Train R2 - DI: 0.313
Val R2 - DI: 0.179
Test R2 - DI: 0.184
521 0.6790974407235811
522 0.6704596338442006
523 0.6800431110264227
524 0.6701360567443926
525 0.670608305949167
526 0.6675610489877812
527 0.6577024356807336
528 0.6659070373575646
529 0.6585633870414751
530 0.6633637988088346
Train R2 - DI: 0.309
Val R2 - DI: 0.169
Test R2 - DI: 0.168
531 0.6579538296125801
532 0.66374207763079
533 0.669805607712567
534 0.6572749803606718
535 0.6649641004179896
536 0.6590248378413116
537 0.659538470587105
538 0.656186417072808
539 0.6547368961450636
540 0.6570809352931152
Train R2 - DI: 0.330
Val R2 - DI: 0.171
Test R2 - DI: 0.187
541 0.6577823450386389
542 0.6551634136522422
543 0.6543501681500623
544 0.6489391060513561
545 0.6535450010429827
546 0.6487736712358864
547 0.6524189574145476
548 0.6466376187676639
549 0.6504233181702539
550 0.641263408133078
Train R2 - DI: 0.329
Val R2 - DI: 0.161
Test R2 - DI: 0.164
551 0.6407141295954348
552 0.6458540864068509
553 0.6414178346846482
554 0.6428347127377941
555 0.6458596227926409
556 0.6405081341355203
557 0.6388186594136652
558 0.6316941868092998
559 0.6326651018595858
560 0.6385214807772113
Train R2 - DI: 0.365
Val R2 - DI: 0.155
Test R2 - DI: 0.206
561 0.6357091800835749
562 0.6337743646453239
563 0.6338861706674416
564 0.6205076580250055
565 0.6242941855661249
566 0.6399998540133577
567 0.6267766928790283
568 0.6272734672034482
569 0.6238105194960877
570 0.6244729913663828
Train R2 - DI: 0.397
Val R2 - DI: 0.159
Test R2 - DI: 0.236
571 0.625807045760527
572 0.6232760146407127
573 0.6203942388363911
574 0.6154663561870873
575 0.6107512226242112
576 0.6120713083377112
577 0.6160804319327486
578 0.6015286605135792
579 0.6128585921985982
580 0.6113665412555055
Train R2 - DI: 0.388
Val R2 - DI: 0.147
Test R2 - DI: 0.183
581 0.6025351062699463
582 0.6072640015466183
583 0.6093384753672619
584 0.594152918790126
585 0.6002269539533012
586 0.5942012664718642
587 0.5910865383630814
588 0.5987976025775854
589 0.5945669098095608
590 0.5956347580657392
Train R2 - DI: 0.426
Val R2 - DI: 0.127
Test R2 - DI: 0.226
591 0.5934771133517568
592 0.582819019600331
593 0.5846283572745016
594 0.5808054937206497
595 0.577047773117907
596 0.5802464869277237
597 0.5791937655079447
598 0.5758449387785338
599 0.5722791535823611
600 0.5645884417782596
Train R2 - DI: 0.463
Val R2 - DI: 0.096
Test R2 - DI: 0.255
601 0.5752496535214083
602 0.5717058083701984
603 0.5621406876561856
604 0.5644513741869923
605 0.562617019914695
606 0.5604725162850988
607 0.5590870688140528
608 0.5472503625777203
609 0.5496884998812469
610 0.5425140176242369
Train R2 - DI: 0.447
Val R2 - DI: 0.123
Test R2 - DI: 0.154
611 0.5464767884403761
612 0.5426096852481862
613 0.5410713251564339
614 0.5449269435864854
615 0.5364420631331327
616 0.5322521389931598
617 0.5303869682157284
618 0.5288434461538678
619 0.5304127674919805
620 0.5321374948138626
Train R2 - DI: 0.499
Val R2 - DI: 0.097
Test R2 - DI: 0.222
621 0.5233453318329812
622 0.5126174989751653
623 0.5200928887514746
624 0.5096371809219754
625 0.5069723011102525
626 0.5080228146275758
627 0.5171549513631015
628 0.4980599604789916
629 0.4981536606751761
630 0.4998542159863545
Train R2 - DI: 0.512
Val R2 - DI: 0.104
Test R2 - DI: 0.152
631 0.5000428988275607
632 0.5041460317133772
633 0.49930015443580633
634 0.49477229518724086
635 0.4850106787916564
636 0.4943788059739293
637 0.4833942311021575
638 0.4754947624801234
639 0.48252172129817583
640 0.4741823712562954
Train R2 - DI: 0.560
Val R2 - DI: 0.086
Test R2 - DI: 0.188
641 0.46717044530355906
642 0.46004206208770615
643 0.46552436011952825
644 0.4671371452640276
645 0.45487233040638275
646 0.4525612672230256
647 0.4486849516110496
648 0.4531994142977011
649 0.45843190560293884
650 0.4522467586829682
Train R2 - DI: 0.542
Val R2 - DI: 0.087
Test R2 - DI: 0.096
651 0.4465921789159189
652 0.43015243837198947
653 0.4460145754286337
654 0.44195910309913755
655 0.44847667732412294
656 0.4311131671172728
657 0.4305474596370613
658 0.42007262752849645
659 0.4149897950584912
660 0.42750233190361525
Train R2 - DI: 0.615
Val R2 - DI: 0.006
Test R2 - DI: 0.188
661 0.4180017653471417
662 0.4125406191238768
663 0.41351007387166316
664 0.40933690720023846
665 0.407689921315011
666 0.4050826023165433
667 0.4003055402733685
668 0.39305176587607304
669 0.3935873395480199
670 0.4059229778285457
Train R2 - DI: 0.640
Val R2 - DI: -0.027
Test R2 - DI: 0.242
671 0.3933168885561442
672 0.38137576795148526
673 0.3820996134682439
674 0.38786107335603986
675 0.37885238244914937
676 0.37969180656889334
677 0.38228835686306956
678 0.3723000331391341
679 0.37465196423136526
680 0.3672378990937581
Train R2 - DI: 0.664
Val R2 - DI: 0.049
Test R2 - DI: 0.138
681 0.36544443446637287
682 0.3690427016633491
683 0.36313729149722257
684 0.35972491866987344
685 0.36419034071995326
686 0.37239032518330445
687 0.3558231915733505
688 0.36023946575272525
689 0.35121905476058224
690 0.3607720678009889
Train R2 - DI: 0.703
Val R2 - DI: -0.007
Test R2 - DI: 0.194
691 0.33505017988784824
692 0.3464375327851756
693 0.3472668206131395
694 0.34321414226831315
695 0.33868654547901744
696 0.3391511164396617
697 0.3363500166517754
698 0.33110972486543694
699 0.32522151258246657
700 0.33493459568139367
Train R2 - DI: 0.720
Val R2 - DI: 0.016
Test R2 - DI: 0.131
701 0.3219169921794563
702 0.32982918055243704
703 0.3329548681997909
704 0.331257232002366
705 0.31955422760411767
706 0.32180909101849164
707 0.3205934779674741
708 0.3195875417652954
709 0.31679912359991064
710 0.3161262667838871
Train R2 - DI: 0.649
Val R2 - DI: 0.015
Test R2 - DI: -0.026
711 0.31035610369157396
712 0.3012487115147802
713 0.3032580492530834
714 0.30489354015210074
715 0.2964048957942199
716 0.3001377802847731
717 0.3026759826929123
718 0.3010599395151478
719 0.2926256872199538
720 0.28683697269033354
Train R2 - DI: 0.749
Val R2 - DI: -0.005
Test R2 - DI: 0.094
721 0.2905447187976823
722 0.29975402251258776
723 0.29824635734424343
724 0.2838630709935536
725 0.2796165725559426
726 0.2854234728739061
727 0.27901951303257916
728 0.3172920207867937
729 0.2813367645698935
730 0.28290268121297113
Train R2 - DI: 0.679
Val R2 - DI: 0.019
Test R2 - DI: -0.048
731 0.27625533524926094
732 0.2749200269207076
733 0.26965191435009533
734 0.27980572136063936
735 0.2629361890589676
736 0.2576092461503935
737 0.2768322124094381
738 0.25484437128872106
739 0.2731190025806427
740 0.2752869247802737
Train R2 - DI: 0.794
Val R2 - DI: 0.014
Test R2 - DI: 0.128
741 0.281844785463819
742 0.27180923960984343
743 0.2757039354821784
744 0.2666899147044537
745 0.25442979693232026
746 0.26123704839783063
747 0.2713387765560844
748 0.2595617997546915
749 0.2526981344247425
750 0.2552345173434835
Train R2 - DI: 0.773
Val R2 - DI: 0.033
Test R2 - DI: 0.042
751 0.2534468734440612
752 0.24815770233554132
753 0.26008655486728677
754 0.25061627976184003
755 0.24777843350709794
756 0.2464540553553887
757 0.25149642393117244
758 0.25522571379619624
759 0.254289961792105
760 0.2398773109804418
Train R2 - DI: 0.762
Val R2 - DI: 0.017
Test R2 - DI: 0.023
761 0.24690838947813107
762 0.24283954209681258
763 0.2467038777852438
764 0.24281638196420272
765 0.23627994070006103
766 0.23713057880784816
767 0.22715824492236175
768 0.23159357281775977
769 0.23924744492954517
770 0.2326303998614189
Train R2 - DI: 0.753
Val R2 - DI: 0.018
Test R2 - DI: -0.014
771 0.24001200242960788
772 0.23332594885258534
773 0.24038160909207323
774 0.23176560607979568
775 0.22904808026222317
776 0.2280700997116893
777 0.23146088153598343
778 0.23805588535778083
779 0.23034998529376724
780 0.21865906302589103
Train R2 - DI: 0.823
Val R2 - DI: 0.042
Test R2 - DI: 0.079
781 0.2226549955798063
782 0.22854834779181926
783 0.22593146648435902
784 0.23187872175469013
785 0.2265567742033923
786 0.22457356423342925
787 0.2216655283239956
788 0.22380678363601939
789 0.2274207297579821
790 0.2216617441746753
Train R2 - DI: 0.826
Val R2 - DI: 0.033
Test R2 - DI: 0.078
791 0.22224944496669943
792 0.22156524328321467
793 0.21898150114149104
794 0.20768931456096612
795 0.2312087718965069
796 0.22032938966523344
797 0.20854099491403535
798 0.2198438783705099
799 0.214302526946498
800 0.2104114759049694
Train R2 - DI: 0.814
Val R2 - DI: 0.017
Test R2 - DI: 0.017
0.1891664484793424
Test R2 - DI: 0.017
Test R2 - DI: 0.182
Deep_google
batch_size =  128 lr =  1e-06 wd =  20.0
5276 1164 1140
cuda:0
Using Adam
1 4.269984189988628
2 3.986564438120717
3 3.801102718320012
4 3.5829467863816036
5 3.4037811759749173
6 3.2422931872144445
7 3.1359460144173115
8 3.0184661402134756
9 2.9094850141230273
10 2.8180765294052597
Train R2 - DI: -1.775
Val R2 - DI: -1.651
Test R2 - DI: -1.793
11 2.7312989898302775
12 2.6524569639389584
13 2.5705539975950806
14 2.494899193024075
15 2.41508914838694
16 2.3893921913930734
17 2.337319417646927
18 2.285236646046324
19 2.217031440019065
20 2.2176754331841804
Train R2 - DI: -1.151
Val R2 - DI: -0.942
Test R2 - DI: -1.165
21 2.1400313854579043
22 2.0987823932255822
23 2.037944257937208
24 2.0167183700703237
25 1.9911613242024269
26 1.9184509099117275
27 1.905968499599396
28 1.898012029844491
29 1.898166424402059
30 1.847860011121737
Train R2 - DI: -0.847
Val R2 - DI: -0.646
Test R2 - DI: -0.880
31 1.834232812762893
32 1.789994425986914
33 1.7630589077922771
34 1.7519320245038568
35 1.7404797243475463
36 1.6945515744518023
37 1.683514171246781
38 1.6825474067742938
39 1.6535401503817433
40 1.625564107215251
Train R2 - DI: -0.620
Val R2 - DI: -0.427
Test R2 - DI: -0.659
41 1.6363695634866502
42 1.6017725154972149
43 1.6101519754205895
44 1.5526690551780948
45 1.5634767095006894
46 1.540190791478204
47 1.5410129438303384
48 1.528785817545413
49 1.5176985249363897
50 1.4937990228726703
Train R2 - DI: -0.479
Val R2 - DI: -0.308
Test R2 - DI: -0.528
51 1.5176970166089951
52 1.4725140033118918
53 1.4589123447073329
54 1.4628176822004397
55 1.4203499804128743
56 1.4247170543923715
57 1.4397922649448618
58 1.3987937734559055
59 1.4118659666219022
60 1.3972753543940524
Train R2 - DI: -0.353
Val R2 - DI: -0.204
Test R2 - DI: -0.408
61 1.375512339745262
62 1.378348741683208
63 1.3453341453160366
64 1.348004666397841
65 1.341256136149507
66 1.3435941823871864
67 1.342426525452898
68 1.3441864582875898
69 1.315837004222682
70 1.321418332185955
Train R2 - DI: -0.284
Val R2 - DI: -0.148
Test R2 - DI: -0.341
71 1.2884121695822888
72 1.2749909589108055
73 1.2799895900591836
74 1.2747717943943477
75 1.2687339755601283
76 1.268447547857286
77 1.2596474750372748
78 1.2261261138344823
79 1.2205476365910053
80 1.229099698008869
Train R2 - DI: -0.215
Val R2 - DI: -0.095
Test R2 - DI: -0.278
81 1.2252416311564818
82 1.2357447463694262
83 1.2174584101871435
84 1.1981328976163366
85 1.2085712682667602
86 1.2063713932326565
87 1.2134110604930413
88 1.186974336379762
89 1.175920953933175
90 1.1764080328323157
Train R2 - DI: -0.165
Val R2 - DI: -0.055
Test R2 - DI: -0.227
91 1.1782686902863948
92 1.167150084406612
93 1.1822276091919062
94 1.161133560563146
95 1.164428706057059
96 1.1670945701136384
97 1.1473541645681975
98 1.144198636967093
99 1.113941244142719
100 1.1460279478459217
Train R2 - DI: -0.117
Val R2 - DI: -0.022
Test R2 - DI: -0.181
101 1.1324076773182201
102 1.106357516326897
103 1.106953621678862
104 1.1281698055571006
105 1.1221136664964648
106 1.0961529440370086
107 1.1013687248479425
108 1.0948175799223037
109 1.0893054821890715
110 1.0864212875839794
Train R2 - DI: -0.069
Val R2 - DI: 0.012
Test R2 - DI: -0.135
111 1.0909952476586782
112 1.097124673183259
113 1.0815782389286523
114 1.084080783185677
115 1.0813500894751849
116 1.0812056965679722
117 1.059710862873358
118 1.0858761126837828
119 1.0760440808340308
120 1.0737535696846685
Train R2 - DI: -0.051
Val R2 - DI: 0.026
Test R2 - DI: -0.108
121 1.0759121688411848
122 1.0517064748703304
123 1.0529212959794225
124 1.0593655499388903
125 1.061442921521358
126 1.046033188666784
127 1.036179604224855
128 1.0526012045764128
129 1.042993840618148
130 1.0405238028996997
Train R2 - DI: -0.031
Val R2 - DI: 0.039
Test R2 - DI: -0.087
131 1.028346398185834
132 1.0306416718321736
133 1.0311888921342174
134 1.0345794098046441
135 1.0313904956039648
136 1.0373579988522996
137 1.0312945627642003
138 1.0139163863577565
139 1.0314523728170388
140 1.017062285888186
Train R2 - DI: -0.026
Val R2 - DI: 0.042
Test R2 - DI: -0.080
141 1.0252549424598034
142 1.0328033064874038
143 1.0148014351669092
144 1.0014736517258356
145 1.0227581637659426
146 1.012331387687579
147 1.0108361122190637
148 1.010065279466081
149 1.0078697886947794
150 0.9986627752623656
Train R2 - DI: -0.024
Val R2 - DI: 0.043
Test R2 - DI: -0.074
151 1.0092085507713184
152 1.0091361884730978
153 1.0035840464054047
154 1.0106457583013133
155 0.9988390763118649
156 0.9859334581769534
157 0.9950984195835035
158 0.9926992388183733
159 0.9952315709824089
160 0.9916331597220455
Train R2 - DI: 0.001
Val R2 - DI: 0.058
Test R2 - DI: -0.049
161 0.9985277178705055
162 0.9883767219092288
163 0.9898278624655352
164 0.9887943492864821
165 0.9931308399826582
166 0.9772275184663161
167 0.9869746302365353
168 0.9749793434477467
169 0.9789155951225911
170 0.9751553784906186
Train R2 - DI: 0.029
Val R2 - DI: 0.073
Test R2 - DI: -0.018
171 0.9778458685292901
172 0.9805814680319288
173 0.9841884777706803
174 0.9716052947575798
175 0.968395011952829
176 0.9693765725214614
177 0.9644943570168837
178 0.978595719633905
179 0.9630208670234391
180 0.9700615087903929
Train R2 - DI: 0.014
Val R2 - DI: 0.065
Test R2 - DI: -0.034
181 0.9628954973068989
182 0.9573981773681582
183 0.962373833795494
184 0.9716129210792408
185 0.9639024872776231
186 0.9583950275449341
187 0.9508121704585268
188 0.959986101234384
189 0.9528180575894984
190 0.9522831726019991
Train R2 - DI: 0.027
Val R2 - DI: 0.073
Test R2 - DI: -0.019
191 0.9652573775847452
192 0.9621631701486051
193 0.9478256026843536
194 0.954478896911439
195 0.9481828039663139
196 0.9535458555178176
197 0.9552358106919723
198 0.9517537228893023
199 0.953758458823666
200 0.9542812090917823
Train R2 - DI: 0.022
Val R2 - DI: 0.071
Test R2 - DI: -0.027
201 0.9539994251737096
202 0.9439359120657446
203 0.9428346586372023
204 0.9409427835780441
205 0.9321656567838899
206 0.9427538860738955
207 0.9418219104691651
208 0.9367458830736549
209 0.9456645759151595
210 0.942841315468303
Train R2 - DI: 0.046
Val R2 - DI: 0.082
Test R2 - DI: -0.001
211 0.9340525070223689
212 0.9419691259432598
213 0.9319681275785647
214 0.9427307623638358
215 0.9377105644112559
216 0.9307037558494146
217 0.9351478378550404
218 0.9269419421835141
219 0.9425585318732388
220 0.9383931002714491
Train R2 - DI: 0.029
Val R2 - DI: 0.076
Test R2 - DI: -0.018
221 0.9394933256441396
222 0.9350450480860956
223 0.9330561641855074
224 0.9287682151234087
225 0.9246474126688543
226 0.9240705159869133
227 0.9215066848242256
228 0.9223984656142321
229 0.9340938588631162
230 0.9277014379884547
Train R2 - DI: 0.056
Val R2 - DI: 0.088
Test R2 - DI: 0.010
231 0.935516644509296
232 0.9342319122130804
233 0.9361504958017565
234 0.9271268954414414
235 0.9207530521460787
236 0.9235836751900268
237 0.9244383541447724
238 0.9168806665317862
239 0.9301602234435498
240 0.9214159172533858
Train R2 - DI: 0.052
Val R2 - DI: 0.086
Test R2 - DI: 0.004
241 0.9230068370959721
242 0.9273771283932036
243 0.9123505457862929
244 0.9157737429346253
245 0.9237542890797428
246 0.9078312291169908
247 0.9221079209431091
248 0.9262654723047397
249 0.9164986313067213
250 0.9171044220067589
Train R2 - DI: 0.058
Val R2 - DI: 0.089
Test R2 - DI: 0.011
251 0.9136769683908748
252 0.9155207254201558
253 0.9141810774080134
254 0.919405928563674
255 0.9165575555366852
256 0.9061382895079954
257 0.9015536938678865
258 0.9164693348781913
259 0.9037883049434925
260 0.9149545812534509
Train R2 - DI: 0.071
Val R2 - DI: 0.095
Test R2 - DI: 0.024
261 0.9188814630465041
262 0.9112107688681116
263 0.9140451758354338
264 0.9054274515639299
265 0.9084642143119367
266 0.9133827247522021
267 0.9150334553252214
268 0.9036872154659534
269 0.909326563195987
270 0.9109279893400816
Train R2 - DI: 0.070
Val R2 - DI: 0.095
Test R2 - DI: 0.019
271 0.9125169679194892
272 0.9069639022283431
273 0.9140049971984678
274 0.9028851589169622
275 0.9068656207215524
276 0.9036454984055404
277 0.9101817931886692
278 0.9025726391114097
279 0.9097465107710276
280 0.9045553876198631
Train R2 - DI: 0.073
Val R2 - DI: 0.097
Test R2 - DI: 0.023
281 0.9090709068993893
282 0.9050003455569113
283 0.9102438540057398
284 0.9084092686807143
285 0.8987117142637541
286 0.9042016201800158
287 0.9098442168376769
288 0.8920213465802682
289 0.9009281738948605
290 0.9034699339185184
Train R2 - DI: 0.077
Val R2 - DI: 0.102
Test R2 - DI: 0.024
291 0.9028473808694916
292 0.9014842139219497
293 0.9081160064399739
294 0.910350296332856
295 0.897305825924313
296 0.8997748474264976
297 0.9076710801128188
298 0.8972764236173275
299 0.9003909631061048
300 0.9064708931867239
Train R2 - DI: 0.050
Val R2 - DI: 0.089
Test R2 - DI: -0.001
301 0.891923760310369
302 0.902649266463143
303 0.9017184115974536
304 0.9012561059522304
305 0.9009017877907713
306 0.8989488019737174
307 0.8957074663691488
308 0.9022923832684416
309 0.9038922238566823
310 0.8962115165498602
Train R2 - DI: 0.073
Val R2 - DI: 0.101
Test R2 - DI: 0.018
311 0.8973213558037956
312 0.893108869520799
313 0.8939940289532804
314 0.8987005610552767
315 0.8884241388908745
316 0.8957361656214994
317 0.9013055806091286
318 0.9024539837519087
319 0.8924320250229911
320 0.8989222064173701
Train R2 - DI: 0.062
Val R2 - DI: 0.096
Test R2 - DI: 0.005
321 0.8942588872761326
322 0.9010296020659648
323 0.9005693178722767
324 0.9037423680640243
325 0.897151771054474
326 0.8917863830370466
327 0.893894776374305
328 0.8973085916430955
329 0.8923624588107412
330 0.8851293721734077
Train R2 - DI: 0.076
Val R2 - DI: 0.103
Test R2 - DI: 0.018
331 0.891938043689077
332 0.8899702505237501
333 0.899080077385342
334 0.9019178756716759
335 0.8975150123792132
336 0.8980128672016309
337 0.8970193308442718
338 0.8909349838064149
339 0.8948748682465311
340 0.897305816411972
Train R2 - DI: 0.070
Val R2 - DI: 0.099
Test R2 - DI: 0.007
341 0.9024723704969277
342 0.8905732891973535
343 0.8970152384137637
344 0.8886634490542379
345 0.8973942418004456
346 0.8999462368092453
347 0.9031065124919506
348 0.892436947535167
349 0.894511369342963
350 0.8945194769755198
Train R2 - DI: 0.077
Val R2 - DI: 0.101
Test R2 - DI: 0.018
351 0.886939309780303
352 0.8964088225202004
353 0.8991778169824284
354 0.8912715106592475
355 0.8901725462930866
356 0.89177144992704
357 0.8957818433857037
358 0.8983096987393158
359 0.8970847292955035
360 0.8909544618496668
Train R2 - DI: 0.079
Val R2 - DI: 0.102
Test R2 - DI: 0.017
361 0.8916674166850017
362 0.8972027715722027
363 0.8946575700016615
364 0.891848762257701
365 0.8944603508399055
366 0.9018023431165549
367 0.8958869531716787
368 0.8950033073085469
369 0.8932955935202014
370 0.8949674083890112
Train R2 - DI: 0.069
Val R2 - DI: 0.096
Test R2 - DI: 0.007
371 0.8955102685819167
372 0.8975324161672701
373 0.8977550192029301
374 0.9007443714042429
375 0.9040270035153
376 0.8986248367884739
377 0.8931253932478574
378 0.8986222957281383
379 0.901206098016778
380 0.8966300191980496
Train R2 - DI: 0.068
Val R2 - DI: 0.095
Test R2 - DI: 0.003
381 0.8909837991744844
382 0.8988848797654997
383 0.8956464692622627
384 0.8892981039022658
385 0.8948764174702133
386 0.9006456598537812
387 0.8924715911194264
388 0.8896547339014974
389 0.9026643162066508
390 0.8956089825500043
Train R2 - DI: 0.077
Val R2 - DI: 0.100
Test R2 - DI: 0.013
391 0.9046366571747416
392 0.8855012421629662
393 0.9004849857503125
394 0.9023431472655405
395 0.8935255429074112
396 0.9012755384221052
397 0.8993416817645579
398 0.8970325025669817
399 0.9001559987946656
400 0.8960048348005293
Train R2 - DI: 0.062
Val R2 - DI: 0.089
Test R2 - DI: 0.003
401 0.8936568976713908
402 0.8880489833251919
403 0.8913817705757424
404 0.8894201071538917
405 0.8942812958660227
406 0.8886583349395648
407 0.8952281831158572
408 0.8933845851979896
409 0.8978179391809626
410 0.8919060919391467
Train R2 - DI: 0.073
Val R2 - DI: 0.098
Test R2 - DI: 0.013
411 0.8966871276328381
412 0.8958614816079996
413 0.8918356820432592
414 0.8858712286638255
415 0.8963837859484172
416 0.8916422655584235
417 0.8935722475073571
418 0.8943323176678968
419 0.8958628810292577
420 0.8962511802099256
Train R2 - DI: 0.075
Val R2 - DI: 0.098
Test R2 - DI: 0.011
421 0.894896438575496
422 0.8892514448982916
423 0.8892402405807518
424 0.8878677504997167
425 0.8934276285182354
426 0.8953096194643247
427 0.8916340778956727
428 0.8928267127912636
429 0.8881394446483609
430 0.8941384873849321
Train R2 - DI: 0.074
Val R2 - DI: 0.095
Test R2 - DI: 0.010
431 0.8862372075544332
432 0.8899201349926501
433 0.8884996331217074
434 0.8927371943873651
435 0.8922187325808024
436 0.891690068754669
437 0.8935984571925432
438 0.8895178449208128
439 0.8907706421193433
440 0.8944796367157942
Train R2 - DI: 0.072
Val R2 - DI: 0.093
Test R2 - DI: 0.010
441 0.8889670671162233
442 0.8864461886015148
443 0.8915074365983143
444 0.8964160591296123
445 0.8936260754272195
446 0.8924597287105737
447 0.8925184363935643
448 0.8896134460487539
449 0.8960751103487224
450 0.8926279662322419
Train R2 - DI: 0.063
Val R2 - DI: 0.088
Test R2 - DI: -0.002
451 0.8949996568742713
452 0.8910155636600873
453 0.8839240890275899
454 0.8906102422695434
455 0.8908340145097347
456 0.8894658634570443
457 0.8984578559125708
458 0.8868856838564696
459 0.8869896693560461
460 0.8862767007153897
Train R2 - DI: 0.077
Val R2 - DI: 0.096
Test R2 - DI: 0.012
461 0.8907837336311022
462 0.8918234146029954
463 0.8928217230600511
464 0.8801919270682461
465 0.8866498266050904
466 0.8840152977134713
467 0.8890448634691361
468 0.8842362772794815
469 0.8860261410452183
470 0.8850800026719365
Train R2 - DI: 0.087
Val R2 - DI: 0.101
Test R2 - DI: 0.022
471 0.8849212727463543
472 0.8856528569027002
473 0.8882836126711804
474 0.8875534276875516
475 0.8840393043992373
476 0.8807212570745715
477 0.8871142508135862
478 0.8829025511401815
479 0.8768560653206433
480 0.881717759791064
Train R2 - DI: 0.067
Val R2 - DI: 0.088
Test R2 - DI: 0.008
481 0.8791560194002488
482 0.8887549944679515
483 0.8788607444520969
484 0.883011299882358
485 0.8739454085579237
486 0.8752010917464741
487 0.8737282903470985
488 0.8816189179373475
489 0.8794569769440681
490 0.8748630520247256
Train R2 - DI: 0.089
Val R2 - DI: 0.101
Test R2 - DI: 0.026
491 0.8787194004648106
492 0.8754894883909218
493 0.8837240285454057
494 0.8817756979911955
495 0.877916191634669
496 0.8713617046463209
497 0.8626927426586195
498 0.8713402881416251
499 0.8721124343206884
500 0.8709174851471045
Train R2 - DI: 0.097
Val R2 - DI: 0.105
Test R2 - DI: 0.034
501 0.8737871726414216
502 0.8780808634971289
503 0.8702742909734407
504 0.8749213549474408
505 0.8691999538094822
506 0.8728036585859136
507 0.8681315009660844
508 0.8747817627673261
509 0.868329256095156
510 0.8646284836634621
Train R2 - DI: 0.098
Val R2 - DI: 0.105
Test R2 - DI: 0.028
511 0.866503544564135
512 0.8609418232301765
513 0.8724741509143289
514 0.866450912261931
515 0.8733166664093168
516 0.8629370825682923
517 0.8642709834093032
518 0.8632770098909635
519 0.8656231026201198
520 0.8656787332302698
Train R2 - DI: 0.108
Val R2 - DI: 0.110
Test R2 - DI: 0.034
521 0.8691214642983842
522 0.85733803788128
523 0.8630086853252928
524 0.8566232867273442
525 0.8571192838189455
526 0.8574151691837325
527 0.8563950125966857
528 0.8552239508317943
529 0.8514172004604991
530 0.8517498907670548
Train R2 - DI: 0.130
Val R2 - DI: 0.122
Test R2 - DI: 0.060
531 0.8602177462765808
532 0.8631606270545716
533 0.850760885515025
534 0.8575443728481665
535 0.8535691192423059
536 0.851668885772747
537 0.8527629687263715
538 0.8472932974346846
539 0.8543125473250938
540 0.8571473514608943
Train R2 - DI: 0.107
Val R2 - DI: 0.107
Test R2 - DI: 0.029
541 0.8568332385528802
542 0.8529094643806128
543 0.8495790426526855
544 0.8521047952140797
545 0.8478861531133992
546 0.8467226759152849
547 0.8531911763573705
548 0.8544456765360684
549 0.8418369481878085
550 0.8456034625995512
Train R2 - DI: 0.126
Val R2 - DI: 0.117
Test R2 - DI: 0.050
551 0.8523718432733016
552 0.8447432656284531
553 0.8426279697208535
554 0.8467485149580931
555 0.8475413729604037
556 0.8413449275484584
557 0.8443400679527584
558 0.8459968485101956
559 0.8435940317713555
560 0.8387619289509539
Train R2 - DI: 0.138
Val R2 - DI: 0.123
Test R2 - DI: 0.060
561 0.8368671674272886
562 0.8350721242935754
563 0.8466411372583142
564 0.8368004489071538
565 0.8425793987137518
566 0.8392640520805116
567 0.8393310421881484
568 0.8411324650071804
569 0.8358983451259054
570 0.8386190320344654
Train R2 - DI: 0.147
Val R2 - DI: 0.127
Test R2 - DI: 0.075
571 0.8384735493880496
572 0.8412158382580622
573 0.8441925259862008
574 0.8330971053190716
575 0.8268331414917548
576 0.8360454209199721
577 0.8355554175069605
578 0.831626102633328
579 0.8348938158915927
580 0.8351230077710994
Train R2 - DI: 0.144
Val R2 - DI: 0.125
Test R2 - DI: 0.059
581 0.8291415143320288
582 0.8274476582394846
583 0.8300278759798017
584 0.8268009932136969
585 0.8258719470484678
586 0.8284414837177817
587 0.8222453310419159
588 0.8237595046623988
589 0.8230832521891938
590 0.8320655154404629
Train R2 - DI: 0.125
Val R2 - DI: 0.111
Test R2 - DI: 0.027
591 0.8221397545411787
592 0.8254390404114134
593 0.8149863950134317
594 0.820421858887676
595 0.8261507851233348
596 0.8257013696716806
597 0.8215812098311149
598 0.8265748105779391
599 0.8244421644767547
600 0.8150828473490237
Train R2 - DI: 0.175
Val R2 - DI: 0.137
Test R2 - DI: 0.105
601 0.8232375592151494
602 0.8100866283585937
603 0.82219080368256
604 0.8181852311957868
605 0.8186381823009754
606 0.8219640733076823
607 0.8224305479792232
608 0.8117546610438164
609 0.8195505512763913
610 0.817862661748876
Train R2 - DI: 0.170
Val R2 - DI: 0.133
Test R2 - DI: 0.077
611 0.8106905585712696
612 0.8162196575917468
613 0.8140360368210949
614 0.8086637573950756
615 0.8110547091944639
616 0.8068301180621907
617 0.8043249180770625
618 0.815249595839115
619 0.818375914498113
620 0.8080701427626014
Train R2 - DI: 0.189
Val R2 - DI: 0.142
Test R2 - DI: 0.101
621 0.8013655247337624
622 0.8125031222621087
623 0.8142616302791738
624 0.8070286125554742
625 0.806568670896439
626 0.8076939179736434
627 0.8139692761393729
628 0.806930010521204
629 0.8101345839330516
630 0.8048756177268126
Train R2 - DI: 0.193
Val R2 - DI: 0.143
Test R2 - DI: 0.096
631 0.8043784033718934
632 0.8031776478292365
633 0.8053318132858913
634 0.801166172502979
635 0.7986968727252807
636 0.796787506165696
637 0.7970323373279037
638 0.7987687113702614
639 0.8044902464040217
640 0.7933022552498188
Train R2 - DI: 0.175
Val R2 - DI: 0.128
Test R2 - DI: 0.067
641 0.79692978584197
642 0.8005849768077903
643 0.7985299229169994
644 0.8061433648231627
645 0.7995786668225795
646 0.804271334269627
647 0.7967032336935661
648 0.8108627369586404
649 0.8011836775149966
650 0.7876715287735645
Train R2 - DI: 0.212
Val R2 - DI: 0.142
Test R2 - DI: 0.128
651 0.7993269720431798
652 0.7947191492547765
653 0.7905558189539588
654 0.7956430423521833
655 0.7957144003641072
656 0.7977882613730847
657 0.788461485602261
658 0.7895878004792787
659 0.7847071801106797
660 0.7933814789283629
Train R2 - DI: 0.176
Val R2 - DI: 0.121
Test R2 - DI: 0.075
661 0.7891460121626923
662 0.7871560280389909
663 0.7872479259289965
664 0.7864396662491574
665 0.7859275196428277
666 0.7918068014192617
667 0.783375040250262
668 0.7800406153858205
669 0.7787585467710199
670 0.7873308820377434
Train R2 - DI: 0.203
Val R2 - DI: 0.135
Test R2 - DI: 0.095
671 0.7854327085435707
672 0.780902950306387
673 0.7841894650115852
674 0.7785697174036115
675 0.7778887703980886
676 0.7868630698090525
677 0.7822877822995999
678 0.7790262291971891
679 0.7754476121919819
680 0.7844192791021258
Train R2 - DI: 0.199
Val R2 - DI: 0.128
Test R2 - DI: 0.079
681 0.7792720657980198
682 0.777543949936266
683 0.7785570932844537
684 0.7748074112198767
685 0.7733979562270632
686 0.7710581199972805
687 0.7643859538280033
688 0.7720579776554238
689 0.7705709363494162
690 0.7754898832276339
Train R2 - DI: 0.188
Val R2 - DI: 0.117
Test R2 - DI: 0.055
691 0.7672923453112639
692 0.769931002084372
693 0.7746291536558207
694 0.7625027681680409
695 0.7673829448232152
696 0.7599738660050306
697 0.7643072899767085
698 0.7633370050342811
699 0.7636160665700795
700 0.7620976479601191
Train R2 - DI: 0.259
Val R2 - DI: 0.140
Test R2 - DI: 0.144
701 0.7674270587676036
702 0.7642648689578753
703 0.759431458585998
704 0.7571921090315109
705 0.758230562256176
706 0.7627779520127338
707 0.7570580853215667
708 0.7638843381739278
709 0.7522959404591812
710 0.761300126786843
Train R2 - DI: 0.213
Val R2 - DI: 0.118
Test R2 - DI: 0.044
711 0.7462480684136513
712 0.747577842254364
713 0.7554545169802124
714 0.7527436678205321
715 0.7492597124357853
716 0.7584413159878711
717 0.7401927884913828
718 0.7492861940247982
719 0.7373649101080182
720 0.7447745058010526
Train R2 - DI: 0.266
Val R2 - DI: 0.134
Test R2 - DI: 0.119
721 0.7379556404450701
722 0.7429472076070408
723 0.7332025473998115
724 0.7440383690744752
725 0.7318453259590993
726 0.7426831419943317
727 0.7418015168597067
728 0.7323488694777355
729 0.7395344743952776
730 0.7285432788890089
Train R2 - DI: 0.231
Val R2 - DI: 0.107
Test R2 - DI: 0.038
731 0.7339582305861929
732 0.7191611532011748
733 0.7249151307629129
734 0.7234646112201248
735 0.7339532881455497
736 0.7273463491601778
737 0.7192180883803089
738 0.7257810741143302
739 0.7260128635181632
740 0.7162637365777172
Train R2 - DI: 0.243
Val R2 - DI: 0.097
Test R2 - DI: 0.033
741 0.7166892719865298
742 0.7223507794039642
743 0.7185942760419448
744 0.7223342995556852
745 0.7060490159305142
746 0.7047282729391079
747 0.7135507717920669
748 0.7112607870976793
749 0.7126251081791315
750 0.7168897572026459
Train R2 - DI: 0.321
Val R2 - DI: 0.117
Test R2 - DI: 0.149
751 0.7166172465743035
752 0.7038625144795815
753 0.7086675969645144
754 0.7006025214462772
755 0.7055946121259202
756 0.690057562010319
757 0.7036246684936974
758 0.7006205830093222
759 0.6982316730418289
760 0.7030363317192098
Train R2 - DI: 0.274
Val R2 - DI: 0.095
Test R2 - DI: 0.026
761 0.6954411975898194
762 0.6860103307120994
763 0.6900624794612968
764 0.6958279794956176
765 0.6868497346548351
766 0.6883016974298768
767 0.6951973237622588
768 0.6843265923611407
769 0.6768924088709457
770 0.6871831865361281
Train R2 - DI: 0.333
Val R2 - DI: 0.119
Test R2 - DI: 0.110
771 0.6698886178676787
772 0.6830096200978422
773 0.6734942033762639
774 0.6830515086967174
775 0.6724780117633941
776 0.6766942714180704
777 0.6729155889598595
778 0.6868676942257017
779 0.6680008487054305
780 0.6727694961679442
Train R2 - DI: 0.317
Val R2 - DI: 0.096
Test R2 - DI: 0.048
781 0.664041496073323
782 0.6696078878537193
783 0.6726302497309207
784 0.6570642839515634
785 0.6705205839542479
786 0.6467248308016912
787 0.6547176801769728
788 0.6661724171871666
789 0.6519647840074376
790 0.654618903486181
Train R2 - DI: 0.399
Val R2 - DI: 0.093
Test R2 - DI: 0.146
791 0.6401274344340881
792 0.6601738478759638
793 0.6609252378107292
794 0.6533096989869529
795 0.6464252198528755
796 0.6606622112800534
797 0.6552900607564216
798 0.6468356497998126
799 0.6360696183180068
800 0.6456548657898111
Train R2 - DI: 0.271
Val R2 - DI: 0.046
Test R2 - DI: -0.081
0.14328292452352953
Test R2 - DI: -0.081
Test R2 - DI: 0.096

------------------------------------------------------------
Sender: LSF System <lsfadmin@hpc.dtu.dk>
Subject: Job 14794933: <testjob> in cluster <dcc> Done

Job <testjob> was submitted from host <n-62-30-5> by user <s174503> in cluster <dcc> at Thu Nov 17 18:36:06 2022
Job was executed on host(s) <n-62-20-7>, in queue <gpuv100>, as user <s174503> in cluster <dcc> at Fri Nov 18 00:57:34 2022
</zhome/fd/6/127382> was used as the home directory.
</zhome/fd/6/127382/Desktop/MasterThesis/Master-thesis> was used as the working directory.
Started at Fri Nov 18 00:57:34 2022
Terminated at Fri Nov 18 13:43:29 2022
Results reported at Fri Nov 18 13:43:29 2022

Your job looked like:

------------------------------------------------------------
# LSBATCH: User input
#!/bin/sh
#BSUB -q gpuv100
#BSUB -J testjob
#BSUB -n 1
#BSUB -gpu "num=1:mode=exclusive_process"
#BSUB -W 18:00
#BSUB -R "rusage[mem=5GB]"
#BSUB -o outputs/gpu_%J.out
#BSUB -e outputs/errors/gpu_%J.err

nvidia-smi
module load cuda/11.6

/appl/cuda/11.6.0/samples/bin/x86_64/linux/release/deviceQuery

source $HOME/miniconda3/bin/activate
source venv_1/bin/activate

python3 main.py Deep_google 128 1e-6 1 800 2_4_adam_10wd1 7 adam
python3 main.py Deep_google 128 1e-6 10 800 2_4_adam_10wd10 7 adam
python3 main.py Deep_google 128 1e-6 20 800 2_4_adam_10wd20 7 adam

------------------------------------------------------------

Successfully completed.

Resource usage summary:

    CPU time :                                   38410.95 sec.
    Max Memory :                                 2289 MB
    Average Memory :                             2227.65 MB
    Total Requested Memory :                     5120.00 MB
    Delta Memory :                               2831.00 MB
    Max Swap :                                   -
    Max Processes :                              4
    Max Threads :                                8
    Run time :                                   45960 sec.
    Turnaround time :                            68843 sec.

The output (if any) is above this job summary.



PS:

Read file <outputs/errors/gpu_14794933.err> for stderr output of this job.

