Tue Nov  8 15:44:05 2022       
+-----------------------------------------------------------------------------+
| NVIDIA-SMI 515.65.01    Driver Version: 515.65.01    CUDA Version: 11.7     |
|-------------------------------+----------------------+----------------------+
| GPU  Name        Persistence-M| Bus-Id        Disp.A | Volatile Uncorr. ECC |
| Fan  Temp  Perf  Pwr:Usage/Cap|         Memory-Usage | GPU-Util  Compute M. |
|                               |                      |               MIG M. |
|===============================+======================+======================|
|   0  Tesla V100-SXM2...  On   | 00000000:16:00.0 Off |                    0 |
| N/A   36C    P0    43W / 300W |      0MiB / 32768MiB |      0%   E. Process |
|                               |                      |                  N/A |
+-------------------------------+----------------------+----------------------+
                                                                               
+-----------------------------------------------------------------------------+
| Processes:                                                                  |
|  GPU   GI   CI        PID   Type   Process name                  GPU Memory |
|        ID   ID                                                   Usage      |
|=============================================================================|
|  No running processes found                                                 |
+-----------------------------------------------------------------------------+
/appl/cuda/11.6.0/samples/bin/x86_64/linux/release/deviceQuery Starting...

 CUDA Device Query (Runtime API) version (CUDART static linking)

Detected 1 CUDA Capable device(s)

Device 0: "Tesla V100-SXM2-32GB"
  CUDA Driver Version / Runtime Version          11.7 / 11.6
  CUDA Capability Major/Minor version number:    7.0
  Total amount of global memory:                 32511 MBytes (34089926656 bytes)
  (080) Multiprocessors, (064) CUDA Cores/MP:    5120 CUDA Cores
  GPU Max Clock rate:                            1530 MHz (1.53 GHz)
  Memory Clock rate:                             877 Mhz
  Memory Bus Width:                              4096-bit
  L2 Cache Size:                                 6291456 bytes
  Maximum Texture Dimension Size (x,y,z)         1D=(131072), 2D=(131072, 65536), 3D=(16384, 16384, 16384)
  Maximum Layered 1D Texture Size, (num) layers  1D=(32768), 2048 layers
  Maximum Layered 2D Texture Size, (num) layers  2D=(32768, 32768), 2048 layers
  Total amount of constant memory:               65536 bytes
  Total amount of shared memory per block:       49152 bytes
  Total shared memory per multiprocessor:        98304 bytes
  Total number of registers available per block: 65536
  Warp size:                                     32
  Maximum number of threads per multiprocessor:  2048
  Maximum number of threads per block:           1024
  Max dimension size of a thread block (x,y,z): (1024, 1024, 64)
  Max dimension size of a grid size    (x,y,z): (2147483647, 65535, 65535)
  Maximum memory pitch:                          2147483647 bytes
  Texture alignment:                             512 bytes
  Concurrent copy and kernel execution:          Yes with 5 copy engine(s)
  Run time limit on kernels:                     No
  Integrated GPU sharing Host Memory:            No
  Support host page-locked memory mapping:       Yes
  Alignment requirement for Surfaces:            Yes
  Device has ECC support:                        Enabled
  Device supports Unified Addressing (UVA):      Yes
  Device supports Managed Memory:                Yes
  Device supports Compute Preemption:            Yes
  Supports Cooperative Kernel Launch:            Yes
  Supports MultiDevice Co-op Kernel Launch:      Yes
  Device PCI Domain ID / Bus ID / location ID:   0 / 22 / 0
  Compute Mode:
     < Exclusive Process (many threads in one process is able to use ::cudaSetDevice() with this device) >

deviceQuery, CUDA Driver = CUDART, CUDA Driver Version = 11.7, CUDA Runtime Version = 11.6, NumDevs = 1
Result = PASS
Deep_google
batch_size =  128 lr =  1e-06 wd =  10.0
5276 1164 1140
cuda:0
1 3.117855262358682
2 2.8718342285792513
3 2.6843181722899834
4 2.560850462830365
5 2.4222052240118646
6 2.3221802874168183
7 2.23027715545608
8 2.1596178387583342
9 2.086313763922864
10 2.0263360837266875
Train R2 - DI: -1.052
Val R2 - DI: -0.743
Test R2 - DI: -0.754
11 1.9531772557852212
12 1.9195047964915983
13 1.8547186052555202
14 1.8149408083959815
15 1.7838210440025446
16 1.7697303694608628
17 1.7136317953365694
18 1.672794175157048
19 1.6433976286735563
20 1.6107479945740255
Train R2 - DI: -0.616
Val R2 - DI: -0.419
Test R2 - DI: -0.442
21 1.6051806682343732
22 1.5773173938473577
23 1.5452218957702892
24 1.5088158904647537
25 1.4848115154068249
26 1.4653801585436772
27 1.4362117339481992
28 1.4228183210935441
29 1.403536758791596
30 1.3861518413212555
Train R2 - DI: -0.410
Val R2 - DI: -0.251
Test R2 - DI: -0.308
31 1.3808975273953685
32 1.3514696539035793
33 1.3420934283073604
34 1.3192934027397787
35 1.312719824008638
36 1.3063550957953776
37 1.2725696560105562
38 1.261034413934929
39 1.263420630034576
40 1.234124047138006
Train R2 - DI: -0.257
Val R2 - DI: -0.139
Test R2 - DI: -0.199
41 1.2322256976316335
42 1.2157676408831326
43 1.2084206080147495
44 1.1988120309505794
45 1.1987402811928893
46 1.1938963079199454
47 1.157864883011087
48 1.1733418929477457
49 1.1564773441355187
50 1.1546585100270113
Train R2 - DI: -0.162
Val R2 - DI: -0.067
Test R2 - DI: -0.130
51 1.1242560801224062
52 1.1245492415684837
53 1.1068631713818744
54 1.10894718949229
55 1.1051221247239942
56 1.09192921159121
57 1.0853639971224804
58 1.075178151965774
59 1.0765019532312852
60 1.0806726750503262
Train R2 - DI: -0.097
Val R2 - DI: -0.019
Test R2 - DI: -0.082
61 1.081513930939652
62 1.065594654086867
63 1.0313842203510448
64 1.055973328181159
65 1.0383938712726677
66 1.0374742923495082
67 1.0278694723662867
68 1.0295203942254785
69 1.0089913953245364
70 1.0127508102537015
Train R2 - DI: -0.028
Val R2 - DI: 0.017
Test R2 - DI: -0.024
71 1.0117459399307922
72 1.0040654328124283
73 0.9966812085888438
74 1.001443415089391
75 0.9876439050800245
76 0.9885175596863325
77 0.9978724975672701
78 0.9847712623883234
79 0.9800609394489951
80 0.9919930207087652
Train R2 - DI: -0.008
Val R2 - DI: 0.045
Test R2 - DI: -0.014
81 0.9748321273184075
82 0.9887060708761034
83 0.9668534704010264
84 0.9572677197467205
85 0.9581573956206136
86 0.9549263167146302
87 0.9605743535275347
88 0.9554811665015839
89 0.9583035094707278
90 0.9401740147093194
Train R2 - DI: 0.026
Val R2 - DI: 0.065
Test R2 - DI: 0.011
91 0.9429398186736436
92 0.9355182173669655
93 0.9397574056722252
94 0.928504824683556
95 0.9359850287437439
96 0.9353204109254798
97 0.9315179034649558
98 0.9224993199268193
99 0.9238639519556261
100 0.9205856541958246
Train R2 - DI: 0.080
Val R2 - DI: 0.095
Test R2 - DI: 0.059
101 0.9266194433222402
102 0.9116262850931325
103 0.9137785712185007
104 0.9092606983915072
105 0.9041914719356742
106 0.9026702976841381
107 0.9020323946315109
108 0.9055446694076197
109 0.8926753446493663
110 0.8918387520213846
Train R2 - DI: 0.092
Val R2 - DI: 0.106
Test R2 - DI: 0.068
111 0.8925962154389874
112 0.8980153554131173
113 0.8928333127742649
114 0.8800963132647152
115 0.8888835005908413
116 0.8859538591387057
117 0.8739822854861967
118 0.885457640258176
119 0.8745292872077502
120 0.8779208878841791
Train R2 - DI: 0.099
Val R2 - DI: 0.110
Test R2 - DI: 0.071
121 0.8784681961697282
122 0.8770478911432378
123 0.8779706388282631
124 0.8765171377201528
125 0.8753191181165508
126 0.8619887566729149
127 0.8723417455902418
128 0.8759188685930526
129 0.8641485899031569
130 0.8664462199438875
Train R2 - DI: 0.110
Val R2 - DI: 0.119
Test R2 - DI: 0.081
131 0.8584720965494614
132 0.8652828013110649
133 0.8733886692720981
134 0.8668655172905477
135 0.8710810249732063
136 0.8637577215770232
137 0.8617522611683115
138 0.863408916596665
139 0.8518831582120009
140 0.8511939743778035
Train R2 - DI: 0.106
Val R2 - DI: 0.124
Test R2 - DI: 0.071
141 0.8559508372473843
142 0.8543133523719071
143 0.8583645066408789
144 0.8504657343176841
145 0.8484477345196925
146 0.8351405605933628
147 0.8478152544955759
148 0.8421388325861134
149 0.8411163037884317
150 0.8425016059307912
Train R2 - DI: 0.140
Val R2 - DI: 0.138
Test R2 - DI: 0.106
151 0.8431757631131969
152 0.8426127374127022
153 0.8377502596541008
154 0.8306974433786133
155 0.8365689868543797
156 0.8341477535004143
157 0.8298337393587878
158 0.8323298453200125
159 0.8329744029894663
160 0.8359980710624655
Train R2 - DI: 0.152
Val R2 - DI: 0.142
Test R2 - DI: 0.117
161 0.8283560584222304
162 0.8379769250694055
163 0.8218811872874904
164 0.8208514630930093
165 0.8207926531467047
166 0.8308532143109129
167 0.8233951273246458
168 0.8203116411327683
169 0.819863710826414
170 0.814437662091013
Train R2 - DI: 0.162
Val R2 - DI: 0.148
Test R2 - DI: 0.130
171 0.8168398378200835
172 0.822994972423137
173 0.824440442991582
174 0.8206436456469897
175 0.8194808456552489
176 0.8111486920721157
177 0.8191329649309935
178 0.8124613956215708
179 0.8169565298414483
180 0.8064232328970202
Train R2 - DI: 0.174
Val R2 - DI: 0.149
Test R2 - DI: 0.142
181 0.8049162870288528
182 0.8138442395129287
183 0.8164448509440447
184 0.8169102282845856
185 0.8129086377857488
186 0.8117043944449928
187 0.8045819578431067
188 0.8055347541772208
189 0.800757089060667
190 0.8015917386856831
Train R2 - DI: 0.176
Val R2 - DI: 0.150
Test R2 - DI: 0.142
191 0.8075226970564876
192 0.8097249318289883
193 0.8060121138589322
194 0.805419676226138
195 0.8046904639641023
196 0.8047231944606917
197 0.8059381932991757
198 0.8000887617457536
199 0.8018454426929208
200 0.7989264338011087
Train R2 - DI: 0.179
Val R2 - DI: 0.158
Test R2 - DI: 0.147
0.15785376854540822
Test R2 - DI: 0.147
Test R2 - DI: 0.147
Deep_google
batch_size =  128 lr =  1e-06 wd =  10.0
5580 1000 1000
cuda:0
1 3.7457360259093693
2 3.3426325659598075
3 3.071450569809124
4 2.8798960930130386
5 2.7164174900260023
6 2.5809163238839865
7 2.4642650793957452
8 2.372400631101328
9 2.2782347219391963
10 2.211282618498717
Train R2 - DI: -1.034
Val R2 - DI: -0.885
Test R2 - DI: -0.973
11 2.125134773664577
12 2.079044961416593
13 2.0228596014788502
14 1.955184633330205
15 1.9122143687313176
16 1.87290626144751
17 1.8451284051368742
18 1.7855886308095787
19 1.764658151134368
20 1.7280450365449365
Train R2 - DI: -0.582
Val R2 - DI: -0.465
Test R2 - DI: -0.534
21 1.7113074964092623
22 1.6531482834969797
23 1.630750074523324
24 1.6273227707886782
25 1.6070953840850501
26 1.5708064822740453
27 1.547790016495626
28 1.5054366071591667
29 1.4961633739505618
30 1.4827062006065068
Train R2 - DI: -0.363
Val R2 - DI: -0.264
Test R2 - DI: -0.324
31 1.4549791258295803
32 1.4398576005812613
33 1.4224800122681485
34 1.4150719728948395
35 1.403451168921686
36 1.3707618473251233
37 1.368530756940124
38 1.3589094897752168
39 1.3311606184556066
40 1.331925263712483
Train R2 - DI: -0.221
Val R2 - DI: -0.137
Test R2 - DI: -0.188
41 1.3061379891569895
42 1.3118926296097404
43 1.284042294991059
44 1.2769477377655685
45 1.2806904105729955
46 1.262823621004713
47 1.2556073738255382
48 1.2488920963793246
49 1.245838487020103
50 1.220158968433257
Train R2 - DI: -0.122
Val R2 - DI: -0.046
Test R2 - DI: -0.095
51 1.2268728523271486
52 1.205905699302646
53 1.19796721584908
54 1.19561358510807
55 1.1766608891948578
56 1.172421609329921
57 1.171343050208143
58 1.1657158861878099
59 1.1641785287515236
60 1.1500529764800944
Train R2 - DI: -0.060
Val R2 - DI: 0.010
Test R2 - DI: -0.037
61 1.1522230166260914
62 1.1515114364658205
63 1.142184088136133
64 1.1193959694182147
65 1.118955955283189
66 1.1089924665762105
67 1.1298589572257038
68 1.1074493044166154
69 1.1106978936007372
70 1.1028493550943217
Train R2 - DI: -0.010
Val R2 - DI: 0.055
Test R2 - DI: 0.010
71 1.0863514070442502
72 1.09102397605937
73 1.093567865424686
74 1.093249179385469
75 1.0732853011845689
76 1.0733461647478055
77 1.0718787718844671
78 1.0690585525232403
79 1.0708067234271743
80 1.0671275370009912
Train R2 - DI: 0.029
Val R2 - DI: 0.090
Test R2 - DI: 0.046
81 1.0503462835024762
82 1.0553367573727843
83 1.050598511388225
84 1.0431718117874582
85 1.042708172422156
86 1.0432240448544956
87 1.0369785847202424
88 1.0394054467532796
89 1.0314474493799244
90 1.026464196858013
Train R2 - DI: 0.062
Val R2 - DI: 0.119
Test R2 - DI: 0.078
91 1.0247316002845763
92 1.0148467163885793
93 1.01697301189532
94 1.0102236779359934
95 1.008466816033941
96 0.993832319996263
97 1.0080557013497986
98 1.0058410906022595
99 0.9966856491608431
100 0.9915166463475928
Train R2 - DI: 0.090
Val R2 - DI: 0.143
Test R2 - DI: 0.102
101 0.9902053353179741
102 0.9895891140011477
103 0.9809353110610798
104 0.9825975682573079
105 0.9816660665696667
106 0.979600998150405
107 0.9750504328785832
108 0.9710616489892365
109 0.963757148053911
110 0.9604279399345426
Train R2 - DI: 0.112
Val R2 - DI: 0.164
Test R2 - DI: 0.123
111 0.9695261789051862
112 0.9619975392536451
113 0.9636489244344841
114 0.9698725970415232
115 0.9619359411219115
116 0.9501321965221009
117 0.9442409505126297
118 0.9430441590192925
119 0.9576364136938553
120 0.9463550342026578
Train R2 - DI: 0.121
Val R2 - DI: 0.173
Test R2 - DI: 0.130
121 0.947768249733901
122 0.9359955726131316
123 0.9436654119935941
124 0.9385106102112801
125 0.9385901862147888
126 0.9236131330972077
127 0.9367155460046611
128 0.9330124138503946
129 0.93542734589628
130 0.9288731391284628
Train R2 - DI: 0.140
Val R2 - DI: 0.188
Test R2 - DI: 0.146
131 0.9257355761784379
132 0.9237435675863724
133 0.9352361249667343
134 0.9261597099270017
135 0.9235164240696951
136 0.9266564564038349
137 0.9195774433006095
138 0.9273691951160362
139 0.9155080776488055
140 0.91927266710548
Train R2 - DI: 0.150
Val R2 - DI: 0.196
Test R2 - DI: 0.155
141 0.9184018622162522
142 0.9193163175309431
143 0.9164731730269702
144 0.9131310697097504
145 0.910873697650048
146 0.9116093841932154
147 0.9096803422469819
148 0.9092933407821109
149 0.9009804812383481
150 0.9053102467649726
Train R2 - DI: 0.154
Val R2 - DI: 0.199
Test R2 - DI: 0.159
151 0.9115067215803276
152 0.9027245749709427
153 0.9026123802721714
154 0.9014126792603496
155 0.9008696554382215
156 0.9067993394790157
157 0.8999670376914376
158 0.8996485123497611
159 0.8941849593620573
160 0.8949382054335755
Train R2 - DI: 0.174
Val R2 - DI: 0.215
Test R2 - DI: 0.177
161 0.9036668180992099
162 0.8915279013281655
163 0.8915757320687763
164 0.8924744277872065
165 0.8983091276179078
166 0.8897557265869606
167 0.8792873398377477
168 0.8891534050732958
169 0.8874749478473458
170 0.8856406303716817
Train R2 - DI: 0.174
Val R2 - DI: 0.215
Test R2 - DI: 0.177
171 0.8816259806728705
172 0.8832583072792245
173 0.8870329114698594
174 0.8888259626631241
175 0.8848309384879246
176 0.879344518552117
177 0.8787091809788913
178 0.8836991516919973
179 0.8829303416299991
180 0.8781322919339689
Train R2 - DI: 0.169
Val R2 - DI: 0.210
Test R2 - DI: 0.174
181 0.881104090094139
182 0.8834886967494924
183 0.8834165293256014
184 0.8725054728087559
185 0.8777912020683288
186 0.8756616296734007
187 0.879704226302417
188 0.87852345115395
189 0.8746192632610226
190 0.8781933756284817
Train R2 - DI: 0.181
Val R2 - DI: 0.220
Test R2 - DI: 0.184
191 0.874264696507471
192 0.8698141724832597
193 0.8780681408861633
194 0.8753557201782007
195 0.8777627374963521
196 0.8670579166822536
197 0.8722377146871286
198 0.8645757028278911
199 0.8672694114801277
200 0.872222206541287
Train R2 - DI: 0.189
Val R2 - DI: 0.226
Test R2 - DI: 0.191
0.2259136189533013
Test R2 - DI: 0.191
Test R2 - DI: 0.191
CNN_simple
batch_size =  128 lr =  1e-06 wd =  10.0
5276 1164 1140

------------------------------------------------------------
Sender: LSF System <lsfadmin@hpc.dtu.dk>
Subject: Job 14693619: <testjob> in cluster <dcc> Exited

Job <testjob> was submitted from host <n-62-27-20> by user <s174503> in cluster <dcc> at Tue Nov  8 15:44:01 2022
Job was executed on host(s) <n-62-20-10>, in queue <gpuv100>, as user <s174503> in cluster <dcc> at Tue Nov  8 15:44:04 2022
</zhome/fd/6/127382> was used as the home directory.
</zhome/fd/6/127382/Desktop/MasterThesis/Master-thesis> was used as the working directory.
Started at Tue Nov  8 15:44:04 2022
Terminated at Tue Nov  8 17:49:07 2022
Results reported at Tue Nov  8 17:49:07 2022

Your job looked like:

------------------------------------------------------------
# LSBATCH: User input
#!/bin/sh
#BSUB -q gpuv100
#BSUB -J testjob
#BSUB -n 1
#BSUB -gpu "num=1:mode=exclusive_process"
#BSUB -W 05:00
#BSUB -R "rusage[mem=5GB]"
#BSUB -o outputs/gpu_%J.out
#BSUB -e outputs/errors/gpu_%J.err

nvidia-smi
module load cuda/11.6

/appl/cuda/11.6.0/samples/bin/x86_64/linux/release/deviceQuery

source $HOME/miniconda3/bin/activate
source venv_1/bin/activate

python3 main.py Deep_google 128 1e-6 10 200 2_4 7
python3 main.py Deep_google 128 1e-6 10 200 shuffle 99
python3 main.py CNN_simple 128 1e-6 10 100 2_4 7
------------------------------------------------------------

Exited with exit code 1.

Resource usage summary:

    CPU time :                                   6249.26 sec.
    Max Memory :                                 2240 MB
    Average Memory :                             2186.57 MB
    Total Requested Memory :                     5120.00 MB
    Delta Memory :                               2880.00 MB
    Max Swap :                                   -
    Max Processes :                              4
    Max Threads :                                8
    Run time :                                   7504 sec.
    Turnaround time :                            7506 sec.

The output (if any) is above this job summary.



PS:

Read file <outputs/errors/gpu_14693619.err> for stderr output of this job.

