Fri Nov 18 22:03:31 2022       
+-----------------------------------------------------------------------------+
| NVIDIA-SMI 520.61.05    Driver Version: 520.61.05    CUDA Version: 11.8     |
|-------------------------------+----------------------+----------------------+
| GPU  Name        Persistence-M| Bus-Id        Disp.A | Volatile Uncorr. ECC |
| Fan  Temp  Perf  Pwr:Usage/Cap|         Memory-Usage | GPU-Util  Compute M. |
|                               |                      |               MIG M. |
|===============================+======================+======================|
|   0  Tesla V100-PCIE...  On   | 00000000:AF:00.0 Off |                    0 |
| N/A   29C    P0    24W / 250W |      0MiB / 16384MiB |      0%   E. Process |
|                               |                      |                  N/A |
+-------------------------------+----------------------+----------------------+
                                                                               
+-----------------------------------------------------------------------------+
| Processes:                                                                  |
|  GPU   GI   CI        PID   Type   Process name                  GPU Memory |
|        ID   ID                                                   Usage      |
|=============================================================================|
|  No running processes found                                                 |
+-----------------------------------------------------------------------------+
/appl/cuda/11.6.0/samples/bin/x86_64/linux/release/deviceQuery Starting...

 CUDA Device Query (Runtime API) version (CUDART static linking)

Detected 1 CUDA Capable device(s)

Device 0: "Tesla V100-PCIE-16GB"
  CUDA Driver Version / Runtime Version          11.8 / 11.6
  CUDA Capability Major/Minor version number:    7.0
  Total amount of global memory:                 16161 MBytes (16945709056 bytes)
  (080) Multiprocessors, (064) CUDA Cores/MP:    5120 CUDA Cores
  GPU Max Clock rate:                            1380 MHz (1.38 GHz)
  Memory Clock rate:                             877 Mhz
  Memory Bus Width:                              4096-bit
  L2 Cache Size:                                 6291456 bytes
  Maximum Texture Dimension Size (x,y,z)         1D=(131072), 2D=(131072, 65536), 3D=(16384, 16384, 16384)
  Maximum Layered 1D Texture Size, (num) layers  1D=(32768), 2048 layers
  Maximum Layered 2D Texture Size, (num) layers  2D=(32768, 32768), 2048 layers
  Total amount of constant memory:               65536 bytes
  Total amount of shared memory per block:       49152 bytes
  Total shared memory per multiprocessor:        98304 bytes
  Total number of registers available per block: 65536
  Warp size:                                     32
  Maximum number of threads per multiprocessor:  2048
  Maximum number of threads per block:           1024
  Max dimension size of a thread block (x,y,z): (1024, 1024, 64)
  Max dimension size of a grid size    (x,y,z): (2147483647, 65535, 65535)
  Maximum memory pitch:                          2147483647 bytes
  Texture alignment:                             512 bytes
  Concurrent copy and kernel execution:          Yes with 7 copy engine(s)
  Run time limit on kernels:                     No
  Integrated GPU sharing Host Memory:            No
  Support host page-locked memory mapping:       Yes
  Alignment requirement for Surfaces:            Yes
  Device has ECC support:                        Enabled
  Device supports Unified Addressing (UVA):      Yes
  Device supports Managed Memory:                Yes
  Device supports Compute Preemption:            Yes
  Supports Cooperative Kernel Launch:            Yes
  Supports MultiDevice Co-op Kernel Launch:      Yes
  Device PCI Domain ID / Bus ID / location ID:   0 / 175 / 0
  Compute Mode:
     < Exclusive Process (many threads in one process is able to use ::cudaSetDevice() with this device) >

deviceQuery, CUDA Driver = CUDART, CUDA Driver Version = 11.8, CUDA Runtime Version = 11.6, NumDevs = 1
Result = PASS
Deep_google_real
batch_size =  128 lr =  1e-06 wd =  0.1
1520 317 303
cuda:0
Using SGD
1 3.6122165228191174
2 3.391299149864598
3 3.183882196326005
4 3.081052642119558
5 2.871041102158396
6 2.686811610272056
7 2.5272140753896615
8 2.3336764988146332
9 2.289711806648656
10 2.1823938645814596
Train R2 - DI: -0.742
Val R2 - DI: -0.913
Test R2 - DI: -0.874
11 2.109881068530836
12 1.9856628894805908
13 1.9560034036636353
14 1.9109882153962787
15 1.8228522049753288
16 1.760163234409533
17 1.6463302022532413
18 1.6809415716873972
19 1.623592249970687
20 1.5517958565762169
Train R2 - DI: -0.238
Val R2 - DI: -0.374
Test R2 - DI: -0.393
21 1.496257505918804
22 1.505484642480549
23 1.4495516162169606
24 1.4462799837714748
25 1.4626010581066733
26 1.3262266610798084
27 1.3624543579001176
28 1.3185357671034963
29 1.3590419104224758
30 1.2904945348438464
Train R2 - DI: -0.006
Val R2 - DI: -0.136
Test R2 - DI: -0.172
31 1.2733041487242047
32 1.2884137241463913
33 1.2453850871638248
34 1.2026367225145038
35 1.22533261650487
36 1.1942381105924909
37 1.157227833647477
38 1.1662060687416478
39 1.1822820701097188
40 1.168709749297092
Train R2 - DI: 0.109
Val R2 - DI: -0.019
Test R2 - DI: -0.054
41 1.1145589903781288
42 1.1287795531122309
43 1.1525740184282
44 1.110652042062659
45 1.1033573853342156
46 1.122036149627284
47 1.1004733964016562
48 1.0712644075092517
49 1.105778845987822
50 1.06283397800044
Train R2 - DI: 0.173
Val R2 - DI: 0.045
Test R2 - DI: 0.016
51 1.0998600150409499
52 1.067316130587929
53 1.0657629301673488
54 1.055688069996081
55 1.0441624390451532
56 1.0804514307724802
57 1.0478521227836608
58 1.0691520132516559
59 1.0415271476695411
60 1.030477722067582
Train R2 - DI: 0.208
Val R2 - DI: 0.081
Test R2 - DI: 0.058
61 1.0265284450430618
62 1.0452720083688434
63 1.040897720738461
64 1.027367791376616
65 1.0473370853223298
66 1.0237188790973863
67 1.0457283383921574
68 1.0385381849188553
69 1.0409397426404452
70 0.9899898993341546
Train R2 - DI: 0.232
Val R2 - DI: 0.105
Test R2 - DI: 0.087
71 1.0274486792714972
72 0.9942672541266994
73 0.9914127525530363
74 0.9968183492359363
75 1.0597995180832713
76 1.0546484244497198
77 0.9905286274458233
78 1.0192457324580142
79 1.0012408620432804
80 0.9987059743780838
Train R2 - DI: 0.248
Val R2 - DI: 0.120
Test R2 - DI: 0.101
81 0.985245512661181
82 1.019668308057283
83 1.0002636420099358
84 1.016356705364428
85 1.0288478493690492
86 1.0310045443083111
87 0.9917453922723469
88 1.0069511802572952
89 0.9831826486085591
90 1.0167219914888082
Train R2 - DI: 0.256
Val R2 - DI: 0.126
Test R2 - DI: 0.111
91 1.023321102794848
92 0.9981209547896134
93 0.9607755384947124
94 0.9795329708802073
95 1.0202435945209705
96 1.0011821589971843
97 1.0000564399518466
98 0.9998902985924168
99 0.99296904425872
100 0.9763778542217455
Train R2 - DI: 0.263
Val R2 - DI: 0.131
Test R2 - DI: 0.114
101 0.9737171618561996
102 0.9548691398219058
103 0.9636954696554887
104 0.9593485192248695
105 0.9517027716887625
106 0.9571469143817299
107 0.9647683814952248
108 0.9607111943395514
109 0.953575274818822
110 0.9723748570994327
Train R2 - DI: 0.272
Val R2 - DI: 0.137
Test R2 - DI: 0.119
111 0.9874837549109208
112 0.9860728546192772
113 1.0228753008340534
114 0.9553195313403481
115 0.9624754554346988
116 0.9610232591629029
117 0.9881840969386854
118 0.9788889508498343
119 0.9500879344187285
120 0.9557047310628389
Train R2 - DI: 0.276
Val R2 - DI: 0.138
Test R2 - DI: 0.123
121 0.9793490284367612
122 0.9938163531453986
123 0.9515602883539702
124 0.9745736059389616
125 0.9461022954238089
126 0.995259898587277
127 0.9672753384238795
128 0.9437843674107602
129 0.9706105740446793
130 0.9604120919578953
Train R2 - DI: 0.281
Val R2 - DI: 0.140
Test R2 - DI: 0.123
131 0.976216899721246
132 0.9662286551375138
133 0.9958939602500514
134 0.9578351497650146
135 0.9154236919001529
136 0.9962361662011398
137 0.9946229445306878
138 0.9945584397566946
139 0.9344459194886057
140 0.9930515101081446
Train R2 - DI: 0.285
Val R2 - DI: 0.141
Test R2 - DI: 0.122
141 0.9736305989717182
142 0.9456837923903214
143 0.9730446940974186
144 0.9755642426641364
145 0.948229445909199
146 0.9665923507590043
147 0.9634477238906057
148 0.9785128041317589
149 0.9545139714291221
150 0.9734709149912784
Train R2 - DI: 0.289
Val R2 - DI: 0.140
Test R2 - DI: 0.123
151 0.9610098336872301
152 0.9639400526096946
153 0.9261543248829088
154 0.9561136735113044
155 0.9648555830905312
156 0.9501433497981021
157 0.9518879256750408
158 0.9486730054805154
159 0.9291360083379243
160 0.9848823114445335
Train R2 - DI: 0.294
Val R2 - DI: 0.142
Test R2 - DI: 0.124
161 0.9679680799183092
162 0.9258023707490218
163 0.9723582832436812
164 0.9154643654823303
165 0.9650256420436658
166 0.9790909817344264
167 0.944996838820608
168 0.9264129851993762
169 0.949312394543698
170 0.9374096889244883
Train R2 - DI: 0.298
Val R2 - DI: 0.144
Test R2 - DI: 0.126
171 0.9349962811720999
172 0.9262663157362687
173 0.9259496023780421
174 0.9300265393759075
175 0.9532582879066467
176 0.9496293908671329
177 0.9432050654762669
178 0.9543802048030653
179 0.9757133358403256
180 0.949738535755559
Train R2 - DI: 0.300
Val R2 - DI: 0.143
Test R2 - DI: 0.128
181 0.9271705250991018
182 0.9494037490142019
183 0.9047330379486084
184 0.9582206926847759
185 0.9416151109494661
186 0.9022673550405
187 0.939302829064821
188 0.9355833110056425
189 0.9278240279147499
190 0.9238573488436247
Train R2 - DI: 0.302
Val R2 - DI: 0.143
Test R2 - DI: 0.125
191 0.9524885152515612
192 0.9371670635123002
193 0.9521002110682035
194 0.9599271498228374
195 0.9468745005758186
196 0.8923517158156947
197 0.9367671150910227
198 0.9284313333661933
199 0.9349296946274607
200 0.9205242251095019
Train R2 - DI: 0.307
Val R2 - DI: 0.146
Test R2 - DI: 0.127
201 0.9295735484675357
202 0.9767144541991385
203 0.925516895243996
204 0.9265235938523945
205 0.9278651864905106
206 0.9111790675865976
207 0.9375025868415833
208 0.941903167021902
209 0.9150208335173757
210 0.8880571340259753
Train R2 - DI: 0.308
Val R2 - DI: 0.145
Test R2 - DI: 0.123
211 0.9282754916893808
212 0.9329110126746328
213 0.9542936136848048
214 0.9064902625585857
215 0.9564462235099391
216 0.9161467263573094
217 0.9375161660344977
218 0.9244518342771029
219 0.9166901808036001
220 0.897396847448851
Train R2 - DI: 0.313
Val R2 - DI: 0.147
Test R2 - DI: 0.126
221 0.9266580537745827
222 0.9247386022617943
223 0.9474968985507363
224 0.8984800370115983
225 0.9136251292730633
226 0.9389979732664008
227 0.9358018937863801
228 0.9211345258511995
229 0.9338212534000999
230 0.9317668745392247
Train R2 - DI: 0.316
Val R2 - DI: 0.149
Test R2 - DI: 0.126
231 0.9134988659306577
232 0.9115808650066978
233 0.8937165906554774
234 0.9013041515099375
235 0.9133559390118248
236 0.9389113338370072
237 0.9629394656733463
238 0.92237590865085
239 0.9069569104596188
240 0.9173266743358813
Train R2 - DI: 0.319
Val R2 - DI: 0.149
Test R2 - DI: 0.129
241 0.9342024652581465
242 0.9452670134996113
243 0.8967154427578575
244 0.937308691049877
245 0.8996809739815561
246 0.8959045071350901
247 0.9193550285540129
248 0.9368006555657638
249 0.9057481539876837
250 0.9095714638107701
Train R2 - DI: 0.320
Val R2 - DI: 0.146
Test R2 - DI: 0.126
251 0.920855995228416
252 0.8974422781090987
253 0.9239791236425701
254 0.8944494234888177
255 0.9352378406022724
256 0.917253818010029
257 0.9066023205455981
258 0.9193460477025885
259 0.9611345592298006
260 0.9137849425014697
Train R2 - DI: 0.323
Val R2 - DI: 0.149
Test R2 - DI: 0.127
261 0.9182497262954712
262 0.888039063152514
263 0.9001384346108687
264 0.9049065175809359
265 0.8990959506285818
266 0.9059324182962116
267 0.9000812612081829
268 0.9243867767484565
269 0.9188582388978256
270 0.8999992709410818
Train R2 - DI: 0.326
Val R2 - DI: 0.151
Test R2 - DI: 0.127
271 0.8978491996463976
272 0.9065400826303582
273 0.9189582071806255
274 0.9048017878281442
275 0.9068005881811443
276 0.9095437714928075
277 0.9126409449075398
278 0.8789119519685444
279 0.9038149695647391
280 0.8962746482146414
Train R2 - DI: 0.328
Val R2 - DI: 0.150
Test R2 - DI: 0.126
281 0.9158475700177644
282 0.9077899575233459
283 0.8634592451547322
284 0.885089319630673
285 0.9113332083350734
286 0.9478614976531581
287 0.9137144189131887
288 0.9307643815090781
289 0.9029071073783071
290 0.9082843749146713
Train R2 - DI: 0.331
Val R2 - DI: 0.150
Test R2 - DI: 0.128
291 0.8879368775769284
292 0.9186699911167747
293 0.8839333879320245
294 0.9319244416136491
295 0.8974683736499988
296 0.9117891788482666
297 0.9130615962179084
298 0.9084564698369879
299 0.9025841618839063
300 0.9042392140940616
Train R2 - DI: 0.334
Val R2 - DI: 0.152
Test R2 - DI: 0.127
301 0.9223197930737546
302 0.9121673772209569
303 0.866287068316811
304 0.8949219465255738
305 0.9158536390254371
306 0.885038013207285
307 0.8959472047655206
308 0.9163321858958194
309 0.890816162761889
310 0.8946422765129491
Train R2 - DI: 0.337
Val R2 - DI: 0.153
Test R2 - DI: 0.129
311 0.8936225840919896
312 0.8949703982001856
313 0.8770643886766936
314 0.8684554614518818
315 0.9350988952737106
316 0.9047170036717465
317 0.9022702543359054
318 0.8883766939765528
319 0.8546255946159362
320 0.8627820171807942
Train R2 - DI: 0.338
Val R2 - DI: 0.152
Test R2 - DI: 0.128
321 0.9107487960865623
322 0.8630981909601312
323 0.8937135018800434
324 0.8779575329077871
325 0.884124241377178
326 0.9063446578226592
327 0.8819231911709434
328 0.8971615910530091
329 0.888652221152657
330 0.8812111377716064
Train R2 - DI: 0.340
Val R2 - DI: 0.154
Test R2 - DI: 0.127
331 0.860120491605056
332 0.8675861804108871
333 0.8906532845999066
334 0.9236983079659311
335 0.8872212391150626
336 0.8891597471739117
337 0.8948934241345055
338 0.9034931308344791
339 0.9240026185387059
340 0.9171924779289647
Train R2 - DI: 0.342
Val R2 - DI: 0.153
Test R2 - DI: 0.125
341 0.8745715316973235
342 0.867753823807365
343 0.8545303225517273
344 0.8920308238581607
345 0.8712688075868706
346 0.8846436764064588
347 0.8736952097792374
348 0.8923562049865723
349 0.8824972717385543
350 0.9032295540759437
Train R2 - DI: 0.345
Val R2 - DI: 0.155
Test R2 - DI: 0.126
351 0.8925235961612902
352 0.8599073993532281
353 0.8933515341658341
354 0.8731339893842999
355 0.8869417711308129
356 0.8945252638114126
357 0.8958514615109092
358 0.8933105958135504
359 0.8586269987256904
360 0.8768268133464613
Train R2 - DI: 0.348
Val R2 - DI: 0.156
Test R2 - DI: 0.127
361 0.9239693647936771
362 0.9063263554322092
363 0.9105464282788729
364 0.8713541896719682
365 0.8901180668881065
366 0.8961643946798225
367 0.8941435625678614
368 0.8760212421417236
369 0.8984578998465287
370 0.904771952252639
Train R2 - DI: 0.350
Val R2 - DI: 0.155
Test R2 - DI: 0.126
371 0.8776002626670034
372 0.8852519970191153
373 0.8863386681205347
374 0.8926597444634689
375 0.8440122002049496
376 0.8623802787379214
377 0.868644782743956
378 0.8858547838110673
379 0.8514527603199608
380 0.8971718612470125
Train R2 - DI: 0.351
Val R2 - DI: 0.155
Test R2 - DI: 0.125
381 0.9123348449405871
382 0.8651244489770187
383 0.8700341990119532
384 0.9023220432432074
385 0.8738334128731176
386 0.8805109243643912
387 0.8906708893023039
388 0.8835431280889009
389 0.9000100317754244
390 0.8712658304917185
Train R2 - DI: 0.351
Val R2 - DI: 0.152
Test R2 - DI: 0.121
391 0.8590850968109934
392 0.886418312474301
393 0.8934273060999418
394 0.8687953854862013
395 0.9042084066491378
396 0.8423409794506274
397 0.8981260481633638
398 0.8691078756984911
399 0.8682146712353355
400 0.8473185532971432
Train R2 - DI: 0.356
Val R2 - DI: 0.155
Test R2 - DI: 0.127
401 0.8616896234060588
402 0.872498969655288
403 0.8498401974376879
404 0.8809232021632948
405 0.8865817973488256
406 0.8866073827994497
407 0.8674948830353586
408 0.8937939706601594
409 0.8664599851558082
410 0.8586044976585789
Train R2 - DI: 0.356
Val R2 - DI: 0.153
Test R2 - DI: 0.124
411 0.8945944202573676
412 0.8458356863573978
413 0.851965375950462
414 0.8917375357527482
415 0.8817292859679774
416 0.8472424525963632
417 0.843722613234269
418 0.8418608790949771
419 0.8819003318485461
420 0.8434173935338071
Train R2 - DI: 0.360
Val R2 - DI: 0.157
Test R2 - DI: 0.122
421 0.8535182425850316
422 0.8696589658134862
423 0.847578615891306
424 0.8498962615665636
425 0.87825102178674
426 0.8736140025289435
427 0.8723402330749913
428 0.8595206994759409
429 0.8436900440015291
430 0.839789963395972
Train R2 - DI: 0.361
Val R2 - DI: 0.155
Test R2 - DI: 0.122
431 0.8967041360704522
432 0.8429824044829921
433 0.8788975150961625
434 0.8694417439009013
435 0.8640242720905104
436 0.8405093111489949
437 0.855737873127586
438 0.8531919366435001
439 0.86879916442068
440 0.8690891140385678
Train R2 - DI: 0.363
Val R2 - DI: 0.154
Test R2 - DI: 0.123
441 0.8585470983856602
442 0.8586538013659025
443 0.8723575755169517
444 0.8587222024014122
445 0.8779083113921317
446 0.8528662405515972
447 0.8482546197740655
448 0.8376017896752609
449 0.8555104889367756
450 0.8333332996619375
Train R2 - DI: 0.364
Val R2 - DI: 0.156
Test R2 - DI: 0.121
451 0.8649335635335822
452 0.8568076503904243
453 0.8499326994544582
454 0.8425074062849346
455 0.845212587557341
456 0.8518141865730285
457 0.8586428410128544
458 0.862420466071681
459 0.847732264744608
460 0.83391373910402
Train R2 - DI: 0.369
Val R2 - DI: 0.158
Test R2 - DI: 0.124
461 0.8512862745084261
462 0.8550294781986035
463 0.8628249990312676
464 0.8630774265841434
465 0.8561367505475095
466 0.853741509036014
467 0.84305760421251
468 0.8541473363575183
469 0.8705142040001719
470 0.8746216780260989
Train R2 - DI: 0.370
Val R2 - DI: 0.157
Test R2 - DI: 0.123
471 0.8831459584989045
472 0.8642558329983762
473 0.8386644294387415
474 0.8356339573860169
475 0.8665863237882915
476 0.8328535738744234
477 0.8499868066687333
478 0.7921374684885929
479 0.8500750924411573
480 0.8418369839065953
Train R2 - DI: 0.371
Val R2 - DI: 0.156
Test R2 - DI: 0.123
481 0.8299969848833586
482 0.8566695426639758
483 0.8368694493645116
484 0.870701023152
485 0.848224463588313
486 0.8750971260823701
487 0.8359972282459861
488 0.8227097561484888
489 0.8358476481939617
490 0.8571021688611884
Train R2 - DI: 0.372
Val R2 - DI: 0.154
Test R2 - DI: 0.123
491 0.8750251230440642
492 0.8730406641960144
493 0.8395349326886629
494 0.8109700924471805
495 0.8610968508218464
496 0.8351319576564588
497 0.8237656568226062
498 0.8336973823999104
499 0.842319117094341
500 0.8460686589542188
Train R2 - DI: 0.375
Val R2 - DI: 0.156
Test R2 - DI: 0.121
501 0.8355602960837515
502 0.8583431018026252
503 0.8404119002191643
504 0.8485119800818594
505 0.8329600359264173
506 0.8604766757864701
507 0.8389666042829814
508 0.8441403150558472
509 0.8496456359562121
510 0.8623248012442338
Train R2 - DI: 0.376
Val R2 - DI: 0.154
Test R2 - DI: 0.121
511 0.8341873965765301
512 0.8277043016333329
513 0.8459779676638152
514 0.8539741585129186
515 0.8441218325966283
516 0.8305167555809021
517 0.8723239170877557
518 0.8301877486078363
519 0.8372446417808532
520 0.8119689891212865
Train R2 - DI: 0.379
Val R2 - DI: 0.155
Test R2 - DI: 0.122
521 0.8590022476095902
522 0.8161092745630365
523 0.8419300367957667
524 0.8662595428918537
525 0.8540161358682733
526 0.8283517015607733
527 0.8334084724125109
528 0.8405296551553827
529 0.8553504579945614
530 0.8201003658144097
Train R2 - DI: 0.381
Val R2 - DI: 0.158
Test R2 - DI: 0.121
531 0.8582736780768947
532 0.8277302942777934
533 0.8432788265378852
534 0.8374064476866471
535 0.8307777800058064
536 0.8338147891195197
537 0.8734378858616477
538 0.8289829938035262
539 0.813715710765437
540 0.8541149101759258
Train R2 - DI: 0.382
Val R2 - DI: 0.155
Test R2 - DI: 0.122
541 0.82483887045007
542 0.8464848487000717
543 0.8180100566462467
544 0.8381226313741583
545 0.8050655057555751
546 0.8274777324576127
547 0.8600468296753733
548 0.8346084061421846
549 0.8535764104441592
550 0.8365797858489187
Train R2 - DI: 0.384
Val R2 - DI: 0.155
Test R2 - DI: 0.123
551 0.8353718751355221
552 0.8228294667444731
553 0.8562502101848
554 0.833166902316244
555 0.8033276695954172
556 0.8149074221912184
557 0.8281502654677944
558 0.8547947337752895
559 0.8251811880814401
560 0.841841080941652
Train R2 - DI: 0.385
Val R2 - DI: 0.156
Test R2 - DI: 0.119
561 0.8404114654189662
562 0.8361582517623901
563 0.834784251765201
564 0.842240950308348
565 0.8195138498356468
566 0.8627925515174866
567 0.8225212417150799
568 0.8601741765674792
569 0.844319915144067
570 0.8362204269358986
Train R2 - DI: 0.389
Val R2 - DI: 0.158
Test R2 - DI: 0.122
571 0.8496053055713051
572 0.8284534661393417
573 0.8256391048431396
574 0.8761971950531006
575 0.8514098562692342
576 0.8175961569735878
577 0.8229591727256775
578 0.8027399684253492
579 0.8492355045519377
580 0.8116297703040274
Train R2 - DI: 0.388
Val R2 - DI: 0.154
Test R2 - DI: 0.119
581 0.796997514523958
582 0.8235031560847633
583 0.8218232600312484
584 0.8091917389317562
585 0.8159847378730773
586 0.8191009866563898
587 0.8049454764315956
588 0.8153343520666424
589 0.8606791314325835
590 0.8489404515216225
Train R2 - DI: 0.392
Val R2 - DI: 0.159
Test R2 - DI: 0.122
591 0.8255543263334977
592 0.8292888315100418
593 0.8041013008669803
594 0.8423813888901158
595 0.837833477321424
596 0.8361447873868441
597 0.8182879510678743
598 0.8213752075245506
599 0.8096342281291359
600 0.8100787093764857
Train R2 - DI: 0.394
Val R2 - DI: 0.159
Test R2 - DI: 0.122
601 0.82319302307932
602 0.8332548486559015
603 0.8226634307911521
604 0.8032281825416967
605 0.8161639219836185
606 0.8393112897872925
607 0.7898844160531696
608 0.8129084844338267
609 0.8195236513489171
610 0.8117044944512216
Train R2 - DI: 0.395
Val R2 - DI: 0.158
Test R2 - DI: 0.123
611 0.8104969808929845
612 0.8268680346639533
613 0.8072037144711143
614 0.8081965785277517
615 0.8215737010303297
616 0.815431272983551
617 0.8073490199289823
618 0.8413086094354328
619 0.8084564372112877
620 0.8083199595150194
Train R2 - DI: 0.397
Val R2 - DI: 0.158
Test R2 - DI: 0.122
621 0.8210543187041032
622 0.8270649797038028
623 0.8416564426924052
624 0.7941656602056403
625 0.8155378059337014
626 0.8170901562038221
627 0.7966668110144766
628 0.8200753393926119
629 0.7864388045511748
630 0.8020616073357432
Train R2 - DI: 0.398
Val R2 - DI: 0.157
Test R2 - DI: 0.121
631 0.7992848452768828
632 0.8202676779345462
633 0.8405605284791243
634 0.8341850399971008
635 0.817854928970337
636 0.8105880078516509
637 0.7909604034925762
638 0.817970785969182
639 0.8119570926616066
640 0.8221075051709226
Train R2 - DI: 0.401
Val R2 - DI: 0.158
Test R2 - DI: 0.124
641 0.8095798824962817
642 0.8101499181044729
643 0.8061810518565931
644 0.7931652859637611
645 0.8428181202788102
646 0.8037905071911059
647 0.8139305842550177
648 0.8210261633521632
649 0.8090826511383057
650 0.8069849384458442
Train R2 - DI: 0.401
Val R2 - DI: 0.158
Test R2 - DI: 0.121
651 0.7938389150719893
652 0.8077644542643898
653 0.8066406444499367
654 0.7983949466755516
655 0.8051475091984398
656 0.8086026373662447
657 0.8342564934178403
658 0.8266057528947529
659 0.8187256825597663
660 0.8135546251347191
Train R2 - DI: 0.403
Val R2 - DI: 0.157
Test R2 - DI: 0.120
661 0.7997025201195165
662 0.8238708778431542
663 0.825800181062598
664 0.825702777034358
665 0.8116648153254861
666 0.8148433584915964
667 0.7893403523846676
668 0.7717576052013196
669 0.7950610524729679
670 0.79384841291528
Train R2 - DI: 0.406
Val R2 - DI: 0.160
Test R2 - DI: 0.122
671 0.803694466540688
672 0.8029781579971313
673 0.790219845897273
674 0.8021952610266836
675 0.7998090511874149
676 0.8067917014423169
677 0.7956394007331447
678 0.7842262550404198
679 0.7840662222159537
680 0.7872084711727343
Train R2 - DI: 0.407
Val R2 - DI: 0.160
Test R2 - DI: 0.122
681 0.7882471448496768
682 0.8284839297595777
683 0.8069974585583336
684 0.8098081249939768
685 0.8231935683049654
686 0.7976470213187369
687 0.8107423349430687
688 0.8186989734047337
689 0.8176991945818851
690 0.8073604307676616
Train R2 - DI: 0.407
Val R2 - DI: 0.157
Test R2 - DI: 0.121
691 0.7871796382100958
692 0.8012735040564286
693 0.7892585340299104
694 0.7863530962090743
695 0.814800721093228
696 0.8208527219922919
697 0.7909348676079198
698 0.7843477838917783
699 0.8095711595133731
700 0.8060440546587894
Train R2 - DI: 0.411
Val R2 - DI: 0.162
Test R2 - DI: 0.122
701 0.7865148155312789
702 0.8005809413759332
703 0.7887110477999637
704 0.8007309756780926
705 0.7836320350044652
706 0.8025727604564867
707 0.8028918843520315
708 0.79857875547911
709 0.7707294300982827
710 0.8118336890873156
Train R2 - DI: 0.411
Val R2 - DI: 0.160
Test R2 - DI: 0.121
711 0.7952639786820662
712 0.8005493402481079
713 0.7899148840653268
714 0.7916237278988487
715 0.8068320324546412
716 0.8034318823563426
717 0.7877020497071116
718 0.8146618090177837
719 0.7967242121696472
720 0.796096652432492
Train R2 - DI: 0.413
Val R2 - DI: 0.159
Test R2 - DI: 0.124
721 0.8051741982761182
722 0.7841125312604402
723 0.7690192228869388
724 0.7968369088674846
725 0.7645108542944256
726 0.7776940270474083
727 0.7928818087828787
728 0.7962164891393562
729 0.7976330700673555
730 0.7816193254370438
Train R2 - DI: 0.416
Val R2 - DI: 0.162
Test R2 - DI: 0.123
731 0.7799114616293656
732 0.7997782550360027
733 0.8072832182834023
734 0.7829372832649633
735 0.7901835228267469
736 0.7705879751004671
737 0.7913879758433292
738 0.7794271098939995
739 0.7994900640688445
740 0.8096257078020196
Train R2 - DI: 0.417
Val R2 - DI: 0.160
Test R2 - DI: 0.121
741 0.7821542488901239
742 0.7862125465744421
743 0.8015257000923157
744 0.7693356419864453
745 0.8070777629551135
746 0.8079127700705278
747 0.7931592790704024
748 0.8117238057287116
749 0.8009819218986913
750 0.7729306553539477
Train R2 - DI: 0.418
Val R2 - DI: 0.161
Test R2 - DI: 0.122
751 0.8013765015100178
752 0.7961001233050697
753 0.7684924665250277
754 0.765148044887342
755 0.7807514209496348
756 0.7892816104386983
757 0.7953362157470302
758 0.7834493549246537
759 0.8135044330044796
760 0.7725971253294693
Train R2 - DI: 0.421
Val R2 - DI: 0.163
Test R2 - DI: 0.123
761 0.7866373049585442
762 0.8067872963453594
763 0.7963165916894611
764 0.8060311788006833
765 0.814572022463146
766 0.7921808111040216
767 0.7841606460119549
768 0.7524611592292786
769 0.7913980295783595
770 0.7942446627114949
Train R2 - DI: 0.423
Val R2 - DI: 0.165
Test R2 - DI: 0.124
771 0.7636542276332253
772 0.784444933188589
773 0.7973547157488371
774 0.8010107398033142
775 0.7858453204757289
776 0.8082003028769242
777 0.7840688680347644
778 0.8085830500251369
779 0.7711271511880975
780 0.7864929274508827
Train R2 - DI: 0.424
Val R2 - DI: 0.162
Test R2 - DI: 0.124
781 0.7875498081508435
782 0.7694177464434975
783 0.7992500719271208
784 0.7971255829459742
785 0.8124863944555584
786 0.77664790718179
787 0.7937109188029641
788 0.778590736891094
789 0.7533463578475149
790 0.7581861809680336
Train R2 - DI: 0.425
Val R2 - DI: 0.162
Test R2 - DI: 0.123
791 0.7721325711200112
792 0.7750247183598971
793 0.7668375234854848
794 0.7649474300836262
795 0.8040583001939874
796 0.7782537535617225
797 0.7643031546944066
798 0.801827964029814
799 0.7837181888128582
800 0.7621112152149803
Train R2 - DI: 0.428
Val R2 - DI: 0.164
Test R2 - DI: 0.121
0.16479127855746156
Test R2 - DI: 0.121
Test R2 - DI: 0.124
Deep_google_real
batch_size =  128 lr =  1e-06 wd =  1.0
1520 317 303
cuda:0
Using SGD
1 4.385546699323152
2 4.033056469967491
3 3.8185489554154244
4 3.470896954285471
5 3.19461064589651
6 3.0158776735004627
7 2.837289461336638
8 2.664272762599744
9 2.5419428875571803
10 2.3673730072222257
Train R2 - DI: -0.906
Val R2 - DI: -1.018
Test R2 - DI: -1.003
11 2.2808614291642844
12 2.233206307260614
13 2.1479843014164977
14 2.0194462851474158
15 1.9760991109044928
16 1.8885934051714446
17 1.835287036393818
18 1.7309929659492092
19 1.7206937049564561
20 1.7347554809168766
Train R2 - DI: -0.321
Val R2 - DI: -0.386
Test R2 - DI: -0.455
21 1.671038616331
22 1.5869273762953908
23 1.5650821384630704
24 1.6023470502150685
25 1.4854145903336375
26 1.4860415232808966
27 1.4137150275079828
28 1.3950751317174812
29 1.4123050802632382
30 1.445635639993768
Train R2 - DI: -0.079
Val R2 - DI: -0.145
Test R2 - DI: -0.239
31 1.3611477161708632
32 1.3575826168060303
33 1.3259407118747109
34 1.3005250554335746
35 1.3128873850169935
36 1.2962464508257414
37 1.2761305194152028
38 1.2967317141984638
39 1.281508603848909
40 1.2564537500080308
Train R2 - DI: 0.048
Val R2 - DI: -0.024
Test R2 - DI: -0.118
41 1.2304291097741378
42 1.222276268507305
43 1.1917944406208238
44 1.2554767495707462
45 1.1771675398475245
46 1.2035969194613005
47 1.2082112437800356
48 1.1804562242407548
49 1.1998650475552208
50 1.1257404741488004
Train R2 - DI: 0.125
Val R2 - DI: 0.052
Test R2 - DI: -0.038
51 1.1426034287402504
52 1.1509480056009795
53 1.1393873239818373
54 1.152821361391168
55 1.1601718814749467
56 1.1144043884779278
57 1.1012815726430794
58 1.084401653942309
59 1.098997540222971
60 1.0859757893963864
Train R2 - DI: 0.176
Val R2 - DI: 0.102
Test R2 - DI: 0.013
61 1.0955298273186935
62 1.0748538230594835
63 1.072340084377088
64 1.0581174919479772
65 1.0856673673579567
66 1.0648986465052555
67 1.0560303223760505
68 1.0810287406570034
69 1.036391994827672
70 1.0606053026098954
Train R2 - DI: 0.206
Val R2 - DI: 0.130
Test R2 - DI: 0.045
71 1.0814746135159543
72 1.077627678293931
73 1.0625973387768395
74 1.0390092611312867
75 1.0598714270089802
76 1.0872870758960123
77 1.0822927186363622
78 1.0225468666929947
79 1.0311410703157124
80 1.0841982157606826
Train R2 - DI: 0.225
Val R2 - DI: 0.147
Test R2 - DI: 0.064
81 1.0276336444051641
82 1.0276984076750906
83 1.0284791946411134
84 1.0523220815156635
85 1.0105717784480044
86 1.0284571070420114
87 1.0051411892238415
88 1.0569018401597676
89 1.0071339193143343
90 1.0243703685308758
Train R2 - DI: 0.237
Val R2 - DI: 0.155
Test R2 - DI: 0.078
91 1.0047987210123162
92 1.015943283783762
93 1.0241995660882248
94 0.9997082760459498
95 0.9996800635990344
96 1.0129517950509723
97 1.0456235415057131
98 1.0027184950677972
99 0.9946986236070332
100 1.0101594604943929
Train R2 - DI: 0.250
Val R2 - DI: 0.167
Test R2 - DI: 0.087
101 1.0080831226549651
102 0.9843570690405996
103 0.9670660784370021
104 0.9898448912720931
105 1.0339301228523254
106 0.9915121981972143
107 1.025432835127178
108 0.9898891072524222
109 1.0104711538866946
110 0.9836940175608585
Train R2 - DI: 0.256
Val R2 - DI: 0.171
Test R2 - DI: 0.091
111 0.9893608927726746
112 0.9792483379966335
113 1.0016258327584517
114 0.9665183757480822
115 1.015952632301732
116 1.0382172672372116
117 0.9889376583852266
118 1.0048095194916977
119 0.9924063582169382
120 0.9778974257017436
Train R2 - DI: 0.262
Val R2 - DI: 0.173
Test R2 - DI: 0.095
121 0.9583651511292709
122 0.9716209537104556
123 0.9877881997510006
124 0.9824179417208622
125 0.9859853474717392
126 0.9855466685797039
127 1.018877124786377
128 0.9823737376614621
129 0.9809227002294441
130 0.9864006632252743
Train R2 - DI: 0.268
Val R2 - DI: 0.176
Test R2 - DI: 0.099
131 0.955260948130959
132 1.0118638879374453
133 0.993640947341919
134 0.9742944265666761
135 0.9635407541927539
136 0.976962631627133
137 0.9930225711119802
138 0.9651593735343531
139 0.9670997268275211
140 0.9418591543247825
Train R2 - DI: 0.272
Val R2 - DI: 0.177
Test R2 - DI: 0.102
141 0.9715929094113802
142 0.9798405314746655
143 1.0172187127565082
144 1.0114183520015918
145 0.9404470042178505
146 0.9902579508329693
147 0.939420233274761
148 0.9428966484571758
149 0.9536687436856721
150 0.9945828161741558
Train R2 - DI: 0.277
Val R2 - DI: 0.179
Test R2 - DI: 0.103
151 0.9706288350255866
152 0.9599829065172296
153 0.9670170325981943
154 0.9657384721856368
155 0.9415824425847907
156 0.9721722552650853
157 0.9262419951589485
158 0.9566784846155267
159 0.93929830099407
160 0.9614593781922993
Train R2 - DI: 0.279
Val R2 - DI: 0.178
Test R2 - DI: 0.104
161 0.9806115746498107
162 0.9353924462669774
163 0.9556649804115296
164 0.9365702327929045
165 0.9811276410755359
166 0.9506027340888977
167 0.9555054683434335
168 0.9612050520746331
169 0.9461559872878226
170 0.9388303587311193
Train R2 - DI: 0.282
Val R2 - DI: 0.177
Test R2 - DI: 0.103
171 0.9675387771506059
172 0.9840880921012477
173 0.9300982268233048
174 0.9506315250145762
175 0.9628188716737848
176 0.9414941210495799
177 0.943629240989685
178 0.9610574333291305
179 0.980685409746672
180 0.9667687058448792
Train R2 - DI: 0.286
Val R2 - DI: 0.179
Test R2 - DI: 0.105
181 0.9548650076514796
182 0.9353683484228034
183 0.9340400407188817
184 0.9673931567292464
185 0.9528196096420288
186 0.9755361946005571
187 0.9204254677421169
188 0.9762679394922759
189 0.9303268495358918
190 0.9618059986516049
Train R2 - DI: 0.289
Val R2 - DI: 0.179
Test R2 - DI: 0.107
191 0.9775193101481388
192 0.9345239563992149
193 0.9501981722681145
194 0.951005680937516
195 0.9821135439370808
196 0.9237337909246746
197 0.9425175892679315
198 0.9296295881271363
199 0.9357538216992428
200 0.9475509718844765
Train R2 - DI: 0.292
Val R2 - DI: 0.179
Test R2 - DI: 0.107
201 0.9342028059457478
202 0.9464909898607354
203 0.9423011842526887
204 0.9406272837990208
205 0.9245842607397782
206 0.9247646407077187
207 0.9653743881928293
208 0.979289742519981
209 0.9378273562381142
210 0.9280452427111174
Train R2 - DI: 0.295
Val R2 - DI: 0.179
Test R2 - DI: 0.106
211 0.9427781788926376
212 0.9194913537878739
213 0.9196532625901072
214 0.9211656532789532
215 0.9360484995340046
216 0.9601776399110493
217 0.9382164842204044
218 0.9548121853878624
219 0.9160177996284083
220 0.9447114812700372
Train R2 - DI: 0.298
Val R2 - DI: 0.181
Test R2 - DI: 0.108
221 0.9538004875183106
222 0.9381330910481904
223 0.937907832547238
224 0.9758037316171746
225 0.9417488073047838
226 0.9585036622850518
227 0.9185479929572657
228 0.925674171196787
229 0.9207963510563499
230 0.9323895146972254
Train R2 - DI: 0.299
Val R2 - DI: 0.179
Test R2 - DI: 0.106
231 0.951019855549461
232 0.9217490008002833
233 0.9428020615326731
234 0.9516505341780813
235 0.938214309591996
236 0.9357427534304167
237 0.9456201402764571
238 0.955419941952354
239 0.9401274392479344
240 0.9207687434397246
Train R2 - DI: 0.302
Val R2 - DI: 0.179
Test R2 - DI: 0.106
241 0.9246046800362436
242 0.9386674567272789
243 0.9345965711694014
244 0.9159340776895222
245 0.9386042582361321
246 0.9299085629613776
247 0.945296207227205
248 0.9216767342467057
249 0.9505532076484279
250 0.9175180849276091
Train R2 - DI: 0.304
Val R2 - DI: 0.179
Test R2 - DI: 0.106
251 0.9249479281274896
252 0.915957478473061
253 0.9478866608519303
254 0.9152217024251035
255 0.9029288505253039
256 0.9299231140237105
257 0.9312670845734445
258 0.9702831017343622
259 0.8843067319769609
260 0.909550696925113
Train R2 - DI: 0.307
Val R2 - DI: 0.180
Test R2 - DI: 0.108
261 0.9221286045877557
262 0.9276517133963735
263 0.9257673778032002
264 0.9646437921022114
265 0.9208583348675778
266 0.9093392089793556
267 0.9211973102469193
268 0.9072051468648409
269 0.9402784435372603
270 0.9207819612402665
Train R2 - DI: 0.309
Val R2 - DI: 0.180
Test R2 - DI: 0.108
271 0.9301097091875579
272 0.9103576082932322
273 0.910574227885196
274 0.934210699482968
275 0.895506563312129
276 0.937656959734465
277 0.9028155596632707
278 0.8691249759573686
279 0.9011779496544285
280 0.93412766456604
Train R2 - DI: 0.311
Val R2 - DI: 0.181
Test R2 - DI: 0.107
281 0.9272679466950265
282 0.8877481768005773
283 0.935873744362279
284 0.9056473531221089
285 0.9103466466853493
286 0.9115366496537861
287 0.9083661688001532
288 0.8921375996188113
289 0.8957648954893414
290 0.910894953577142
Train R2 - DI: 0.314
Val R2 - DI: 0.181
Test R2 - DI: 0.107
291 0.9097891757362767
292 0.9107652337927568
293 0.9063723557873776
294 0.9559754290078816
295 0.9061611727664345
296 0.9073189955008657
297 0.9094935116014983
298 0.9035432307343734
299 0.9149357896102103
300 0.9085698272052564
Train R2 - DI: 0.315
Val R2 - DI: 0.181
Test R2 - DI: 0.107
301 0.8809788741563496
302 0.9043762708965101
303 0.8860679532352247
304 0.9149738487444425
305 0.9133551559950176
306 0.9266677605478387
307 0.8951584282674288
308 0.8983315379996049
309 0.8994017412787989
310 0.91980173838766
Train R2 - DI: 0.316
Val R2 - DI: 0.179
Test R2 - DI: 0.106
311 0.8961443035226119
312 0.9217321119810405
313 0.9171688795089722
314 0.8970786709534494
315 0.9023007123093856
316 0.9151265144348144
317 0.9088320744665046
318 0.8961667550237555
319 0.8912871636842427
320 0.8908959878118414
Train R2 - DI: 0.319
Val R2 - DI: 0.180
Test R2 - DI: 0.107
321 0.9060012428384078
322 0.9132654503772133
323 0.8990415955844678
324 0.8934200161381771
325 0.8906273063860441
326 0.9050676960694163
327 0.8869498855189273
328 0.9035781258030942
329 0.868594135108747
330 0.9132782835709421
Train R2 - DI: 0.322
Val R2 - DI: 0.182
Test R2 - DI: 0.109
331 0.9008030364387913
332 0.8880760657159905
333 0.8928070407164724
334 0.9030250373639559
335 0.8952647215441654
336 0.8811323372941268
337 0.9169321185664127
338 0.9334109350254661
339 0.9061699886071054
340 0.9301550814979955
Train R2 - DI: 0.323
Val R2 - DI: 0.180
Test R2 - DI: 0.107
341 0.8811447438440825
342 0.8887123396522121
343 0.8802782805342423
344 0.8877194605375591
345 0.9353074048694812
346 0.8913970871975547
347 0.8812816080294157
348 0.915666809834932
349 0.9027280788672598
350 0.8827688844580399
Train R2 - DI: 0.323
Val R2 - DI: 0.176
Test R2 - DI: 0.105
351 0.9024637347773502
352 0.881560322485472
353 0.9073412211317765
354 0.8803339594288876
355 0.9238004408384625
356 0.925801408290863
357 0.9276774983657033
358 0.8921816662738198
359 0.8801368343202691
360 0.8723193965460124
Train R2 - DI: 0.326
Val R2 - DI: 0.178
Test R2 - DI: 0.106
361 0.8930823915883115
362 0.8746720263832494
363 0.8987014293670654
364 0.907062648472033
365 0.8734790601228413
366 0.8835092770425896
367 0.9069213133109243
368 0.9150743559787148
369 0.8729057926880686
370 0.905005945657429
Train R2 - DI: 0.329
Val R2 - DI: 0.180
Test R2 - DI: 0.108
371 0.9070119173903214
372 0.9103505303985194
373 0.8663222087057013
374 0.8843942027342947
375 0.8961033519945647
376 0.9001811341235512
377 0.8908104915367929
378 0.8834868261688634
379 0.9065387700733386
380 0.8971972063968056
Train R2 - DI: 0.330
Val R2 - DI: 0.178
Test R2 - DI: 0.106
381 0.8804078428368819
382 0.8872724056243897
383 0.8627041791614734
384 0.8784841995490225
385 0.8838110967686302
386 0.8482881834632472
387 0.878786637908534
388 0.881157038086339
389 0.9277669818777787
390 0.8825733768312555
Train R2 - DI: 0.331
Val R2 - DI: 0.178
Test R2 - DI: 0.106
391 0.8718043992393896
392 0.9078156195188823
393 0.883061284767954
394 0.8979871887909738
395 0.8721414566040039
396 0.8607352790079619
397 0.8929102916466563
398 0.9031423380500392
399 0.8503215413344534
400 0.867297973758296
Train R2 - DI: 0.333
Val R2 - DI: 0.177
Test R2 - DI: 0.107
401 0.8814027008257415
402 0.8842551218835931
403 0.8859422338636298
404 0.856340249588615
405 0.8859865979144448
406 0.8689171602851467
407 0.8765351119794343
408 0.8835752480908444
409 0.8543521598765724
410 0.8712703560528002
Train R2 - DI: 0.335
Val R2 - DI: 0.179
Test R2 - DI: 0.105
411 0.8683663418418482
412 0.8761424554021735
413 0.8929432260362725
414 0.889393216685245
415 0.8856347316189817
416 0.87608491245069
417 0.9088000924963701
418 0.879911662402906
419 0.8848997919183028
420 0.9053279318307575
Train R2 - DI: 0.335
Val R2 - DI: 0.177
Test R2 - DI: 0.104
421 0.9014864105927317
422 0.8832698922408254
423 0.8550594587075083
424 0.8607197134118331
425 0.8743585881433988
426 0.8518465757369995
427 0.9184221945310894
428 0.8444815096102263
429 0.8800906344463951
430 0.8759284496307373
Train R2 - DI: 0.337
Val R2 - DI: 0.177
Test R2 - DI: 0.105
431 0.9145986494265105
432 0.8983379207159343
433 0.858839477990803
434 0.8815103355206941
435 0.8622355937957764
436 0.8652614066475316
437 0.8909521724048414
438 0.859641735177291
439 0.8737262750926771
440 0.8596440478375084
Train R2 - DI: 0.339
Val R2 - DI: 0.178
Test R2 - DI: 0.106
441 0.8725564686875594
442 0.8580797352288899
443 0.9093615029987536
444 0.8669735180704217
445 0.8578818835710225
446 0.8743918651028684
447 0.8722411086684779
448 0.8581929319783261
449 0.8651043251941078
450 0.8666503849782442
Train R2 - DI: 0.341
Val R2 - DI: 0.179
Test R2 - DI: 0.106
451 0.8755044215603879
452 0.8823941381354081
453 0.8737595445231388
454 0.8730406503928335
455 0.866156940711172
456 0.8916068415892752
457 0.8589733242988586
458 0.8676914842505205
459 0.8843279851110358
460 0.8613889455795288
Train R2 - DI: 0.342
Val R2 - DI: 0.178
Test R2 - DI: 0.106
461 0.8905942007115013
462 0.8702164844462746
463 0.8768305809874284
464 0.894973843976071
465 0.843955483562068
466 0.8890195068560148
467 0.8662851948487131
468 0.8651743041841607
469 0.8586448123580531
470 0.8633434659556338
Train R2 - DI: 0.344
Val R2 - DI: 0.178
Test R2 - DI: 0.105
471 0.8747553386186299
472 0.8523766825073644
473 0.8569864480119003
474 0.8693890885302895
475 0.8636920816019962
476 0.8657658451481869
477 0.84836560299522
478 0.8790773981495907
479 0.849583815900903
480 0.8582194127534565
Train R2 - DI: 0.345
Val R2 - DI: 0.177
Test R2 - DI: 0.106
481 0.8535260997320476
482 0.8738559289982445
483 0.8505194670275638
484 0.854332749467147
485 0.8575806197367216
486 0.8866757449350859
487 0.8521473639889767
488 0.8685476108601219
489 0.8666530113471181
490 0.8560153151813307
Train R2 - DI: 0.346
Val R2 - DI: 0.176
Test R2 - DI: 0.105
491 0.8660942190571835
492 0.8665337361787495
493 0.8547177101436414
494 0.8475506462548908
495 0.8726372009829471
496 0.8617470553046779
497 0.8485590062643352
498 0.8505841449687356
499 0.8356899832424365
500 0.8813324275769685
Train R2 - DI: 0.347
Val R2 - DI: 0.175
Test R2 - DI: 0.105
501 0.8415652419391432
502 0.8594191689240305
503 0.8649965813285426
504 0.8763785010889957
505 0.8591836251710591
506 0.8497529023572018
507 0.8563111694235551
508 0.8783580328288831
509 0.8611610337307579
510 0.852564979854383
Train R2 - DI: 0.348
Val R2 - DI: 0.175
Test R2 - DI: 0.105
511 0.8520323640421817
512 0.8444925019615575
513 0.8487959090032076
514 0.8555033539470873
515 0.8439828740923028
516 0.8495309133278696
517 0.8415583372116089
518 0.8420756979992515
519 0.8504981844048751
520 0.8393671261636835
Train R2 - DI: 0.350
Val R2 - DI: 0.176
Test R2 - DI: 0.105
521 0.8288590977066441
522 0.8556968751706575
523 0.857891899661014
524 0.8691778904513309
525 0.8569601498152081
526 0.8797328409395719
527 0.8669921448356227
528 0.8275447337250961
529 0.8491099288589076
530 0.8876044066328751
Train R2 - DI: 0.352
Val R2 - DI: 0.176
Test R2 - DI: 0.105
531 0.8637136202109488
532 0.8438952458532233
533 0.8633276130023756
534 0.8525599799658122
535 0.8249453757938586
536 0.8604714701050207
537 0.8604824969643041
538 0.8567358958093744
539 0.8545677166236074
540 0.8648714002810026
Train R2 - DI: 0.351
Val R2 - DI: 0.173
Test R2 - DI: 0.104
541 0.8522659439789622
542 0.8527405462766948
543 0.8119498742254156
544 0.8673875049540871
545 0.8327501121320222
546 0.8469082957819889
547 0.8546853793294806
548 0.8517457742440073
549 0.8772954501603779
550 0.860431276497088
Train R2 - DI: 0.354
Val R2 - DI: 0.175
Test R2 - DI: 0.105
551 0.8673920844730578
552 0.8233537498273348
553 0.8308255747744911
554 0.8230094420282464
555 0.8229201542703729
556 0.8432031618921381
557 0.8274310626481709
558 0.8489916657146654
559 0.8400979531438727
560 0.8410837499718917
Train R2 - DI: 0.355
Val R2 - DI: 0.175
Test R2 - DI: 0.103
561 0.8386660600963391
562 0.830553788887827
563 0.8753772415612874
564 0.8342744036724693
565 0.828724521712253
566 0.8623421198443363
567 0.8435375056768718
568 0.847291562431737
569 0.844808954941599
570 0.8547188878059387
Train R2 - DI: 0.356
Val R2 - DI: 0.175
Test R2 - DI: 0.103
571 0.8226692080497742
572 0.8544442685026872
573 0.8282905948789496
574 0.8493216476942363
575 0.821807661182002
576 0.8496623321583396
577 0.8570964010138261
578 0.8265326525035658
579 0.8297219433282551
580 0.8425657347628944
Train R2 - DI: 0.358
Val R2 - DI: 0.177
Test R2 - DI: 0.106
581 0.8348031746713739
582 0.8288440629055626
583 0.831005094553295
584 0.828757833807092
585 0.8411591241234228
586 0.8118780054544148
587 0.8497843315726832
588 0.8297737021195261
589 0.8336611898321854
590 0.8062760949134826
Train R2 - DI: 0.359
Val R2 - DI: 0.176
Test R2 - DI: 0.105
591 0.8394730505190398
592 0.833436005366476
593 0.826732097173992
594 0.8313198440953304
595 0.8459840435730783
596 0.8414300993869179
597 0.8095189916460137
598 0.8227927484010396
599 0.80007273774398
600 0.8281484465850028
Train R2 - DI: 0.361
Val R2 - DI: 0.177
Test R2 - DI: 0.104
601 0.8364096302735178
602 0.8319629386851662
603 0.8492002449537578
604 0.8504625734529997
605 0.8555297569224709
606 0.8410370694963556
607 0.829518827639128
608 0.8427905176815234
609 0.8431546612789756
610 0.8422550602963096
Train R2 - DI: 0.361
Val R2 - DI: 0.174
Test R2 - DI: 0.103
611 0.8227509680547213
612 0.8345758582416334
613 0.8185066637239958
614 0.8321242269716764
615 0.832366499147917
616 0.8200946914522271
617 0.8046843924020466
618 0.8259269827290585
619 0.812134893944389
620 0.8382460468693783
Train R2 - DI: 0.363
Val R2 - DI: 0.176
Test R2 - DI: 0.105
621 0.8435451884018748
622 0.8536108832610281
623 0.8420874024692334
624 0.8139572018071225
625 0.8113493831534134
626 0.8187220190700731
627 0.8360120691751179
628 0.8335430471520675
629 0.8218983336498863
630 0.8206023555052908
Train R2 - DI: 0.364
Val R2 - DI: 0.175
Test R2 - DI: 0.104
631 0.831041577615236
632 0.8303873551519294
633 0.8290051673588
634 0.8153343878294292
635 0.8051219802153738
636 0.8491563081741333
637 0.8349517288960908
638 0.8271413639972084
639 0.8349757401566756
640 0.8297433740214297
Train R2 - DI: 0.365
Val R2 - DI: 0.176
Test R2 - DI: 0.103
641 0.8384340744269522
642 0.8651729257483232
643 0.8020765153985274
644 0.7926001316622684
645 0.8252410719269201
646 0.7968865036964417
647 0.8059901576293143
648 0.8386695403801767
649 0.8075329059048703
650 0.8084679572205794
Train R2 - DI: 0.366
Val R2 - DI: 0.174
Test R2 - DI: 0.101
651 0.8188532358721683
652 0.8436632269307187
653 0.8407618585385774
654 0.8172204990135996
655 0.8298433015221044
656 0.8318245580321864
657 0.8146849826762551
658 0.8292289407629716
659 0.8246353111769024
660 0.83639004293241
Train R2 - DI: 0.368
Val R2 - DI: 0.177
Test R2 - DI: 0.101
661 0.8388225988337868
662 0.8232940893424184
663 0.8163102520139593
664 0.8093953760046708
665 0.825980310063613
666 0.812007360709341
667 0.8233325782575105
668 0.8039919169325578
669 0.824132322010241
670 0.8163477728241368
Train R2 - DI: 0.369
Val R2 - DI: 0.177
Test R2 - DI: 0.101
671 0.8355220832322773
672 0.8205646433328327
673 0.820451861933658
674 0.80375774785092
675 0.8003615730687191
676 0.793606994654003
677 0.8289423810808282
678 0.8101365465866892
679 0.8418059047899749
680 0.8168603915917246
Train R2 - DI: 0.370
Val R2 - DI: 0.176
Test R2 - DI: 0.102
681 0.7966335535049438
682 0.8162199334094399
683 0.8233362499036287
684 0.8102510013078389
685 0.8089550388486761
686 0.8048985713406613
687 0.825766050188165
688 0.8094048525157728
689 0.8207831043946116
690 0.8328452292241548
Train R2 - DI: 0.371
Val R2 - DI: 0.175
Test R2 - DI: 0.102
691 0.8231550442545037
692 0.8200903999178033
693 0.8237734681681583
694 0.8030254395384537
695 0.806839234577982
696 0.814168329615342
697 0.8378766329664933
698 0.8182737613979139
699 0.8057211982576471
700 0.8006181127146671
Train R2 - DI: 0.373
Val R2 - DI: 0.176
Test R2 - DI: 0.102
701 0.7815223624831752
702 0.8277939739980196
703 0.8026285748732718
704 0.8020113430525128
705 0.7817737936973572
706 0.8053619748667666
707 0.8129101370510302
708 0.8133351068747671
709 0.8339131148237932
710 0.8327954969908061
Train R2 - DI: 0.373
Val R2 - DI: 0.174
Test R2 - DI: 0.101
711 0.8264818925606577
712 0.8237943774775455
713 0.8275650112252486
714 0.8320340608295641
715 0.8197130435391476
716 0.8317532332319962
717 0.8213348024769833
718 0.8123869268517745
719 0.8173815545282865
720 0.8140617282767045
Train R2 - DI: 0.374
Val R2 - DI: 0.175
Test R2 - DI: 0.102
721 0.8363314264699032
722 0.8039352987941942
723 0.8025861545612938
724 0.8094050269377859
725 0.7972824724097001
726 0.8263366322768362
727 0.8143013483599613
728 0.8159269100741336
729 0.8136658147761696
730 0.8028981227623789
Train R2 - DI: 0.376
Val R2 - DI: 0.175
Test R2 - DI: 0.100
731 0.79599668226744
732 0.8012860875380666
733 0.8186766712289107
734 0.79867735285508
735 0.7988271757176048
736 0.8110276711614508
737 0.7901321611906352
738 0.8133557256899382
739 0.8050621660132157
740 0.8232528153218721
Train R2 - DI: 0.376
Val R2 - DI: 0.174
Test R2 - DI: 0.099
741 0.7840340564125463
742 0.8099828538141752
743 0.7835073144812333
744 0.8224817897144117
745 0.7926225455183732
746 0.8195680335948342
747 0.7993069880887081
748 0.8095687138406854
749 0.8207935552848012
750 0.8146562319052847
Train R2 - DI: 0.377
Val R2 - DI: 0.175
Test R2 - DI: 0.099
751 0.804752198645943
752 0.8046794979195846
753 0.7912582127671492
754 0.8335296047361274
755 0.8124300442243877
756 0.8003339535311649
757 0.7959761042343942
758 0.7948758006095886
759 0.7970328851750023
760 0.792041139853628
Train R2 - DI: 0.379
Val R2 - DI: 0.176
Test R2 - DI: 0.101
761 0.8001544218314321
762 0.8114953084995872
763 0.8036726531229521
764 0.8055543786601016
765 0.8159037715510318
766 0.8172635862701818
767 0.8070118032003704
768 0.8187953817216973
769 0.7908611962669774
770 0.8063948072885212
Train R2 - DI: 0.380
Val R2 - DI: 0.175
Test R2 - DI: 0.101
771 0.8245818734169006
772 0.8113983455457185
773 0.7849098688677738
774 0.7906256468672501
775 0.7997250456559031
776 0.8522983764347277
777 0.791255259513855
778 0.8221909246946636
779 0.7907951624769913
780 0.7953561632256759
Train R2 - DI: 0.380
Val R2 - DI: 0.174
Test R2 - DI: 0.100
781 0.8113791647710298
782 0.7938765299947639
783 0.8049539697797675
784 0.7966374183955945
785 0.7899379297306663
786 0.7878019376804954
787 0.7830388809505262
788 0.7927609324455261
789 0.7882878165496023
790 0.7956248659836619
Train R2 - DI: 0.382
Val R2 - DI: 0.174
Test R2 - DI: 0.101
791 0.7904772777306406
792 0.8122634919066178
793 0.8101674111265885
794 0.794722664983649
795 0.8021286901674772
796 0.800758661721882
797 0.7963750368670414
798 0.8210655501014308
799 0.8071550883744892
800 0.7923908873608237
Train R2 - DI: 0.383
Val R2 - DI: 0.175
Test R2 - DI: 0.101
0.18172238216542658
Test R2 - DI: 0.101
Test R2 - DI: 0.109
Deep_google_real
batch_size =  128 lr =  1e-06 wd =  10.0
1520 317 303
cuda:0
Using SGD
1 4.021435893209357
2 3.863423375079506
3 3.667253509320711
4 3.424355301104094
5 3.1311849267859206
6 2.9251409003609106
7 2.79748965564527
8 2.625822639465332
9 2.4857036038448936
10 2.399088360133924
Train R2 - DI: -0.873
Val R2 - DI: -0.938
Test R2 - DI: -1.044
11 2.3506050059669894
12 2.1919054759176153
13 2.105461399178756
14 2.06112854104293
15 1.9683458202763608
16 1.9278050410120111
17 1.8488128034692062
18 1.7262690995868883
19 1.8139734117608322
20 1.7519538590782566
Train R2 - DI: -0.319
Val R2 - DI: -0.377
Test R2 - DI: -0.510
21 1.720239712062635
22 1.6797994814421002
23 1.6324303150177002
24 1.5528106727098163
25 1.5125447812833284
26 1.5226453668192814
27 1.5433003827145224
28 1.4527130829660515
29 1.4326210536454853
30 1.3975653372312846
Train R2 - DI: -0.076
Val R2 - DI: -0.142
Test R2 - DI: -0.277
31 1.3841341106515181
32 1.3900493207730744
33 1.3920343298661082
34 1.3471471610822177
35 1.340583772408335
36 1.343236786440799
37 1.294168858779104
38 1.2707739152406392
39 1.2940118061868768
40 1.267759360765156
Train R2 - DI: 0.047
Val R2 - DI: -0.027
Test R2 - DI: -0.152
41 1.2284800190674632
42 1.2808880956549393
43 1.2150303301058318
44 1.2228767219342684
45 1.2305009013728092
46 1.1725125613965486
47 1.1703669573131361
48 1.1662093532712836
49 1.1963853622737683
50 1.1913345148688868
Train R2 - DI: 0.119
Val R2 - DI: 0.042
Test R2 - DI: -0.076
51 1.1554214477539062
52 1.1670590852436267
53 1.1700998343919453
54 1.1163519457766884
55 1.1558793958864715
56 1.1295100224645513
57 1.11705186116068
58 1.1310860282496402
59 1.1218116986124138
60 1.099158381160937
Train R2 - DI: 0.157
Val R2 - DI: 0.074
Test R2 - DI: -0.030
61 1.1054271948964973
62 1.0836705759951943
63 1.0969306356028508
64 1.0718353986740112
65 1.0941592881554052
66 1.0850486805564479
67 1.0812775536587365
68 1.0673151631104318
69 1.0707713842391968
70 1.0821862484279432
Train R2 - DI: 0.184
Val R2 - DI: 0.097
Test R2 - DI: 0.000
71 1.0832327591745476
72 1.0672285857953523
73 1.0521445650803416
74 1.0769782367505525
75 1.079560899734497
76 1.0520847276637428
77 1.0455240023763557
78 1.0593312558374908
79 1.0215974864206816
80 1.067053609145315
Train R2 - DI: 0.205
Val R2 - DI: 0.117
Test R2 - DI: 0.022
81 1.0500507041027671
82 1.030357491342645
83 1.0577226971325122
84 1.0336334843384591
85 1.0037384095944857
86 1.000761570428547
87 1.0142521870763679
88 1.0409347383599532
89 1.023021095677426
90 1.0417792583766736
Train R2 - DI: 0.212
Val R2 - DI: 0.120
Test R2 - DI: 0.033
91 1.0171917036959999
92 0.998264257531417
93 1.0184076070785522
94 1.0421492840114392
95 1.0265404236944098
96 1.0050206905917118
97 1.024713834963347
98 1.0398048865167717
99 0.9962956541462948
100 1.0066932138643767
Train R2 - DI: 0.221
Val R2 - DI: 0.128
Test R2 - DI: 0.043
101 1.0104417549936395
102 0.9877991400266949
103 1.0009224251696938
104 1.0149859390760723
105 1.0049214676806801
106 0.9832997535404406
107 0.986988892053303
108 0.9839825718026413
109 1.0161350714532953
110 1.002938059129213
Train R2 - DI: 0.229
Val R2 - DI: 0.134
Test R2 - DI: 0.050
111 0.9793181293889096
112 1.0014907862010756
113 0.990312153414676
114 0.9892677118903712
115 0.9853674035323293
116 0.980960426205083
117 0.9845727788774591
118 0.9847204885984722
119 0.9882539171921579
120 0.9853303081110905
Train R2 - DI: 0.228
Val R2 - DI: 0.130
Test R2 - DI: 0.051
121 0.9948281978306017
122 0.9615269899368286
123 0.9688381684453864
124 0.9644783446663304
125 0.9757245484151338
126 0.9825383198888679
127 0.9965121827627483
128 0.9821858581743742
129 0.9755441138618871
130 0.9577337842238577
Train R2 - DI: 0.233
Val R2 - DI: 0.135
Test R2 - DI: 0.055
131 0.9774786133515208
132 0.9598002258100008
133 1.0025199902685065
134 0.9797789473282663
135 1.000682188335218
136 0.9755775991239046
137 0.9724067110764353
138 0.9691009295614142
139 0.9969922705700524
140 0.9950982595744886
Train R2 - DI: 0.235
Val R2 - DI: 0.135
Test R2 - DI: 0.057
141 0.986749361690722
142 0.9593682471074556
143 0.9666006169821086
144 0.9720986429013704
145 0.9675329051519695
146 0.9677645055871261
147 0.9729967895307039
148 0.9699364894314816
149 0.9796946858104907
150 0.9851818661940726
Train R2 - DI: 0.237
Val R2 - DI: 0.136
Test R2 - DI: 0.058
151 0.9496280795649479
152 0.9766016928773177
153 0.9598476736169113
154 0.9739057139346474
155 0.9723789936617802
156 0.9702795229460064
157 0.9499481866234227
158 0.9674330585881283
159 0.960218085740742
160 0.9656096069436324
Train R2 - DI: 0.234
Val R2 - DI: 0.130
Test R2 - DI: 0.055
161 0.9846224420949032
162 0.9757508089667872
163 0.9386988388864618
164 0.9794548561698512
165 0.9615396549827174
166 0.9659585620227613
167 0.9560382215600265
168 0.9629079787354721
169 0.9528093381931907
170 0.9619527685014825
Train R2 - DI: 0.235
Val R2 - DI: 0.129
Test R2 - DI: 0.055
171 0.9564536307987413
172 0.9722366094589233
173 0.9633603196395071
174 0.974068400106932
175 0.9614406610790052
176 0.944116325127451
177 0.9485505292290135
178 0.9644460778487356
179 0.955384023565995
180 0.9623657496351945
Train R2 - DI: 0.233
Val R2 - DI: 0.125
Test R2 - DI: 0.053
181 0.9771606018668727
182 0.9696189089825279
183 0.9576431776347913
184 0.9576035581137005
185 0.950606241979097
186 0.9458856871253566
187 0.979470736102054
188 0.9559672594070434
189 0.9403465195706017
190 0.964711858724293
Train R2 - DI: 0.233
Val R2 - DI: 0.125
Test R2 - DI: 0.053
191 0.9507298206028185
192 0.97540821276213
193 0.9594214489585475
194 0.9589924987993742
195 0.96137930719476
196 0.9557295077725461
197 0.9612693184300473
198 0.9502970563737969
199 0.9437557207910638
200 0.9629688783695823
Train R2 - DI: 0.233
Val R2 - DI: 0.123
Test R2 - DI: 0.051
201 0.9710967741514507
202 0.9592659341661554
203 0.9728122673536602
204 0.9625308714414897
205 0.9858507909272847
206 0.9562348560283058
207 0.9615947221454821
208 0.9545749187469482
209 0.9624710735521819
210 0.9753206127568295
Train R2 - DI: 0.235
Val R2 - DI: 0.124
Test R2 - DI: 0.052
211 0.973374240649374
212 0.9531011079487047
213 0.9729630846726267
214 0.9495584061271266
215 0.9588306652872186
216 0.9685247170297723
217 0.9663801469300922
218 0.9533629003324007
219 0.954051335234391
220 0.9638677873109517
Train R2 - DI: 0.232
Val R2 - DI: 0.120
Test R2 - DI: 0.048
221 0.9399494786011545
222 0.9673722536940323
223 0.9446756099399768
224 0.9488582931066815
225 0.9635029366141872
226 0.9649949839240626
227 0.9646716211971483
228 0.9583804870906629
229 0.9593191924848055
230 0.9523753592842503
Train R2 - DI: 0.225
Val R2 - DI: 0.110
Test R2 - DI: 0.041
231 0.9667041038212023
232 0.9497501310549284
233 0.9752347394039756
234 0.9611174307371441
235 0.9708696108115347
236 0.9688903934077213
237 0.9665572938166167
238 0.9642478616614091
239 0.9549180394724796
240 0.9481770571909452
Train R2 - DI: 0.227
Val R2 - DI: 0.112
Test R2 - DI: 0.042
241 0.9467767828389217
242 0.9509684487393028
243 0.9600098961278012
244 0.9606361269950867
245 0.9752580354088232
246 0.9516000910809166
247 0.9643385096600181
248 0.974683834377088
249 0.9678200113145928
250 0.9758136742993405
Train R2 - DI: 0.225
Val R2 - DI: 0.108
Test R2 - DI: 0.038
251 0.9690133408496254
252 0.9548568436973973
253 0.9549649395440755
254 0.96025087958888
255 0.9570594706033405
256 0.9624667782532541
257 0.9700971948473077
258 0.9455466345736855
259 0.9672878510073611
260 0.9578359754461991
Train R2 - DI: 0.222
Val R2 - DI: 0.104
Test R2 - DI: 0.035
261 0.9705308958103782
262 0.9715490629798488
263 0.9488145702763607
264 0.9653255374808061
265 0.94782706436358
266 0.9614438747104845
267 0.9637923228113274
268 0.9703271539587723
269 0.9618790224978798
270 0.9635804270443163
Train R2 - DI: 0.215
Val R2 - DI: 0.095
Test R2 - DI: 0.028
271 0.9654480156145597
272 0.9648415628232454
273 0.9661596066073368
274 0.9595741133940847
275 0.9544067934939736
276 0.9492311145129957
277 0.9689836865977237
278 0.9759236185174239
279 0.948637834975594
280 0.9846720739414817
Train R2 - DI: 0.217
Val R2 - DI: 0.097
Test R2 - DI: 0.030
281 0.961073731121264
282 0.9683915822129501
283 0.9669067106748882
284 0.970524703828912
285 0.9634290990076567
286 0.9832120054646543
287 0.9667139473714327
288 0.953191538233506
289 0.9614142951212431
290 0.9651480499066805
Train R2 - DI: 0.213
Val R2 - DI: 0.092
Test R2 - DI: 0.026
291 0.972069273496929
292 0.9573640264962849
293 0.965833642608241
294 0.9738450721690529
295 0.962659289962367
296 0.9840857555991724
297 0.9739035179740504
298 0.9551389041699861
299 0.9734073751851132
300 0.9746227327146029
Train R2 - DI: 0.213
Val R2 - DI: 0.090
Test R2 - DI: 0.024
301 0.9659161900219164
302 0.9662320764441239
303 0.9791931077053673
304 0.971023406480488
305 0.9741078125803094
306 0.9784280670316596
307 0.9685011512354801
308 0.9707953898530257
309 0.9846670715432418
310 0.9775085417847884
Train R2 - DI: 0.205
Val R2 - DI: 0.079
Test R2 - DI: 0.016
311 0.9827824009092231
312 0.9820783257484436
313 0.9752305846465261
314 0.9841115531168486
315 0.9812431824834723
316 0.9747699116405688
317 0.971825267139234
318 0.9873397300117894
319 0.9741660933745535
320 0.9802264966462788
Train R2 - DI: 0.203
Val R2 - DI: 0.077
Test R2 - DI: 0.014
321 0.9687674409464786
322 0.9789321849220678
323 0.9697875443257784
324 0.9871765218283001
325 0.9920126525979293
326 0.9735175452734295
327 0.9735040350964195
328 0.980911730465136
329 0.9795604555230392
330 0.9739010735561974
Train R2 - DI: 0.199
Val R2 - DI: 0.071
Test R2 - DI: 0.010
331 0.9954887540716874
332 0.9720163721787302
333 0.9907324514890972
334 0.9893707250293933
335 0.9820759961479588
336 0.9969120609132867
337 0.9747479388588354
338 0.9980527212745265
339 0.9922025429575067
340 0.9726447538325661
Train R2 - DI: 0.197
Val R2 - DI: 0.067
Test R2 - DI: 0.007
341 0.9811355239466617
342 0.9948698978675039
343 0.9858400257010209
344 0.9804388780342905
345 0.9843947335293418
346 0.9880041473790219
347 0.9907592334245381
348 0.9869655722065975
349 0.9964797170538652
350 0.9856669488706087
Train R2 - DI: 0.191
Val R2 - DI: 0.060
Test R2 - DI: 0.001
351 0.9982228755950928
352 0.9957547501513833
353 0.9934802055358887
354 0.999485253032885
355 0.9938223223937185
356 0.9944412043220119
357 1.0074318546997874
358 0.9846359290574727
359 0.9890548304507607
360 0.9950865795737819
Train R2 - DI: 0.187
Val R2 - DI: 0.054
Test R2 - DI: -0.002
361 1.0109573326612773
362 1.0048098350826062
363 0.9903850229162919
364 1.0082812403377734
365 0.9806818422518279
366 1.0030088136070654
367 1.0117332533786172
368 0.9943121288952075
369 0.9946098434297662
370 0.9991996074977674
Train R2 - DI: 0.183
Val R2 - DI: 0.048
Test R2 - DI: -0.007
371 0.986075254490501
372 0.9983261202511035
373 0.9956591041464554
374 1.0138066235341523
375 1.015037062293605
376 1.0018907578367935
377 0.9931907453035054
378 1.0029344684199284
379 1.0064787023945858
380 0.9966681718826294
Train R2 - DI: 0.178
Val R2 - DI: 0.042
Test R2 - DI: -0.012
381 1.0120517592681082
382 1.0138529915558665
383 1.0112669311071698
384 1.0022884544573332
385 1.0047497046621223
386 1.0034692701540495
387 1.0005239549436067
388 1.0161680309396042
389 1.0128809809684753
390 1.01617011271025
Train R2 - DI: 0.173
Val R2 - DI: 0.035
Test R2 - DI: -0.017
391 1.0086893746727392
392 1.0164924069454795
393 1.0131257326979386
394 1.0169452849187348
395 1.018129146726508
396 0.9961068655315198
397 1.0159286593136034
398 1.025553237764459
399 1.008503428258394
400 1.0186084747314452
Train R2 - DI: 0.168
Val R2 - DI: 0.028
Test R2 - DI: -0.023
401 1.0214401558825845
402 1.0322750129197773
403 1.0043967799136513
404 1.0136586904525757
405 1.033415480663902
406 1.005470471633108
407 1.0227990828062359
408 1.0137021478853727
409 1.0078844766867787
410 1.0179636183537935
Train R2 - DI: 0.162
Val R2 - DI: 0.021
Test R2 - DI: -0.028
411 1.024513296077126
412 1.027700662612915
413 1.0139538150084646
414 1.0073661377555445
415 1.015452746341103
416 1.0230690403988487
417 1.0389395575774343
418 1.025564966703716
419 1.027228664097033
420 1.0080935566048874
Train R2 - DI: 0.161
Val R2 - DI: 0.018
Test R2 - DI: -0.030
421 1.0145461797714233
422 1.0179039007739017
423 1.0373314267710636
424 1.026134204864502
425 1.0295906267668071
426 1.0187070514026442
427 1.0320568335683722
428 1.0240507885029442
429 1.0259040863890396
430 1.0327694265465988
Train R2 - DI: 0.149
Val R2 - DI: 0.003
Test R2 - DI: -0.043
431 1.0210208804983842
432 1.0418753548672324
433 1.0338445010938142
434 1.0447663834220484
435 1.0208481023186131
436 1.0449414290879901
437 1.0459921385112563
438 1.0373837050638701
439 1.0514199859217594
440 1.0429787723641646
Train R2 - DI: 0.149
Val R2 - DI: 0.002
Test R2 - DI: -0.042
441 1.0387549895989268
442 1.0418747751336348
443 1.0459082126617432
444 1.0370541177297894
445 1.0455221602791234
446 1.0475674641759771
447 1.0364343517705015
448 1.0387066251353214
449 1.041424254367226
450 1.0573238021449038
Train R2 - DI: 0.142
Val R2 - DI: -0.006
Test R2 - DI: -0.049
451 1.0464973499900416
452 1.046751572583851
453 1.047061428270842
454 1.048084215113991
455 1.0540393227025082
456 1.0484207956414473
457 1.0540267392208702
458 1.0532750531246788
459 1.0488148563786557
460 1.043309783935547
Train R2 - DI: 0.136
Val R2 - DI: -0.014
Test R2 - DI: -0.056
461 1.0517314835598595
462 1.0567228179228934
463 1.0660248003507915
464 1.051955283315558
465 1.0581707866568315
466 1.0581608119763826
467 1.0475288993433902
468 1.0716689021963821
469 1.0557042674014443
470 1.0732793092727662
Train R2 - DI: 0.136
Val R2 - DI: -0.014
Test R2 - DI: -0.055
471 1.0447277144381875
472 1.0590010009313884
473 1.062675276555513
474 1.0561348124554282
475 1.0659013409363596
476 1.0655692451878598
477 1.0601246313044899
478 1.074095680839137
479 1.0616535199315924
480 1.05645884840112
Train R2 - DI: 0.121
Val R2 - DI: -0.031
Test R2 - DI: -0.070
481 1.06435134912792
482 1.0750205479170147
483 1.0667204442777132
484 1.0632564143130654
485 1.0731234148928994
486 1.066539646449842
487 1.0677718953082436
488 1.08537128473583
489 1.0707172682410793
490 1.0717899498186614
Train R2 - DI: 0.114
Val R2 - DI: -0.040
Test R2 - DI: -0.077
491 1.0731312707850809
492 1.0787011811607763
493 1.0866917748200267
494 1.0754948967381528
495 1.0649078231108815
496 1.0781902915553043
497 1.0813498710331164
498 1.0714001605385228
499 1.0826148635462711
500 1.0874161306180452
Train R2 - DI: 0.114
Val R2 - DI: -0.040
Test R2 - DI: -0.077
501 1.089937747152228
502 1.080627367371007
503 1.0866968336858247
504 1.0840204351826719
505 1.077495221087807
506 1.0841062294809443
507 1.0795931853746112
508 1.0920512462917127
509 1.087125600011725
510 1.0975184459435312
Train R2 - DI: 0.102
Val R2 - DI: -0.055
Test R2 - DI: -0.089
511 1.0831276855970684
512 1.088826837037739
513 1.0794591000205591
514 1.093151917583064
515 1.0861612131721095
516 1.0818689647473787
517 1.0945991340436434
518 1.0926578634663633
519 1.0941513889714292
520 1.086696303518195
Train R2 - DI: 0.093
Val R2 - DI: -0.066
Test R2 - DI: -0.098
521 1.0978876615825452
522 1.0833868277700325
523 1.1040714207448457
524 1.0996256125600714
525 1.085346575787193
526 1.089762346368087
527 1.10782386629205
528 1.099626828494825
529 1.0954286462382266
530 1.1095490443079095
Train R2 - DI: 0.092
Val R2 - DI: -0.067
Test R2 - DI: -0.098
531 1.0935973857578478
532 1.09340860718175
533 1.0997513193833202
534 1.1141320943832398
535 1.1137771832315546
536 1.1123961674539666
537 1.0839968706432141
538 1.0994517313806633
539 1.1019060134887695
540 1.122473554862173
Train R2 - DI: 0.085
Val R2 - DI: -0.076
Test R2 - DI: -0.105
541 1.1074346655293514
542 1.1152939307062248
543 1.1117230490634316
544 1.1216873068558542
545 1.1163659817294072
546 1.119628832214757
547 1.1190169183831467
548 1.1246756654036671
549 1.1277224427775332
550 1.1270655255568656
Train R2 - DI: 0.077
Val R2 - DI: -0.087
Test R2 - DI: -0.114
551 1.1213256271261918
552 1.1124659086528577
553 1.1250683408034474
554 1.1263070206893118
555 1.1168279020409835
556 1.1161282539367676
557 1.1223497440940455
558 1.1288011325033087
559 1.1213331247630873
560 1.133979801127785
Train R2 - DI: 0.068
Val R2 - DI: -0.098
Test R2 - DI: -0.123
561 1.129258882372003
562 1.134613639429996
563 1.1251727982571251
564 1.1402202054073935
565 1.12986334248593
566 1.1322650595715171
567 1.121695129494918
568 1.1358790096483733
569 1.1343182450846623
570 1.1375076933910973
Train R2 - DI: 0.060
Val R2 - DI: -0.108
Test R2 - DI: -0.132
571 1.1382760888651797
572 1.1339791473589445
573 1.1280082696362546
574 1.1364491192918076
575 1.1329810707192671
576 1.1371140856491893
577 1.1359565609379818
578 1.1451305740757993
579 1.155480810843016
580 1.153602297682511
Train R2 - DI: 0.053
Val R2 - DI: -0.116
Test R2 - DI: -0.139
581 1.1354355699137637
582 1.1400876095420436
583 1.1499381466915732
584 1.1490236332542019
585 1.1448982954025269
586 1.1460723098955656
587 1.1487830814562345
588 1.151689826814752
589 1.145185038917943
590 1.1556932625017668
Train R2 - DI: 0.059
Val R2 - DI: -0.110
Test R2 - DI: -0.132
591 1.1529475952449597
592 1.151480958336278
593 1.1610017312200447
594 1.1475467405821147
595 1.1520564104381361
596 1.1552422510950189
597 1.154316742796647
598 1.1577626793008102
599 1.15999493598938
600 1.1668397401508532
Train R2 - DI: 0.044
Val R2 - DI: -0.128
Test R2 - DI: -0.148
601 1.147383525497035
602 1.1694677177228425
603 1.1675554990768433
604 1.1658358900170578
605 1.1636497259140015
606 1.1619217056977122
607 1.1841797627900776
608 1.1746549192227815
609 1.1645059861634908
610 1.1659913213629471
Train R2 - DI: 0.039
Val R2 - DI: -0.135
Test R2 - DI: -0.153
611 1.1703041202143618
612 1.179255525689376
613 1.1709810307151394
614 1.1819426963203832
615 1.1738903296621221
616 1.1738079855316563
617 1.1753909801181994
618 1.1722877075797633
619 1.1766819753144917
620 1.1743878483772279
Train R2 - DI: 0.028
Val R2 - DI: -0.148
Test R2 - DI: -0.164
621 1.1826696113536233
622 1.1845532404749017
623 1.183971565648129
624 1.1927417303386487
625 1.1843640917225888
626 1.1897582919974077
627 1.1816252708435058
628 1.1891532471305446
629 1.1819402167671604
630 1.1969126588419865
Train R2 - DI: 0.023
Val R2 - DI: -0.154
Test R2 - DI: -0.169
631 1.1860666036605836
632 1.193003138742949
633 1.190418401517366
634 1.1900263478881434
635 1.192324423789978
636 1.1952352668109694
637 1.1966720643796418
638 1.1932904921079936
639 1.193533874812879
640 1.2008109494259482
Train R2 - DI: 0.013
Val R2 - DI: -0.166
Test R2 - DI: -0.179
641 1.1926857195402447
642 1.205745614202399
643 1.197658491762061
644 1.1900252517900969
645 1.2044467587220042
646 1.2044557797281366
647 1.2047787729062531
648 1.2063141747524864
649 1.2094090813084653
650 1.2124947987104717
Train R2 - DI: 0.002
Val R2 - DI: -0.179
Test R2 - DI: -0.191
651 1.2106696837826778
652 1.2061912699749595
653 1.221812235681634
654 1.2110442575655485
655 1.2070392683932656
656 1.2167112199883712
657 1.2141853683873227
658 1.2045679368470845
659 1.2049992987984106
660 1.2252509744543778
Train R2 - DI: -0.010
Val R2 - DI: -0.192
Test R2 - DI: -0.203
661 1.2243873069160862
662 1.2075211926510458
663 1.2182804571954828
664 1.2130341504749498
665 1.2242610630236175
666 1.2288439863606504
667 1.223167758238943
668 1.2224883104625501
669 1.226122928920545
670 1.2269923260337428
Train R2 - DI: -0.017
Val R2 - DI: -0.201
Test R2 - DI: -0.211
671 1.2256273119073164
672 1.2273910911459671
673 1.2378630964379562
674 1.2280407667160034
675 1.2343765697981182
676 1.230680543497989
677 1.2353346222325374
678 1.2301761526810495
679 1.2324466768063997
680 1.2357359948911164
Train R2 - DI: -0.019
Val R2 - DI: -0.202
Test R2 - DI: -0.212
681 1.2292905349480479
682 1.236097190254613
683 1.2416203825097336
684 1.247365695551822
685 1.2377158139881335
686 1.2427159284290514
687 1.241891170175452
688 1.2399468497226114
689 1.2422212738739817
690 1.2480006983405665
Train R2 - DI: -0.031
Val R2 - DI: -0.215
Test R2 - DI: -0.225
691 1.2556913124887568
692 1.2489475614146182
693 1.2608954253949618
694 1.2526730499769512
695 1.257762592717221
696 1.2513567033566926
697 1.2498794794082642
698 1.256503223118029
699 1.2555669884932668
700 1.2595849614394339
Train R2 - DI: -0.038
Val R2 - DI: -0.223
Test R2 - DI: -0.232
701 1.2554328830618606
702 1.2611171007156372
703 1.2648938768788387
704 1.2642530867927952
705 1.2678663096929852
706 1.2674157493992855
707 1.2600739880612022
708 1.2623115564647474
709 1.2812483097377576
710 1.278752138740138
Train R2 - DI: -0.057
Val R2 - DI: -0.244
Test R2 - DI: -0.251
711 1.2769191817233436
712 1.2543770125037745
713 1.2715478194387335
714 1.285888281621431
715 1.2707822360490497
716 1.2863187175048025
717 1.2809539468664872
718 1.29435436600133
719 1.2916227905373825
720 1.2900257612529553
Train R2 - DI: -0.059
Val R2 - DI: -0.246
Test R2 - DI: -0.253
721 1.2926754838541934
722 1.2971275931910464
723 1.2824862643292076
724 1.2874128341674804
725 1.2920020090906243
726 1.295899920714529
727 1.2871684601432398
728 1.2951057383888647
729 1.3019449560265792
730 1.2927400212538869
Train R2 - DI: -0.074
Val R2 - DI: -0.263
Test R2 - DI: -0.268
731 1.295210213410227
732 1.3150050891073126
733 1.3035521231199565
734 1.3023476563001934
735 1.3090691340597052
736 1.3083978678050794
737 1.3155215526881971
738 1.314687308512236
739 1.3129925978811163
740 1.318072285150227
Train R2 - DI: -0.092
Val R2 - DI: -0.283
Test R2 - DI: -0.286
741 1.319965460425929
742 1.3162808631595813
743 1.3155837134311075
744 1.3270973481630024
745 1.3199827815357008
746 1.3207663510975085
747 1.3224637847197682
748 1.332658587004009
749 1.3310566601000333
750 1.3391801846654792
Train R2 - DI: -0.109
Val R2 - DI: -0.303
Test R2 - DI: -0.303
751 1.3358351280814722
752 1.3445851953406083
753 1.3354779594822934
754 1.3498663695235
755 1.3478923107448377
756 1.3517178861718429
757 1.3484480757462352
758 1.3487329345000418
759 1.360870247138174
760 1.356295034759923
Train R2 - DI: -0.125
Val R2 - DI: -0.321
Test R2 - DI: -0.319
761 1.3601048306414956
762 1.3615159611952932
763 1.3582358473225644
764 1.3606759912089297
765 1.3710303369321322
766 1.3779643573259053
767 1.3766541317889565
768 1.380743502315722
769 1.3878042183424297
770 1.3901891093505057
Train R2 - DI: -0.145
Val R2 - DI: -0.344
Test R2 - DI: -0.339
771 1.389556360244751
772 1.3862024583314594
773 1.3994008296414426
774 1.39859340065404
775 1.3891484850331357
776 1.3995936970961722
777 1.4014390318017258
778 1.409160798474362
779 1.41827026856573
780 1.3995138080496536
Train R2 - DI: -0.168
Val R2 - DI: -0.371
Test R2 - DI: -0.362
781 1.4084181496971533
782 1.417007965790598
783 1.425699708336278
784 1.419359000105607
785 1.4252426423524556
786 1.427422645217494
787 1.424667485136735
788 1.4290270529295268
789 1.4444706189004999
790 1.435891274402016
Train R2 - DI: -0.195
Val R2 - DI: -0.400
Test R2 - DI: -0.389
791 1.4477306303225066
792 1.4441126622651752
793 1.4419237726613094
794 1.4480359428807308
795 1.4515944041703877
796 1.454768016463832
797 1.4628793967397589
798 1.4609798268267984
799 1.4683979222649022
800 1.4787905304055464
Train R2 - DI: -0.217
Val R2 - DI: -0.426
Test R2 - DI: -0.411
0.13557167611505194
Test R2 - DI: -0.411
Test R2 - DI: 0.058

------------------------------------------------------------
Sender: LSF System <lsfadmin@hpc.dtu.dk>
Subject: Job 14806992: <testjob> in cluster <dcc> Done

Job <testjob> was submitted from host <n-62-30-5> by user <s174503> in cluster <dcc> at Fri Nov 18 22:03:29 2022
Job was executed on host(s) <n-62-20-4>, in queue <gpuv100>, as user <s174503> in cluster <dcc> at Fri Nov 18 22:03:30 2022
</zhome/fd/6/127382> was used as the home directory.
</zhome/fd/6/127382/Desktop/MasterThesis/Master-thesis> was used as the working directory.
Started at Fri Nov 18 22:03:30 2022
Terminated at Sat Nov 19 02:23:57 2022
Results reported at Sat Nov 19 02:23:57 2022

Your job looked like:

------------------------------------------------------------
# LSBATCH: User input
#!/bin/sh
#BSUB -q gpuv100
#BSUB -J testjob
#BSUB -n 1
#BSUB -gpu "num=1:mode=exclusive_process"
#BSUB -W 18:00
#BSUB -R "rusage[mem=5GB]"
#BSUB -o outputs/gpu_%J.out
#BSUB -e outputs/errors/gpu_%J.err

nvidia-smi
module load cuda/11.6

/appl/cuda/11.6.0/samples/bin/x86_64/linux/release/deviceQuery

source $HOME/miniconda3/bin/activate
source venv_1/bin/activate

python3 main.py Deep_google_real 128 1e-6 0.1 800 r_2_4_sgd_10wd01 7 SGD
python3 main.py Deep_google_real 128 1e-6 1 800 r_2_4_sgd_10wd1 7 SGD
python3 main.py Deep_google_real 128 1e-6 10 800 r_2_4_sgd_10wd10 7 SGD

------------------------------------------------------------

Successfully completed.

Resource usage summary:

    CPU time :                                   13210.44 sec.
    Max Memory :                                 2249 MB
    Average Memory :                             2209.25 MB
    Total Requested Memory :                     5120.00 MB
    Delta Memory :                               2871.00 MB
    Max Swap :                                   -
    Max Processes :                              4
    Max Threads :                                8
    Run time :                                   15717 sec.
    Turnaround time :                            15628 sec.

The output (if any) is above this job summary.



PS:

Read file <outputs/errors/gpu_14806992.err> for stderr output of this job.

