Fri Nov 18 22:06:25 2022       
+-----------------------------------------------------------------------------+
| NVIDIA-SMI 520.61.05    Driver Version: 520.61.05    CUDA Version: 11.8     |
|-------------------------------+----------------------+----------------------+
| GPU  Name        Persistence-M| Bus-Id        Disp.A | Volatile Uncorr. ECC |
| Fan  Temp  Perf  Pwr:Usage/Cap|         Memory-Usage | GPU-Util  Compute M. |
|                               |                      |               MIG M. |
|===============================+======================+======================|
|   0  Tesla V100-PCIE...  On   | 00000000:D8:00.0 Off |                    0 |
| N/A   29C    P0    38W / 250W |      0MiB / 32768MiB |      0%   E. Process |
|                               |                      |                  N/A |
+-------------------------------+----------------------+----------------------+
                                                                               
+-----------------------------------------------------------------------------+
| Processes:                                                                  |
|  GPU   GI   CI        PID   Type   Process name                  GPU Memory |
|        ID   ID                                                   Usage      |
|=============================================================================|
|  No running processes found                                                 |
+-----------------------------------------------------------------------------+
/appl/cuda/11.6.0/samples/bin/x86_64/linux/release/deviceQuery Starting...

 CUDA Device Query (Runtime API) version (CUDART static linking)

Detected 1 CUDA Capable device(s)

Device 0: "Tesla V100-PCIE-32GB"
  CUDA Driver Version / Runtime Version          11.8 / 11.6
  CUDA Capability Major/Minor version number:    7.0
  Total amount of global memory:                 32511 MBytes (34089926656 bytes)
  (080) Multiprocessors, (064) CUDA Cores/MP:    5120 CUDA Cores
  GPU Max Clock rate:                            1380 MHz (1.38 GHz)
  Memory Clock rate:                             877 Mhz
  Memory Bus Width:                              4096-bit
  L2 Cache Size:                                 6291456 bytes
  Maximum Texture Dimension Size (x,y,z)         1D=(131072), 2D=(131072, 65536), 3D=(16384, 16384, 16384)
  Maximum Layered 1D Texture Size, (num) layers  1D=(32768), 2048 layers
  Maximum Layered 2D Texture Size, (num) layers  2D=(32768, 32768), 2048 layers
  Total amount of constant memory:               65536 bytes
  Total amount of shared memory per block:       49152 bytes
  Total shared memory per multiprocessor:        98304 bytes
  Total number of registers available per block: 65536
  Warp size:                                     32
  Maximum number of threads per multiprocessor:  2048
  Maximum number of threads per block:           1024
  Max dimension size of a thread block (x,y,z): (1024, 1024, 64)
  Max dimension size of a grid size    (x,y,z): (2147483647, 65535, 65535)
  Maximum memory pitch:                          2147483647 bytes
  Texture alignment:                             512 bytes
  Concurrent copy and kernel execution:          Yes with 7 copy engine(s)
  Run time limit on kernels:                     No
  Integrated GPU sharing Host Memory:            No
  Support host page-locked memory mapping:       Yes
  Alignment requirement for Surfaces:            Yes
  Device has ECC support:                        Enabled
  Device supports Unified Addressing (UVA):      Yes
  Device supports Managed Memory:                Yes
  Device supports Compute Preemption:            Yes
  Supports Cooperative Kernel Launch:            Yes
  Supports MultiDevice Co-op Kernel Launch:      Yes
  Device PCI Domain ID / Bus ID / location ID:   0 / 216 / 0
  Compute Mode:
     < Exclusive Process (many threads in one process is able to use ::cudaSetDevice() with this device) >

deviceQuery, CUDA Driver = CUDART, CUDA Driver Version = 11.8, CUDA Runtime Version = 11.6, NumDevs = 1
Result = PASS
Deep_google
batch_size =  128 lr =  1e-06 wd =  1.0
5261 1164 1155
cuda:0
Using SGD
1 3.8063650534556768
2 2.8704131045646935
3 2.2402180397018827
4 1.9022419534239836
5 1.6471376866357132
6 1.4858148797023798
7 1.3674823873125992
8 1.2913355962832693
9 1.2051818280862643
10 1.1638911082997927
Train R2 - DI: 0.031
Val R2 - DI: -0.189
Test R2 - DI: -0.137
11 1.1414276426950123
12 1.0946927940612101
13 1.0549552369493878
14 1.0414782676423056
15 1.0488429494942806
16 1.0083976735567508
17 1.0202339400675922
18 0.9794119984517644
19 0.9876496769180544
20 0.9840488782787341
Train R2 - DI: 0.198
Val R2 - DI: -0.027
Test R2 - DI: 0.047
21 0.9701561433828007
22 0.9574819198581026
23 0.9603503454413574
24 0.9564759920835721
25 0.951137910401769
26 0.9392064092866687
27 0.9406243984723268
28 0.9363536397850212
29 0.9186744407722873
30 0.9394665113580338
Train R2 - DI: 0.240
Val R2 - DI: 0.021
Test R2 - DI: 0.082
31 0.9331300970300752
32 0.9131407761750532
33 0.9233852542074341
34 0.9024704761818728
35 0.9261708994642271
36 0.9138125941862604
37 0.8955800922577246
38 0.9064323040972733
39 0.9054268581788818
40 0.8857365766194265
Train R2 - DI: 0.268
Val R2 - DI: 0.056
Test R2 - DI: 0.112
41 0.8793076837364201
42 0.8968286225265977
43 0.8879752321357488
44 0.8758943701080442
45 0.8906785992473913
46 0.8965090120321353
47 0.8900987892816149
48 0.8811521880290418
49 0.87841370710287
50 0.8843334058327631
Train R2 - DI: 0.283
Val R2 - DI: 0.087
Test R2 - DI: 0.130
51 0.8701785224355506
52 0.8698053409608683
53 0.88079378883482
54 0.8597503769785205
55 0.8712940935149571
56 0.8683174425172072
57 0.8714887437666806
58 0.8625924600618599
59 0.865224359759902
60 0.8508155969380653
Train R2 - DI: 0.300
Val R2 - DI: 0.092
Test R2 - DI: 0.138
61 0.845454837586621
62 0.8578529218330376
63 0.8581875355337492
64 0.8496389018562533
65 0.8529900082207705
66 0.8582846735326357
67 0.852284732992897
68 0.8413457227306116
69 0.8414653154397006
70 0.8416188307371323
Train R2 - DI: 0.307
Val R2 - DI: 0.114
Test R2 - DI: 0.143
71 0.8398891595284129
72 0.8495027900331262
73 0.8433850951304434
74 0.8376756691248375
75 0.8347989757394999
76 0.8263844760555071
77 0.8344785649611954
78 0.8267420033746019
79 0.8440459763634411
80 0.8228230239988801
Train R2 - DI: 0.315
Val R2 - DI: 0.122
Test R2 - DI: 0.147
81 0.8227769261563466
82 0.837690536138835
83 0.8351061070878523
84 0.8325186385512012
85 0.8283697944973567
86 0.8211675191748122
87 0.8345056816417213
88 0.8072257481516824
89 0.8236440781675983
90 0.8163457596750682
Train R2 - DI: 0.322
Val R2 - DI: 0.119
Test R2 - DI: 0.150
91 0.8169717313875787
92 0.8118255773870421
93 0.8068752369031414
94 0.8328269311194864
95 0.8052929285881841
96 0.8002821455842936
97 0.8155145880569186
98 0.8061939237111423
99 0.8165631159882291
100 0.8175966854366008
Train R2 - DI: 0.329
Val R2 - DI: 0.121
Test R2 - DI: 0.152
101 0.8103905198148529
102 0.8186845604037858
103 0.8172517480380724
104 0.7924716151603568
105 0.7923110655999822
106 0.7949351926104602
107 0.7992240159689666
108 0.7938474852013239
109 0.7990454241047112
110 0.7893202220321812
Train R2 - DI: 0.332
Val R2 - DI: 0.128
Test R2 - DI: 0.149
111 0.8041280494445948
112 0.7871348216741672
113 0.7827295462139385
114 0.7889510432172923
115 0.7901961510567991
116 0.7974403715591379
117 0.7890501786288914
118 0.796072182241127
119 0.7801572152404046
120 0.8013693228395147
Train R2 - DI: 0.339
Val R2 - DI: 0.126
Test R2 - DI: 0.153
121 0.8061846531495648
122 0.7741124797651374
123 0.7999356374883806
124 0.7926808188814012
125 0.8036493330179931
126 0.7915651797908405
127 0.7907466652320378
128 0.7899970427889081
129 0.7844446406145101
130 0.7970672441376319
Train R2 - DI: 0.344
Val R2 - DI: 0.121
Test R2 - DI: 0.155
131 0.7834616558244984
132 0.7965603370762578
133 0.7886779476335987
134 0.7908178151186327
135 0.7807622941767075
136 0.780986239924401
137 0.7943793572393395
138 0.7733587052880574
139 0.7896939485704371
140 0.7877007364614951
Train R2 - DI: 0.346
Val R2 - DI: 0.136
Test R2 - DI: 0.160
141 0.7811258251597686
142 0.7803839324907847
143 0.7737422498589889
144 0.7717204681822293
145 0.7742679422741447
146 0.7811087916795121
147 0.7746813408754281
148 0.7800617001283715
149 0.7760414309407386
150 0.7841418096716017
Train R2 - DI: 0.349
Val R2 - DI: 0.138
Test R2 - DI: 0.158
151 0.7674064290226695
152 0.7730454905951709
153 0.7747651779749076
154 0.7763348015468172
155 0.7657651497007572
156 0.7790150582915
157 0.7715286448572417
158 0.7595663796674841
159 0.7794759808792585
160 0.7703575480575685
Train R2 - DI: 0.350
Val R2 - DI: 0.146
Test R2 - DI: 0.160
161 0.7672464704132878
162 0.76195686042728
163 0.7679241456543169
164 0.7660197096787758
165 0.7685272288376831
166 0.7680627996988157
167 0.7624704938915107
168 0.7626858222985353
169 0.7673364820826577
170 0.7673882966008936
Train R2 - DI: 0.357
Val R2 - DI: 0.141
Test R2 - DI: 0.167
171 0.7617427982252556
172 0.7595496303714334
173 0.7551460576429042
174 0.7576620417433396
175 0.7483925685028775
176 0.7645389270564944
177 0.7542476886874527
178 0.7581292929089222
179 0.754795134554705
180 0.7560446556587451
Train R2 - DI: 0.358
Val R2 - DI: 0.141
Test R2 - DI: 0.161
181 0.7477124391388834
182 0.754408413943309
183 0.7705652307385479
184 0.7501011522487868
185 0.7561787374457849
186 0.7383673216731936
187 0.7566313174509136
188 0.7451776884916821
189 0.7521716172852414
190 0.7598115765783321
Train R2 - DI: 0.363
Val R2 - DI: 0.139
Test R2 - DI: 0.168
191 0.7640512191598984
192 0.7494255360304414
193 0.7541525345794875
194 0.7420640928485597
195 0.7525044420648722
196 0.7604854446958847
197 0.7604479239572026
198 0.7511962299404931
199 0.7408042356861881
200 0.7376130428451976
Train R2 - DI: 0.365
Val R2 - DI: 0.133
Test R2 - DI: 0.164
201 0.749968096888625
202 0.7394039502526345
203 0.7435148576891619
204 0.7463701769803056
205 0.738675603563399
206 0.743661112011306
207 0.7441129250527334
208 0.7404191071396657
209 0.7413524065469068
210 0.7439560344341114
Train R2 - DI: 0.368
Val R2 - DI: 0.139
Test R2 - DI: 0.170
211 0.7356157330500492
212 0.7359860742801361
213 0.7350656497707342
214 0.7461218903769877
215 0.7354153048582028
216 0.739852347883338
217 0.7466784626375789
218 0.7400233431633741
219 0.7415269401857006
220 0.7391485519178964
Train R2 - DI: 0.364
Val R2 - DI: 0.147
Test R2 - DI: 0.162
221 0.7405600760105875
222 0.7368075784973445
223 0.7344528707776362
224 0.738179536299478
225 0.7410876796037564
226 0.7327298927252747
227 0.7349391611237373
228 0.7357284846674736
229 0.7487486970671636
230 0.7282421118722309
Train R2 - DI: 0.364
Val R2 - DI: 0.155
Test R2 - DI: 0.162
231 0.74057140364617
232 0.7277793950781671
233 0.7269536196063893
234 0.729837564909057
235 0.7235945773496303
236 0.7197810598050567
237 0.7352043294652835
238 0.7424846558465724
239 0.7268632888975218
240 0.7331095920658637
Train R2 - DI: 0.375
Val R2 - DI: 0.142
Test R2 - DI: 0.175
241 0.7276039600394973
242 0.7237060861405346
243 0.7179448570368567
244 0.7250083744061399
245 0.7276460856590133
246 0.7372241987517705
247 0.7194040347088246
248 0.7244426495243538
249 0.7362511865518502
250 0.7128931225886976
Train R2 - DI: 0.370
Val R2 - DI: 0.156
Test R2 - DI: 0.167
251 0.7215905958789085
252 0.7222950208823823
253 0.7340145042993523
254 0.7218535058603974
255 0.7234973441034052
256 0.7223097612549202
257 0.7155799685923053
258 0.7286442163053563
259 0.7247343939806749
260 0.7206041585626405
Train R2 - DI: 0.375
Val R2 - DI: 0.145
Test R2 - DI: 0.166
261 0.7282350604648804
262 0.7178547036124372
263 0.7165293745658308
264 0.7075797641170816
265 0.7155372587090503
266 0.7297905188756986
267 0.7209386114973552
268 0.7193564056919637
269 0.7221219290732612
270 0.7125545042228663
Train R2 - DI: 0.380
Val R2 - DI: 0.136
Test R2 - DI: 0.175
271 0.7252305555175951
272 0.7209352684823127
273 0.7088837671803332
274 0.7206802621832186
275 0.7346609011051705
276 0.7073678432071057
277 0.7190957373028313
278 0.7340003856573012
279 0.7148661302808709
280 0.709366969522064
Train R2 - DI: 0.377
Val R2 - DI: 0.149
Test R2 - DI: 0.171
281 0.7183787751800546
282 0.7154611246007133
283 0.7103299992525448
284 0.7068881244741902
285 0.7230889072007631
286 0.7141244055381453
287 0.7167319185073057
288 0.7119073345506629
289 0.7144715657276791
290 0.713037786046898
Train R2 - DI: 0.379
Val R2 - DI: 0.154
Test R2 - DI: 0.177
291 0.7098580614975754
292 0.7196540650793908
293 0.7193203733529775
294 0.7101770441379412
295 0.7080546881032747
296 0.7161922465200502
297 0.7144196572310116
298 0.7151644061872021
299 0.7092906355721895
300 0.7069141752614287
Train R2 - DI: 0.383
Val R2 - DI: 0.144
Test R2 - DI: 0.174
301 0.7159374062835071
302 0.7040532158821895
303 0.7103736434932717
304 0.7053418583775672
305 0.7089088834571512
306 0.7114168950483115
307 0.7007138705416747
308 0.6974518687592285
309 0.7069770382896754
310 0.7045017353959511
Train R2 - DI: 0.387
Val R2 - DI: 0.138
Test R2 - DI: 0.181
311 0.6977359184326497
312 0.7048193415723538
313 0.7163481130683361
314 0.7098229638956002
315 0.704027414956353
316 0.7013135387788275
317 0.7066573079967879
318 0.7073903279405563
319 0.6998774370773735
320 0.7038313795282596
Train R2 - DI: 0.382
Val R2 - DI: 0.153
Test R2 - DI: 0.175
321 0.7063220083611566
322 0.7097169257936947
323 0.7062024575996435
324 0.7071650073773461
325 0.6941526095193277
326 0.7084323763280874
327 0.7026481847870919
328 0.7025194688682614
329 0.7079076192674019
330 0.7032789767887447
Train R2 - DI: 0.392
Val R2 - DI: 0.130
Test R2 - DI: 0.188
331 0.6985763225508289
332 0.6992612055806782
333 0.7093672500185086
334 0.6991047530295708
335 0.6975236266675817
336 0.7006963066695829
337 0.6967657989726912
338 0.6992958743770276
339 0.7058804210341264
340 0.6929434110424496
Train R2 - DI: 0.388
Val R2 - DI: 0.148
Test R2 - DI: 0.179
341 0.7026492202775919
342 0.7040299758941043
343 0.7034779169037867
344 0.6940215431087213
345 0.6930994653493319
346 0.699251334820381
347 0.6981490055455656
348 0.7064929152510506
349 0.6990993689887992
350 0.6894282281364784
Train R2 - DI: 0.393
Val R2 - DI: 0.137
Test R2 - DI: 0.178
351 0.6900629034413513
352 0.702352974333706
353 0.6996950761511896
354 0.6936863959458726
355 0.7030045200246207
356 0.695027895627242
357 0.6905761237970166
358 0.6925947511520161
359 0.7030307464138724
360 0.6820558508274968
Train R2 - DI: 0.395
Val R2 - DI: 0.142
Test R2 - DI: 0.192
361 0.691457181341905
362 0.7001806979985138
363 0.703332094973064
364 0.6949772776770651
365 0.6893228360895557
366 0.6886937836802203
367 0.6950376503958355
368 0.6980736985210683
369 0.6970720519937506
370 0.6986164675989751
Train R2 - DI: 0.397
Val R2 - DI: 0.140
Test R2 - DI: 0.188
371 0.6908750849698256
372 0.692568231883146
373 0.6959879466096522
374 0.6947319253930754
375 0.6909331759897118
376 0.6909385647775556
377 0.6831240575478073
378 0.6909405046419326
379 0.6917679159162253
380 0.701699343375257
Train R2 - DI: 0.395
Val R2 - DI: 0.151
Test R2 - DI: 0.185
381 0.6856423768678153
382 0.6851703387842141
383 0.6903372095964001
384 0.694199388980231
385 0.6914673439111803
386 0.6870628250028171
387 0.6853685226192993
388 0.6873391986776952
389 0.6862995345382676
390 0.6810662628828946
Train R2 - DI: 0.401
Val R2 - DI: 0.130
Test R2 - DI: 0.189
391 0.6855780677273345
392 0.6796302748392616
393 0.683903847554636
394 0.6993922047505381
395 0.6825127865261643
396 0.6881655757134008
397 0.6789300396877014
398 0.6747534400132916
399 0.6920738891376059
400 0.684965972618512
Train R2 - DI: 0.399
Val R2 - DI: 0.145
Test R2 - DI: 0.188
401 0.6781067436490533
402 0.6827987227528703
403 0.6803023612186542
404 0.6840113062206907
405 0.6734524665167069
406 0.6779388051208854
407 0.6749297322213615
408 0.6888447379322701
409 0.6759042521434871
410 0.6816514699467233
Train R2 - DI: 0.403
Val R2 - DI: 0.136
Test R2 - DI: 0.189
411 0.688850844978176
412 0.6856185799768002
413 0.6839597475231883
414 0.674820840794921
415 0.6711131749985177
416 0.6782511630069165
417 0.6797204851265802
418 0.675824166647134
419 0.6915500266111027
420 0.6751307836221982
Train R2 - DI: 0.402
Val R2 - DI: 0.150
Test R2 - DI: 0.192
421 0.6767254700182146
422 0.6843947513410289
423 0.6708371288149648
424 0.677991135245923
425 0.6708402063791753
426 0.673461455953051
427 0.6718314888472341
428 0.6847423817852654
429 0.6735134903830826
430 0.6794161689109255
Train R2 - DI: 0.402
Val R2 - DI: 0.152
Test R2 - DI: 0.188
431 0.6781050062886528
432 0.676426874755159
433 0.6795982081634965
434 0.67351969440408
435 0.6843896899425447
436 0.6813757004925471
437 0.6812049158567531
438 0.6721099779545139
439 0.6725339030294993
440 0.6722537342347792
Train R2 - DI: 0.405
Val R2 - DI: 0.143
Test R2 - DI: 0.187
441 0.6742936396775556
442 0.6746648627754128
443 0.6760855756248274
444 0.6792852066583313
445 0.6807205696519258
446 0.6736630958152167
447 0.6812379884076332
448 0.6700431053073341
449 0.6740485032323965
450 0.6719209285567319
Train R2 - DI: 0.406
Val R2 - DI: 0.142
Test R2 - DI: 0.189
451 0.6704124832216766
452 0.674247170691027
453 0.6702973060543559
454 0.6629414415658597
455 0.6753943595249964
456 0.6681451245963947
457 0.6751579323596225
458 0.6718131956594613
459 0.6803598268202923
460 0.6654423495205471
Train R2 - DI: 0.407
Val R2 - DI: 0.147
Test R2 - DI: 0.189
461 0.6714908155600079
462 0.6747309465730991
463 0.6611023683938616
464 0.6707300177954648
465 0.6584317741047813
466 0.6687831780888286
467 0.6645019067158561
468 0.6710646865576806
469 0.6681659891450843
470 0.6686851120543467
Train R2 - DI: 0.409
Val R2 - DI: 0.149
Test R2 - DI: 0.192
471 0.6665155044856849
472 0.6570802564585624
473 0.6734330903563838
474 0.6733065233600387
475 0.676312620842373
476 0.6767818785012845
477 0.6664564655072289
478 0.6670059569320215
479 0.6628766629070956
480 0.6651023677536979
Train R2 - DI: 0.404
Val R2 - DI: 0.155
Test R2 - DI: 0.187
481 0.6622431954063406
482 0.6749324558171408
483 0.6637132904575342
484 0.6644761260415502
485 0.6682391686485739
486 0.6636780686669421
487 0.668596790263327
488 0.6609766538708275
489 0.6750723291454014
490 0.6638290472774763
Train R2 - DI: 0.413
Val R2 - DI: 0.133
Test R2 - DI: 0.191
491 0.6682728160087021
492 0.6705509452533414
493 0.6590599616576319
494 0.6682670956962214
495 0.6674082405133022
496 0.6657202461445157
497 0.6692600403645944
498 0.6556233391406486
499 0.6634436231265841
500 0.6730560767426279
Train R2 - DI: 0.415
Val R2 - DI: 0.136
Test R2 - DI: 0.195
501 0.6612381087217782
502 0.6614908485488732
503 0.6640036714052071
504 0.6631996330313528
505 0.6677048874204998
506 0.6636481673244831
507 0.6667777364006108
508 0.6733921000178471
509 0.6631800209959295
510 0.6586526411949648
Train R2 - DI: 0.416
Val R2 - DI: 0.137
Test R2 - DI: 0.200
511 0.6605821710375184
512 0.6582146662651552
513 0.6599561473508
514 0.6603544465014971
515 0.6572545000048016
516 0.664262303549671
517 0.6594442890139501
518 0.6562025062916873
519 0.658240217227624
520 0.6578870701814781
Train R2 - DI: 0.414
Val R2 - DI: 0.153
Test R2 - DI: 0.194
521 0.6616850943647847
522 0.6610078143543264
523 0.6626054488463765
524 0.6598181961335466
525 0.6586163205988075
526 0.659556747445859
527 0.6541814744370538
528 0.6607798970124042
529 0.6605110105464858
530 0.6607490961621003
Train R2 - DI: 0.418
Val R2 - DI: 0.139
Test R2 - DI: 0.199
531 0.6601932645183941
532 0.661674902548334
533 0.6553758233474067
534 0.6503301887678977
535 0.6544819119832652
536 0.6510018067732892
537 0.6542201727101885
538 0.659946813916009
539 0.6535701996766666
540 0.6554979917282977
Train R2 - DI: 0.416
Val R2 - DI: 0.135
Test R2 - DI: 0.192
541 0.6546453234587892
542 0.655853186150373
543 0.6546470378429077
544 0.6549136538375038
545 0.6584334857358245
546 0.6528743465597968
547 0.6609492928463795
548 0.6459529037780124
549 0.6601535092286569
550 0.6492199363125705
Train R2 - DI: 0.418
Val R2 - DI: 0.145
Test R2 - DI: 0.194
551 0.6635109130091323
552 0.6690141102407079
553 0.6586726818490767
554 0.6575092423259022
555 0.6534106820833092
556 0.6562862867548583
557 0.6545844224668053
558 0.6614259542156322
559 0.6631773241321707
560 0.6483561381757135
Train R2 - DI: 0.416
Val R2 - DI: 0.149
Test R2 - DI: 0.186
561 0.649665102008585
562 0.6540585298249079
563 0.6536909222965389
564 0.6485299959515374
565 0.6581313111124508
566 0.6456951306609912
567 0.6532546603346568
568 0.6500164840389535
569 0.6540253799726609
570 0.6444143267938607
Train R2 - DI: 0.422
Val R2 - DI: 0.136
Test R2 - DI: 0.197
571 0.6511591851563989
572 0.6471721458471313
573 0.6481407878630471
574 0.6476976600374883
575 0.6572117337571467
576 0.6528632468289918
577 0.647969325092713
578 0.6488196348491401
579 0.6529472347131543
580 0.6526081519329917
Train R2 - DI: 0.425
Val R2 - DI: 0.133
Test R2 - DI: 0.203
581 0.6456724588713748
582 0.6459559158292294
583 0.6583517841276754
584 0.6361388610900751
585 0.6508583615791931
586 0.650025532394506
587 0.6403858853687104
588 0.6374723800992449
589 0.6467170082946123
590 0.6413025959230063
Train R2 - DI: 0.425
Val R2 - DI: 0.127
Test R2 - DI: 0.199
591 0.6437901171231265
592 0.6513921856240069
593 0.6477882207017778
594 0.6444307033541175
595 0.6506933103301548
596 0.6466325860675173
597 0.6507651778630171
598 0.6534461131387734
599 0.6471287611998707
600 0.6497819336438174
Train R2 - DI: 0.424
Val R2 - DI: 0.143
Test R2 - DI: 0.197
0.15610904194666997
Test R2 - DI: 0.197
Test R2 - DI: 0.167
Deep_google
batch_size =  128 lr =  1e-06 wd =  1.0
5306 1134 1140
cuda:0
Using SGD
1 2.9174700539111194
2 2.278377390114532
3 1.8683093897226033
4 1.6519066059854495
5 1.4849570266849088
6 1.3897092572437606
7 1.3261441270944716
8 1.2475872816699791
9 1.1957296837602882
10 1.138214567585617
Train R2 - DI: -0.082
Val R2 - DI: 0.252
Test R2 - DI: -0.002
11 1.1041051340786143
12 1.0849826107194098
13 1.059561046887199
14 1.05848591922141
15 1.0334840122816744
16 0.9958728329891804
17 0.9939475964924726
18 1.0182084247295784
19 1.0007686407171552
20 1.0006781476783249
Train R2 - DI: 0.076
Val R2 - DI: 0.286
Test R2 - DI: 0.106
21 0.9685599135759413
22 0.9802994169561629
23 0.9757506781328951
24 0.9652231972126794
25 0.9716852845850864
26 0.9483548541631601
27 0.9307985054381694
28 0.9626207479745812
29 0.9556750149669353
30 0.9572076469019499
Train R2 - DI: 0.120
Val R2 - DI: 0.293
Test R2 - DI: 0.137
31 0.9328158797518604
32 0.9180050305586871
33 0.9367024779679234
34 0.9319423457563395
35 0.9453158871524522
36 0.9365391992776744
37 0.9175004896199168
38 0.9448243386332961
39 0.9138536377309
40 0.9334207534610304
Train R2 - DI: 0.143
Val R2 - DI: 0.312
Test R2 - DI: 0.163
41 0.9171075470214783
42 0.9119873213129945
43 0.910240548739018
44 0.8879957092828316
45 0.9258562297448993
46 0.8981511102188231
47 0.906049329112082
48 0.8931459425711605
49 0.8929791702578933
50 0.8866035433207374
Train R2 - DI: 0.156
Val R2 - DI: 0.325
Test R2 - DI: 0.163
51 0.8832494423068608
52 0.910578530912259
53 0.9026476638388103
54 0.897356657410315
55 0.876799743174608
56 0.9013123983398635
57 0.8931975419953595
58 0.8886900542818552
59 0.8808470798176817
60 0.8787175049612849
Train R2 - DI: 0.168
Val R2 - DI: 0.339
Test R2 - DI: 0.170
61 0.8922772797556855
62 0.8775632629248946
63 0.8975756151515315
64 0.8734219607837777
65 0.8678730500674544
66 0.8715484904829529
67 0.8818610984785711
68 0.8690384171209469
69 0.8765261929932964
70 0.8887747291614548
Train R2 - DI: 0.179
Val R2 - DI: 0.348
Test R2 - DI: 0.180
71 0.8687265425235247
72 0.865864412810638
73 0.8488446095732981
74 0.8492914315353822
75 0.8701819268613773
76 0.8546596130604031
77 0.8589356767425796
78 0.8653754060600013
79 0.8671873230508171
80 0.8575474000902747
Train R2 - DI: 0.184
Val R2 - DI: 0.357
Test R2 - DI: 0.178
81 0.8573085255457508
82 0.8443139178816705
83 0.8626030716094438
84 0.8564837631350681
85 0.858281034952373
86 0.863327122435586
87 0.8650398743273939
88 0.8395873569246961
89 0.8429001588844777
90 0.8498308327887313
Train R2 - DI: 0.190
Val R2 - DI: 0.363
Test R2 - DI: 0.179
91 0.8570698435873613
92 0.8277657884855878
93 0.8571737378532375
94 0.8432604640194303
95 0.8434208204644696
96 0.8399248317732165
97 0.8290394350936895
98 0.8571352748838498
99 0.8418919148644636
100 0.8369864624624113
Train R2 - DI: 0.200
Val R2 - DI: 0.369
Test R2 - DI: 0.193
101 0.8453108699331632
102 0.8548846349507694
103 0.8256787338483302
104 0.8327877105428191
105 0.822191594278772
106 0.829821373218417
107 0.8152728910900897
108 0.8310682536564455
109 0.8464464624333373
110 0.8311928656925313
Train R2 - DI: 0.204
Val R2 - DI: 0.377
Test R2 - DI: 0.190
111 0.8295484706001195
112 0.8293645385297523
113 0.8311224471745381
114 0.830330294098802
115 0.820573801954782
116 0.8408359685934493
117 0.8255022685796506
118 0.8132282792061534
119 0.8295008013754398
120 0.8259708429119788
Train R2 - DI: 0.210
Val R2 - DI: 0.380
Test R2 - DI: 0.195
121 0.8245052891185587
122 0.822831881032815
123 0.8130312551654064
124 0.8256102251053935
125 0.8182323880120129
126 0.8174430828834991
127 0.8026402398095777
128 0.8255856451429244
129 0.81849746990779
130 0.8191339440989216
Train R2 - DI: 0.216
Val R2 - DI: 0.383
Test R2 - DI: 0.199
131 0.8176457217581713
132 0.814956424957934
133 0.8123562291708255
134 0.8080706060539314
135 0.8180020285515438
136 0.81055461286465
137 0.8016287710052861
138 0.8146856466959074
139 0.8112781343934583
140 0.8129572385533819
Train R2 - DI: 0.216
Val R2 - DI: 0.381
Test R2 - DI: 0.187
141 0.8025539557843041
142 0.7981446294842061
143 0.815197662254841
144 0.8044058621671125
145 0.8123306548015783
146 0.8009486562388823
147 0.8130549558414139
148 0.79760549453084
149 0.7932944343173635
150 0.7915702114184308
Train R2 - DI: 0.225
Val R2 - DI: 0.392
Test R2 - DI: 0.203
151 0.7932145195639991
152 0.791590271919932
153 0.8016858496982289
154 0.8052473997242982
155 0.7890369818878318
156 0.8057448669644602
157 0.8014769710732369
158 0.8012289457666258
159 0.7952927076677264
160 0.8100541130444081
Train R2 - DI: 0.226
Val R2 - DI: 0.393
Test R2 - DI: 0.194
161 0.7993803176168132
162 0.7969530202333225
163 0.7913997244978688
164 0.7938666966246336
165 0.7971168803890112
166 0.7902457379998237
167 0.7992596996535996
168 0.7849381133110803
169 0.7870988612394264
170 0.7989769599772919
Train R2 - DI: 0.232
Val R2 - DI: 0.396
Test R2 - DI: 0.198
171 0.7905282512548686
172 0.7896987820768014
173 0.7875457398405266
174 0.7914462153119858
175 0.7861128787341947
176 0.7947197537398815
177 0.7796842556964934
178 0.7788218340018179
179 0.7932508365639731
180 0.7840085879973632
Train R2 - DI: 0.236
Val R2 - DI: 0.395
Test R2 - DI: 0.203
181 0.773573472730807
182 0.7795162366284005
183 0.7831829273381684
184 0.786722548202079
185 0.7754371386404717
186 0.7994613793945025
187 0.78282361620559
188 0.7720385320762666
189 0.7801207248732318
190 0.7945547985033049
Train R2 - DI: 0.239
Val R2 - DI: 0.401
Test R2 - DI: 0.200
191 0.7873696891083342
192 0.7799247484857794
193 0.7800616963917114
194 0.7930633083317264
195 0.778691953009495
196 0.7793011400235
197 0.7868701651372237
198 0.7743062404160943
199 0.771210003901193
200 0.7768196512338039
Train R2 - DI: 0.243
Val R2 - DI: 0.405
Test R2 - DI: 0.208
201 0.78211411030572
202 0.7722071291723658
203 0.7735512593625583
204 0.759860467987154
205 0.7678566209514142
206 0.7709376763452731
207 0.7659860316241323
208 0.7708287724134745
209 0.7730556382937024
210 0.7746425631178401
Train R2 - DI: 0.243
Val R2 - DI: 0.403
Test R2 - DI: 0.198
211 0.7693974561750597
212 0.7651898431364563
213 0.7743760658757354
214 0.7696061107378117
215 0.7621292330793646
216 0.7760786894937753
217 0.7788302612403541
218 0.7617121727746071
219 0.7608630335919595
220 0.7725418108928621
Train R2 - DI: 0.248
Val R2 - DI: 0.409
Test R2 - DI: 0.205
221 0.7692218187661428
222 0.7756348534255849
223 0.7652370324460147
224 0.7749681111735485
225 0.7584645463033662
226 0.7895064720602427
227 0.7638824100859247
228 0.7585862514615913
229 0.7642192703303508
230 0.7663514703074088
Train R2 - DI: 0.246
Val R2 - DI: 0.409
Test R2 - DI: 0.197
231 0.7762902251648715
232 0.7651682012583506
233 0.7731548583467097
234 0.7721909507238501
235 0.7663189676676972
236 0.7675029166096163
237 0.7642297669262245
238 0.77610039036992
239 0.7546679195124745
240 0.7632403963249313
Train R2 - DI: 0.253
Val R2 - DI: 0.414
Test R2 - DI: 0.208
241 0.7594053713591468
242 0.764323228244911
243 0.7553151122273655
244 0.7603736125070376
245 0.7614458678041006
246 0.7531481066425926
247 0.7558248951621115
248 0.758613477079454
249 0.7652120054374764
250 0.7516497740689827
Train R2 - DI: 0.255
Val R2 - DI: 0.411
Test R2 - DI: 0.200
251 0.7502140434921529
252 0.7575025006684994
253 0.7590557268283253
254 0.7574654231644827
255 0.751583168136368
256 0.7433317450815625
257 0.7506664523842916
258 0.7473027734454515
259 0.7570586589386541
260 0.7508734536539416
Train R2 - DI: 0.257
Val R2 - DI: 0.417
Test R2 - DI: 0.202
261 0.7416063464231595
262 0.7447502684961658
263 0.7482182491827676
264 0.7542788120561665
265 0.7537466640343002
266 0.7495500152173062
267 0.7546244599978249
268 0.7431354607180564
269 0.7477068953409852
270 0.749558652566147
Train R2 - DI: 0.261
Val R2 - DI: 0.419
Test R2 - DI: 0.214
271 0.749466946652553
272 0.7454952205570967
273 0.7539079911835544
274 0.7466568453690262
275 0.7446687923167905
276 0.7469630894281709
277 0.7474287337866811
278 0.7423936863283459
279 0.7508160999663317
280 0.7397996146095684
Train R2 - DI: 0.257
Val R2 - DI: 0.419
Test R2 - DI: 0.196
281 0.742452009484492
282 0.7513641345469493
283 0.7424833510356088
284 0.7456481090321705
285 0.7482202945005386
286 0.7505467187625886
287 0.745348357273595
288 0.7481675495572958
289 0.7395028199648075
290 0.7433616486172653
Train R2 - DI: 0.264
Val R2 - DI: 0.421
Test R2 - DI: 0.205
291 0.7524119423912284
292 0.75494480101603
293 0.7382832764231211
294 0.7441832753248678
295 0.7364773119659725
296 0.7395038348838513
297 0.7433882612037156
298 0.7295932368067495
299 0.7356475161868044
300 0.7439447309986134
Train R2 - DI: 0.264
Val R2 - DI: 0.425
Test R2 - DI: 0.203
301 0.7339579284168665
302 0.7402000699994072
303 0.7383600570236203
304 0.7391967674583207
305 0.7339614707480904
306 0.7447323717353841
307 0.7535421586108576
308 0.736856557336161
309 0.738740288982111
310 0.739611151260652
Train R2 - DI: 0.269
Val R2 - DI: 0.429
Test R2 - DI: 0.216
311 0.7432819047245582
312 0.7191464636759897
313 0.7314796682757518
314 0.7254119727506396
315 0.7288502277943308
316 0.7361351154432897
317 0.7359171764292539
318 0.7383053311526978
319 0.7327211848798897
320 0.7381826700959347
Train R2 - DI: 0.268
Val R2 - DI: 0.429
Test R2 - DI: 0.209
321 0.7239243718439168
322 0.732739913027735
323 0.7319661887061403
324 0.7345282375879931
325 0.7290597549933467
326 0.7287175448220314
327 0.7331816646183745
328 0.7323959371390273
329 0.717854005522967
330 0.7334952256700205
Train R2 - DI: 0.271
Val R2 - DI: 0.428
Test R2 - DI: 0.206
331 0.7342272368279036
332 0.7307054467620016
333 0.7265962303875528
334 0.7316288663628323
335 0.7268529738788554
336 0.7293028438536122
337 0.7384854651063602
338 0.7288072831532751
339 0.7226773741512177
340 0.7265366079265381
Train R2 - DI: 0.273
Val R2 - DI: 0.431
Test R2 - DI: 0.212
341 0.7302829861146659
342 0.7298518376578667
343 0.7377795901695737
344 0.7248181577138617
345 0.7297782693725238
346 0.7165976011254317
347 0.7296275688350043
348 0.7275171638703373
349 0.7224956830627192
350 0.7223251906602373
Train R2 - DI: 0.275
Val R2 - DI: 0.430
Test R2 - DI: 0.209
351 0.726470347197605
352 0.7284519055003811
353 0.7185997847247204
354 0.7269729616684236
355 0.7255753605850139
356 0.7243342588768336
357 0.7212381733393965
358 0.7202871144604243
359 0.7322891945889254
360 0.7167181489919655
Train R2 - DI: 0.276
Val R2 - DI: 0.434
Test R2 - DI: 0.212
361 0.7165200287245195
362 0.731056157773367
363 0.7273244002698459
364 0.7281565531846761
365 0.7258116618849132
366 0.7176529346009357
367 0.7284359979350927
368 0.7222884234238965
369 0.724203957798703
370 0.7263453574482558
Train R2 - DI: 0.276
Val R2 - DI: 0.435
Test R2 - DI: 0.210
371 0.7169711340206145
372 0.721213542871371
373 0.7153020015402736
374 0.7262745246409111
375 0.7105139923733763
376 0.7249104513836231
377 0.7215538649931073
378 0.7215399674501142
379 0.7140527657864006
380 0.7220151500233695
Train R2 - DI: 0.280
Val R2 - DI: 0.436
Test R2 - DI: 0.213
381 0.7218575890541437
382 0.7253316024811907
383 0.7221160106644556
384 0.7173538431328645
385 0.7123833923037889
386 0.7103702783180191
387 0.7203116391094235
388 0.7121065189557124
389 0.7175625575024633
390 0.7144989701562947
Train R2 - DI: 0.280
Val R2 - DI: 0.437
Test R2 - DI: 0.213
391 0.7123590221146211
392 0.7151732671903387
393 0.7191301375526417
394 0.7171526944417123
395 0.717118931432243
396 0.7263178393340227
397 0.7172252004927525
398 0.7214014846066282
399 0.712595224200758
400 0.7119275402267878
Train R2 - DI: 0.282
Val R2 - DI: 0.436
Test R2 - DI: 0.212
401 0.7139364599597441
402 0.7211024648416191
403 0.709728537394872
404 0.7177605554377229
405 0.714547057961501
406 0.7001674009232174
407 0.711730546718537
408 0.7214983375936106
409 0.710100026073161
410 0.7085540361598532
Train R2 - DI: 0.285
Val R2 - DI: 0.441
Test R2 - DI: 0.221
411 0.7209047607058091
412 0.7161002040493502
413 0.7115740285609922
414 0.7207690660363991
415 0.7049059216094565
416 0.7116670311058956
417 0.7064077717108498
418 0.7072776335614877
419 0.7076330180443147
420 0.7122903399273355
Train R2 - DI: 0.285
Val R2 - DI: 0.441
Test R2 - DI: 0.215
421 0.7147361941486765
422 0.7031541552087113
423 0.705114926071469
424 0.7020762444575958
425 0.7114408802545794
426 0.7043359713018772
427 0.7094805448225117
428 0.7158033824218609
429 0.6997004577428765
430 0.7132041459257901
Train R2 - DI: 0.287
Val R2 - DI: 0.443
Test R2 - DI: 0.219
431 0.7037970740930836
432 0.7065720553897796
433 0.705125136281965
434 0.7009337464009776
435 0.7043036544857679
436 0.7089751460531546
437 0.7055260362240489
438 0.7038277984114804
439 0.7064880100996863
440 0.7014143708468472
Train R2 - DI: 0.286
Val R2 - DI: 0.443
Test R2 - DI: 0.209
441 0.7013078250392536
442 0.7166855917577244
443 0.7036198991853877
444 0.7059853166128346
445 0.7140204120572
446 0.7095196109828166
447 0.7000796869930752
448 0.7113912876623781
449 0.6983527922198945
450 0.7065178545250157
Train R2 - DI: 0.289
Val R2 - DI: 0.444
Test R2 - DI: 0.213
451 0.7074559612899648
452 0.7088252999986562
453 0.6970630535709152
454 0.7007013840177487
455 0.7045281632100238
456 0.6929567146427084
457 0.6970019866015567
458 0.6973115062201378
459 0.7097343331995525
460 0.6966431442517583
Train R2 - DI: 0.290
Val R2 - DI: 0.447
Test R2 - DI: 0.219
461 0.6928973468438302
462 0.7112887685046392
463 0.6976568068462276
464 0.7003387637602083
465 0.7092931370127664
466 0.7009472297220197
467 0.695769252707003
468 0.6982558317962702
469 0.7043431175909894
470 0.6933710504557742
Train R2 - DI: 0.286
Val R2 - DI: 0.444
Test R2 - DI: 0.202
471 0.7057545962667986
472 0.6985802263347239
473 0.704037382878585
474 0.7024010950738063
475 0.7029780637215903
476 0.6969593431740224
477 0.69642432343497
478 0.6967696554697643
479 0.7028951116925674
480 0.6977669178113999
Train R2 - DI: 0.292
Val R2 - DI: 0.447
Test R2 - DI: 0.215
481 0.7026211059277704
482 0.6942224772166091
483 0.6978872483332922
484 0.6971201676716681
485 0.6888614328366786
486 0.6900094654305764
487 0.7026223499416362
488 0.6974613105760985
489 0.6921539643868563
490 0.6961619196143009
Train R2 - DI: 0.294
Val R2 - DI: 0.451
Test R2 - DI: 0.222
491 0.6908141812692262
492 0.696089224504427
493 0.6949493697666466
494 0.696058699714432
495 0.6931636990846619
496 0.7008745103703774
497 0.6930742577656323
498 0.6902990449701576
499 0.6939217168072508
500 0.6871344488811996
Train R2 - DI: 0.298
Val R2 - DI: 0.450
Test R2 - DI: 0.230
501 0.6924961044165578
502 0.691832272749418
503 0.6837203911552329
504 0.6996834096237259
505 0.6926600011483346
506 0.6955672717975123
507 0.6982191377121055
508 0.6894829880503767
509 0.6913497793283545
510 0.6989266551578894
Train R2 - DI: 0.296
Val R2 - DI: 0.449
Test R2 - DI: 0.216
511 0.691697818443005
512 0.6904002943108138
513 0.6953561770614929
514 0.6895547322493609
515 0.6890094353035626
516 0.6875197794183083
517 0.6910008635334011
518 0.6883458636007442
519 0.6981275468963611
520 0.6836366924168342
Train R2 - DI: 0.297
Val R2 - DI: 0.448
Test R2 - DI: 0.213
521 0.6912484144966781
522 0.688545297169928
523 0.7001861159504021
524 0.6881905590818371
525 0.6891522053453637
526 0.689113613708128
527 0.6829777575869224
528 0.6918180988075775
529 0.6932517358639354
530 0.6902744687596583
Train R2 - DI: 0.297
Val R2 - DI: 0.448
Test R2 - DI: 0.208
531 0.6867032304737553
532 0.6883598753429115
533 0.689561332413443
534 0.6943053628110544
535 0.6843580686053015
536 0.6950765667975376
537 0.6858222798900339
538 0.6840206453632149
539 0.6772886908058845
540 0.6906676354652704
Train R2 - DI: 0.303
Val R2 - DI: 0.450
Test R2 - DI: 0.219
541 0.699931815755264
542 0.6814482470660492
543 0.6847271650995886
544 0.6841049219723517
545 0.6945088468899243
546 0.6902303320481739
547 0.6849231815679632
548 0.685832347211144
549 0.6856804667802473
550 0.6855658962058877
Train R2 - DI: 0.301
Val R2 - DI: 0.450
Test R2 - DI: 0.214
551 0.6853482920270662
552 0.6894693359131638
553 0.6821688663227082
554 0.6855026671134253
555 0.6858282478809177
556 0.6854964324406215
557 0.6833562238504874
558 0.6841745473306852
559 0.6768909086046064
560 0.6803735005284901
Train R2 - DI: 0.305
Val R2 - DI: 0.453
Test R2 - DI: 0.224
561 0.6875800986672814
562 0.6787662981502793
563 0.681516179443529
564 0.6798028854257963
565 0.6803187409347738
566 0.6736044651195772
567 0.6827570653348162
568 0.6854747101760027
569 0.6828469508466206
570 0.6831700753320895
Train R2 - DI: 0.302
Val R2 - DI: 0.454
Test R2 - DI: 0.215
571 0.6747862500287073
572 0.6836353522896362
573 0.6845031539269586
574 0.6834853067404362
575 0.6780642183645689
576 0.6854949965595615
577 0.6831587597284055
578 0.6811348568975274
579 0.6897920004565716
580 0.6824132631151262
Train R2 - DI: 0.302
Val R2 - DI: 0.452
Test R2 - DI: 0.208
581 0.6859862951346267
582 0.6797930670714675
583 0.6800363124248175
584 0.6747832343661916
585 0.6785399082513113
586 0.6787365587576353
587 0.6736690143886441
588 0.6782537470032842
589 0.674518710570294
590 0.6751976054747331
Train R2 - DI: 0.308
Val R2 - DI: 0.455
Test R2 - DI: 0.223
591 0.6848118191074525
592 0.6776441251427283
593 0.6752882184867269
594 0.6853236188270261
595 0.6753893022352104
596 0.6874508244156433
597 0.6696487516220947
598 0.6784300673156246
599 0.6800968680703501
600 0.6862626521487619
Train R2 - DI: 0.308
Val R2 - DI: 0.457
Test R2 - DI: 0.220
0.4566585931721555
Test R2 - DI: 0.220
Test R2 - DI: 0.220
Deep_google
batch_size =  128 lr =  1e-06 wd =  1.0
5590 999 991
cuda:0
Using SGD
1 3.0840886739584117
2 2.315043356764082
3 1.8601028922632044
4 1.6356769809569358
5 1.4967839575837465
6 1.388786693335859
7 1.3279719419257585
8 1.2744233979308754
9 1.220998242332172
10 1.2013234758206472
Train R2 - DI: 0.045
Val R2 - DI: -0.959
Test R2 - DI: -0.350
11 1.1559998745995046
12 1.1240939705017854
13 1.1446385073960361
14 1.0988150723291852
15 1.0996083053578631
16 1.0864514521921256
17 1.1014896828288043
18 1.0697454920395115
19 1.0675556024626458
20 1.0629983538165289
Train R2 - DI: 0.156
Val R2 - DI: -0.548
Test R2 - DI: -0.035
21 1.0338377793914304
22 1.038431047753486
23 1.0579923662601942
24 1.0483567376895966
25 1.029957286189835
26 1.0267806500356398
27 1.0069641476240483
28 1.0252227501707127
29 1.0198339481046674
30 1.0115527182870774
Train R2 - DI: 0.197
Val R2 - DI: -0.429
Test R2 - DI: 0.027
31 1.0040918173218456
32 1.0179772169730745
33 1.0015245996348974
34 0.989324006155693
35 0.9835994670130912
36 0.9670966852329711
37 1.0074427324458823
38 0.9891875194948773
39 0.9823032059268576
40 0.9628690663945056
Train R2 - DI: 0.225
Val R2 - DI: -0.369
Test R2 - DI: 0.051
41 0.9871442544012462
42 0.939138658592654
43 0.9645828302943003
44 0.9473437055278976
45 0.9385220867363413
46 0.9626527747016047
47 0.9532951052159018
48 0.9502404914132597
49 0.9421786398495245
50 0.9432911771781116
Train R2 - DI: 0.245
Val R2 - DI: -0.336
Test R2 - DI: 0.056
51 0.958945561756175
52 0.9498603346522677
53 0.9483643134506102
54 0.9319622021028522
55 0.9406539564055919
56 0.9336477402497703
57 0.9376595652380655
58 0.9256885249414256
59 0.9119629379248576
60 0.9292391616244648
Train R2 - DI: 0.263
Val R2 - DI: -0.265
Test R2 - DI: 0.078
61 0.9281732599295955
62 0.9244345177051633
63 0.9212733857107077
64 0.9194730676777247
65 0.9114370984340183
66 0.9109776577710679
67 0.9092488752068262
68 0.9020967988933775
69 0.9181208556581268
70 0.8930717645902753
Train R2 - DI: 0.276
Val R2 - DI: -0.254
Test R2 - DI: 0.074
71 0.9184462740084353
72 0.9064758382670994
73 0.9201255148339996
74 0.9187615260455178
75 0.9099279492187159
76 0.903609430064882
77 0.8888273845205154
78 0.8728946109150731
79 0.8812544718198145
80 0.8779165431723825
Train R2 - DI: 0.287
Val R2 - DI: -0.233
Test R2 - DI: 0.072
81 0.8849903809789681
82 0.8654248550241024
83 0.8721120812172114
84 0.889355427208015
85 0.881440797048306
86 0.8764216219163324
87 0.8885758698946248
88 0.8687270545788869
89 0.8774519742708087
90 0.8652254930335849
Train R2 - DI: 0.297
Val R2 - DI: -0.211
Test R2 - DI: 0.074
91 0.8856308611006558
92 0.8677706664917934
93 0.8689867026264211
94 0.8728941710349273
95 0.8617335791238092
96 0.8717695871278084
97 0.8656550354522541
98 0.8740574971507828
99 0.8560847980391787
100 0.871333302837365
Train R2 - DI: 0.306
Val R2 - DI: -0.198
Test R2 - DI: 0.070
101 0.86260450895016
102 0.8687271238439624
103 0.8655101136785927
104 0.8643289585232948
105 0.8549083233732657
106 0.8514553450514464
107 0.8607658590101812
108 0.8576423130223064
109 0.8526057382175876
110 0.8508071761651628
Train R2 - DI: 0.314
Val R2 - DI: -0.171
Test R2 - DI: 0.072
111 0.8421890617056694
112 0.8316531188372849
113 0.8442548680390782
114 0.8473598105109869
115 0.8579730712023959
116 0.8544790585693605
117 0.8451806846372983
118 0.8378431915383859
119 0.8299997929170434
120 0.8462785564296361
Train R2 - DI: 0.319
Val R2 - DI: -0.173
Test R2 - DI: 0.068
121 0.8310623003459787
122 0.8389687776139043
123 0.8339758355843573
124 0.8278500459914984
125 0.8560406977673976
126 0.8370187894176285
127 0.814388627464315
128 0.8189685172386374
129 0.841290390981971
130 0.8286287711003598
Train R2 - DI: 0.325
Val R2 - DI: -0.155
Test R2 - DI: 0.072
131 0.8416270633503021
132 0.8385243078890342
133 0.8039688501033885
134 0.8260242061879426
135 0.8305679430475389
136 0.8314758791266699
137 0.8297832054400913
138 0.8168231507320097
139 0.8177903789313833
140 0.8211797466005111
Train R2 - DI: 0.328
Val R2 - DI: -0.166
Test R2 - DI: 0.064
141 0.818005690335801
142 0.8276981575331236
143 0.8073435518524088
144 0.8220119133405054
145 0.8077933664611926
146 0.8275760771336838
147 0.828133636361158
148 0.8211822802350858
149 0.820753992200964
150 0.8289203325836304
Train R2 - DI: 0.336
Val R2 - DI: -0.134
Test R2 - DI: 0.070
151 0.8198636442902689
152 0.8068711171849683
153 0.8239693459543218
154 0.8297207839587081
155 0.8221609509268473
156 0.800823644235437
157 0.8115460024963338
158 0.8120405129541864
159 0.8148065299808659
160 0.7997349690665926
Train R2 - DI: 0.340
Val R2 - DI: -0.132
Test R2 - DI: 0.067
161 0.8015007843698286
162 0.7994834735696346
163 0.8116083760167704
164 0.7968513842558819
165 0.8017709350330032
166 0.8053439280854569
167 0.7997636160185171
168 0.8049045299161526
169 0.7903323341567529
170 0.8012709428457967
Train R2 - DI: 0.345
Val R2 - DI: -0.107
Test R2 - DI: 0.071
171 0.8081202331937063
172 0.8010356104437908
173 0.8027792188050709
174 0.792491723301159
175 0.789086875996564
176 0.7998821499309301
177 0.8081231272924352
178 0.8022126188431742
179 0.7866324424956906
180 0.8012281863122166
Train R2 - DI: 0.347
Val R2 - DI: -0.121
Test R2 - DI: 0.068
181 0.7888710199826945
182 0.7987003906468373
183 0.7876664636813251
184 0.7925850340206849
185 0.7908496947749143
186 0.7948762569956361
187 0.7902376505684554
188 0.7982973220949736
189 0.7784498583012276
190 0.7834295191363913
Train R2 - DI: 0.352
Val R2 - DI: -0.106
Test R2 - DI: 0.068
191 0.7943478949594583
192 0.7832388997077941
193 0.7874200663327744
194 0.7735686692014363
195 0.7832838288573332
196 0.7839549481548862
197 0.7822240552663376
198 0.7824540485423025
199 0.775489745391716
200 0.7802292917623502
Train R2 - DI: 0.356
Val R2 - DI: -0.098
Test R2 - DI: 0.070
201 0.7918046094437191
202 0.7837243793475607
203 0.7900254888056856
204 0.7920308445775232
205 0.7979967135009698
206 0.7815117376434995
207 0.7846184075198575
208 0.7826005256453226
209 0.7766022082091657
210 0.7795308315050197
Train R2 - DI: 0.359
Val R2 - DI: -0.093
Test R2 - DI: 0.070
211 0.7795449191641083
212 0.7822550091845831
213 0.7719254535937778
214 0.7746138640721071
215 0.7790044572570882
216 0.7741389316395059
217 0.7788033553014287
218 0.7757453887961632
219 0.7718977751160351
220 0.7843823438040473
Train R2 - DI: 0.361
Val R2 - DI: -0.093
Test R2 - DI: 0.068
221 0.7832779480221019
222 0.7693234968270727
223 0.7656702767117932
224 0.7793363174513542
225 0.7621913323462116
226 0.7770533808015541
227 0.7775259050572281
228 0.77380427164767
229 0.7659209150321156
230 0.7705898191506619
Train R2 - DI: 0.362
Val R2 - DI: -0.101
Test R2 - DI: 0.067
231 0.7697546627312526
232 0.7674518623377641
233 0.7727246771558239
234 0.7616679062570357
235 0.7623260065566662
236 0.7654315206360518
237 0.7542292411297506
238 0.7635687492614569
239 0.7624002802777162
240 0.7702734548418594
Train R2 - DI: 0.368
Val R2 - DI: -0.066
Test R2 - DI: 0.068
241 0.7685919727750242
242 0.7723036594382339
243 0.7700157220547016
244 0.7660343913571352
245 0.7740736778605602
246 0.7657630279793509
247 0.7581799909978945
248 0.7586936121336676
249 0.7598211179479077
250 0.7559598030045975
Train R2 - DI: 0.368
Val R2 - DI: -0.090
Test R2 - DI: 0.067
251 0.7651563265242602
252 0.7579470587970959
253 0.7506252426580794
254 0.764938370848811
255 0.7565805313199065
256 0.758557736511094
257 0.7537304561338612
258 0.76498808611271
259 0.7622116208289732
260 0.755932350000883
Train R2 - DI: 0.370
Val R2 - DI: -0.087
Test R2 - DI: 0.070
261 0.7586961186422645
262 0.7449040464723686
263 0.7570459843321649
264 0.757417069266222
265 0.7500430276654061
266 0.7543445071721973
267 0.7647126529212501
268 0.7606181624963586
269 0.7508013448476365
270 0.7510741123573085
Train R2 - DI: 0.374
Val R2 - DI: -0.072
Test R2 - DI: 0.069
271 0.7524350038794584
272 0.7431659667990929
273 0.7477814184318502
274 0.7413194641230998
275 0.7328156122154754
276 0.749311846718592
277 0.7578933548628751
278 0.7561831018792495
279 0.7519119502393419
280 0.7471884810647299
Train R2 - DI: 0.375
Val R2 - DI: -0.075
Test R2 - DI: 0.069
281 0.7519586207188519
282 0.7522624846114668
283 0.7473075471325296
284 0.7449624471886214
285 0.7523409203041431
286 0.7429334485253622
287 0.7500725117480392
288 0.751796758963938
289 0.7493011054924434
290 0.7459734087553348
Train R2 - DI: 0.375
Val R2 - DI: -0.088
Test R2 - DI: 0.068
291 0.762618969762048
292 0.7457040671372456
293 0.7478455002491291
294 0.743150313830333
295 0.7391491829602578
296 0.7471344131263297
297 0.7451176391304712
298 0.7418988647529179
299 0.7375132592931416
300 0.738206714914182
Train R2 - DI: 0.380
Val R2 - DI: -0.069
Test R2 - DI: 0.072
301 0.7390685667078909
302 0.7382637881848808
303 0.7281314491585883
304 0.7385286623548736
305 0.745655217153655
306 0.743018681098822
307 0.7385250791027635
308 0.7285563694343158
309 0.7411287365957748
310 0.7336712858118184
Train R2 - DI: 0.382
Val R2 - DI: -0.068
Test R2 - DI: 0.069
311 0.7443932844402539
312 0.740735302649585
313 0.7393385926384832
314 0.731228532475521
315 0.7361906459378429
316 0.7380703638192793
317 0.7376953020505274
318 0.7343875552545933
319 0.7408518848777457
320 0.7276890357833002
Train R2 - DI: 0.384
Val R2 - DI: -0.062
Test R2 - DI: 0.068
321 0.7293038066256665
322 0.7289480873851742
323 0.7422543559176764
324 0.7287658053135403
325 0.7248327161417024
326 0.7287975067102845
327 0.7319285572108302
328 0.7311409120482921
329 0.7260119950195545
330 0.7370597507318145
Train R2 - DI: 0.386
Val R2 - DI: -0.060
Test R2 - DI: 0.072
331 0.7306667537723329
332 0.7304601254744691
333 0.724534272721074
334 0.7248297130912276
335 0.7365930795243046
336 0.7428982602675613
337 0.7254999882419975
338 0.7274970828313947
339 0.7280750946836523
340 0.7229998497928831
Train R2 - DI: 0.386
Val R2 - DI: -0.064
Test R2 - DI: 0.070
341 0.7309846359843218
342 0.7221382261815352
343 0.7210237953018843
344 0.7309931188235342
345 0.7351273171590351
346 0.727852016228896
347 0.722826452438648
348 0.7247433904884967
349 0.7211435610791652
350 0.7234011016932711
Train R2 - DI: 0.388
Val R2 - DI: -0.063
Test R2 - DI: 0.072
351 0.7191839880295005
352 0.7291704423312424
353 0.7273586651933428
354 0.724665458385761
355 0.7217025809723064
356 0.7197245080910343
357 0.7173438299107424
358 0.7199971860124728
359 0.7245411769222062
360 0.7210450483989204
Train R2 - DI: 0.392
Val R2 - DI: -0.044
Test R2 - DI: 0.071
361 0.710458608518133
362 0.7185804947117787
363 0.719203886149821
364 0.7164356889366463
365 0.7202392097875769
366 0.7246540432752565
367 0.7177045900834481
368 0.7238400856582764
369 0.7333149364468023
370 0.7092870752585382
Train R2 - DI: 0.392
Val R2 - DI: -0.058
Test R2 - DI: 0.071
371 0.7194623789335193
372 0.7156675030379048
373 0.7193535453944812
374 0.7230141343712166
375 0.7138683705722283
376 0.7200037885650539
377 0.7257571370529148
378 0.7113724043842719
379 0.7133039240547071
380 0.718257191185448
Train R2 - DI: 0.394
Val R2 - DI: -0.052
Test R2 - DI: 0.070
381 0.7166833593934935
382 0.7270318459952667
383 0.7247256185372954
384 0.714938876027498
385 0.715982128959649
386 0.7196838375067668
387 0.7190780748834763
388 0.7095636738220993
389 0.7109456622536579
390 0.7102475462744615
Train R2 - DI: 0.397
Val R2 - DI: -0.044
Test R2 - DI: 0.072
391 0.7224611670258646
392 0.7054159369153072
393 0.7123886449605706
394 0.7116977325492341
395 0.7053435941288424
396 0.715260997547873
397 0.7105786948596429
398 0.7095974562846271
399 0.7073028465289762
400 0.7189500746658748
Train R2 - DI: 0.397
Val R2 - DI: -0.045
Test R2 - DI: 0.073
401 0.7187336504566009
402 0.7132550721944765
403 0.7123091595543944
404 0.713612891544383
405 0.7128859583295095
406 0.7074046099335222
407 0.7143489295979946
408 0.7064502090162369
409 0.7151838861978971
410 0.7154141017277467
Train R2 - DI: 0.399
Val R2 - DI: -0.044
Test R2 - DI: 0.071
411 0.7135630785672524
412 0.7083418650362701
413 0.7149526578155955
414 0.7178873913232671
415 0.7128660540887836
416 0.7086948876943913
417 0.7042860900353447
418 0.7024893869867478
419 0.7050507555920664
420 0.7098349667405827
Train R2 - DI: 0.400
Val R2 - DI: -0.044
Test R2 - DI: 0.071
421 0.7092184916591815
422 0.7105650938900724
423 0.7150064236362846
424 0.713831935585718
425 0.6986641010146235
426 0.712680018438636
427 0.7007667972278083
428 0.7073220557944719
429 0.7056720995519157
430 0.6984868892510163
Train R2 - DI: 0.402
Val R2 - DI: -0.043
Test R2 - DI: 0.071
431 0.7046488831636091
432 0.7048423258904267
433 0.7033255862208726
434 0.7028754122568585
435 0.712513010617019
436 0.7041230939581911
437 0.6994062493227036
438 0.693056088504723
439 0.7007062814743233
440 0.7049715399742127
Train R2 - DI: 0.403
Val R2 - DI: -0.041
Test R2 - DI: 0.071
441 0.7045024971416044
442 0.7038004876889142
443 0.699339515493253
444 0.7051061954182675
445 0.6955411683894653
446 0.6993634530598021
447 0.6978842828269508
448 0.6981110520780833
449 0.6998693959017772
450 0.6989300391755079
Train R2 - DI: 0.405
Val R2 - DI: -0.042
Test R2 - DI: 0.070
451 0.7069165542215269
452 0.7039045160059852
453 0.6968792747939422
454 0.7046730286959886
455 0.6998006128880974
456 0.6996718662582698
457 0.6932024375910409
458 0.692932583671563
459 0.6958344351626893
460 0.6999593229541199
Train R2 - DI: 0.407
Val R2 - DI: -0.036
Test R2 - DI: 0.071
461 0.6998921418232653
462 0.6974448336045089
463 0.6999872820108649
464 0.6955194820231743
465 0.7010625797222253
466 0.7002063603861813
467 0.7001314920688144
468 0.6938287667383661
469 0.6936725061993266
470 0.6915096614569799
Train R2 - DI: 0.408
Val R2 - DI: -0.031
Test R2 - DI: 0.072
471 0.6953286563987595
472 0.7012646070959743
473 0.6953044326872646
474 0.6965245224282225
475 0.6913173501308147
476 0.6896743872084643
477 0.6908921928653137
478 0.6914714137428775
479 0.6925361157529896
480 0.7006102958817388
Train R2 - DI: 0.409
Val R2 - DI: -0.032
Test R2 - DI: 0.071
481 0.6835218317606795
482 0.6904223486647836
483 0.6987443299967402
484 0.6955448177504838
485 0.6931220912976
486 0.6912828137495011
487 0.6903937472640295
488 0.6960278560309163
489 0.6990867224703534
490 0.6941160906832632
Train R2 - DI: 0.411
Val R2 - DI: -0.030
Test R2 - DI: 0.071
491 0.6964394132225159
492 0.6930404365382595
493 0.6920842836496015
494 0.6900225781370788
495 0.6935861901435101
496 0.6966606354670789
497 0.7005104186496496
498 0.692146373925354
499 0.6842195557780257
500 0.6880213879515319
Train R2 - DI: 0.412
Val R2 - DI: -0.036
Test R2 - DI: 0.070
501 0.6881516390388468
502 0.694947862667773
503 0.681551071441664
504 0.6901982535189934
505 0.6906607188777548
506 0.688138420082802
507 0.6841255257935771
508 0.6850702101301421
509 0.6863154746338805
510 0.6856947816335238
Train R2 - DI: 0.411
Val R2 - DI: -0.045
Test R2 - DI: 0.069
511 0.6958638742699392
512 0.685842104994547
513 0.6905079552867118
514 0.6843984493842492
515 0.6800763054269371
516 0.6885770000157502
517 0.6893051245131518
518 0.6838266625813807
519 0.6858509810538113
520 0.6859978732141484
Train R2 - DI: 0.414
Val R2 - DI: -0.032
Test R2 - DI: 0.069
521 0.6838635006189773
522 0.6907812288920653
523 0.6900689153637144
524 0.6755612211491853
525 0.6935125648442236
526 0.6834289261821345
527 0.6851714362825179
528 0.6799978528338383
529 0.6796740279854517
530 0.6888193224538418
Train R2 - DI: 0.415
Val R2 - DI: -0.031
Test R2 - DI: 0.070
531 0.6836373811117865
532 0.6813279000719032
533 0.6828601908598475
534 0.6838233015405044
535 0.6756976054051694
536 0.6764574446703752
537 0.6798056553429482
538 0.6794638014863343
539 0.6805873614517649
540 0.6918172099935774
Train R2 - DI: 0.416
Val R2 - DI: -0.036
Test R2 - DI: 0.069
541 0.6795982647667204
542 0.6818174544728506
543 0.673903733204004
544 0.6864129447766408
545 0.6753222693270988
546 0.6783159841791675
547 0.6771274740452843
548 0.677706642718136
549 0.6792100201139296
550 0.6739610907643341
Train R2 - DI: 0.418
Val R2 - DI: -0.026
Test R2 - DI: 0.069
551 0.6796372023592695
552 0.6784305397641041
553 0.6729179632045289
554 0.6800318207851676
555 0.6786228466119237
556 0.6747880038400456
557 0.6738087347027227
558 0.6748309878415839
559 0.6844778280991775
560 0.6766389498343834
Train R2 - DI: 0.418
Val R2 - DI: -0.040
Test R2 - DI: 0.071
561 0.6759364368237408
562 0.6676864753042436
563 0.6697321990308267
564 0.6755736917843759
565 0.6778301722674975
566 0.6625316547793011
567 0.6824375188201399
568 0.6832609834526008
569 0.678741431278918
570 0.6788414589407619
Train R2 - DI: 0.421
Val R2 - DI: -0.031
Test R2 - DI: 0.068
571 0.6734275302221608
572 0.6802424023104482
573 0.6777280815812045
574 0.6737807189096066
575 0.6802449573131282
576 0.6773067281796382
577 0.673032453426948
578 0.662277146784692
579 0.6700713629586112
580 0.6683956318549905
Train R2 - DI: 0.423
Val R2 - DI: -0.022
Test R2 - DI: 0.068
581 0.6731059504749524
582 0.6773410045610131
583 0.6766200549700606
584 0.6792904223013863
585 0.671142587657478
586 0.6749049521942685
587 0.672728974895955
588 0.6710695390198014
589 0.6680248103969212
590 0.6678674063443711
Train R2 - DI: 0.422
Val R2 - DI: -0.035
Test R2 - DI: 0.068
591 0.6722148620911702
592 0.679150562145629
593 0.6777486090583323
594 0.6755579514878807
595 0.6694569761296718
596 0.6678124083176069
597 0.6656115956724437
598 0.6754511985454662
599 0.6696516547092172
600 0.6717467315081833
Train R2 - DI: 0.424
Val R2 - DI: -0.029
Test R2 - DI: 0.067
-0.021829636440942046
Test R2 - DI: 0.067
Test R2 - DI: 0.068
Deep_google
batch_size =  128 lr =  1e-06 wd =  1.0
5434 1155 991
cuda:0
Using SGD
1 3.628240238536488
2 2.6287141830814993
3 2.0556179771188168
4 1.763171673084297
5 1.566968192499615
6 1.4528680199158732
7 1.356133434366206
8 1.302934418454695
9 1.235621760336406
10 1.2054571718427245
Train R2 - DI: 0.046
Val R2 - DI: -0.127
Test R2 - DI: -0.145
11 1.1851903725337316
12 1.176221258156783
13 1.1389186100833417
14 1.1188818284111248
15 1.1189921563892273
16 1.1133362214311677
17 1.1164649669238649
18 1.0650222435741685
19 1.0604718601523755
20 1.0513543206012377
Train R2 - DI: 0.171
Val R2 - DI: 0.017
Test R2 - DI: 0.058
21 1.054874230800063
22 1.0395692592163843
23 1.0368322597122122
24 1.0471363313548214
25 1.0446669242379416
26 1.0247300567546223
27 1.0279341082078024
28 1.0193697391382948
29 1.0081829200740418
30 1.0021044043087108
Train R2 - DI: 0.212
Val R2 - DI: 0.049
Test R2 - DI: 0.079
31 1.0094594629450584
32 0.9926829739971814
33 0.9866738810800743
34 0.9874657964855597
35 0.9848110603856216
36 0.9853690789603204
37 0.9851355528322528
38 0.9775682484835968
39 0.9798388526989863
40 0.9810770038387817
Train R2 - DI: 0.240
Val R2 - DI: 0.077
Test R2 - DI: 0.079
41 0.9644075025299431
42 0.9760301847163043
43 0.9454118644089922
44 0.9670657008985056
45 0.9479921738540683
46 0.9656176232308818
47 0.9545537869983796
48 0.9380912360874748
49 0.962965901783384
50 0.9529570296357386
Train R2 - DI: 0.259
Val R2 - DI: 0.092
Test R2 - DI: 0.073
51 0.9485982783717358
52 0.9418733447493988
53 0.9423402341622221
54 0.9339959824133498
55 0.9392531667073334
56 0.938019715954286
57 0.9305144680919655
58 0.935163837059219
59 0.9148127578574592
60 0.9493213240873037
Train R2 - DI: 0.270
Val R2 - DI: 0.105
Test R2 - DI: 0.066
61 0.927157287633634
62 0.9212336403331117
63 0.9274610746507922
64 0.926685434911108
65 0.9174919813311974
66 0.916881664583777
67 0.8951925321629173
68 0.9044610498843932
69 0.9184951186399491
70 0.9068857244941563
Train R2 - DI: 0.283
Val R2 - DI: 0.108
Test R2 - DI: 0.063
71 0.9085075229592827
72 0.8968019787335949
73 0.9062182118798776
74 0.9024716396519573
75 0.9100752513462189
76 0.9207728092925795
77 0.9103934320404901
78 0.8940670924850102
79 0.8877331226416971
80 0.8872280002824954
Train R2 - DI: 0.291
Val R2 - DI: 0.113
Test R2 - DI: 0.062
81 0.9129214261575881
82 0.8942461333206396
83 0.8967290987282235
84 0.87584713863721
85 0.8857583371997099
86 0.8841449106972491
87 0.8971044887152059
88 0.888464947636618
89 0.8840018019853465
90 0.8862270892521982
Train R2 - DI: 0.301
Val R2 - DI: 0.121
Test R2 - DI: 0.057
91 0.8872394779828001
92 0.9032363032741848
93 0.8810818922357345
94 0.8837385719253336
95 0.8694572989055239
96 0.8701222719933822
97 0.8705125274928475
98 0.8830458536541195
99 0.8644073623306926
100 0.862772062854114
Train R2 - DI: 0.303
Val R2 - DI: 0.123
Test R2 - DI: 0.058
101 0.865845115517359
102 0.8716470962681663
103 0.8717068182794672
104 0.8708655434274305
105 0.8599338718403075
106 0.8689447642688941
107 0.8587069715433889
108 0.8569361099566789
109 0.8699390186428102
110 0.8772106110545086
Train R2 - DI: 0.312
Val R2 - DI: 0.128
Test R2 - DI: 0.060
111 0.8661485615134634
112 0.8628473933628477
113 0.8663622933492355
114 0.8571179753329151
115 0.8608722950897104
116 0.8572366736064204
117 0.8647023703098121
118 0.8553587615073144
119 0.8614816624187221
120 0.8482806171219622
Train R2 - DI: 0.319
Val R2 - DI: 0.135
Test R2 - DI: 0.059
121 0.8455123143859501
122 0.8435941157114607
123 0.85425837462467
124 0.8409811934215601
125 0.8465154968204857
126 0.8521544482500009
127 0.8486505102532113
128 0.850896928803553
129 0.8523132749063634
130 0.8409138830611054
Train R2 - DI: 0.323
Val R2 - DI: 0.133
Test R2 - DI: 0.060
131 0.8452165619959321
132 0.8420581035329702
133 0.847465743354282
134 0.8489471817657182
135 0.8409816949605328
136 0.8367860460483199
137 0.8402196960629985
138 0.8465143040255847
139 0.8415939305519241
140 0.8329892690058004
Train R2 - DI: 0.330
Val R2 - DI: 0.141
Test R2 - DI: 0.057
141 0.832342134159981
142 0.8286884048207086
143 0.8321864071864612
144 0.8370853192805366
145 0.8295451844050071
146 0.8211970030054873
147 0.8370019243533092
148 0.820879330716679
149 0.8301727722838033
150 0.8291159675847005
Train R2 - DI: 0.333
Val R2 - DI: 0.144
Test R2 - DI: 0.061
151 0.8315114427630762
152 0.8129301157601405
153 0.8146923239458383
154 0.8290805932481279
155 0.812048212302534
156 0.8249693591672794
157 0.8168115332629429
158 0.8257574417769229
159 0.8240416761834611
160 0.8295490755769844
Train R2 - DI: 0.337
Val R2 - DI: 0.146
Test R2 - DI: 0.062
161 0.829021491612149
162 0.815977537636376
163 0.8187552864032938
164 0.8300151015231835
165 0.8297018402413405
166 0.8093495664457911
167 0.8164962834630944
168 0.8138792074512022
169 0.8181020640080845
170 0.8194884175669853
Train R2 - DI: 0.341
Val R2 - DI: 0.147
Test R2 - DI: 0.061
171 0.8253544024961329
172 0.815620433485679
173 0.8072765700554734
174 0.8113792322118097
175 0.8177298503322201
176 0.7984947244779652
177 0.8092370949381188
178 0.8023506729840618
179 0.8081364706460281
180 0.8269439910236509
Train R2 - DI: 0.345
Val R2 - DI: 0.149
Test R2 - DI: 0.064
181 0.8101696508484463
182 0.8038579246819699
183 0.8178082092702499
184 0.8027114581219361
185 0.8059038719272719
186 0.8060598237399542
187 0.7997105933415964
188 0.8054164364182602
189 0.7935950973255914
190 0.810464894920752
Train R2 - DI: 0.349
Val R2 - DI: 0.153
Test R2 - DI: 0.062
191 0.8147905509525422
192 0.7973644014531565
193 0.8062097818745293
194 0.8124603562202355
195 0.8061536813335117
196 0.7934203307155655
197 0.7993715530728258
198 0.7916823962088407
199 0.8092823679674448
200 0.802290401170918
Train R2 - DI: 0.350
Val R2 - DI: 0.152
Test R2 - DI: 0.068
201 0.7932200176469272
202 0.8134865254262461
203 0.7878035645209387
204 0.7921265917619362
205 0.7920312313503495
206 0.8034703559545546
207 0.7976919095613608
208 0.7813222642808352
209 0.7852704713657844
210 0.7917913185747222
Train R2 - DI: 0.355
Val R2 - DI: 0.157
Test R2 - DI: 0.061
211 0.7851791050686835
212 0.7945735777591492
213 0.8003870336983983
214 0.7974427792137057
215 0.7894679229620146
216 0.7978313635674127
217 0.7873386485549427
218 0.7936259659722222
219 0.7891006053568995
220 0.787677052335174
Train R2 - DI: 0.353
Val R2 - DI: 0.151
Test R2 - DI: 0.069
221 0.7892293932905607
222 0.7892524635568015
223 0.7799031527155588
224 0.7733517316364391
225 0.8007828548281869
226 0.7853487677814595
227 0.7716020413475261
228 0.7895941749450957
229 0.7839791090513881
230 0.7825191541985198
Train R2 - DI: 0.359
Val R2 - DI: 0.156
Test R2 - DI: 0.066
231 0.7769910836860368
232 0.7878059329116086
233 0.7844042415495168
234 0.7814514896954777
235 0.7759857484642354
236 0.7833405005874816
237 0.7760416208096274
238 0.7839598151792443
239 0.7799677080120021
240 0.779819355232118
Train R2 - DI: 0.363
Val R2 - DI: 0.160
Test R2 - DI: 0.061
241 0.7718417594921602
242 0.7864603682568199
243 0.7794512770041675
244 0.7727038034148457
245 0.783763448719071
246 0.7709432962978856
247 0.764637832304639
248 0.7693375200197721
249 0.7701964435394871
250 0.7625624721744371
Train R2 - DI: 0.365
Val R2 - DI: 0.160
Test R2 - DI: 0.065
251 0.7622985017839319
252 0.7786123503820835
253 0.7789593005513812
254 0.768849203724347
255 0.7652624630734988
256 0.7758936949367685
257 0.7748752332672636
258 0.7701005077467361
259 0.7801846563925758
260 0.7750879842479482
Train R2 - DI: 0.367
Val R2 - DI: 0.166
Test R2 - DI: 0.061
261 0.7556864174578529
262 0.769274357359419
263 0.7625569179297634
264 0.7580809323806117
265 0.764018365750648
266 0.7576746024057012
267 0.7822176139057231
268 0.7721133828163147
269 0.7727551890463789
270 0.7647697661876854
Train R2 - DI: 0.371
Val R2 - DI: 0.167
Test R2 - DI: 0.061
271 0.7632671151040098
272 0.763433427682553
273 0.7771017072303443
274 0.7602016880400794
275 0.7682175480095306
276 0.7525910910192903
277 0.7596212153843671
278 0.7596142784742735
279 0.756017178549326
280 0.7575687234525431
Train R2 - DI: 0.372
Val R2 - DI: 0.166
Test R2 - DI: 0.063
281 0.7611200842824015
282 0.7537530764394443
283 0.7636544170913163
284 0.761647205077246
285 0.7558662656435512
286 0.7528550880421248
287 0.7503735012195546
288 0.7489227321729706
289 0.7587227969209982
290 0.7692490436155918
Train R2 - DI: 0.373
Val R2 - DI: 0.167
Test R2 - DI: 0.065
291 0.7635485563025476
292 0.7659885197121035
293 0.7476524998696797
294 0.7560178725913381
295 0.7477720878691984
296 0.7494595317573814
297 0.766974375337461
298 0.7541599598797885
299 0.7474719687643673
300 0.7548824222946939
Train R2 - DI: 0.377
Val R2 - DI: 0.169
Test R2 - DI: 0.059
301 0.7485360320675316
302 0.7605305917130527
303 0.7480603535911552
304 0.753568378932168
305 0.7493699327259323
306 0.7552598112858873
307 0.7506316512834074
308 0.7443925205468692
309 0.7518292690490509
310 0.7607520971396499
Train R2 - DI: 0.377
Val R2 - DI: 0.170
Test R2 - DI: 0.062
311 0.7577170595378616
312 0.7383913116109341
313 0.758203601810833
314 0.747603541575331
315 0.7513955457271089
316 0.7384365422128095
317 0.7412931423306597
318 0.7523731261568557
319 0.7342642906135963
320 0.7591598357705014
Train R2 - DI: 0.382
Val R2 - DI: 0.175
Test R2 - DI: 0.060
321 0.7492060835720381
322 0.7448056412173142
323 0.7574619259472757
324 0.7462713024525858
325 0.7451303985832279
326 0.7423985987451965
327 0.7458689907565027
328 0.7474376397357515
329 0.74792512664472
330 0.7486748968278129
Train R2 - DI: 0.380
Val R2 - DI: 0.170
Test R2 - DI: 0.065
331 0.7421678834028177
332 0.74034572748915
333 0.7433526671718138
334 0.7421291672354198
335 0.7455369651558911
336 0.7434236062200446
337 0.728405344209822
338 0.7397178400734307
339 0.7457805587651319
340 0.7398183631423119
Train R2 - DI: 0.384
Val R2 - DI: 0.177
Test R2 - DI: 0.055
341 0.7367860395372199
342 0.74839383982366
343 0.7396457282374526
344 0.7411330232823821
345 0.7327086042515443
346 0.7459966457631599
347 0.7401651302417676
348 0.7295033310896165
349 0.7441905258901426
350 0.7434780398931493
Train R2 - DI: 0.380
Val R2 - DI: 0.163
Test R2 - DI: 0.067
351 0.7472338185706997
352 0.7320831687651358
353 0.7352540790047504
354 0.7373706226319042
355 0.7284239195136406
356 0.7426016817515854
357 0.7471695759079673
358 0.7361886045008755
359 0.7401906871865855
360 0.7442620224842131
Train R2 - DI: 0.389
Val R2 - DI: 0.180
Test R2 - DI: 0.060
361 0.7325503371154117
362 0.7238486930426316
363 0.7383084974176619
364 0.7327963512392223
365 0.7345625378430043
366 0.7288107834495865
367 0.742530663113494
368 0.7334180271138503
369 0.7455998660888925
370 0.732323618114192
Train R2 - DI: 0.390
Val R2 - DI: 0.177
Test R2 - DI: 0.059
371 0.7331320488106297
372 0.7288444644394806
373 0.7270262603554429
374 0.7305285040841719
375 0.7319524386238867
376 0.7339090837421425
377 0.7373832115847967
378 0.7347669192083539
379 0.7333619894242523
380 0.724398435610026
Train R2 - DI: 0.391
Val R2 - DI: 0.177
Test R2 - DI: 0.060
381 0.7383344007363247
382 0.7238528253095835
383 0.7424521404546458
384 0.7312926114768196
385 0.7245197696285648
386 0.7317388903405854
387 0.7293181519408326
388 0.7283389386684964
389 0.7333736847681643
390 0.7260863048695974
Train R2 - DI: 0.393
Val R2 - DI: 0.181
Test R2 - DI: 0.056
391 0.7320367998944339
392 0.722482313555218
393 0.7299345999813536
394 0.7352735202541498
395 0.7304162229954604
396 0.7244952403976938
397 0.7271170563280122
398 0.7302179166750299
399 0.7282199096846413
400 0.7283262020750962
Train R2 - DI: 0.395
Val R2 - DI: 0.183
Test R2 - DI: 0.057
401 0.7211131651391868
402 0.7162467966765922
403 0.7298781653735231
404 0.7211500217820688
405 0.729102570869311
406 0.720502214546716
407 0.7144366920016292
408 0.7280142744279847
409 0.72517947137992
410 0.7151827435305683
Train R2 - DI: 0.394
Val R2 - DI: 0.177
Test R2 - DI: 0.063
411 0.7190064243152381
412 0.7218015864354352
413 0.7146737117033738
414 0.7200167794459262
415 0.7307294047751934
416 0.7231398278358538
417 0.7153393576633943
418 0.7172474874746374
419 0.7179563698366718
420 0.7182104571101681
Train R2 - DI: 0.397
Val R2 - DI: 0.180
Test R2 - DI: 0.060
421 0.7222418735735461
422 0.7181272567700585
423 0.7199623576849754
424 0.7117118623531343
425 0.7157951186674677
426 0.7195266297427793
427 0.7190886934452035
428 0.7209380371280133
429 0.7236593730492674
430 0.734662762932537
Train R2 - DI: 0.398
Val R2 - DI: 0.179
Test R2 - DI: 0.061
431 0.715104546931284
432 0.714630225497131
433 0.716031228679921
434 0.7194994783462915
435 0.7121805781865321
436 0.7226380268615705
437 0.722005813425413
438 0.7198579734329095
439 0.7093671179230178
440 0.7269041259191384
Train R2 - DI: 0.397
Val R2 - DI: 0.176
Test R2 - DI: 0.064
441 0.7072754914943988
442 0.7149345152598336
443 0.7112988179818996
444 0.7190503315272733
445 0.7169409789361627
446 0.714175928283975
447 0.7097332731169026
448 0.7163478605967477
449 0.7124994953283282
450 0.7074727115711834
Train R2 - DI: 0.402
Val R2 - DI: 0.185
Test R2 - DI: 0.057
451 0.7117862680355854
452 0.7083646789121856
453 0.7082659827026322
454 0.7121750559489166
455 0.7113282068011776
456 0.7182853916439889
457 0.7215313810415026
458 0.7063667313948159
459 0.7021808348949841
460 0.7017627494450128
Train R2 - DI: 0.400
Val R2 - DI: 0.178
Test R2 - DI: 0.062
461 0.7125366958222233
462 0.7114791402625475
463 0.7103481476781647
464 0.710692804878496
465 0.7113427210915909
466 0.7115541428031402
467 0.7118256041614897
468 0.7143262892380153
469 0.710755431897771
470 0.7024560034669933
Train R2 - DI: 0.407
Val R2 - DI: 0.191
Test R2 - DI: 0.049
471 0.7163769409065963
472 0.7051774866887213
473 0.7039476549489383
474 0.7095484615995641
475 0.7029142421003559
476 0.7039517678668669
477 0.6987141009459918
478 0.7066845620077763
479 0.7003876366815367
480 0.706261121945913
Train R2 - DI: 0.405
Val R2 - DI: 0.182
Test R2 - DI: 0.060
481 0.7013535119392962
482 0.6988592178101131
483 0.7017013795638198
484 0.7100271661140307
485 0.7008045182580847
486 0.712119097015548
487 0.7076351367619971
488 0.712885812906645
489 0.7003466114867993
490 0.7069237100801619
Train R2 - DI: 0.404
Val R2 - DI: 0.178
Test R2 - DI: 0.060
491 0.6964877183094242
492 0.7052198793021993
493 0.6972448457722108
494 0.7053684817108109
495 0.7043570588738066
496 0.7010844036591242
497 0.706010913208297
498 0.7017797246043367
499 0.6943083838763638
500 0.697763097891704
Train R2 - DI: 0.406
Val R2 - DI: 0.183
Test R2 - DI: 0.055
501 0.7006530336127985
502 0.7057919472203695
503 0.7070531834562692
504 0.7039281462631465
505 0.7059761519198651
506 0.708261153695335
507 0.7027345936132522
508 0.6976478626327037
509 0.6978223415302098
510 0.6987133044770065
Train R2 - DI: 0.410
Val R2 - DI: 0.186
Test R2 - DI: 0.050
511 0.7021392217049232
512 0.7021441370369452
513 0.7023215762692249
514 0.6947262753534721
515 0.6989914328901918
516 0.7036964682520072
517 0.6969033487807489
518 0.6947891206525466
519 0.6967974335207499
520 0.7040275338163786
Train R2 - DI: 0.411
Val R2 - DI: 0.186
Test R2 - DI: 0.053
521 0.7026019893479689
522 0.6957514676751132
523 0.6939751227462735
524 0.6988912376139503
525 0.695037824334491
526 0.7034734870784635
527 0.7038073620903259
528 0.6934376248200675
529 0.6969993003905587
530 0.6934037300256582
Train R2 - DI: 0.409
Val R2 - DI: 0.180
Test R2 - DI: 0.060
531 0.7044638177249025
532 0.6925091571916672
533 0.7062384342945451
534 0.697758021054568
535 0.6962273444460735
536 0.6980798083234456
537 0.7005345730119915
538 0.6995336771406231
539 0.7012199871365445
540 0.6970715156407052
Train R2 - DI: 0.412
Val R2 - DI: 0.182
Test R2 - DI: 0.055
541 0.6912557484255059
542 0.6890540547479721
543 0.6906913810896005
544 0.7010828085273866
545 0.6848141939753244
546 0.6893911794305155
547 0.6988474048583614
548 0.6912643940825212
549 0.6947060993238104
550 0.693551331637842
Train R2 - DI: 0.415
Val R2 - DI: 0.186
Test R2 - DI: 0.052
551 0.6949293974308481
552 0.6991849069784878
553 0.6891597590772904
554 0.6906760503669236
555 0.6846060920801503
556 0.6911888229614415
557 0.6977014126565292
558 0.6986290045003045
559 0.6961208400499922
560 0.697539366142777
Train R2 - DI: 0.414
Val R2 - DI: 0.187
Test R2 - DI: 0.055
561 0.6885204369371588
562 0.6895779901495039
563 0.6930050225568511
564 0.6915225802777135
565 0.6944968646442271
566 0.6915033619369616
567 0.681103989377722
568 0.6846693434125587
569 0.6838760169543103
570 0.6888541499832161
Train R2 - DI: 0.416
Val R2 - DI: 0.184
Test R2 - DI: 0.056
571 0.6902876611707137
572 0.6908515225801127
573 0.683302314986979
574 0.696112007747295
575 0.6835225149248731
576 0.6894155193831845
577 0.6762019470855073
578 0.6775576227019278
579 0.6875947089286513
580 0.6875478714145103
Train R2 - DI: 0.419
Val R2 - DI: 0.187
Test R2 - DI: 0.054
581 0.6943285565934376
582 0.6839225975125425
583 0.6950510837683399
584 0.685594124284175
585 0.6812568639059211
586 0.6872921451778152
587 0.6879164757296843
588 0.6880552428892793
589 0.684707679926669
590 0.68154179497067
Train R2 - DI: 0.418
Val R2 - DI: 0.181
Test R2 - DI: 0.056
591 0.686790067350158
592 0.6830154252613911
593 0.6887433846996337
594 0.6785719329858028
595 0.683921915667874
596 0.6883901884812926
597 0.68053196945917
598 0.6923926957486349
599 0.6943589103629934
600 0.6839659810724353
Train R2 - DI: 0.422
Val R2 - DI: 0.192
Test R2 - DI: 0.046
0.19159338097423217
Test R2 - DI: 0.046
Test R2 - DI: 0.046

------------------------------------------------------------
Sender: LSF System <lsfadmin@hpc.dtu.dk>
Subject: Job 14806994: <testjob> in cluster <dcc> Done

Job <testjob> was submitted from host <n-62-30-5> by user <s174503> in cluster <dcc> at Fri Nov 18 22:03:32 2022
Job was executed on host(s) <n-62-11-16>, in queue <gpuv100>, as user <s174503> in cluster <dcc> at Fri Nov 18 22:06:23 2022
</zhome/fd/6/127382> was used as the home directory.
</zhome/fd/6/127382/Desktop/MasterThesis/Master-thesis> was used as the working directory.
Started at Fri Nov 18 22:06:23 2022
Terminated at Sat Nov 19 09:38:43 2022
Results reported at Sat Nov 19 09:38:43 2022

Your job looked like:

------------------------------------------------------------
# LSBATCH: User input
#!/bin/sh
#BSUB -q gpuv100
#BSUB -J testjob
#BSUB -n 1
#BSUB -gpu "num=1:mode=exclusive_process"
#BSUB -W 18:00
#BSUB -R "rusage[mem=5GB]"
#BSUB -o outputs/gpu_%J.out
#BSUB -e outputs/errors/gpu_%J.err

nvidia-smi
module load cuda/11.6

/appl/cuda/11.6.0/samples/bin/x86_64/linux/release/deviceQuery

source $HOME/miniconda3/bin/activate
source venv_1/bin/activate

python3 main.py Deep_google 128 1e-6 1 600 2_1_sgd_wd1 0 SGD
python3 main.py Deep_google 128 1e-6 1 600 3_4_sgd_wd1 1 SGD
python3 main.py Deep_google 128 1e-6 1 600 6_7_sgd_wd1 3 SGD
python3 main.py Deep_google 128 1e-6 1 600 4_5_sgd_wd1 5 SGD
------------------------------------------------------------

Successfully completed.

Resource usage summary:

    CPU time :                                   36073.09 sec.
    Max Memory :                                 2262 MB
    Average Memory :                             2237.25 MB
    Total Requested Memory :                     5120.00 MB
    Delta Memory :                               2858.00 MB
    Max Swap :                                   -
    Max Processes :                              4
    Max Threads :                                8
    Run time :                                   41540 sec.
    Turnaround time :                            41711 sec.

The output (if any) is above this job summary.



PS:

Read file <outputs/errors/gpu_14806994.err> for stderr output of this job.

