Fri Nov 18 00:57:35 2022       
+-----------------------------------------------------------------------------+
| NVIDIA-SMI 520.61.05    Driver Version: 520.61.05    CUDA Version: 11.8     |
|-------------------------------+----------------------+----------------------+
| GPU  Name        Persistence-M| Bus-Id        Disp.A | Volatile Uncorr. ECC |
| Fan  Temp  Perf  Pwr:Usage/Cap|         Memory-Usage | GPU-Util  Compute M. |
|                               |                      |               MIG M. |
|===============================+======================+======================|
|   0  Tesla V100-PCIE...  On   | 00000000:37:00.0 Off |                    0 |
| N/A   30C    P0    24W / 250W |      0MiB / 16384MiB |      0%   E. Process |
|                               |                      |                  N/A |
+-------------------------------+----------------------+----------------------+
                                                                               
+-----------------------------------------------------------------------------+
| Processes:                                                                  |
|  GPU   GI   CI        PID   Type   Process name                  GPU Memory |
|        ID   ID                                                   Usage      |
|=============================================================================|
|  No running processes found                                                 |
+-----------------------------------------------------------------------------+
/appl/cuda/11.6.0/samples/bin/x86_64/linux/release/deviceQuery Starting...

 CUDA Device Query (Runtime API) version (CUDART static linking)

Detected 1 CUDA Capable device(s)

Device 0: "Tesla V100-PCIE-16GB"
  CUDA Driver Version / Runtime Version          11.8 / 11.6
  CUDA Capability Major/Minor version number:    7.0
  Total amount of global memory:                 16161 MBytes (16945709056 bytes)
  (080) Multiprocessors, (064) CUDA Cores/MP:    5120 CUDA Cores
  GPU Max Clock rate:                            1380 MHz (1.38 GHz)
  Memory Clock rate:                             877 Mhz
  Memory Bus Width:                              4096-bit
  L2 Cache Size:                                 6291456 bytes
  Maximum Texture Dimension Size (x,y,z)         1D=(131072), 2D=(131072, 65536), 3D=(16384, 16384, 16384)
  Maximum Layered 1D Texture Size, (num) layers  1D=(32768), 2048 layers
  Maximum Layered 2D Texture Size, (num) layers  2D=(32768, 32768), 2048 layers
  Total amount of constant memory:               65536 bytes
  Total amount of shared memory per block:       49152 bytes
  Total shared memory per multiprocessor:        98304 bytes
  Total number of registers available per block: 65536
  Warp size:                                     32
  Maximum number of threads per multiprocessor:  2048
  Maximum number of threads per block:           1024
  Max dimension size of a thread block (x,y,z): (1024, 1024, 64)
  Max dimension size of a grid size    (x,y,z): (2147483647, 65535, 65535)
  Maximum memory pitch:                          2147483647 bytes
  Texture alignment:                             512 bytes
  Concurrent copy and kernel execution:          Yes with 7 copy engine(s)
  Run time limit on kernels:                     No
  Integrated GPU sharing Host Memory:            No
  Support host page-locked memory mapping:       Yes
  Alignment requirement for Surfaces:            Yes
  Device has ECC support:                        Enabled
  Device supports Unified Addressing (UVA):      Yes
  Device supports Managed Memory:                Yes
  Device supports Compute Preemption:            Yes
  Supports Cooperative Kernel Launch:            Yes
  Supports MultiDevice Co-op Kernel Launch:      Yes
  Device PCI Domain ID / Bus ID / location ID:   0 / 55 / 0
  Compute Mode:
     < Exclusive Process (many threads in one process is able to use ::cudaSetDevice() with this device) >

deviceQuery, CUDA Driver = CUDART, CUDA Driver Version = 11.8, CUDA Runtime Version = 11.6, NumDevs = 1
Result = PASS
CNN_simple
batch_size =  128 lr =  1e-06 wd =  1.0
5276 1164 1140
cuda:0
Using SGD
1 2.7103699376133012
2 1.7599588856722388
3 1.3945886076536027
4 1.2345026593211927
5 1.1547710574694525
6 1.092516546361459
7 1.0408194967071789
8 1.0321184129223306
9 1.0040378363137898
10 0.9840684292260402
Train R2 - DI: 0.053
Val R2 - DI: -0.056
Test R2 - DI: 0.114
11 0.9804256431888323
12 0.9654668704228838
13 0.9548152428942255
14 0.9376562095845261
15 0.9409476224448845
16 0.9449982165024984
17 0.9149611375384298
18 0.9250222252931805
19 0.9108918743480598
20 0.8947558293657107
Train R2 - DI: 0.148
Val R2 - DI: 0.008
Test R2 - DI: 0.179
21 0.9055545963601148
22 0.8789392031893033
23 0.8756788175516367
24 0.8897321404969719
25 0.8863276816661653
26 0.884704281020291
27 0.8770697333308402
28 0.8742353073840253
29 0.8703589710979592
30 0.8712774994158221
Train R2 - DI: 0.189
Val R2 - DI: 0.054
Test R2 - DI: 0.205
31 0.8590457548328744
32 0.8575365856979
33 0.8527968937108876
34 0.8480339249125749
35 0.846885835518884
36 0.8423943163500852
37 0.8286353200109191
38 0.836105578771769
39 0.823659247028909
40 0.8361062727885503
Train R2 - DI: 0.214
Val R2 - DI: 0.098
Test R2 - DI: 0.215
41 0.8328688905671114
42 0.8341981310840806
43 0.8225206167884086
44 0.7950267514737833
45 0.8277058494732722
46 0.8113540302315293
47 0.8292446022597654
48 0.8202830255709425
49 0.797845349743838
50 0.798743063704004
Train R2 - DI: 0.237
Val R2 - DI: 0.111
Test R2 - DI: 0.236
51 0.8151410821715117
52 0.8153250253137266
53 0.8127581292341115
54 0.8016789241484208
55 0.7890700339096075
56 0.7963972600054072
57 0.8133766972449261
58 0.7963739393605166
59 0.7926841085837409
60 0.7794348497206375
Train R2 - DI: 0.251
Val R2 - DI: 0.134
Test R2 - DI: 0.240
61 0.7887013646307274
62 0.7793316832313582
63 0.7852109549983692
64 0.7889195216524502
65 0.7898001143478642
66 0.7861479370317467
67 0.7800623105727333
68 0.7826617425187598
69 0.7809813676502236
70 0.7634789267663615
Train R2 - DI: 0.265
Val R2 - DI: 0.142
Test R2 - DI: 0.253
71 0.770538482049634
72 0.7826572065555841
73 0.773845122202135
74 0.7758994615376221
75 0.7761582937811793
76 0.7709193053437147
77 0.7776500885914998
78 0.7776179233674663
79 0.7738564080863038
80 0.7687946730621662
Train R2 - DI: 0.272
Val R2 - DI: 0.159
Test R2 - DI: 0.245
81 0.7659513108923727
82 0.7589374014244918
83 0.7727242765144655
84 0.7594144033201722
85 0.7669525659834462
86 0.764943829714303
87 0.7650046955011757
88 0.7513391327189171
89 0.7592838261505255
90 0.7500243694200219
Train R2 - DI: 0.283
Val R2 - DI: 0.162
Test R2 - DI: 0.255
91 0.7571528469458776
92 0.7634997211955912
93 0.7564562140223291
94 0.7400719189481179
95 0.7539769805137455
96 0.7492378848895058
97 0.7529095464172103
98 0.7513846927650776
99 0.7424209556225306
100 0.7496907718711229
Train R2 - DI: 0.288
Val R2 - DI: 0.170
Test R2 - DI: 0.255
101 0.7545825670486693
102 0.7433132894839908
103 0.7467430736460046
104 0.7403453242335923
105 0.7374875032603515
106 0.7443953968522402
107 0.7399863597567647
108 0.7485889533507815
109 0.754762731961358
110 0.7435399218885351
Train R2 - DI: 0.295
Val R2 - DI: 0.175
Test R2 - DI: 0.256
111 0.7460246597211229
112 0.7345330458956293
113 0.7492761967126125
114 0.7305719908482202
115 0.7338602076975842
116 0.7311541754879493
117 0.7344002485998297
118 0.7436122981502397
119 0.7326588892774025
120 0.7346247529513552
Train R2 - DI: 0.303
Val R2 - DI: 0.171
Test R2 - DI: 0.272
121 0.7323495080020954
122 0.7335857752148539
123 0.728031645768334
124 0.7294526223977287
125 0.7331048743213281
126 0.7329340114839336
127 0.7304015336296973
128 0.733494298308071
129 0.727414290592289
130 0.7275777532803099
Train R2 - DI: 0.308
Val R2 - DI: 0.177
Test R2 - DI: 0.269
131 0.7287371099853804
132 0.7179258111934936
133 0.7304115734649843
134 0.7171849891080199
135 0.7161388368295665
136 0.7382939474161508
137 0.7268509534021685
138 0.7245305186876119
139 0.7249555978655725
140 0.7154722073206493
Train R2 - DI: 0.312
Val R2 - DI: 0.182
Test R2 - DI: 0.267
141 0.7158464281463189
142 0.7194249925060286
143 0.7155977555799882
144 0.7174026683887991
145 0.7171673181384146
146 0.7167533099696526
147 0.7204401901809441
148 0.7263428879064353
149 0.7085244742824418
150 0.7224286068922828
Train R2 - DI: 0.317
Val R2 - DI: 0.187
Test R2 - DI: 0.267
151 0.7098023397982166
152 0.7142550585575408
153 0.7116528860631542
154 0.7139667955829484
155 0.7091780480695006
156 0.7180797030656423
157 0.7209184587318126
158 0.7146832174745087
159 0.7084616975769841
160 0.7100848681416992
Train R2 - DI: 0.320
Val R2 - DI: 0.191
Test R2 - DI: 0.259
161 0.710559857759266
162 0.7158873246148104
163 0.707155976944389
164 0.712110613312479
165 0.7117060964264772
166 0.7039728565049768
167 0.7135045672565631
168 0.7015734319889337
169 0.7108244218096036
170 0.7037764970238594
Train R2 - DI: 0.327
Val R2 - DI: 0.187
Test R2 - DI: 0.276
171 0.7052283005067306
172 0.7126396851525151
173 0.7138952605194716
174 0.7076783600045118
175 0.7129206035605338
176 0.7035856385227403
177 0.7105937624538008
178 0.703543159706833
179 0.7087764821782809
180 0.7096735730236277
Train R2 - DI: 0.331
Val R2 - DI: 0.187
Test R2 - DI: 0.276
181 0.6984333103583381
182 0.7049378484736074
183 0.694495185972435
184 0.6993500325741236
185 0.6944180707121727
186 0.711233430192541
187 0.6963473842214508
188 0.6944103083256251
189 0.7011141259621453
190 0.6950850838779771
Train R2 - DI: 0.333
Val R2 - DI: 0.188
Test R2 - DI: 0.275
191 0.7006169407091148
192 0.7054225967814292
193 0.6872018566630481
194 0.7097405704519258
195 0.6912005500778996
196 0.6976175264168003
197 0.698354185486129
198 0.694067073555224
199 0.689262731790181
200 0.6955307151351218
Train R2 - DI: 0.337
Val R2 - DI: 0.184
Test R2 - DI: 0.281
201 0.703481905879714
202 0.6886455231855275
203 0.6949818680194222
204 0.6866822788171284
205 0.6910233962165306
206 0.6939734705837501
207 0.6954620848604004
208 0.6861762395855873
209 0.6921473730234055
210 0.6887396713203332
Train R2 - DI: 0.341
Val R2 - DI: 0.190
Test R2 - DI: 0.273
211 0.6903909593933545
212 0.6850548284446045
213 0.691867622396456
214 0.6881862151026273
215 0.7006447348656123
216 0.689330180952999
217 0.6860445196923205
218 0.6824745334306389
219 0.6870180003294175
220 0.6868650647073735
Train R2 - DI: 0.344
Val R2 - DI: 0.192
Test R2 - DI: 0.275
221 0.6947581788371059
222 0.6830721814764369
223 0.6856141685987621
224 0.679663195855876
225 0.6797214640280439
226 0.6854823934842096
227 0.686117228185525
228 0.6946398727906482
229 0.6876316865435869
230 0.6854979692307993
Train R2 - DI: 0.347
Val R2 - DI: 0.187
Test R2 - DI: 0.284
231 0.6775158963662553
232 0.6863786697026181
233 0.6840193142395656
234 0.6792078902090563
235 0.6876018270567749
236 0.6804419155822187
237 0.692687733187831
238 0.6871356134436364
239 0.6882368027486071
240 0.6811514032257606
Train R2 - DI: 0.349
Val R2 - DI: 0.192
Test R2 - DI: 0.276
241 0.6848942501423845
242 0.6844336805784675
243 0.6766414199479156
244 0.6806428360613663
245 0.6822270921814885
246 0.6792658114180229
247 0.6674896224689266
248 0.6907155136433039
249 0.6768034673532453
250 0.6855966696421064
Train R2 - DI: 0.346
Val R2 - DI: 0.192
Test R2 - DI: 0.267
251 0.6707603437056407
252 0.6793677785615292
253 0.6783790395872623
254 0.6796903249619132
255 0.6661400395509779
256 0.6817350240256228
257 0.6673101668921811
258 0.6743187067452663
259 0.6812016890752126
260 0.6621918183913097
Train R2 - DI: 0.354
Val R2 - DI: 0.192
Test R2 - DI: 0.281
261 0.6798146099100698
262 0.6725172492660656
263 0.6705334758198198
264 0.6738990528552798
265 0.6779615924248106
266 0.6674056028985362
267 0.6746478115545248
268 0.6717904443267261
269 0.6797530664649309
270 0.6740643909883102
Train R2 - DI: 0.356
Val R2 - DI: 0.191
Test R2 - DI: 0.275
271 0.6631280173850476
272 0.6725278151044347
273 0.6668760108170498
274 0.6700814613525934
275 0.6771924632620504
276 0.667863670038942
277 0.6687793942723336
278 0.6776686722894254
279 0.6689831362338207
280 0.6675908995271181
Train R2 - DI: 0.357
Val R2 - DI: 0.193
Test R2 - DI: 0.274
281 0.6584667293206592
282 0.6736020255124957
283 0.6712454400160169
284 0.6637893947034825
285 0.6793058889214065
286 0.6754067075171192
287 0.6663465834278515
288 0.6679188051035767
289 0.6594276303952169
290 0.6622096918314311
Train R2 - DI: 0.361
Val R2 - DI: 0.188
Test R2 - DI: 0.283
291 0.669354702913011
292 0.6624845944633079
293 0.6599814026892592
294 0.6679260756049399
295 0.6659508176243965
296 0.6727907240978238
297 0.6706422615268178
298 0.6682896172575556
299 0.6647760257565496
300 0.6737097480515805
Train R2 - DI: 0.362
Val R2 - DI: 0.190
Test R2 - DI: 0.281
301 0.6648642321352348
302 0.6540404113971257
303 0.6625834368592957
304 0.6648419827471365
305 0.6526602359320559
306 0.6560144963094554
307 0.6560311987148802
308 0.6658546372378207
309 0.657300304200633
310 0.6563696816981607
Train R2 - DI: 0.361
Val R2 - DI: 0.192
Test R2 - DI: 0.268
311 0.6609696608497122
312 0.6586986894043582
313 0.6622166496456529
314 0.6649172523873064
315 0.6690673152997333
316 0.66593746537056
317 0.6533271367573394
318 0.6601498469066402
319 0.6587047603791911
320 0.6693498224720438
Train R2 - DI: 0.366
Val R2 - DI: 0.195
Test R2 - DI: 0.267
321 0.658029492241221
322 0.6564476631915054
323 0.6659595219360508
324 0.6637826812728234
325 0.652029174625015
326 0.657523317396686
327 0.6673532547238562
328 0.6594057367822272
329 0.6605383243137819
330 0.6537574836934851
Train R2 - DI: 0.367
Val R2 - DI: 0.193
Test R2 - DI: 0.271
331 0.663388879394965
332 0.6606280696581854
333 0.6575570775307518
334 0.6635276602469582
335 0.6588480331122287
336 0.6569893420691559
337 0.6593816741747419
338 0.6645089105912643
339 0.6518464049577171
340 0.6564227748405219
Train R2 - DI: 0.372
Val R2 - DI: 0.192
Test R2 - DI: 0.277
341 0.6482847531787187
342 0.6569202323588934
343 0.656818545885932
344 0.6521433275065881
345 0.6502203611915449
346 0.6524650223604018
347 0.6582861743342072
348 0.6547499720213357
349 0.6507341189308542
350 0.6478751491560368
Train R2 - DI: 0.369
Val R2 - DI: 0.195
Test R2 - DI: 0.261
351 0.6496572830714992
352 0.6494340955352494
353 0.6519562112191485
354 0.6556390968572922
355 0.6535134587530117
356 0.6500687682330383
357 0.6512256755667983
358 0.650701047797561
359 0.6428123737845663
360 0.6496496504459353
Train R2 - DI: 0.374
Val R2 - DI: 0.191
Test R2 - DI: 0.272
361 0.6457057482731713
362 0.6496319977779836
363 0.6469379345334959
364 0.6501596534767324
365 0.652501008879334
366 0.6563856946057312
367 0.6447782217326536
368 0.6518541314639857
369 0.6515832856534737
370 0.6440051127058525
Train R2 - DI: 0.376
Val R2 - DI: 0.191
Test R2 - DI: 0.276
371 0.6491619516178186
372 0.6557500990527069
373 0.6507926787997486
374 0.6459558188598927
375 0.6563085750524884
376 0.6451761871689282
377 0.6517040069307496
378 0.6405580406210656
379 0.63728022539227
380 0.6402955296095616
Train R2 - DI: 0.377
Val R2 - DI: 0.193
Test R2 - DI: 0.270
381 0.6520644894506644
382 0.6455369744226732
383 0.6376327693326804
384 0.6434597231792265
385 0.643047665040361
386 0.6415337716385304
387 0.6446300309385831
388 0.6481134007156031
389 0.6424897032492626
390 0.6515760173437901
Train R2 - DI: 0.382
Val R2 - DI: 0.192
Test R2 - DI: 0.277
391 0.6452642197044985
392 0.6435753825580287
393 0.650691721500819
394 0.6493337180824149
395 0.642959213193571
396 0.644617441908892
397 0.6387642321485385
398 0.6424674375478384
399 0.6474961586482965
400 0.6460619524087392
Train R2 - DI: 0.383
Val R2 - DI: 0.191
Test R2 - DI: 0.276
401 0.6422434149591013
402 0.6469433586013598
403 0.6407575698130233
404 0.6465528072327533
405 0.6516864201487511
406 0.6438595023997541
407 0.6408743653630017
408 0.6386107040048098
409 0.6382682644977454
410 0.6406320313597557
Train R2 - DI: 0.384
Val R2 - DI: 0.193
Test R2 - DI: 0.271
411 0.6388495257625624
412 0.6383809458585831
413 0.6379693721712675
414 0.6389818136397413
415 0.6279043674333427
416 0.6328414396140682
417 0.6467998470204449
418 0.6403945034159414
419 0.6415667668990424
420 0.6481226141747424
Train R2 - DI: 0.378
Val R2 - DI: 0.192
Test R2 - DI: 0.263
421 0.6257999775715178
422 0.6395974931525317
423 0.6457318208993069
424 0.638655316974287
425 0.6344594614717254
426 0.639128040960108
427 0.6362140015547162
428 0.6438700548169105
429 0.6423036997023633
430 0.6364003725355551
Train R2 - DI: 0.386
Val R2 - DI: 0.189
Test R2 - DI: 0.274
431 0.6410958991979812
432 0.6354984794266754
433 0.6404617793456997
434 0.6403644913927545
435 0.6367441387769397
436 0.6318245724668279
437 0.6423439390737058
438 0.6329497880697069
439 0.6354463750255026
440 0.6346848296161128
Train R2 - DI: 0.389
Val R2 - DI: 0.188
Test R2 - DI: 0.278
441 0.6350829265531579
442 0.6303505316839876
443 0.6349846082171136
444 0.6306806179137733
445 0.6226255612630027
446 0.6339831784695183
447 0.6345804530260145
448 0.6333277737488794
449 0.6362048517672558
450 0.631181455973516
Train R2 - DI: 0.392
Val R2 - DI: 0.187
Test R2 - DI: 0.284
451 0.6386737892625909
452 0.6315812925844142
453 0.6422469551315626
454 0.6349491642631302
455 0.6369332705961203
456 0.630285147919268
457 0.6254283227732544
458 0.6368783712161139
459 0.6259923296231407
460 0.6328501094011215
Train R2 - DI: 0.392
Val R2 - DI: 0.193
Test R2 - DI: 0.271
461 0.6261124103877289
462 0.6341519657638237
463 0.6302766365431944
464 0.6344505257232339
465 0.6315519521415369
466 0.6318471482796051
467 0.6405649362322595
468 0.6258789415247428
469 0.6359922005607831
470 0.6345079364064429
Train R2 - DI: 0.392
Val R2 - DI: 0.192
Test R2 - DI: 0.270
471 0.6275434755664417
472 0.6263797284076392
473 0.629432351504247
474 0.6360972761384821
475 0.6401908916899253
476 0.6249757405932516
477 0.6393725575598196
478 0.6394333715146017
479 0.6287219073394648
480 0.6245120775527896
Train R2 - DI: 0.394
Val R2 - DI: 0.189
Test R2 - DI: 0.270
481 0.6331568026831875
482 0.6307522954590127
483 0.631720535858189
484 0.630511133800952
485 0.6288353267992148
486 0.6307603110410301
487 0.6299274228033105
488 0.6192878963732196
489 0.6262812969176673
490 0.625703474895081
Train R2 - DI: 0.395
Val R2 - DI: 0.192
Test R2 - DI: 0.265
491 0.6258124125509934
492 0.6324573268123971
493 0.6326951098948197
494 0.6285929988513307
495 0.6269371029641974
496 0.6217069030711829
497 0.6236711410612117
498 0.6226210419294778
499 0.632950236076112
500 0.6253604816161293
Train R2 - DI: 0.395
Val R2 - DI: 0.192
Test R2 - DI: 0.263
501 0.6266635913935641
502 0.6253366727915743
503 0.6178217645483183
504 0.6292220885054102
505 0.6201390058276688
506 0.6248966606843643
507 0.6233608053659652
508 0.6370293415342885
509 0.6303813725913266
510 0.6276702262218293
Train R2 - DI: 0.394
Val R2 - DI: 0.191
Test R2 - DI: 0.262
511 0.6306068791504427
512 0.6212910031440856
513 0.6217773242643876
514 0.6195090799009918
515 0.6295720762244854
516 0.6186579763211474
517 0.6204786042176565
518 0.622865077873538
519 0.6196598966886276
520 0.6177295941670253
Train R2 - DI: 0.400
Val R2 - DI: 0.187
Test R2 - DI: 0.278
521 0.6228642118889965
522 0.6249707559458318
523 0.6115835581971806
524 0.6290129813124864
525 0.6187719123168277
526 0.6183101784740098
527 0.6219840008169526
528 0.6140248769607572
529 0.6311220390223662
530 0.6319459465256778
Train R2 - DI: 0.399
Val R2 - DI: 0.190
Test R2 - DI: 0.267
531 0.6065117182200203
532 0.6166825205697717
533 0.617363194293195
534 0.6254736984020115
535 0.6196382916543048
536 0.6157566952470399
537 0.6188749218185894
538 0.6228046248228465
539 0.6232906528003656
540 0.6188191076948211
Train R2 - DI: 0.403
Val R2 - DI: 0.188
Test R2 - DI: 0.275
541 0.615241634701128
542 0.6206033588630671
543 0.620268746476177
544 0.625947997956858
545 0.6197629650946004
546 0.621187745395079
547 0.6183668215045249
548 0.6098892025824656
549 0.6203386267086518
550 0.6258660431971055
Train R2 - DI: 0.404
Val R2 - DI: 0.188
Test R2 - DI: 0.273
551 0.6123444772381237
552 0.626230223690406
553 0.6108549276791891
554 0.6137318441685263
555 0.6191257192295008
556 0.6172735029951563
557 0.6167660346304132
558 0.6124305332854808
559 0.6199502103974007
560 0.6145207909492943
Train R2 - DI: 0.402
Val R2 - DI: 0.190
Test R2 - DI: 0.262
561 0.6190440364639537
562 0.6170394871160784
563 0.612205102734714
564 0.6190427353293539
565 0.6115527584572649
566 0.628125881136503
567 0.6163229851491349
568 0.6141851946112783
569 0.6099939992971904
570 0.6150145650000352
Train R2 - DI: 0.407
Val R2 - DI: 0.186
Test R2 - DI: 0.278
571 0.6180747778149968
572 0.6169577164574045
573 0.6192076391935167
574 0.6236285389237913
575 0.6214082565291349
576 0.6182461076834782
577 0.6120436191558838
578 0.6214561917006381
579 0.6148684765011004
580 0.6119092238319923
Train R2 - DI: 0.406
Val R2 - DI: 0.188
Test R2 - DI: 0.265
581 0.6168830959610726
582 0.6092254510424732
583 0.6121499672633758
584 0.6124730266975218
585 0.6009768346794814
586 0.6234945879459742
587 0.6170201337274229
588 0.617021052899733
589 0.6219617117074875
590 0.6110437563461639
Train R2 - DI: 0.405
Val R2 - DI: 0.189
Test R2 - DI: 0.261
591 0.6172631281266346
592 0.6142234292737094
593 0.61570464810067
594 0.6120142984607168
595 0.6092480416095465
596 0.6128050894155206
597 0.610990520902797
598 0.6172112705944341
599 0.6157579821018309
600 0.6067873433831065
Train R2 - DI: 0.411
Val R2 - DI: 0.184
Test R2 - DI: 0.279
601 0.6104661441825392
602 0.610609421050395
603 0.5985732391713875
604 0.6024247176092262
605 0.6022010554952817
606 0.6146902859979185
607 0.6055914793979769
608 0.6160491548585928
609 0.6221207382102371
610 0.6138319144021208
Train R2 - DI: 0.411
Val R2 - DI: 0.186
Test R2 - DI: 0.267
611 0.6135946354511744
612 0.6142897310358182
613 0.610853051352989
614 0.6184072281665383
615 0.612120362056576
616 0.6042954922174305
617 0.6125842342555659
618 0.6081739808683417
619 0.6116253074775418
620 0.6120665441235419
Train R2 - DI: 0.412
Val R2 - DI: 0.185
Test R2 - DI: 0.273
621 0.6098221574794893
622 0.6059886660649977
623 0.6113398828408861
624 0.6146900191101005
625 0.6084430533615904
626 0.6158416547316146
627 0.6098619837305418
628 0.6088098527537412
629 0.6054458770451896
630 0.601656197507423
Train R2 - DI: 0.416
Val R2 - DI: 0.182
Test R2 - DI: 0.279
631 0.612785846198301
632 0.6122614764823798
633 0.6069186305891302
634 0.6092339709141292
635 0.6084609977940523
636 0.6103458113070236
637 0.6061934058281216
638 0.6019369946274458
639 0.6104395697747694
640 0.6072129107407316
Train R2 - DI: 0.415
Val R2 - DI: 0.183
Test R2 - DI: 0.274
641 0.6045842226298132
642 0.6060550230483922
643 0.6010527171991015
644 0.6107080364606885
645 0.6073332933696316
646 0.5999255020388877
647 0.6119187034333268
648 0.6013978894367825
649 0.6107297562983471
650 0.6071224565122777
Train R2 - DI: 0.417
Val R2 - DI: 0.183
Test R2 - DI: 0.276
651 0.5965685604466372
652 0.608179708111006
653 0.604020764016129
654 0.6041710281842039
655 0.6005647951585945
656 0.5995062094822898
657 0.6037399020946956
658 0.609631620048121
659 0.6054982319078814
660 0.6000336515713678
Train R2 - DI: 0.417
Val R2 - DI: 0.187
Test R2 - DI: 0.267
661 0.6068234408416922
662 0.6085731552079195
663 0.5961684390077815
664 0.6030000895148792
665 0.6096183898956872
666 0.6002050987060004
667 0.5985681812269747
668 0.6057782972103001
669 0.5989376160120584
670 0.6032291835596202
Train R2 - DI: 0.418
Val R2 - DI: 0.181
Test R2 - DI: 0.277
671 0.6029824251655017
672 0.6095438230842058
673 0.600497959779012
674 0.6061836451721336
675 0.6115399689453854
676 0.6096305957429783
677 0.5888078787093636
678 0.6035197949301031
679 0.6026019068989815
680 0.5959076978791564
Train R2 - DI: 0.420
Val R2 - DI: 0.185
Test R2 - DI: 0.267
681 0.5970743855714256
682 0.6114064866932528
683 0.6012754246897549
684 0.603145442038797
685 0.5967993081926486
686 0.5996090203094337
687 0.6097415060234215
688 0.598708686998525
689 0.6084152354807272
690 0.6048652727193594
Train R2 - DI: 0.419
Val R2 - DI: 0.184
Test R2 - DI: 0.267
691 0.6048031519135352
692 0.6061073612136494
693 0.6016454103772074
694 0.6071771271668029
695 0.6020047125308418
696 0.6088520685229182
697 0.59944511874324
698 0.5956278045670926
699 0.6024015131459443
700 0.6004172846889568
Train R2 - DI: 0.415
Val R2 - DI: 0.189
Test R2 - DI: 0.259
701 0.6004397898483131
702 0.5982536985577734
703 0.5977472794200545
704 0.5919290093240456
705 0.5998789760269299
706 0.6048977294141727
707 0.6015111841967469
708 0.6049547586321741
709 0.6018232241826494
710 0.6008663874308751
Train R2 - DI: 0.423
Val R2 - DI: 0.184
Test R2 - DI: 0.268
711 0.5925987042469721
712 0.5999992182301788
713 0.5985560410848796
714 0.6037875403049229
715 0.601272703392023
716 0.602496684072052
717 0.592833722740344
718 0.6017108579717684
719 0.5984977951910209
720 0.5932177267262573
Train R2 - DI: 0.419
Val R2 - DI: 0.185
Test R2 - DI: 0.259
721 0.5969390517568118
722 0.6015164447698383
723 0.5949744430340267
724 0.6000102000131672
725 0.6059486389024589
726 0.593775874561573
727 0.5905865685247489
728 0.5858156811883722
729 0.596339924304751
730 0.5980864494383742
Train R2 - DI: 0.423
Val R2 - DI: 0.184
Test R2 - DI: 0.268
731 0.5960136293190008
732 0.5973826222025689
733 0.6026582414223626
734 0.5983478571990839
735 0.5954436278189558
736 0.5989764621530725
737 0.5926723346916268
738 0.6018802064038118
739 0.600227319353724
740 0.5968208049534848
Train R2 - DI: 0.427
Val R2 - DI: 0.185
Test R2 - DI: 0.270
741 0.597300453923524
742 0.5980241261168444
743 0.5935443480237133
744 0.6034849410349894
745 0.5926768562846151
746 0.5908873460797128
747 0.5940687551111593
748 0.5904856725476564
749 0.5950410036628584
750 0.5950517534667384
Train R2 - DI: 0.427
Val R2 - DI: 0.180
Test R2 - DI: 0.276
751 0.6005555374139724
752 0.595408190372227
753 0.5911397718859044
754 0.5958042710996921
755 0.5934568614648814
756 0.5887381594410622
757 0.5867113834804798
758 0.596557337081821
759 0.5909937636431101
760 0.5947940554738135
Train R2 - DI: 0.425
Val R2 - DI: 0.183
Test R2 - DI: 0.267
761 0.5817701488484751
762 0.5971222068885675
763 0.5971169753269864
764 0.5976771716370196
765 0.5901073039346251
766 0.5958334726307589
767 0.594220757981518
768 0.6000186389734385
769 0.5913071178233108
770 0.5962237437807131
Train R2 - DI: 0.429
Val R2 - DI: 0.187
Test R2 - DI: 0.268
771 0.5919947674592577
772 0.5955847954099336
773 0.5925095578411296
774 0.5865859008811476
775 0.5989688804332193
776 0.588757418949013
777 0.5894496188279442
778 0.5939628137070813
779 0.5940280612487518
780 0.5900225478017574
Train R2 - DI: 0.427
Val R2 - DI: 0.185
Test R2 - DI: 0.266
781 0.5933897687776059
782 0.5919677053463106
783 0.5902990361702452
784 0.594928788948999
785 0.5954784834538561
786 0.600032515377597
787 0.5941339904291328
788 0.5896160303416624
789 0.5883610163157957
790 0.586923355514846
Train R2 - DI: 0.433
Val R2 - DI: 0.182
Test R2 - DI: 0.269
791 0.5915784460744503
792 0.5955577377481295
793 0.592556195967662
794 0.5920047018001982
795 0.5908535567985691
796 0.5863021242519144
797 0.5849513922160643
798 0.5844274820524061
799 0.5957412609238801
800 0.591275019253448
Train R2 - DI: 0.432
Val R2 - DI: 0.186
Test R2 - DI: 0.261
0.19523690755904355
Test R2 - DI: 0.261
Test R2 - DI: 0.267
CNN_simple
batch_size =  128 lr =  1e-06 wd =  10.0
5276 1164 1140
cuda:0
Using SGD
1 2.6846395293540173
2 1.7587034432972988
3 1.3628248893645245
4 1.1879178413936278
5 1.09543589464727
6 1.0493177233364115
7 1.0237032949608145
8 0.9946409455296485
9 0.9620787223421144
10 0.9652252838049449
Train R2 - DI: 0.079
Val R2 - DI: -0.052
Test R2 - DI: 0.094
11 0.9362162934549836
12 0.9403106792575036
13 0.9273530628936051
14 0.928819397708699
15 0.918710573140738
16 0.8972255687446102
17 0.899119148930426
18 0.8891637830954776
19 0.8767418273024888
20 0.8838390186937403
Train R2 - DI: 0.145
Val R2 - DI: 0.046
Test R2 - DI: 0.134
21 0.8814003627981717
22 0.8793440816346401
23 0.8662827429308685
24 0.8653034974084468
25 0.8681045439859698
26 0.8746669736208565
27 0.8490435316582536
28 0.8557251185698433
29 0.842792868478629
30 0.8510086468623569
Train R2 - DI: 0.190
Val R2 - DI: 0.082
Test R2 - DI: 0.168
31 0.8358374360025246
32 0.8199617230955446
33 0.8385388810947323
34 0.8374213010095303
35 0.8299135965682776
36 0.8385335204274118
37 0.828727912595545
38 0.824584500639614
39 0.8136939330928881
40 0.8203981011269941
Train R2 - DI: 0.212
Val R2 - DI: 0.111
Test R2 - DI: 0.182
41 0.8164289121016849
42 0.79941652307373
43 0.7888206043326557
44 0.8116745569653544
45 0.8155321683551074
46 0.8033102166029068
47 0.804721299765054
48 0.7895087097701564
49 0.8055123474400906
50 0.7887580576857623
Train R2 - DI: 0.235
Val R2 - DI: 0.128
Test R2 - DI: 0.205
51 0.8041755178826067
52 0.7879058851989676
53 0.7936981786734413
54 0.7901186508333439
55 0.7759844094085548
56 0.7974456388720786
57 0.7784647865671385
58 0.7878374451484709
59 0.7835233975215967
60 0.7760470784279865
Train R2 - DI: 0.253
Val R2 - DI: 0.129
Test R2 - DI: 0.226
61 0.7825676426912819
62 0.7721062960545162
63 0.7763102486605351
64 0.769886817102454
65 0.7779867386076829
66 0.7574543311706179
67 0.7600068092075056
68 0.7689748007840872
69 0.76487799351463
70 0.7616437316573507
Train R2 - DI: 0.263
Val R2 - DI: 0.140
Test R2 - DI: 0.227
71 0.7595606400625013
72 0.7601630066813078
73 0.7708237763152509
74 0.764781362907375
75 0.7638825143350626
76 0.7615675332873404
77 0.7629616240645286
78 0.7540709488404529
79 0.7582842931772743
80 0.7676015386444045
Train R2 - DI: 0.272
Val R2 - DI: 0.147
Test R2 - DI: 0.232
81 0.7405338403489935
82 0.7602552789644006
83 0.757463704328631
84 0.7510149708925729
85 0.7564327318258047
86 0.7592895898157399
87 0.7532584314277626
88 0.7523015005919317
89 0.742201422813537
90 0.7536880213984763
Train R2 - DI: 0.280
Val R2 - DI: 0.161
Test R2 - DI: 0.235
91 0.7523986077652093
92 0.7604780163251603
93 0.7477102310391789
94 0.7412669344143582
95 0.7366916598290363
96 0.7386728205673617
97 0.7482556205432103
98 0.7417711738025355
99 0.7391911572900299
100 0.7309852772088011
Train R2 - DI: 0.278
Val R2 - DI: 0.172
Test R2 - DI: 0.223
101 0.7371030199970595
102 0.7372137988219214
103 0.7413666601249718
104 0.733476911511179
105 0.7341142623509486
106 0.7452636322033415
107 0.7299693922729
108 0.7431673698121621
109 0.7337691364548621
110 0.7341248525463333
Train R2 - DI: 0.288
Val R2 - DI: 0.173
Test R2 - DI: 0.231
111 0.73349896281212
112 0.729615976744479
113 0.7307269500005056
114 0.7220318702877788
115 0.7227806941951379
116 0.7363423145657872
117 0.7349646450715864
118 0.7350199797372189
119 0.7378153350427351
120 0.7249757507879504
Train R2 - DI: 0.297
Val R2 - DI: 0.173
Test R2 - DI: 0.249
121 0.7320743386631576
122 0.7311140103173852
123 0.7265804891698373
124 0.7251833119430354
125 0.7234200772866776
126 0.7261527615392452
127 0.7246097746538881
128 0.7168526037612406
129 0.7341459492917671
130 0.7307951721935403
Train R2 - DI: 0.301
Val R2 - DI: 0.170
Test R2 - DI: 0.253
131 0.7306553658614835
132 0.7188758851453334
133 0.7223647860435937
134 0.7213090633559716
135 0.7093058739357414
136 0.7271993991730338
137 0.7224537194046312
138 0.7309308112616608
139 0.7203751208657474
140 0.7125476949408346
Train R2 - DI: 0.298
Val R2 - DI: 0.182
Test R2 - DI: 0.234
141 0.7149527792319644
142 0.7091891106509005
143 0.7107231701025916
144 0.7119702129674916
145 0.7139600157918489
146 0.7141938878786753
147 0.7172090296405477
148 0.712712979524582
149 0.7041787989126904
150 0.7101193457683711
Train R2 - DI: 0.302
Val R2 - DI: 0.182
Test R2 - DI: 0.234
151 0.7088706360521237
152 0.709946828506678
153 0.7068326560903264
154 0.7139396160682826
155 0.7096357036938353
156 0.716639796064332
157 0.7040737419529699
158 0.7084182884044228
159 0.7208802194826706
160 0.7028390316460691
Train R2 - DI: 0.311
Val R2 - DI: 0.177
Test R2 - DI: 0.258
161 0.7122891050473228
162 0.7086616744590222
163 0.7123653357276598
164 0.7070909567273322
165 0.7128872413631638
166 0.7111639615891104
167 0.7049703889945134
168 0.7101843839255674
169 0.693200592383731
170 0.7079871478091595
Train R2 - DI: 0.312
Val R2 - DI: 0.185
Test R2 - DI: 0.251
171 0.7066203223384628
172 0.706806324529684
173 0.6980449131621476
174 0.7101950111309627
175 0.7033387620038748
176 0.7117095814228419
177 0.7016300916942888
178 0.7006644423573735
179 0.7012940813321973
180 0.7018374400757044
Train R2 - DI: 0.315
Val R2 - DI: 0.183
Test R2 - DI: 0.245
181 0.705316581221762
182 0.6990368923877025
183 0.7008373172243406
184 0.7038025829356398
185 0.7054672446822108
186 0.6877801751349351
187 0.7038060421289324
188 0.7053103687819249
189 0.6978829165947447
190 0.7017202179390342
Train R2 - DI: 0.320
Val R2 - DI: 0.173
Test R2 - DI: 0.267
191 0.6845634278246089
192 0.7004352328992414
193 0.6990871664427554
194 0.7035245943738259
195 0.7042987262371184
196 0.6975929729860781
197 0.7002615465911796
198 0.6943489638262396
199 0.6978960121735377
200 0.696068305423352
Train R2 - DI: 0.317
Val R2 - DI: 0.190
Test R2 - DI: 0.249
201 0.6934273723312361
202 0.6869739377426324
203 0.6976958660125009
204 0.6989973529077462
205 0.698975622970286
206 0.6856161695343694
207 0.6923694678831498
208 0.7030109673218803
209 0.6888168021257037
210 0.6922699952550329
Train R2 - DI: 0.322
Val R2 - DI: 0.186
Test R2 - DI: 0.252
211 0.6863548848283751
212 0.6908916180742971
213 0.6904251188649835
214 0.6885399157527362
215 0.6915773440256907
216 0.6906103557759473
217 0.6918334108216009
218 0.6875984287334266
219 0.6978773836885284
220 0.6939428430149464
Train R2 - DI: 0.317
Val R2 - DI: 0.187
Test R2 - DI: 0.245
221 0.6986200222922059
222 0.692429760579723
223 0.6849004662877416
224 0.6960193548489918
225 0.6858108523806629
226 0.6935531610878604
227 0.6886235650874521
228 0.6847789584912524
229 0.6915971173130264
230 0.6850504359573555
Train R2 - DI: 0.326
Val R2 - DI: 0.190
Test R2 - DI: 0.254
231 0.6994709435333529
232 0.6870380216154571
233 0.6914638365824355
234 0.6786686810152923
235 0.6856400343032386
236 0.6911008688787152
237 0.683540828079776
238 0.6920093439400784
239 0.6943876834598972
240 0.6904333165145625
Train R2 - DI: 0.330
Val R2 - DI: 0.185
Test R2 - DI: 0.266
241 0.6909875063122539
242 0.6780436248649152
243 0.6835097032030755
244 0.6816992991073643
245 0.6793335558249247
246 0.685043329312279
247 0.6929589411903277
248 0.6742222711297036
249 0.6901762394673722
250 0.6898016256758261
Train R2 - DI: 0.328
Val R2 - DI: 0.184
Test R2 - DI: 0.256
251 0.6875190298786843
252 0.6827140632138459
253 0.6890679390435873
254 0.6925209132986958
255 0.6780647062911872
256 0.6801747211549569
257 0.6849618403635033
258 0.6763714441211952
259 0.6861794545082905
260 0.6781665996406185
Train R2 - DI: 0.330
Val R2 - DI: 0.190
Test R2 - DI: 0.257
261 0.6832201082070186
262 0.6857847402591069
263 0.6870571289033579
264 0.6873219776008959
265 0.6828262131714838
266 0.6790602109123126
267 0.6831430457504163
268 0.6797074997533533
269 0.677047174929488
270 0.6861119536941389
Train R2 - DI: 0.333
Val R2 - DI: 0.189
Test R2 - DI: 0.268
271 0.6828686447194167
272 0.6825272573314896
273 0.6802643118164954
274 0.6720109219529395
275 0.682572115633504
276 0.6874793267231986
277 0.684111296430151
278 0.6817958615240136
279 0.6720011728202149
280 0.6801812989048382
Train R2 - DI: 0.325
Val R2 - DI: 0.196
Test R2 - DI: 0.244
281 0.6788091839399186
282 0.6857784082710607
283 0.6770035459563261
284 0.6829972471632317
285 0.6775551220519331
286 0.6748801856622992
287 0.6774765208329641
288 0.689573701038968
289 0.6785656877138834
290 0.6803970051317887
Train R2 - DI: 0.336
Val R2 - DI: 0.190
Test R2 - DI: 0.273
291 0.6820384226485217
292 0.6738314994634147
293 0.6817101509034227
294 0.6844738206689877
295 0.6814217767632306
296 0.6809108177760589
297 0.6716945833830873
298 0.6789878470324675
299 0.6788772188686258
300 0.6811977850839529
Train R2 - DI: 0.336
Val R2 - DI: 0.187
Test R2 - DI: 0.271
301 0.669857714508771
302 0.680177733607144
303 0.6739816552676243
304 0.6761515561245535
305 0.6735360128939197
306 0.6708299272253805
307 0.6857055449594233
308 0.6697844706131166
309 0.6799819342018167
310 0.6724871756725007
Train R2 - DI: 0.339
Val R2 - DI: 0.189
Test R2 - DI: 0.271
311 0.6749914610042457
312 0.6783531258465938
313 0.6764584411898736
314 0.6721487698724904
315 0.681312956079739
316 0.6734295745434591
317 0.6647497623413237
318 0.6813601360030026
319 0.6689242626610264
320 0.6792053261247885
Train R2 - DI: 0.338
Val R2 - DI: 0.189
Test R2 - DI: 0.269
321 0.6754934748887473
322 0.6762480874509862
323 0.6783384414583196
324 0.6683658184744897
325 0.6689119405191536
326 0.6645618406907459
327 0.6760094408016479
328 0.6746034223623038
329 0.6788496837596083
330 0.6699735157592808
Train R2 - DI: 0.338
Val R2 - DI: 0.185
Test R2 - DI: 0.267
331 0.6714476461750346
332 0.6743591303080659
333 0.6723712122828965
334 0.664476080226392
335 0.6656419757281947
336 0.6690488610419475
337 0.6764543816571529
338 0.6738787257734621
339 0.6640036835238462
340 0.6684157529773813
Train R2 - DI: 0.339
Val R2 - DI: 0.190
Test R2 - DI: 0.259
341 0.6721171770609176
342 0.6715329246958428
343 0.6729533865742832
344 0.6730298622256432
345 0.6817762993157498
346 0.6696888311420813
347 0.6672596318691043
348 0.6724417785336522
349 0.6724440899647213
350 0.6744725572240452
Train R2 - DI: 0.337
Val R2 - DI: 0.192
Test R2 - DI: 0.253
351 0.6741111822160832
352 0.6659554671030139
353 0.6724485720171
354 0.669372955717039
355 0.6676205964003484
356 0.6698224328068552
357 0.6675846657127571
358 0.6661660201265741
359 0.6792014732425913
360 0.6763534061921375
Train R2 - DI: 0.332
Val R2 - DI: 0.195
Test R2 - DI: 0.246
361 0.6658540294873525
362 0.6604208371872429
363 0.6661354144293761
364 0.6731738444075971
365 0.6697832819997948
366 0.6779987145726476
367 0.6615326658987113
368 0.667759313806609
369 0.6559165525924445
370 0.6701927260976565
Train R2 - DI: 0.340
Val R2 - DI: 0.195
Test R2 - DI: 0.261
371 0.6709530430367898
372 0.6608027490004162
373 0.661707513096479
374 0.6735031140447115
375 0.6673307130967604
376 0.6759981624188977
377 0.6695822069733499
378 0.6738675373173555
379 0.6726735277642256
380 0.6622420628022027
Train R2 - DI: 0.334
Val R2 - DI: 0.192
Test R2 - DI: 0.246
381 0.6688078454807909
382 0.6764790059898368
383 0.6698283582948391
384 0.6701002494009088
385 0.663538129651429
386 0.6754923265390634
387 0.6736413182138583
388 0.6607708790430614
389 0.6609999772452151
390 0.6702394819874218
Train R2 - DI: 0.342
Val R2 - DI: 0.187
Test R2 - DI: 0.272
391 0.6709807997765733
392 0.6668863783197208
393 0.6674363273757258
394 0.6764001566591906
395 0.6629606197737129
396 0.6603042030533306
397 0.6642811098181903
398 0.6737700142672425
399 0.6654509985148681
400 0.6710297407934032
Train R2 - DI: 0.343
Val R2 - DI: 0.192
Test R2 - DI: 0.261
401 0.6771232443293267
402 0.6650674444333091
403 0.6636570279936251
404 0.6675101338777694
405 0.6657354234745324
406 0.6691433861908179
407 0.6631706415296414
408 0.6663563767556804
409 0.6649994553717092
410 0.6692253714533264
Train R2 - DI: 0.342
Val R2 - DI: 0.193
Test R2 - DI: 0.260
411 0.66475980963284
412 0.6584755331842713
413 0.6605526384211924
414 0.6646801897573869
415 0.6578582847000886
416 0.6622107727135376
417 0.667900954529225
418 0.6621981446855081
419 0.6629659493056277
420 0.6635059905467926
Train R2 - DI: 0.340
Val R2 - DI: 0.192
Test R2 - DI: 0.260
421 0.6673047889173709
422 0.6678014350172423
423 0.6591761133903984
424 0.6611790004962317
425 0.663760207610387
426 0.6635453389665229
427 0.6646823396820115
428 0.6721657812369422
429 0.6583135360745972
430 0.6627069599615796
Train R2 - DI: 0.340
Val R2 - DI: 0.192
Test R2 - DI: 0.260
431 0.6648439044207674
432 0.6559911269957229
433 0.6596825453166802
434 0.6573342542200038
435 0.6711229249507392
436 0.6607281373159916
437 0.661142347209647
438 0.660307080977066
439 0.6645426602866091
440 0.6606661045614565
Train R2 - DI: 0.345
Val R2 - DI: 0.191
Test R2 - DI: 0.272
441 0.6688785609465101
442 0.6600289756913724
443 0.6604380800111264
444 0.6605195141453197
445 0.6586570482167264
446 0.6725544747391644
447 0.6609369475250446
448 0.6648307876933968
449 0.6627753319118491
450 0.6697972496410859
Train R2 - DI: 0.344
Val R2 - DI: 0.187
Test R2 - DI: 0.274
451 0.6619906473376699
452 0.668036805873933
453 0.6652083669854801
454 0.6590141856914402
455 0.6615255275307685
456 0.6649845650559397
457 0.6548294316556438
458 0.6604656167243628
459 0.6625409585856596
460 0.66587643114069
Train R2 - DI: 0.344
Val R2 - DI: 0.191
Test R2 - DI: 0.277
461 0.6558412011145099
462 0.6626508929134771
463 0.6650572757634183
464 0.6686673490634192
465 0.6622841765340121
466 0.6642979799209896
467 0.6593347702901231
468 0.6616394110391138
469 0.6602370534275769
470 0.6635827526303292
Train R2 - DI: 0.343
Val R2 - DI: 0.194
Test R2 - DI: 0.261
471 0.6607155893407508
472 0.6594895851078858
473 0.6583460056031627
474 0.6664915893274875
475 0.668452236261939
476 0.6566617579691513
477 0.6619129426737822
478 0.6585895072067208
479 0.6650628309253493
480 0.6534334841869924
Train R2 - DI: 0.347
Val R2 - DI: 0.190
Test R2 - DI: 0.280
481 0.6735408471966441
482 0.6676119572742135
483 0.6606200279115817
484 0.66227831083143
485 0.662013437370173
486 0.6581646490042818
487 0.6701196124826624
488 0.6531563633269122
489 0.6529839203337813
490 0.6596027669172743
Train R2 - DI: 0.349
Val R2 - DI: 0.187
Test R2 - DI: 0.278
491 0.6598349146268149
492 0.660548347971311
493 0.6653642084582273
494 0.6567735630422944
495 0.6634255391888043
496 0.6653418810282629
497 0.6657301081772371
498 0.6538078575264422
499 0.6635122090419917
500 0.6641961005802314
Train R2 - DI: 0.339
Val R2 - DI: 0.196
Test R2 - DI: 0.257
501 0.6573520001811995
502 0.6608890532724238
503 0.6633918356317025
504 0.6623938818426183
505 0.661367260637023
506 0.6668837481235536
507 0.6605223811106578
508 0.6615625217703819
509 0.6585768111914374
510 0.663022165184585
Train R2 - DI: 0.345
Val R2 - DI: 0.194
Test R2 - DI: 0.267
511 0.6555312398349452
512 0.6611204280647208
513 0.6598308531961449
514 0.6642725542244178
515 0.6647626495975902
516 0.667082072434053
517 0.6611132011935962
518 0.6553555331147015
519 0.6643412232037472
520 0.658781560421713
Train R2 - DI: 0.347
Val R2 - DI: 0.193
Test R2 - DI: 0.277
521 0.6593186436411645
522 0.6621125978986091
523 0.6619129141141648
524 0.6638822466519134
525 0.6642785698649918
526 0.6544273853121245
527 0.6625654918393734
528 0.6617274985700236
529 0.6564449148705911
530 0.6552556315726453
Train R2 - DI: 0.343
Val R2 - DI: 0.194
Test R2 - DI: 0.262
531 0.6636430973623448
532 0.6577029467713571
533 0.6617004342202077
534 0.6600055588385297
535 0.6583738009345812
536 0.6504585848693327
537 0.6604393815524294
538 0.6641194559210083
539 0.6565519933948198
540 0.6633023637727502
Train R2 - DI: 0.344
Val R2 - DI: 0.195
Test R2 - DI: 0.266
541 0.6647123897319676
542 0.6510664808921872
543 0.656818634502087
544 0.6592609110973928
545 0.6603140431972414
546 0.6656055056389034
547 0.6553998616177354
548 0.6647260101841109
549 0.654981045943485
550 0.6532581119125227
Train R2 - DI: 0.344
Val R2 - DI: 0.196
Test R2 - DI: 0.262
551 0.6606346390480522
552 0.655795381794923
553 0.6619764016016222
554 0.6601855819924841
555 0.6540553243075292
556 0.6608743026818715
557 0.6571557801089746
558 0.6575337984147986
559 0.6553960599801684
560 0.6595525953966709
Train R2 - DI: 0.343
Val R2 - DI: 0.197
Test R2 - DI: 0.260
561 0.6603923103319504
562 0.6605723391797527
563 0.6601720648656025
564 0.6553165869246477
565 0.6613806320737039
566 0.6505522677354328
567 0.6527851010878218
568 0.6580955023969819
569 0.6612169390559829
570 0.6616488524781112
Train R2 - DI: 0.347
Val R2 - DI: 0.193
Test R2 - DI: 0.272
571 0.6540685753825942
572 0.656946567127974
573 0.6609604091152628
574 0.6513782236230834
575 0.6571492457407907
576 0.6537410400869993
577 0.6568260597315044
578 0.6556851533527533
579 0.6579029917536223
580 0.6567841977942975
Train R2 - DI: 0.344
Val R2 - DI: 0.192
Test R2 - DI: 0.278
581 0.6627052024153709
582 0.6614028336515564
583 0.6581018350628671
584 0.6523014817208933
585 0.659693466749401
586 0.6548189956460422
587 0.6640467215343531
588 0.6596423129948636
589 0.6586470579992559
590 0.6614079142357925
Train R2 - DI: 0.348
Val R2 - DI: 0.190
Test R2 - DI: 0.285
591 0.6594730645892655
592 0.6573944889839352
593 0.6598261141072086
594 0.6625747049595931
595 0.6546580562363798
596 0.665796923153865
597 0.6518946599110769
598 0.6537814108687336
599 0.6544058472257026
600 0.6627771250220119
Train R2 - DI: 0.345
Val R2 - DI: 0.193
Test R2 - DI: 0.267
601 0.6565218400647913
602 0.6640711705552709
603 0.6643737226024191
604 0.654661933701539
605 0.6627871225149546
606 0.6534672509186913
607 0.6575211536893346
608 0.6558346901995563
609 0.6572502169128256
610 0.6668737794161747
Train R2 - DI: 0.346
Val R2 - DI: 0.191
Test R2 - DI: 0.275
611 0.6565269590147161
612 0.6531652685726476
613 0.6583277586737395
614 0.6598152520983755
615 0.6561866036141072
616 0.6637883592365907
617 0.660261225732011
618 0.6656369330125654
619 0.6581281298846345
620 0.6593041198555496
Train R2 - DI: 0.344
Val R2 - DI: 0.194
Test R2 - DI: 0.265
621 0.6619664792584324
622 0.6658463484866769
623 0.6559515527426247
624 0.6606630442990237
625 0.6593593269066886
626 0.6558325452231566
627 0.6606974120479899
628 0.6527781003889845
629 0.6584466980929805
630 0.6556952370216306
Train R2 - DI: 0.342
Val R2 - DI: 0.196
Test R2 - DI: 0.261
631 0.6570228913726908
632 0.6617137857284213
633 0.655767420257376
634 0.6562964610749795
635 0.6542552399581087
636 0.6555190710880433
637 0.6509820578946047
638 0.656692339851605
639 0.656513800080569
640 0.6626870533659026
Train R2 - DI: 0.346
Val R2 - DI: 0.192
Test R2 - DI: 0.279
641 0.6701711675630906
642 0.6557613327432709
643 0.6504292818431695
644 0.659704649556849
645 0.6597431544059149
646 0.6437239816371377
647 0.6536682723054749
648 0.6559236990266718
649 0.6503760204159734
650 0.6607756066991127
Train R2 - DI: 0.345
Val R2 - DI: 0.195
Test R2 - DI: 0.272
651 0.6586330966844623
652 0.6630521830371874
653 0.6542662352300938
654 0.6616364588694106
655 0.6540277004241943
656 0.6610657033186415
657 0.6564292793837888
658 0.6603150549849567
659 0.657217221697503
660 0.6553474840926257
Train R2 - DI: 0.340
Val R2 - DI: 0.197
Test R2 - DI: 0.259
661 0.6552162748380896
662 0.6603072156410854
663 0.6665447633586389
664 0.6545595174218959
665 0.6529411023724161
666 0.6606409472439486
667 0.6569128153991121
668 0.6523904462851206
669 0.6547534042366352
670 0.6531443689879909
Train R2 - DI: 0.347
Val R2 - DI: 0.193
Test R2 - DI: 0.274
671 0.6563895670096923
672 0.6581187756609248
673 0.6612281930817177
674 0.6555099522100424
675 0.6578290202655604
676 0.657439824981704
677 0.6622611146428713
678 0.6551275485116844
679 0.660250509390784
680 0.6571853810905778
Train R2 - DI: 0.345
Val R2 - DI: 0.194
Test R2 - DI: 0.270
681 0.6590750765131675
682 0.6557282341349026
683 0.6553130309133479
684 0.6544538457073706
685 0.6599056732482852
686 0.6571664640720908
687 0.6574497672533609
688 0.6592859454097126
689 0.651965908610161
690 0.6569884999671427
Train R2 - DI: 0.346
Val R2 - DI: 0.188
Test R2 - DI: 0.274
691 0.6584937060032946
692 0.6570457675133445
693 0.655292021857689
694 0.6582024780704362
695 0.6503303112904171
696 0.6487597485805118
697 0.6520811613985225
698 0.660517228743269
699 0.657994491706932
700 0.6625680364018773
Train R2 - DI: 0.343
Val R2 - DI: 0.193
Test R2 - DI: 0.267
701 0.6550062136093354
702 0.6574317162646047
703 0.6552483935171768
704 0.6535255487802085
705 0.66081956510204
706 0.6602659183437848
707 0.6612904482578309
708 0.6591447059452037
709 0.6626570740823405
710 0.6589513619439542
Train R2 - DI: 0.344
Val R2 - DI: 0.191
Test R2 - DI: 0.274
711 0.6545171061187554
712 0.6614339697803847
713 0.6553701924229319
714 0.6624723909658586
715 0.6615023678952405
716 0.6586172131085776
717 0.6605536549989702
718 0.6590477418411492
719 0.661788043693849
720 0.6657413913048607
Train R2 - DI: 0.342
Val R2 - DI: 0.192
Test R2 - DI: 0.270
721 0.657953254646926
722 0.6584707066089118
723 0.6552614738671865
724 0.6619069623712159
725 0.6513612787772346
726 0.6604151103060927
727 0.6606242438895491
728 0.6578985569918129
729 0.6616370452001658
730 0.6488668153103415
Train R2 - DI: 0.344
Val R2 - DI: 0.194
Test R2 - DI: 0.273
731 0.6549983453895216
732 0.6570733813194726
733 0.6622028851979063
734 0.6599478306329277
735 0.6629518944264543
736 0.6554619723463528
737 0.6632039892212562
738 0.655042700599413
739 0.657875188694839
740 0.663226620142346
Train R2 - DI: 0.344
Val R2 - DI: 0.196
Test R2 - DI: 0.274
741 0.6620625986846854
742 0.6541862278566657
743 0.655644570881892
744 0.648912438350342
745 0.6552169099280651
746 0.6576367373083287
747 0.6527002181764622
748 0.6621030097300578
749 0.6549670011641131
750 0.6602930992819126
Train R2 - DI: 0.342
Val R2 - DI: 0.193
Test R2 - DI: 0.277
751 0.6594805519991159
752 0.6565968118624944
753 0.6644786592683076
754 0.6587092741318414
755 0.6676766178298846
756 0.6605935161361376
757 0.6570195590030794
758 0.6596338712328578
759 0.653766222981633
760 0.6588541784685972
Train R2 - DI: 0.342
Val R2 - DI: 0.192
Test R2 - DI: 0.274
761 0.6625028473577145
762 0.6608714207362911
763 0.65684843216998
764 0.6620883270815704
765 0.6601843369377662
766 0.663409091605663
767 0.654886065783873
768 0.6696484383983626
769 0.6575888303801181
770 0.6562246748043606
Train R2 - DI: 0.344
Val R2 - DI: 0.193
Test R2 - DI: 0.280
771 0.6587004046082225
772 0.6603362486161817
773 0.6581199955452203
774 0.6512091321598137
775 0.6593789296949154
776 0.6666733133151189
777 0.6507952226392242
778 0.6562166090170662
779 0.6586569215060184
780 0.6662632292016516
Train R2 - DI: 0.344
Val R2 - DI: 0.191
Test R2 - DI: 0.284
781 0.659909297246839
782 0.6547235911592016
783 0.6592528541446003
784 0.6607802662097477
785 0.6523989916209293
786 0.6506623914514734
787 0.6547666829675323
788 0.6613270080478196
789 0.6537384788496554
790 0.6558569192976731
Train R2 - DI: 0.342
Val R2 - DI: 0.191
Test R2 - DI: 0.275
791 0.6573908001839708
792 0.6579406769371466
793 0.6539098696784598
794 0.6610971148760595
795 0.6605527057983913
796 0.6665479750503095
797 0.6611751514099329
798 0.6601937970399314
799 0.6563131341977586
800 0.6606245802784617
Train R2 - DI: 0.339
Val R2 - DI: 0.194
Test R2 - DI: 0.272
0.19663033273885344
Test R2 - DI: 0.272
Test R2 - DI: 0.259

------------------------------------------------------------
Sender: LSF System <lsfadmin@hpc.dtu.dk>
Subject: Job 14794934: <testjob> in cluster <dcc> Exited

Job <testjob> was submitted from host <n-62-30-5> by user <s174503> in cluster <dcc> at Thu Nov 17 18:36:09 2022
Job was executed on host(s) <n-62-20-2>, in queue <gpuv100>, as user <s174503> in cluster <dcc> at Fri Nov 18 00:57:34 2022
</zhome/fd/6/127382> was used as the home directory.
</zhome/fd/6/127382/Desktop/MasterThesis/Master-thesis> was used as the working directory.
Started at Fri Nov 18 00:57:34 2022
Terminated at Fri Nov 18 18:58:19 2022
Results reported at Fri Nov 18 18:58:19 2022

Your job looked like:

------------------------------------------------------------
# LSBATCH: User input
#!/bin/sh
#BSUB -q gpuv100
#BSUB -J testjob
#BSUB -n 1
#BSUB -gpu "num=1:mode=exclusive_process"
#BSUB -W 18:00
#BSUB -R "rusage[mem=5GB]"
#BSUB -o outputs/gpu_%J.out
#BSUB -e outputs/errors/gpu_%J.err

nvidia-smi
module load cuda/11.6

/appl/cuda/11.6.0/samples/bin/x86_64/linux/release/deviceQuery

source $HOME/miniconda3/bin/activate
source venv_1/bin/activate

python3 main.py CNN_simple 128 1e-6 1 800 2_4_sgd_10wd5 7 SGD
python3 main.py CNN_simple 128 1e-6 10 800 2_4_sgd_10wd5 7 SGD
python3 main.py CNN_simple 128 1e-6 20 800 2_4_sgd_10wd10 7 SGD

------------------------------------------------------------

TERM_RUNLIMIT: job killed after reaching LSF run time limit.
Exited with exit code 140.

Resource usage summary:

    CPU time :                                   57496.00 sec.
    Max Memory :                                 2268 MB
    Average Memory :                             2208.73 MB
    Total Requested Memory :                     5120.00 MB
    Delta Memory :                               2852.00 MB
    Max Swap :                                   -
    Max Processes :                              4
    Max Threads :                                8
    Run time :                                   64850 sec.
    Turnaround time :                            87730 sec.

The output (if any) is above this job summary.



PS:

Read file <outputs/errors/gpu_14794934.err> for stderr output of this job.

