Tue Nov 15 21:31:30 2022       
+-----------------------------------------------------------------------------+
| NVIDIA-SMI 515.65.01    Driver Version: 515.65.01    CUDA Version: 11.7     |
|-------------------------------+----------------------+----------------------+
| GPU  Name        Persistence-M| Bus-Id        Disp.A | Volatile Uncorr. ECC |
| Fan  Temp  Perf  Pwr:Usage/Cap|         Memory-Usage | GPU-Util  Compute M. |
|                               |                      |               MIG M. |
|===============================+======================+======================|
|   0  Tesla V100-PCIE...  On   | 00000000:58:00.0 Off |                    0 |
| N/A   35C    P0    41W / 250W |      0MiB / 32768MiB |      0%   E. Process |
|                               |                      |                  N/A |
+-------------------------------+----------------------+----------------------+
                                                                               
+-----------------------------------------------------------------------------+
| Processes:                                                                  |
|  GPU   GI   CI        PID   Type   Process name                  GPU Memory |
|        ID   ID                                                   Usage      |
|=============================================================================|
|  No running processes found                                                 |
+-----------------------------------------------------------------------------+
/appl/cuda/11.6.0/samples/bin/x86_64/linux/release/deviceQuery Starting...

 CUDA Device Query (Runtime API) version (CUDART static linking)

Detected 1 CUDA Capable device(s)

Device 0: "Tesla V100-PCIE-32GB"
  CUDA Driver Version / Runtime Version          11.7 / 11.6
  CUDA Capability Major/Minor version number:    7.0
  Total amount of global memory:                 32511 MBytes (34089926656 bytes)
  (080) Multiprocessors, (064) CUDA Cores/MP:    5120 CUDA Cores
  GPU Max Clock rate:                            1380 MHz (1.38 GHz)
  Memory Clock rate:                             877 Mhz
  Memory Bus Width:                              4096-bit
  L2 Cache Size:                                 6291456 bytes
  Maximum Texture Dimension Size (x,y,z)         1D=(131072), 2D=(131072, 65536), 3D=(16384, 16384, 16384)
  Maximum Layered 1D Texture Size, (num) layers  1D=(32768), 2048 layers
  Maximum Layered 2D Texture Size, (num) layers  2D=(32768, 32768), 2048 layers
  Total amount of constant memory:               65536 bytes
  Total amount of shared memory per block:       49152 bytes
  Total shared memory per multiprocessor:        98304 bytes
  Total number of registers available per block: 65536
  Warp size:                                     32
  Maximum number of threads per multiprocessor:  2048
  Maximum number of threads per block:           1024
  Max dimension size of a thread block (x,y,z): (1024, 1024, 64)
  Max dimension size of a grid size    (x,y,z): (2147483647, 65535, 65535)
  Maximum memory pitch:                          2147483647 bytes
  Texture alignment:                             512 bytes
  Concurrent copy and kernel execution:          Yes with 7 copy engine(s)
  Run time limit on kernels:                     No
  Integrated GPU sharing Host Memory:            No
  Support host page-locked memory mapping:       Yes
  Alignment requirement for Surfaces:            Yes
  Device has ECC support:                        Enabled
  Device supports Unified Addressing (UVA):      Yes
  Device supports Managed Memory:                Yes
  Device supports Compute Preemption:            Yes
  Supports Cooperative Kernel Launch:            Yes
  Supports MultiDevice Co-op Kernel Launch:      Yes
  Device PCI Domain ID / Bus ID / location ID:   0 / 88 / 0
  Compute Mode:
     < Exclusive Process (many threads in one process is able to use ::cudaSetDevice() with this device) >

deviceQuery, CUDA Driver = CUDART, CUDA Driver Version = 11.7, CUDA Runtime Version = 11.6, NumDevs = 1
Result = PASS
Deep_google
batch_size =  128 lr =  1e-06 wd =  1.0
5276 1164 1140
cuda:0
Using SGD
1 3.015490135340369
2 2.307679119843981
3 1.8571562751664457
4 1.6021872834331434
5 1.4431246720632882
6 1.3423622645059257
7 1.252782993781196
8 1.1565752184870028
9 1.1143648323007747
10 1.0705030290713538
Train R2 - DI: 0.024
Val R2 - DI: -0.029
Test R2 - DI: 0.026
11 1.0244373558505726
12 1.0244849151151483
13 1.0101038917978213
14 1.0022607933309062
15 0.968158721743071
16 0.9472069903880561
17 0.9608893023466323
18 0.9558352790518725
19 0.9470453974511969
20 0.9192561147518462
Train R2 - DI: 0.156
Val R2 - DI: 0.052
Test R2 - DI: 0.147
21 0.9167792510588663
22 0.929596350444276
23 0.9352711646099539
24 0.9089826574553316
25 0.902673344163844
26 0.9134886547459898
27 0.9096268858305878
28 0.8902353505188086
29 0.9017250978015787
30 0.9057927911619601
Train R2 - DI: 0.189
Val R2 - DI: 0.072
Test R2 - DI: 0.185
31 0.8983019084258004
32 0.894219335956588
33 0.8942731721460865
34 0.8843123979239503
35 0.8806063477698377
36 0.8947201405988668
37 0.8730351987257431
38 0.8875067877082593
39 0.8753851885773902
40 0.8680898726573941
Train R2 - DI: 0.205
Val R2 - DI: 0.106
Test R2 - DI: 0.187
41 0.8792845687692684
42 0.8627866649826519
43 0.8608744462572145
44 0.8689540370202951
45 0.8450609983776084
46 0.8728287412507504
47 0.8733226168417768
48 0.8441227596306818
49 0.8584356292619048
50 0.8472137744902118
Train R2 - DI: 0.221
Val R2 - DI: 0.113
Test R2 - DI: 0.218
51 0.8690451481199517
52 0.8693589549610523
53 0.843669989779648
54 0.8527077718428178
55 0.8552546847309462
56 0.8370921570211762
57 0.8564338872973173
58 0.8266661741952267
59 0.8373113421439401
60 0.8590430368339591
Train R2 - DI: 0.233
Val R2 - DI: 0.122
Test R2 - DI: 0.230
61 0.8511981545206811
62 0.8492824996936674
63 0.829707166252035
64 0.8371682714295261
65 0.8366477693275035
66 0.844089217489646
67 0.829376207055966
68 0.8262836197454699
69 0.824937132970233
70 0.8284236584946095
Train R2 - DI: 0.241
Val R2 - DI: 0.137
Test R2 - DI: 0.233
71 0.8290725640946939
72 0.8203208981091729
73 0.823227072683946
74 0.8334650311667057
75 0.8414144796164674
76 0.8098750458783142
77 0.8284900182119548
78 0.8339259642556909
79 0.8154016114980367
80 0.8153428076522833
Train R2 - DI: 0.250
Val R2 - DI: 0.145
Test R2 - DI: 0.237
81 0.8076811469441747
82 0.830095193709633
83 0.8207234001864621
84 0.8180139259102671
85 0.8368076809976388
86 0.8201884925139502
87 0.8123107486100157
88 0.8129053720929028
89 0.8372511346743268
90 0.8244144293826308
Train R2 - DI: 0.257
Val R2 - DI: 0.149
Test R2 - DI: 0.250
91 0.798159535903656
92 0.8108351327326372
93 0.8049294106701814
94 0.7980649550364178
95 0.8122389480143989
96 0.8203519069850219
97 0.8112498559763794
98 0.8047223121854191
99 0.8049592411454832
100 0.7926049041332306
Train R2 - DI: 0.266
Val R2 - DI: 0.155
Test R2 - DI: 0.253
101 0.7935871096430989
102 0.7900217315570435
103 0.8056268652701938
104 0.7974812799190553
105 0.8066650159978975
106 0.7978157698656231
107 0.7919741411205491
108 0.7923897328116479
109 0.805729271788955
110 0.8035109046736479
Train R2 - DI: 0.268
Val R2 - DI: 0.166
Test R2 - DI: 0.247
111 0.793231514749245
112 0.7741711455100048
113 0.7897506591223513
114 0.7896601252704067
115 0.7781674202596536
116 0.7867276124921687
117 0.7954380688927588
118 0.7889968227761727
119 0.781732584125983
120 0.7774991680493041
Train R2 - DI: 0.276
Val R2 - DI: 0.164
Test R2 - DI: 0.260
121 0.7686473937356354
122 0.7869200746700382
123 0.7710574352442993
124 0.7839163762995291
125 0.7775810097455075
126 0.7853488452602644
127 0.7753034380008272
128 0.7886694104857658
129 0.7650517512217356
130 0.7730488465354693
Train R2 - DI: 0.278
Val R2 - DI: 0.171
Test R2 - DI: 0.252
131 0.7791935249293185
132 0.773128411912665
133 0.7693527794137337
134 0.7747479914895868
135 0.7653656909644739
136 0.7816385553586294
137 0.7746095808280788
138 0.7749512946632796
139 0.7574796903033976
140 0.7611582481201351
Train R2 - DI: 0.284
Val R2 - DI: 0.178
Test R2 - DI: 0.258
141 0.7825017656856996
142 0.767218611202428
143 0.7743193929262284
144 0.7826315888498117
145 0.7688523418890698
146 0.7685041719534977
147 0.7636161926481378
148 0.7630568503700846
149 0.7652334456555856
150 0.7683061464344397
Train R2 - DI: 0.288
Val R2 - DI: 0.179
Test R2 - DI: 0.260
151 0.7723348537478327
152 0.7646387726904498
153 0.7469491491361131
154 0.7561689073882201
155 0.7544094856893411
156 0.7555737203047798
157 0.7531423636057596
158 0.7623998637991117
159 0.7608713701514244
160 0.7579500478176207
Train R2 - DI: 0.293
Val R2 - DI: 0.176
Test R2 - DI: 0.269
161 0.7615449586720788
162 0.7616120905836393
163 0.7531920912321812
164 0.7478228131417888
165 0.7553846085496343
166 0.7521301350239283
167 0.7585219962746922
168 0.7540870553349979
169 0.7551150198141854
170 0.7533530852304795
Train R2 - DI: 0.288
Val R2 - DI: 0.188
Test R2 - DI: 0.256
171 0.7422799720648475
172 0.7428126534880608
173 0.7498272933500838
174 0.7421045326843146
175 0.7548967284447682
176 0.7527830715067374
177 0.747079071355101
178 0.7418589171719786
179 0.7498362401925406
180 0.7383447106450322
Train R2 - DI: 0.302
Val R2 - DI: 0.178
Test R2 - DI: 0.269
181 0.7378024468826831
182 0.7577899365464876
183 0.7434934354623761
184 0.7424546871066003
185 0.7356059638454301
186 0.7514563951644145
187 0.7508506812409437
188 0.7505707550988765
189 0.7523151706167023
190 0.74013311637903
Train R2 - DI: 0.300
Val R2 - DI: 0.190
Test R2 - DI: 0.256
191 0.7454389765734379
192 0.7336497336196754
193 0.7485995384849682
194 0.737613340911764
195 0.7325773258115235
196 0.743325954951329
197 0.7415455241290072
198 0.732313897005982
199 0.7294738032403907
200 0.7436934337641273
Train R2 - DI: 0.307
Val R2 - DI: 0.185
Test R2 - DI: 0.270
201 0.7344421210209469
202 0.7319828147143465
203 0.7278579130057045
204 0.7414819448169566
205 0.7358163164997752
206 0.740203930718868
207 0.7258578048591093
208 0.7416650795231632
209 0.7299999083597792
210 0.7223585578778913
Train R2 - DI: 0.308
Val R2 - DI: 0.193
Test R2 - DI: 0.264
211 0.726219962590386
212 0.7206454910140222
213 0.7225213180987378
214 0.7323758716923076
215 0.7282556336517132
216 0.7372503396776068
217 0.7291914320425883
218 0.7181671233318175
219 0.7346423217706196
220 0.7264897013542054
Train R2 - DI: 0.303
Val R2 - DI: 0.197
Test R2 - DI: 0.258
221 0.7176548999941105
222 0.7230669520315209
223 0.7272882500862515
224 0.7257892193895474
225 0.7265647884297317
226 0.7200490061851773
227 0.7284827957196702
228 0.7228617918048509
229 0.7364187681647844
230 0.7223480132332889
Train R2 - DI: 0.310
Val R2 - DI: 0.193
Test R2 - DI: 0.262
231 0.7231277109457743
232 0.7253971719398383
233 0.7191510577378986
234 0.7100128124300688
235 0.7234160970159332
236 0.7141574107850475
237 0.7242287332312097
238 0.7226543600944247
239 0.7212600500137178
240 0.7121981458513912
Train R2 - DI: 0.318
Val R2 - DI: 0.191
Test R2 - DI: 0.266
241 0.7325171647964779
242 0.7100800370700076
243 0.7072045622312996
244 0.7122870880695253
245 0.7169131590300568
246 0.7200332390620366
247 0.7167819854072588
248 0.711572731417901
249 0.7147236858424678
250 0.7189474681546238
Train R2 - DI: 0.322
Val R2 - DI: 0.192
Test R2 - DI: 0.273
251 0.7150609948311546
252 0.7094131894324927
253 0.7144715945950234
254 0.7041732971644745
255 0.7025656517117741
256 0.7014070935462622
257 0.7315078245319138
258 0.7059185659008734
259 0.7146572363566412
260 0.7094325124539599
Train R2 - DI: 0.319
Val R2 - DI: 0.198
Test R2 - DI: 0.264
261 0.7005900349736304
262 0.7157085920437617
263 0.7115220603299376
264 0.7045405412642137
265 0.7037940289686809
266 0.7114582281387422
267 0.7059043889880813
268 0.7052517227370961
269 0.7008476689785516
270 0.7112212453130703
Train R2 - DI: 0.325
Val R2 - DI: 0.195
Test R2 - DI: 0.271
271 0.7127499865527583
272 0.6968402915420272
273 0.7082052832756014
274 0.7022447710330058
275 0.7049389529897011
276 0.706619388637803
277 0.708419168420232
278 0.7025980417072276
279 0.7068730226694588
280 0.704500048109941
Train R2 - DI: 0.330
Val R2 - DI: 0.193
Test R2 - DI: 0.277
281 0.6956255714309496
282 0.7072678337592442
283 0.7177940965873713
284 0.7058905757133305
285 0.7032523297558597
286 0.7061571813696167
287 0.7074671925876609
288 0.6995241769432028
289 0.711132720304855
290 0.6994623644863501
Train R2 - DI: 0.328
Val R2 - DI: 0.199
Test R2 - DI: 0.268
291 0.705358879370975
292 0.692886322126685
293 0.7039139967600987
294 0.6957479916891426
295 0.6911306789736571
296 0.7002097458618893
297 0.7063784311448561
298 0.7058115338538071
299 0.6988965470832437
300 0.7114263513578079
Train R2 - DI: 0.333
Val R2 - DI: 0.198
Test R2 - DI: 0.278
301 0.695139689098442
302 0.6974917761162431
303 0.6933705125955852
304 0.6894030512237838
305 0.700397272919777
306 0.699153131296275
307 0.6984997008947643
308 0.6953550842876594
309 0.6910025008344759
310 0.6912641094614829
Train R2 - DI: 0.334
Val R2 - DI: 0.198
Test R2 - DI: 0.275
311 0.6940903646463332
312 0.6995461944199766
313 0.6868272486557284
314 0.6948620755397704
315 0.7049440642122612
316 0.6900775338367046
317 0.6866405742289534
318 0.6885642927645552
319 0.6971560013484015
320 0.6904860650435644
Train R2 - DI: 0.336
Val R2 - DI: 0.198
Test R2 - DI: 0.275
321 0.6952940626430005
322 0.687975798437684
323 0.693722087745869
324 0.6840666908491191
325 0.6939325900670703
326 0.695177128226401
327 0.686970465015154
328 0.6860371346813517
329 0.6860681004014496
330 0.6853423545855839
Train R2 - DI: 0.338
Val R2 - DI: 0.198
Test R2 - DI: 0.269
331 0.6767829910112747
332 0.6885631683651835
333 0.6881621498515698
334 0.6870929632248347
335 0.6782912182663317
336 0.6791483635157686
337 0.6800796197977276
338 0.6916674559906272
339 0.6973951085441668
340 0.6872497392568379
Train R2 - DI: 0.338
Val R2 - DI: 0.202
Test R2 - DI: 0.264
341 0.6907715768051292
342 0.6796270110916242
343 0.6897512941852133
344 0.6838808783624459
345 0.6758180706902288
346 0.6894273550063936
347 0.6900516405893692
348 0.6780485792807145
349 0.6899271828826401
350 0.6870848361608926
Train R2 - DI: 0.337
Val R2 - DI: 0.204
Test R2 - DI: 0.269
351 0.6812904505588685
352 0.6809033627217245
353 0.6767415943427733
354 0.6745790484911388
355 0.6835915846206457
356 0.6830576515676761
357 0.6848845724990822
358 0.6739536827490852
359 0.6792207296776718
360 0.6741355433438744
Train R2 - DI: 0.344
Val R2 - DI: 0.197
Test R2 - DI: 0.278
361 0.6848982458678586
362 0.6785033072279293
363 0.6845926569663185
364 0.6802256171273137
365 0.6809968135861215
366 0.6754471905489958
367 0.6790123794275852
368 0.6825339379999292
369 0.6803170880013293
370 0.6814073229306028
Train R2 - DI: 0.346
Val R2 - DI: 0.196
Test R2 - DI: 0.279
371 0.6647031450696386
372 0.6799067521836379
373 0.6700249034134703
374 0.6691844947777343
375 0.6685445468655312
376 0.6781529532950245
377 0.6794854108359978
378 0.6746381350861435
379 0.6829126922355808
380 0.6717131796255539
Train R2 - DI: 0.346
Val R2 - DI: 0.201
Test R2 - DI: 0.272
381 0.6711135350726969
382 0.6716676861431854
383 0.6722756020041286
384 0.6716622964643546
385 0.6757965414383088
386 0.6726628216131787
387 0.6682910565809376
388 0.6740161707854976
389 0.6727697613385701
390 0.6758447565573287
Train R2 - DI: 0.348
Val R2 - DI: 0.204
Test R2 - DI: 0.274
391 0.674986133754389
392 0.6773300268959149
393 0.6689967970399806
394 0.6769294375899707
395 0.664538996544094
396 0.6715020328601985
397 0.6711416636297791
398 0.6757879624139006
399 0.668849719393154
400 0.6785339377340356
Train R2 - DI: 0.348
Val R2 - DI: 0.202
Test R2 - DI: 0.269
0.20423677248698968
Test R2 - DI: 0.269
Test R2 - DI: 0.274
Deep_google
batch_size =  128 lr =  1e-06 wd =  5.0
5276 1164 1140
cuda:0
Using SGD
1 3.1179191039492453
2 2.3099476756970025
3 1.8695437151704257
4 1.6033047983554207
5 1.4410712639430512
6 1.3176647144976306
7 1.212963333086501
8 1.1763943464490298
9 1.1077849116625436
10 1.0628778371420478
Train R2 - DI: -0.009
Val R2 - DI: -0.031
Test R2 - DI: -0.043
11 1.0453391469636588
12 1.014710570303575
13 1.0267787226408698
14 0.9863356452172592
15 1.0048484495410963
16 0.9753525078161094
17 0.9605573977910722
18 0.9639549465049299
19 0.9426126957301212
20 0.9379068061743296
Train R2 - DI: 0.130
Val R2 - DI: 0.073
Test R2 - DI: 0.078
21 0.9386136408463132
22 0.9431702570991141
23 0.9261006810974225
24 0.8994580725542608
25 0.9053427696318406
26 0.9095343656843589
27 0.9163764481566186
28 0.8722820323104656
29 0.8856305025851211
30 0.8841351478998186
Train R2 - DI: 0.176
Val R2 - DI: 0.095
Test R2 - DI: 0.129
31 0.8830180329025651
32 0.9056555110455644
33 0.8899580290409721
34 0.850010874237049
35 0.8794093442017423
36 0.8684350419351782
37 0.8731896562771512
38 0.8592545776497332
39 0.8611170256833762
40 0.8684284402349847
Train R2 - DI: 0.192
Val R2 - DI: 0.120
Test R2 - DI: 0.145
41 0.8441244487151492
42 0.8569722998946612
43 0.8475232333554925
44 0.8430736810533814
45 0.8488746373105718
46 0.8569627655917176
47 0.8444062058359859
48 0.8285062233998615
49 0.8549932104516337
50 0.8341814369482918
Train R2 - DI: 0.205
Val R2 - DI: 0.129
Test R2 - DI: 0.160
51 0.8400703689381424
52 0.8332697614925751
53 0.8449751523247806
54 0.8237058961364335
55 0.8374003396963332
56 0.8190385923862818
57 0.8200853536579082
58 0.8253160527115794
59 0.8280771254950893
60 0.8336001362106491
Train R2 - DI: 0.217
Val R2 - DI: 0.136
Test R2 - DI: 0.177
61 0.8205089369807124
62 0.818928159123754
63 0.8174445128422781
64 0.812800834854956
65 0.8134117511929302
66 0.8166241585259368
67 0.8096366331738175
68 0.8048662042147829
69 0.8010136243337208
70 0.8115834585186927
Train R2 - DI: 0.222
Val R2 - DI: 0.140
Test R2 - DI: 0.181
71 0.8103400449394909
72 0.8184723185715664
73 0.815099191810255
74 0.797781590397743
75 0.7969756051389624
76 0.8008405749683944
77 0.8062660981074168
78 0.8004296316713705
79 0.7962799699492668
80 0.7906291757098105
Train R2 - DI: 0.225
Val R2 - DI: 0.148
Test R2 - DI: 0.186
81 0.7984749006447781
82 0.7985662308671965
83 0.803013863574383
84 0.7898234115847138
85 0.8044221248926766
86 0.7967005530661756
87 0.7984800656877565
88 0.7887526274721581
89 0.8022971144673317
90 0.7876774743255835
Train R2 - DI: 0.230
Val R2 - DI: 0.151
Test R2 - DI: 0.191
91 0.7772091589161987
92 0.7995557354380454
93 0.7877944894050268
94 0.7805460005027042
95 0.7810743028598811
96 0.775376767891659
97 0.7920816279072216
98 0.7929563214148058
99 0.7916074684391066
100 0.7817804375952894
Train R2 - DI: 0.229
Val R2 - DI: 0.155
Test R2 - DI: 0.188
101 0.7869021840128056
102 0.7794799026528302
103 0.782496330682033
104 0.7819571527592425
105 0.788285701088692
106 0.7861744814790317
107 0.7796058397884167
108 0.7779481804578751
109 0.7780331252559376
110 0.7785672560797395
Train R2 - DI: 0.235
Val R2 - DI: 0.159
Test R2 - DI: 0.196
111 0.7769759105542468
112 0.7741627308163704
113 0.7747724084713136
114 0.781151131303858
115 0.7793748855500442
116 0.7729214477755971
117 0.7807846303416347
118 0.7685205915644822
119 0.7651057069368485
120 0.7777831908244812
Train R2 - DI: 0.235
Val R2 - DI: 0.160
Test R2 - DI: 0.196
121 0.775911490423739
122 0.7749211890305236
123 0.7713288763330415
124 0.7668380739112258
125 0.7589285359227178
126 0.7636233880901264
127 0.7613396781063875
128 0.7674459042288843
129 0.7738002778636045
130 0.7623429900773824
Train R2 - DI: 0.241
Val R2 - DI: 0.161
Test R2 - DI: 0.204
131 0.7792537655226655
132 0.764055962924979
133 0.7641620807253655
134 0.7659913276161905
135 0.7627066790922019
136 0.7649430550798673
137 0.7675446589576917
138 0.7606499944336944
139 0.7585112244184492
140 0.7631967522774437
Train R2 - DI: 0.240
Val R2 - DI: 0.165
Test R2 - DI: 0.204
141 0.7692610830000804
142 0.7664388788297739
143 0.7644874472072216
144 0.7620242022943822
145 0.7575743980169115
146 0.7538516362839526
147 0.7671843507779739
148 0.756692258583225
149 0.7556583490491003
150 0.7607006169883838
Train R2 - DI: 0.235
Val R2 - DI: 0.170
Test R2 - DI: 0.194
151 0.7623822356915275
152 0.7552421446819031
153 0.7624618854370869
154 0.7652035851294204
155 0.7624485894438894
156 0.7540596332669348
157 0.7692848741104424
158 0.7591243785289854
159 0.7714130636685902
160 0.7639012522006957
Train R2 - DI: 0.235
Val R2 - DI: 0.170
Test R2 - DI: 0.195
161 0.763069768581
162 0.7607510729754305
163 0.7553860905768747
164 0.7579011324682952
165 0.7578023438927258
166 0.7443890111567488
167 0.7619592444837048
168 0.7632512071306187
169 0.761051988764366
170 0.7535405384942923
Train R2 - DI: 0.239
Val R2 - DI: 0.170
Test R2 - DI: 0.199
171 0.7512550078801263
172 0.7528768603190769
173 0.7590905760525753
174 0.7627435346911403
175 0.762104185355984
176 0.7647377232695457
177 0.759846710996071
178 0.7549915081447864
179 0.7520551574419989
180 0.7604862425343569
Train R2 - DI: 0.235
Val R2 - DI: 0.174
Test R2 - DI: 0.194
181 0.7509593487554106
182 0.7530959190700522
183 0.755456072168878
184 0.7586046563937322
185 0.7516394150446906
186 0.755009720097716
187 0.7580633165259719
188 0.7501712466298495
189 0.7586867553524396
190 0.7627042815755768
Train R2 - DI: 0.233
Val R2 - DI: 0.176
Test R2 - DI: 0.189
191 0.7628600588343738
192 0.7555857079105002
193 0.7569754584166387
194 0.7627389095243493
195 0.764294315957047
196 0.7633353727979132
197 0.7698445016457512
198 0.7568625482851308
199 0.7545128052120773
200 0.755077003212568
Train R2 - DI: 0.220
Val R2 - DI: 0.175
Test R2 - DI: 0.171
201 0.7527668349348839
202 0.7613071046876944
203 0.76287102129895
204 0.751631568922429
205 0.7613897189848164
206 0.7554006984597178
207 0.7589833284978889
208 0.7489746475508938
209 0.7579396288895625
210 0.7521642480861788
Train R2 - DI: 0.233
Val R2 - DI: 0.178
Test R2 - DI: 0.191
211 0.7555808552383383
212 0.760726473383871
213 0.762489562598569
214 0.7604276528405456
215 0.7606890836929715
216 0.7590413086788504
217 0.7571888801453238
218 0.7614855573790104
219 0.7606191196344042
220 0.754857993153029
Train R2 - DI: 0.235
Val R2 - DI: 0.177
Test R2 - DI: 0.193
221 0.7614136246499733
222 0.7574047453481199
223 0.762185985704007
224 0.7652158173672442
225 0.7565916887370812
226 0.7542170580360725
227 0.753239330918252
228 0.7615620491177499
229 0.7652759921650167
230 0.7566822899210354
Train R2 - DI: 0.230
Val R2 - DI: 0.180
Test R2 - DI: 0.187
231 0.7577981759057613
232 0.7609973125967499
233 0.7546131116047874
234 0.7572343395549841
235 0.764470249165903
236 0.7585381553695453
237 0.7556948137608688
238 0.7654309342809479
239 0.7612030610747189
240 0.7560991849114806
Train R2 - DI: 0.225
Val R2 - DI: 0.178
Test R2 - DI: 0.178
241 0.7621074240708369
242 0.757271200802581
243 0.7634327314042793
244 0.7632111122971507
245 0.7546338220723566
246 0.7649141469175297
247 0.7581983719295042
248 0.763264266445024
249 0.762583521751855
250 0.7588781835094738
Train R2 - DI: 0.226
Val R2 - DI: 0.180
Test R2 - DI: 0.181
251 0.762791445754169
252 0.7663229960126349
253 0.7662912070796379
254 0.7686144289778796
255 0.7669761558208075
256 0.7637960913508475
257 0.770301615270003
258 0.7663755467256151
259 0.7636721444636063
260 0.7634307611069958
Train R2 - DI: 0.210
Val R2 - DI: 0.176
Test R2 - DI: 0.160
261 0.7608932958939837
262 0.7668051510665161
263 0.7626991215486071
264 0.7717953366343951
265 0.7659815165741684
266 0.7691604069365616
267 0.7711960670620859
268 0.7702992967442186
269 0.770479143343702
270 0.7674001864721777
Train R2 - DI: 0.209
Val R2 - DI: 0.177
Test R2 - DI: 0.159
271 0.7698479777850193
272 0.7639471088692128
273 0.7664353413686688
274 0.7621963045830253
275 0.7700611107090913
276 0.7684874977235816
277 0.773490676155047
278 0.7707195369197709
279 0.7696612336763927
280 0.7717683171575227
Train R2 - DI: 0.213
Val R2 - DI: 0.180
Test R2 - DI: 0.162
281 0.7694740015688586
282 0.7755539586726602
283 0.774035505899613
284 0.7693696542162168
285 0.7756109201971376
286 0.7731294683473774
287 0.7695632170690923
288 0.7765301586643505
289 0.7699270191474608
290 0.7729870941351543
Train R2 - DI: 0.208
Val R2 - DI: 0.178
Test R2 - DI: 0.157
291 0.7704112282117449
292 0.7744725380457198
293 0.7794038014849358
294 0.7763047636775378
295 0.7723151447196365
296 0.77495247225042
297 0.7771098508899912
298 0.7703021363022654
299 0.7750529843898684
300 0.781927801832455
Train R2 - DI: 0.202
Val R2 - DI: 0.175
Test R2 - DI: 0.150
301 0.7741199833954528
302 0.7796730350327365
303 0.7786549385566437
304 0.7774888726687051
305 0.7804572946470375
306 0.7796344837516975
307 0.7765857909916928
308 0.778803855384092
309 0.7792847783751701
310 0.7743523738617424
Train R2 - DI: 0.195
Val R2 - DI: 0.174
Test R2 - DI: 0.142
311 0.7861394007789808
312 0.7791978283937091
313 0.7792973334903153
314 0.7789085533602659
315 0.781559621682214
316 0.7839970947486872
317 0.7881554366965652
318 0.7868443453646321
319 0.7849921031464583
320 0.7877106647585449
Train R2 - DI: 0.190
Val R2 - DI: 0.172
Test R2 - DI: 0.136
321 0.7857416227426015
322 0.7831351864148126
323 0.7858451122673648
324 0.7880496516021659
325 0.7903439579722192
326 0.7856654359862333
327 0.7898888427529758
328 0.7918908692291959
329 0.7904512959506315
330 0.7891369967681156
Train R2 - DI: 0.174
Val R2 - DI: 0.165
Test R2 - DI: 0.119
331 0.7887492572113454
332 0.7889520788481961
333 0.7894718214089984
334 0.7895607394734687
335 0.7927313794955961
336 0.7899431391951711
337 0.7881929991008478
338 0.7877498293031427
339 0.7903900442474082
340 0.7837665015047839
Train R2 - DI: 0.179
Val R2 - DI: 0.167
Test R2 - DI: 0.123
341 0.7934146576798984
342 0.7932654370675943
343 0.7942834227170069
344 0.7905874309257814
345 0.7928743375079753
346 0.7899115313355718
347 0.7919454750371214
348 0.7948528348360213
349 0.7961107520012353
350 0.7930444656130579
Train R2 - DI: 0.173
Val R2 - DI: 0.164
Test R2 - DI: 0.115
351 0.7964884842589915
352 0.7936432581222627
353 0.7978585731630708
354 0.7973370478856374
355 0.7998692765662487
356 0.7998044874019203
357 0.8014435497895618
358 0.8044448862299944
359 0.8061423205443636
360 0.799627620582783
Train R2 - DI: 0.171
Val R2 - DI: 0.163
Test R2 - DI: 0.115
361 0.8056229885732522
362 0.8041677434305244
363 0.8040427645559651
364 0.8069696365837982
365 0.8063995923798947
366 0.8099397736304271
367 0.8073392983093869
368 0.8065196258087245
369 0.8033443509493026
370 0.8041057639541366
Train R2 - DI: 0.160
Val R2 - DI: 0.158
Test R2 - DI: 0.103
371 0.8096751936282779
372 0.8119042379735002
373 0.8068810103064328
374 0.8153593047854574
375 0.8084310088942139
376 0.8164842502017018
377 0.8115457243500016
378 0.8126992265142393
379 0.8094103709597584
380 0.8146814066772663
Train R2 - DI: 0.150
Val R2 - DI: 0.152
Test R2 - DI: 0.091
381 0.8169011471396237
382 0.8159201477765133
383 0.8170567405910724
384 0.8177850471020106
385 0.8170521978269119
386 0.8193383706257685
387 0.8235653270999078
388 0.8189379647882532
389 0.8225097245479552
390 0.8213316239218896
Train R2 - DI: 0.146
Val R2 - DI: 0.151
Test R2 - DI: 0.087
391 0.8235065999403427
392 0.824226947468822
393 0.8211326137286773
394 0.8294934902885269
395 0.8274619680539146
396 0.8220364686844474
397 0.8235058276557489
398 0.8268958502777424
399 0.8301972693525723
400 0.8281771237421794
Train R2 - DI: 0.148
Val R2 - DI: 0.151
Test R2 - DI: 0.087
0.18028080193554386
Test R2 - DI: 0.087
Test R2 - DI: 0.181
Deep_google
batch_size =  128 lr =  1e-06 wd =  10.0
5276 1164 1140
cuda:0
Using SGD
1 3.1333461942954712
2 2.3963547377445376
3 1.9281104653960741
4 1.6633191521733526
5 1.4922286736594628
6 1.371126773413426
7 1.2899787406111596
8 1.223081405095931
9 1.1629413877860266
10 1.1053339911284457
Train R2 - DI: -0.074
Val R2 - DI: -0.067
Test R2 - DI: -0.066
11 1.0654611090894357
12 1.0403491703283616
13 1.034774479132154
14 0.9967672607047346
15 0.9808667717421028
16 0.9764115304952322
17 0.9572694941485262
18 0.9678111433350199
19 0.9300830262099549
20 0.9368027492035872
Train R2 - DI: 0.088
Val R2 - DI: 0.052
Test R2 - DI: 0.061
21 0.9341101739513232
22 0.9215579608609227
23 0.9058882914952386
24 0.9083455993516415
25 0.9079880862637304
26 0.8974769390650641
27 0.8984644872569243
28 0.90167293510625
29 0.8989691385000922
30 0.8959716306300304
Train R2 - DI: 0.126
Val R2 - DI: 0.088
Test R2 - DI: 0.100
31 0.8880969180673971
32 0.8807854043705342
33 0.8902032262362523
34 0.8772616836950579
35 0.8677100418552113
36 0.8780607904241878
37 0.8589579864737661
38 0.8663464014597062
39 0.8662252897923421
40 0.8593422382324369
Train R2 - DI: 0.137
Val R2 - DI: 0.111
Test R2 - DI: 0.113
41 0.8699846531153629
42 0.8530049842356551
43 0.8595152983076199
44 0.8517735398475468
45 0.8549813216522483
46 0.8555892311866939
47 0.8505564931669951
48 0.8521255317106674
49 0.8565683205801939
50 0.8556942384834088
Train R2 - DI: 0.147
Val R2 - DI: 0.121
Test R2 - DI: 0.125
51 0.8607530970298675
52 0.8427751671644302
53 0.8627370486573978
54 0.8420151089790465
55 0.8370602885324725
56 0.8316233037456227
57 0.8548445027827132
58 0.8430019409210054
59 0.8503420455967322
60 0.8387925669584788
Train R2 - DI: 0.142
Val R2 - DI: 0.121
Test R2 - DI: 0.120
61 0.8359134740410111
62 0.8389344720157192
63 0.8435211173506557
64 0.8450254980500129
65 0.8293022592470807
66 0.8448921346230611
67 0.8525517221831118
68 0.8511917225061898
69 0.8455758369086456
70 0.8387772897773841
Train R2 - DI: 0.125
Val R2 - DI: 0.121
Test R2 - DI: 0.103
71 0.8431422702284633
72 0.8459269327137667
73 0.8432230530045447
74 0.8440548802886252
75 0.8378392648660749
76 0.8395606059753326
77 0.8444847299168741
78 0.8384993454106745
79 0.8522490869425209
80 0.8472197001589529
Train R2 - DI: 0.121
Val R2 - DI: 0.120
Test R2 - DI: 0.098
81 0.842182597443405
82 0.8418602566090021
83 0.8430800615972963
84 0.8440905046607619
85 0.8418497416085596
86 0.844095677069591
87 0.8476270941552834
88 0.8520836402648683
89 0.84938561812416
90 0.851517809576117
Train R2 - DI: 0.116
Val R2 - DI: 0.122
Test R2 - DI: 0.092
91 0.8439016091362648
92 0.8451453175076578
93 0.854606172367874
94 0.8486480436784196
95 0.8635605142548556
96 0.8556941998465843
97 0.8541182644716079
98 0.8557801270141486
99 0.8602514234431501
100 0.8626463968388686
Train R2 - DI: 0.107
Val R2 - DI: 0.118
Test R2 - DI: 0.082
101 0.85632022250503
102 0.8598836112239309
103 0.8553263085461458
104 0.8649491200942356
105 0.8597438329995989
106 0.8644170378355297
107 0.8682030935554996
108 0.8640669760512438
109 0.8708381498284734
110 0.8635550718401489
Train R2 - DI: 0.082
Val R2 - DI: 0.109
Test R2 - DI: 0.057
111 0.87168299284191
112 0.8774888747745251
113 0.8748830158300162
114 0.8621238429407173
115 0.8792057136769905
116 0.8771261839454512
117 0.8794435944134218
118 0.8830463732165582
119 0.8752799221202223
120 0.8808275032350744
Train R2 - DI: 0.067
Val R2 - DI: 0.102
Test R2 - DI: 0.038
121 0.8846658879468801
122 0.8804054967014061
123 0.8846169973160842
124 0.8846759500604764
125 0.8838117771568038
126 0.891781214604873
127 0.8832774330848451
128 0.8925422231657565
129 0.8993868125126704
130 0.9000916747634748
Train R2 - DI: 0.040
Val R2 - DI: 0.088
Test R2 - DI: 0.009
131 0.8970012779575663
132 0.9011977692731318
133 0.8950469929490512
134 0.9035966451010802
135 0.9022331324104471
136 0.9115356175261433
137 0.9070062834806204
138 0.9069931254502587
139 0.9119078163128174
140 0.9203632099326584
Train R2 - DI: 0.034
Val R2 - DI: 0.082
Test R2 - DI: 0.004
141 0.919346009085267
142 0.9202713777478487
143 0.9202909995155681
144 0.9269852249165029
145 0.9240847958860476
146 0.9280813808148336
147 0.9380472758396545
148 0.9373492522163767
149 0.9330017554027913
150 0.9341188146816771
Train R2 - DI: -0.002
Val R2 - DI: 0.062
Test R2 - DI: -0.032
151 0.9462165549634712
152 0.9375068486143551
153 0.9474162203602216
154 0.9523457831013284
155 0.9464208357166033
156 0.9532776679660083
157 0.9494606796948634
158 0.9564960336395969
159 0.9602041477231568
160 0.9634443756031936
Train R2 - DI: -0.014
Val R2 - DI: 0.052
Test R2 - DI: -0.046
161 0.9650586106453636
162 0.962673711180235
163 0.9757756358118469
164 0.9749169275334064
165 0.9722252356635521
166 0.9793730990465525
167 0.9785316482107236
168 0.9815216519057163
169 0.9910525135057636
170 0.9845691546967212
Train R2 - DI: -0.041
Val R2 - DI: 0.035
Test R2 - DI: -0.071
171 0.995502482859631
172 0.990148639434933
173 0.9964594181240102
174 1.003916504619879
175 1.0047052254543059
176 1.0114665279070296
177 1.015306398939056
178 1.015216631948993
179 1.0149970892435498
180 1.0203114390553987
Train R2 - DI: -0.070
Val R2 - DI: 0.015
Test R2 - DI: -0.101
181 1.0196522648267623
182 1.028176888676644
183 1.029582906709285
184 1.0346070474255167
185 1.0364149455503588
186 1.0452584266843354
187 1.0439965456520814
188 1.0519685464613902
189 1.0518435451277646
190 1.0589497101135197
Train R2 - DI: -0.124
Val R2 - DI: -0.022
Test R2 - DI: -0.150
191 1.0579009252212732
192 1.065215395064495
193 1.0694562358509148
194 1.0656251253008029
195 1.0779384419807798
196 1.0796216710034965
197 1.0852248064490138
198 1.0894723009936642
199 1.094054028064216
200 1.0936286209025465
Train R2 - DI: -0.170
Val R2 - DI: -0.056
Test R2 - DI: -0.192
201 1.098153484870847
202 1.1027123305361952
203 1.1139819541602898
204 1.1159717620006557
205 1.1216054049019022
206 1.1251684687551538
207 1.124038109913118
208 1.1321486133440957
209 1.1370380508619515
210 1.1396440656190572
Train R2 - DI: -0.206
Val R2 - DI: -0.083
Test R2 - DI: -0.223
211 1.1539032820773178
212 1.1566241260637742
213 1.1588525627489068
214 1.1592851773277209
215 1.1641034252992446
216 1.1773391591499391
217 1.1789059629035412
218 1.187327822742361
219 1.1863549315088893
220 1.196144595753523
Train R2 - DI: -0.258
Val R2 - DI: -0.125
Test R2 - DI: -0.274
221 1.2020122610862911
222 1.2082989769871257
223 1.215017176379391
224 1.2204662900336138
225 1.2235215547140843
226 1.230401832466328
227 1.2373152166898727
228 1.2502026362704726
229 1.2520992915859903
230 1.266539179167122
Train R2 - DI: -0.326
Val R2 - DI: -0.176
Test R2 - DI: -0.327
231 1.267467195197793
232 1.274999658567965
233 1.2766174556090129
234 1.2908413486104737
235 1.2939940767816018
236 1.3052464546445104
237 1.305576025490692
238 1.3145493401823123
239 1.330057632389893
240 1.3326179160594578
Train R2 - DI: -0.405
Val R2 - DI: -0.240
Test R2 - DI: -0.393
241 1.3412512403441885
242 1.3457358802151191
243 1.353310491570566
244 1.3641967522185168
245 1.3724103214344896
246 1.3810876606991112
247 1.3960435795368256
248 1.4060801416748487
249 1.4163401210009825
250 1.4231911728651438
Train R2 - DI: -0.488
Val R2 - DI: -0.307
Test R2 - DI: -0.457
251 1.428430575507441
252 1.4437135346826955
253 1.45216224589431
254 1.4591847715999613
255 1.4694729936764581
256 1.4863016077566544
257 1.4988827305006385
258 1.5120762734814428
259 1.5244384008975893
260 1.537225667412666
Train R2 - DI: -0.619
Val R2 - DI: -0.418
Test R2 - DI: -0.559
261 1.5449164183054844
262 1.5546360961228631
263 1.5702214160590935
264 1.578771099165771
265 1.5888746674988106
266 1.6036639558808021
267 1.6209494026435696
268 1.6367539593087082
269 1.6468125865529937
270 1.6613426023220095
Train R2 - DI: -0.733
Val R2 - DI: -0.512
Test R2 - DI: -0.644
271 1.6744801539015464
272 1.689762618977342
273 1.7001148528271863
274 1.7136956254490585
275 1.726997947765174
276 1.742613833270532
277 1.7526881090161293
278 1.7638555001453344
279 1.7843262825706314
280 1.7954378775162079
Train R2 - DI: -0.869
Val R2 - DI: -0.627
Test R2 - DI: -0.742
281 1.810680843827578
282 1.8207902023519325
283 1.8385875384133363
284 1.849304558925325
285 1.8636131107671592
286 1.8778433440037077
287 1.8867355462183457
288 1.9022930255887
289 1.9158480754849403
290 1.9268531457685538
Train R2 - DI: -1.020
Val R2 - DI: -0.755
Test R2 - DI: -0.848
291 1.942363479085001
292 1.9549493254631916
293 1.9657639358150318
294 1.9830459960036606
295 1.9902452034332068
296 2.003635976150056
297 2.0182347861630525
298 2.028693098476025
299 2.0423565867093587
300 2.0535015077460796
Train R2 - DI: -1.143
Val R2 - DI: -0.859
Test R2 - DI: -0.935
301 2.0668162325279926
302 2.082251182372503
303 2.094897373414925
304 2.1022470774661417
305 2.117234191178733
306 2.1296012558839466
307 2.139629778670397
308 2.1538182429240633
309 2.1635781801316303
310 2.1760698098680846
Train R2 - DI: -1.262
Val R2 - DI: -0.960
Test R2 - DI: -1.020
311 2.1895173443728453
312 2.2014500548931757
313 2.2127583703821223
314 2.225896702832214
315 2.239090719577306
316 2.2444523660588933
317 2.261123447186844
318 2.2698854257700747
319 2.283103541228878
320 2.2938646373647553
Train R2 - DI: -1.383
Val R2 - DI: -1.065
Test R2 - DI: -1.111
321 2.304504068987762
322 2.320143314271917
323 2.327520716633193
324 2.342483271966837
325 2.354295584177591
326 2.362470972619335
327 2.376300531774872
328 2.386866795465384
329 2.397031257693021
330 2.4096397370258185
Train R2 - DI: -1.517
Val R2 - DI: -1.190
Test R2 - DI: -1.224
331 2.4190067304997305
332 2.4296564964564844
333 2.442992581572833
334 2.455863114285415
335 2.4667977565522445
336 2.474667244015362
337 2.4869994630950973
338 2.498419479676681
339 2.5099943127932196
340 2.5179749321449516
Train R2 - DI: -1.627
Val R2 - DI: -1.296
Test R2 - DI: -1.322
341 2.530265803405785
342 2.5407271325543035
343 2.551095198464267
344 2.560240614314799
345 2.5703251736014066
346 2.582722942968315
347 2.59228726261217
348 2.603510044396511
349 2.613818738024916
350 2.621421505051006
Train R2 - DI: -1.740
Val R2 - DI: -1.414
Test R2 - DI: -1.433
351 2.6327600345365743
352 2.6403428241102147
353 2.65321403836734
354 2.6655261500302907
355 2.67316202181049
356 2.682791820703988
357 2.692896666899154
358 2.7022375784831305
359 2.7100714614121997
360 2.722526002599038
Train R2 - DI: -1.828
Val R2 - DI: -1.516
Test R2 - DI: -1.530
361 2.7316369912767158
362 2.7413534106767203
363 2.749230537566387
364 2.757201906223022
365 2.7688503952257735
366 2.777257027456126
367 2.7849817379032507
368 2.7972200923656496
369 2.8026531335528464
370 2.811862331344107
Train R2 - DI: -1.931
Val R2 - DI: -1.644
Test R2 - DI: -1.651
371 2.8207063192305375
372 2.830237130851254
373 2.8390407817123333
374 2.8491747348574274
375 2.8583391397807345
376 2.8668554169016414
377 2.872965469425424
378 2.8818384722564327
379 2.890283649486516
380 2.8982667517174003
Train R2 - DI: -2.017
Val R2 - DI: -1.761
Test R2 - DI: -1.760
381 2.9070579069324114
382 2.914651878138579
383 2.9234671220352832
384 2.93178159021084
385 2.937911085688408
386 2.9455083954777113
387 2.9543755594937524
388 2.9617882765451102
389 2.9678459099696566
390 2.9757241129061778
Train R2 - DI: -2.101
Val R2 - DI: -1.880
Test R2 - DI: -1.869
391 2.9832247055507772
392 2.990210615567315
393 2.9960107872032413
394 3.0033301824507523
395 3.0097359416157663
396 3.0145053905099517
397 3.02104841569231
398 3.0275646994925522
399 3.033142632837997
400 3.038639974738722
Train R2 - DI: -2.167
Val R2 - DI: -1.979
Test R2 - DI: -1.958
0.12224435417029123
Test R2 - DI: -1.958
Test R2 - DI: 0.092
Deep_google
batch_size =  128 lr =  1e-06 wd =  15.0
5276 1164 1140
cuda:0
Using SGD
1 3.317903618454662
2 2.568669936257479
3 2.130054483095564
4 1.8283889590112254
5 1.6715685845867443
6 1.550453322325989
7 1.434181692475528
8 1.358036534636196
9 1.2855567980933316
10 1.247045256767967
Train R2 - DI: -0.184
Val R2 - DI: -0.153
Test R2 - DI: -0.129
11 1.1836014819289808
12 1.1286055615130837
13 1.1271579651510832
14 1.0945522148921871
15 1.0475341080715477
16 1.043274991073059
17 1.0084665391009535
18 1.0069634464764974
19 1.0061318440542155
20 0.9718478158443963
Train R2 - DI: 0.023
Val R2 - DI: 0.015
Test R2 - DI: 0.011
21 0.9904416019126626
22 0.9820019300459369
23 0.9748351925516598
24 0.9693720583847023
25 0.9484484258070419
26 0.953432587261359
27 0.9421645063536921
28 0.9594125944705874
29 0.9231190141445764
30 0.9436147096845758
Train R2 - DI: 0.075
Val R2 - DI: 0.067
Test R2 - DI: 0.046
31 0.9238082137498285
32 0.93938727194473
33 0.924981012770947
34 0.9223784124245691
35 0.916745517631658
36 0.9264429034474585
37 0.9067362079663743
38 0.9108448910658968
39 0.9153082475597158
40 0.9208595221742163
Train R2 - DI: 0.085
Val R2 - DI: 0.084
Test R2 - DI: 0.054
41 0.9067466785005768
42 0.9014234450660572
43 0.9201334610954209
44 0.9087561625617304
45 0.9068027308169778
46 0.9165841815505993
47 0.9082455028630821
48 0.913534401310855
49 0.9164541627169559
50 0.9198429434926696
Train R2 - DI: 0.065
Val R2 - DI: 0.086
Test R2 - DI: 0.034
51 0.9258072187360079
52 0.9291632019090689
53 0.9218951415798716
54 0.9167549919232534
55 0.9305354649140313
56 0.9309404052686655
57 0.932534721152542
58 0.9355699875483104
59 0.9320382807090303
60 0.941071689851904
Train R2 - DI: 0.041
Val R2 - DI: 0.077
Test R2 - DI: 0.012
61 0.9379942046140883
62 0.939936630648135
63 0.94373846989495
64 0.9453856377460633
65 0.9507358349390875
66 0.9511003056830579
67 0.9550147598398916
68 0.957746671401162
69 0.9562347551653835
70 0.9667741491362577
Train R2 - DI: 0.003
Val R2 - DI: 0.060
Test R2 - DI: -0.025
71 0.9686683941465873
72 0.980391280636632
73 0.9782309791551926
74 0.9779634485197755
75 0.9765610797013
76 0.9879463396802646
77 0.9911364960435487
78 0.9942362847610167
79 1.0028144630453097
80 1.0042373233893498
Train R2 - DI: -0.041
Val R2 - DI: 0.037
Test R2 - DI: -0.063
81 1.0179921535039327
82 1.0186018645537451
83 1.0217319971869803
84 1.0251081561933781
85 1.040510240515766
86 1.0338659153642575
87 1.0370494827707217
88 1.043141515147424
89 1.053704561655769
90 1.0501675619330706
Train R2 - DI: -0.089
Val R2 - DI: 0.006
Test R2 - DI: -0.109
91 1.0606012621822458
92 1.0648410681796128
93 1.0719891298983113
94 1.0751971461901255
95 1.0800463466412917
96 1.0844117473525654
97 1.0918917356791868
98 1.102167445841479
99 1.1034886057942632
100 1.1167013290888257
Train R2 - DI: -0.167
Val R2 - DI: -0.046
Test R2 - DI: -0.175
101 1.1150582688066253
102 1.1286907943927311
103 1.12780546265357
104 1.137635733703486
105 1.1478508138765071
106 1.1501289851472087
107 1.156980111980366
108 1.168186520066019
109 1.1695006591429578
110 1.1748359218702975
Train R2 - DI: -0.203
Val R2 - DI: -0.073
Test R2 - DI: -0.209
111 1.1828864828667196
112 1.194716678956316
113 1.1999207201828281
114 1.2129433142858712
115 1.2188628408563598
116 1.2244881845225521
117 1.2320145145341064
118 1.2417039598272641
119 1.2485013469951998
120 1.257970448467567
Train R2 - DI: -0.299
Val R2 - DI: -0.147
Test R2 - DI: -0.294
121 1.2645316446613777
122 1.2702109721504078
123 1.2829374077647269
124 1.2886401045223002
125 1.3020314747316535
126 1.3072399561652819
127 1.3170416094842872
128 1.3258589493496298
129 1.3336954012885973
130 1.3456859677194013
Train R2 - DI: -0.383
Val R2 - DI: -0.214
Test R2 - DI: -0.367
131 1.3573598617672287
132 1.3646733110108278
133 1.3741377913834383
134 1.3838981344810122
135 1.396783153698063
136 1.404537795754072
137 1.422129371023431
138 1.4282815332571785
139 1.4432647734812662
140 1.4536476947756949
Train R2 - DI: -0.504
Val R2 - DI: -0.313
Test R2 - DI: -0.467
141 1.4693167046943878
142 1.4800918808120773
143 1.4889760865145691
144 1.5020777673048897
145 1.518200364955182
146 1.5257671893411193
147 1.5343728912337609
148 1.5527169342019325
149 1.5663435731176358
150 1.5809161787777801
Train R2 - DI: -0.639
Val R2 - DI: -0.428
Test R2 - DI: -0.577
151 1.598161609539758
152 1.6116072613692265
153 1.6284984351108254
154 1.641163720245882
155 1.6586999819981862
156 1.6750480881959222
157 1.6878148448385915
158 1.7038459842904576
159 1.7214540786323809
160 1.7407280104552552
Train R2 - DI: -0.830
Val R2 - DI: -0.595
Test R2 - DI: -0.734
161 1.7572252878734251
162 1.7793154788794527
163 1.7986418208540886
164 1.8159181630638532
165 1.8436927525178333
166 1.8558548596702442
167 1.883352635664141
168 1.9032652063564968
169 1.9297035494204993
170 1.9486938793610407
Train R2 - DI: -1.021
Val R2 - DI: -0.761
Test R2 - DI: -0.878
171 1.9690782877421
172 1.9943780139868146
173 2.023742010956736
174 2.0446087292778934
175 2.074195484034124
176 2.1000088030321296
177 2.1268374777997057
178 2.157729207430038
179 2.1855920480000783
180 2.2158406948482927
Train R2 - DI: -1.328
Val R2 - DI: -1.052
Test R2 - DI: -1.131
181 2.240419094358275
182 2.2718111987905667
183 2.2993220465937014
184 2.326974717480744
185 2.3538026981411604
186 2.390260701472331
187 2.41713561353763
188 2.4489135358982503
189 2.476772270932895
190 2.5074492805920556
Train R2 - DI: -1.605
Val R2 - DI: -1.308
Test R2 - DI: -1.343
191 2.534795814974006
192 2.5637104507645847
193 2.5917214665835875
194 2.6202871410841286
195 2.647215618881156
196 2.6754094117333076
197 2.7021443916144383
198 2.726811048386222
199 2.7551891167476557
200 2.776672058524825
Train R2 - DI: -1.906
Val R2 - DI: -1.608
Test R2 - DI: -1.598
201 2.8028700566816003
202 2.8256057183610572
203 2.850733725205798
204 2.8716629187748053
205 2.8912390017708294
206 2.9128243068206303
207 2.9320652099881235
208 2.951675262299336
209 2.970495257800596
210 2.987432230413638
Train R2 - DI: -2.116
Val R2 - DI: -1.831
Test R2 - DI: -1.795
211 3.0052421526804034
212 3.0196872608873138
213 3.0366679401990586
214 3.0498683886423175
215 3.064530846564674
216 3.0782952709031703
217 3.09373614406658
218 3.1068403733508707
219 3.1203846929649948
220 3.131919844210193
Train R2 - DI: -2.258
Val R2 - DI: -2.010
Test R2 - DI: -1.960
221 3.144394410027077
222 3.15667950808776
223 3.1688460629487056
224 3.1799518214291567
225 3.1907789815638083
226 3.2007049388104627
227 3.211477084626204
228 3.22045418129806
229 3.2295578493142867
230 3.2386109275832333
Train R2 - DI: -2.377
Val R2 - DI: -2.180
Test R2 - DI: -2.114
231 3.2471112042688075
232 3.2554046440702935
233 3.2626664284235423
234 3.269721572737155
235 3.2765312881701094
236 3.2823082572858926
237 3.2876908377863585
238 3.293125595081205
239 3.2974774869126384
240 3.3015422564369876
Train R2 - DI: -2.440
Val R2 - DI: -2.281
Test R2 - DI: -2.205
241 3.305339084600661
242 3.3088045962567216
243 3.3115145142463414
244 3.3138930524633725
245 3.3160525163617254
246 3.317828797137222
247 3.319250751391245
248 3.320426959716704
249 3.321332592418286
250 3.321979626640395
Train R2 - DI: -2.460
Val R2 - DI: -2.320
Test R2 - DI: -2.240
251 3.3222745110177017
252 3.3223312369253346
253 3.3224629415898184
254 3.322327920033048
255 3.3219962246586103
256 3.321387762369036
257 3.3209338253243934
258 3.3202779667227444
259 3.3194720161241325
260 3.3186126821776787
Train R2 - DI: -2.455
Val R2 - DI: -2.322
Test R2 - DI: -2.244
261 3.3177109581670408
262 3.316810525123417
263 3.315818645811334
264 3.3147089089110913
265 3.3135102360966173
266 3.312586724712959
267 3.31137098391188
268 3.3101150324346444
269 3.3090046661382737
270 3.3078552492646396
Train R2 - DI: -2.444
Val R2 - DI: -2.314
Test R2 - DI: -2.238
271 3.306592120827826
272 3.3054959287780807
273 3.304338279142806
274 3.302997822468709
275 3.301781934892887
276 3.3006103093014962
277 3.299317780726782
278 3.2980217980651623
279 3.2968850490087087
280 3.295685195850549
Train R2 - DI: -2.431
Val R2 - DI: -2.302
Test R2 - DI: -2.229
281 3.294371124467134
282 3.293168884592584
283 3.292018920928805
284 3.2907492367944724
285 3.289468122667395
286 3.2883556680845616
287 3.2871051326315
288 3.285898067085376
289 3.284707006493511
290 3.2834669469973643
Train R2 - DI: -2.418
Val R2 - DI: -2.290
Test R2 - DI: -2.220
291 3.2823053628228847
292 3.2812240170745617
293 3.2799862076424575
294 3.278787611830497
295 3.2776830662733865
296 3.2763945884646746
297 3.2752245148535115
298 3.2742134682421797
299 3.273027957253966
300 3.2718711192179484
Train R2 - DI: -2.406
Val R2 - DI: -2.278
Test R2 - DI: -2.211
301 3.27066097375206
302 3.2695598587834356
303 3.268370966553417
304 3.267335313662514
305 3.2661938487444075
306 3.2650468053015187
307 3.263978076035367
308 3.262969723065935
309 3.2618154646141044
310 3.2607528445755016
Train R2 - DI: -2.395
Val R2 - DI: -2.267
Test R2 - DI: -2.202
311 3.2597223016870482
312 3.258684250149788
313 3.257693669938788
314 3.256602472749237
315 3.25555770735202
316 3.2545643080537117
317 3.253501224734731
318 3.252535134395747
319 3.2515861364455727
320 3.2505224466866123
Train R2 - DI: -2.384
Val R2 - DI: -2.256
Test R2 - DI: -2.194
321 3.2495256312603837
322 3.248538684628062
323 3.2476378927816487
324 3.2466288919788675
325 3.245684849664603
326 3.2447059613633464
327 3.243771091747501
328 3.2428515150838044
329 3.241852090429229
330 3.2409456705305955
Train R2 - DI: -2.374
Val R2 - DI: -2.247
Test R2 - DI: -2.187
331 3.2400577959461225
332 3.2391302685018197
333 3.2382600287581322
334 3.23732163040271
335 3.236478723659038
336 3.235577868547649
337 3.2346534996524374
338 3.2338614890392843
339 3.2329763529244655
340 3.232106811264593
Train R2 - DI: -2.365
Val R2 - DI: -2.238
Test R2 - DI: -2.180
341 3.2312657581847035
342 3.230464678808448
343 3.229538049003769
344 3.228705862781331
345 3.2279384092818253
346 3.2270718911455107
347 3.226278977289265
348 3.2254590178367493
349 3.2246576593715734
350 3.2238933729167414
Train R2 - DI: -2.357
Val R2 - DI: -2.229
Test R2 - DI: -2.173
351 3.223108953196863
352 3.222238110447581
353 3.221451688120092
354 3.2206648402904543
355 3.21994658832391
356 3.219241526381729
357 3.2184376931714684
358 3.2177057765124872
359 3.216934952435844
360 3.2162622593857284
Train R2 - DI: -2.349
Val R2 - DI: -2.221
Test R2 - DI: -2.167
361 3.215485948608896
362 3.214729218884252
363 3.214026123940538
364 3.213293113882023
365 3.2126047097886485
366 3.2119288740960643
367 3.2111760326368146
368 3.2105374036185936
369 3.209784343985557
370 3.2091751966266764
Train R2 - DI: -2.341
Val R2 - DI: -2.214
Test R2 - DI: -2.162
371 3.2083978859017166
372 3.207734594930746
373 3.207049893646009
374 3.2064243411367097
375 3.2057506841091246
376 3.205095917822467
377 3.2044476850002077
378 3.2037897588991595
379 3.203178611824782
380 3.202499036087603
Train R2 - DI: -2.334
Val R2 - DI: -2.207
Test R2 - DI: -2.156
381 3.201902639513399
382 3.201253164347778
383 3.2005664893765626
384 3.1999952164086722
385 3.199416373153814
386 3.1987739158815467
387 3.198124220373054
388 3.1975250395976564
389 3.196890983733379
390 3.1963396955385996
Train R2 - DI: -2.328
Val R2 - DI: -2.201
Test R2 - DI: -2.151
391 3.195719817264953
392 3.1951294180296697
393 3.1945441584409955
394 3.1939831266265823
395 3.1933879011774535
396 3.192804478803668
397 3.1922626909295024
398 3.191680114860332
399 3.191102066936594
400 3.1905615978660324
Train R2 - DI: -2.322
Val R2 - DI: -2.195
Test R2 - DI: -2.147
0.08599636411369693
Test R2 - DI: -2.147
Test R2 - DI: 0.034

------------------------------------------------------------
Sender: LSF System <lsfadmin@hpc.dtu.dk>
Subject: Job 14772627: <testjob> in cluster <dcc> Done

Job <testjob> was submitted from host <n-62-30-8> by user <s174503> in cluster <dcc> at Tue Nov 15 21:22:02 2022
Job was executed on host(s) <n-62-11-13>, in queue <gpuv100>, as user <s174503> in cluster <dcc> at Tue Nov 15 21:31:29 2022
</zhome/fd/6/127382> was used as the home directory.
</zhome/fd/6/127382/Desktop/MasterThesis/Master-thesis> was used as the working directory.
Started at Tue Nov 15 21:31:29 2022
Terminated at Wed Nov 16 05:53:18 2022
Results reported at Wed Nov 16 05:53:18 2022

Your job looked like:

------------------------------------------------------------
# LSBATCH: User input
#!/bin/sh
#BSUB -q gpuv100
#BSUB -J testjob
#BSUB -n 1
#BSUB -gpu "num=1:mode=exclusive_process"
#BSUB -W 12:00
#BSUB -R "rusage[mem=5GB]"
#BSUB -o outputs/gpu_%J.out
#BSUB -e outputs/errors/gpu_%J.err

nvidia-smi
module load cuda/11.6

/appl/cuda/11.6.0/samples/bin/x86_64/linux/release/deviceQuery

source $HOME/miniconda3/bin/activate
source venv_1/bin/activate

python3 main.py Deep_google 128 1e-6 1 400 2_4_sgd_2wd5 7 SGD
python3 main.py Deep_google 128 1e-6 5 400 2_4_sgd_2wd5 7 SGD
python3 main.py Deep_google 128 1e-6 10 400 2_4_sgd_2wd10 7 SGD
python3 main.py Deep_google 128 1e-6 15 400 2_4_sgd_2wd15 7 SGD
------------------------------------------------------------

Successfully completed.

Resource usage summary:

    CPU time :                                   23340.34 sec.
    Max Memory :                                 2239 MB
    Average Memory :                             2229.71 MB
    Total Requested Memory :                     5120.00 MB
    Delta Memory :                               2881.00 MB
    Max Swap :                                   -
    Max Processes :                              4
    Max Threads :                                8
    Run time :                                   30109 sec.
    Turnaround time :                            30676 sec.

The output (if any) is above this job summary.



PS:

Read file <outputs/errors/gpu_14772627.err> for stderr output of this job.

