Mon Nov  7 18:44:58 2022       
+-----------------------------------------------------------------------------+
| NVIDIA-SMI 515.65.01    Driver Version: 515.65.01    CUDA Version: 11.7     |
|-------------------------------+----------------------+----------------------+
| GPU  Name        Persistence-M| Bus-Id        Disp.A | Volatile Uncorr. ECC |
| Fan  Temp  Perf  Pwr:Usage/Cap|         Memory-Usage | GPU-Util  Compute M. |
|                               |                      |               MIG M. |
|===============================+======================+======================|
|   0  Tesla V100-PCIE...  On   | 00000000:37:00.0 Off |                    0 |
| N/A   32C    P0    23W / 250W |      0MiB / 16384MiB |      0%   E. Process |
|                               |                      |                  N/A |
+-------------------------------+----------------------+----------------------+
                                                                               
+-----------------------------------------------------------------------------+
| Processes:                                                                  |
|  GPU   GI   CI        PID   Type   Process name                  GPU Memory |
|        ID   ID                                                   Usage      |
|=============================================================================|
|  No running processes found                                                 |
+-----------------------------------------------------------------------------+
/appl/cuda/11.6.0/samples/bin/x86_64/linux/release/deviceQuery Starting...

 CUDA Device Query (Runtime API) version (CUDART static linking)

Detected 1 CUDA Capable device(s)

Device 0: "Tesla V100-PCIE-16GB"
  CUDA Driver Version / Runtime Version          11.7 / 11.6
  CUDA Capability Major/Minor version number:    7.0
  Total amount of global memory:                 16161 MBytes (16945709056 bytes)
  (080) Multiprocessors, (064) CUDA Cores/MP:    5120 CUDA Cores
  GPU Max Clock rate:                            1380 MHz (1.38 GHz)
  Memory Clock rate:                             877 Mhz
  Memory Bus Width:                              4096-bit
  L2 Cache Size:                                 6291456 bytes
  Maximum Texture Dimension Size (x,y,z)         1D=(131072), 2D=(131072, 65536), 3D=(16384, 16384, 16384)
  Maximum Layered 1D Texture Size, (num) layers  1D=(32768), 2048 layers
  Maximum Layered 2D Texture Size, (num) layers  2D=(32768, 32768), 2048 layers
  Total amount of constant memory:               65536 bytes
  Total amount of shared memory per block:       49152 bytes
  Total shared memory per multiprocessor:        98304 bytes
  Total number of registers available per block: 65536
  Warp size:                                     32
  Maximum number of threads per multiprocessor:  2048
  Maximum number of threads per block:           1024
  Max dimension size of a thread block (x,y,z): (1024, 1024, 64)
  Max dimension size of a grid size    (x,y,z): (2147483647, 65535, 65535)
  Maximum memory pitch:                          2147483647 bytes
  Texture alignment:                             512 bytes
  Concurrent copy and kernel execution:          Yes with 7 copy engine(s)
  Run time limit on kernels:                     No
  Integrated GPU sharing Host Memory:            No
  Support host page-locked memory mapping:       Yes
  Alignment requirement for Surfaces:            Yes
  Device has ECC support:                        Enabled
  Device supports Unified Addressing (UVA):      Yes
  Device supports Managed Memory:                Yes
  Device supports Compute Preemption:            Yes
  Supports Cooperative Kernel Launch:            Yes
  Supports MultiDevice Co-op Kernel Launch:      Yes
  Device PCI Domain ID / Bus ID / location ID:   0 / 55 / 0
  Compute Mode:
     < Exclusive Process (many threads in one process is able to use ::cudaSetDevice() with this device) >

deviceQuery, CUDA Driver = CUDART, CUDA Driver Version = 11.7, CUDA Runtime Version = 11.6, NumDevs = 1
Result = PASS
Deep_google
batch_size =  128 lr =  1e-05 wd =  20.0
5269 1164 1140
cuda:0
1 2.944438472783278
2 2.1683568266452116
3 1.960507397295108
4 1.7404419224229206
5 1.6231960007985553
6 1.5234976232017912
7 1.4468946475913886
8 1.3736621273787928
9 1.296288307703159
10 1.2791095952151463
Train R2 - DI: -0.474
Val R2 - DI: -0.285
Test R2 - DI: -0.429
11 1.222740602337176
12 1.1788005966415305
13 1.15095351186462
14 1.1197424720238183
15 1.1034420761489216
16 1.0802938442887244
17 1.0586131283308844
18 1.0450008044004848
19 1.0163395885815767
20 1.0130270182192722
Train R2 - DI: -0.146
Val R2 - DI: -0.049
Test R2 - DI: -0.158
21 1.0037854091450078
22 0.9949175355714511
23 0.9766555815216802
24 0.9693381441999237
25 0.9640934929537307
26 0.9574096817335881
27 0.9326654515607599
28 0.9389931855832496
29 0.9339888730816561
30 0.9221688830031234
Train R2 - DI: -0.205
Val R2 - DI: -0.089

------------------------------------------------------------
Sender: LSF System <lsfadmin@hpc.dtu.dk>
Subject: Job 14688541: <testjob> in cluster <dcc> Exited

Job <testjob> was submitted from host <n-62-30-1> by user <s174503> in cluster <dcc> at Mon Nov  7 18:44:55 2022
Job was executed on host(s) <n-62-20-6>, in queue <gpuv100>, as user <s174503> in cluster <dcc> at Mon Nov  7 18:44:56 2022
</zhome/fd/6/127382> was used as the home directory.
</zhome/fd/6/127382/Desktop/MasterThesis/Master-thesis> was used as the working directory.
Started at Mon Nov  7 18:44:56 2022
Terminated at Mon Nov  7 20:45:41 2022
Results reported at Mon Nov  7 20:45:41 2022

Your job looked like:

------------------------------------------------------------
# LSBATCH: User input
#!/bin/sh
#BSUB -q gpuv100
#BSUB -J testjob
#BSUB -n 1
#BSUB -gpu "num=1:mode=exclusive_process"
#BSUB -W 04:00
#BSUB -R "rusage[mem=5GB]"
#BSUB -o outputs/gpu_%J.out
#BSUB -e outputs/errors/gpu_%J.err

nvidia-smi
module load cuda/11.6

/appl/cuda/11.6.0/samples/bin/x86_64/linux/release/deviceQuery

source $HOME/miniconda3/bin/activate
source venv_1/bin/activate

python3 main.py Deep_google 128 1e-5 20 100 t12
python3 main.py Deep_google 128 1e-5 30 100 t13
python3 main.py Deep_google 128 1e-5 40 100 t14
python3 main.py Deep_google 128 1e-5 50 100 t15

------------------------------------------------------------

TERM_OWNER: job killed by owner.
Exited with exit code 130.

Resource usage summary:

    CPU time :                                   529.54 sec.
    Max Memory :                                 2236 MB
    Average Memory :                             2077.71 MB
    Total Requested Memory :                     5120.00 MB
    Delta Memory :                               2884.00 MB
    Max Swap :                                   -
    Max Processes :                              6
    Max Threads :                                8
    Run time :                                   7300 sec.
    Turnaround time :                            7247 sec.

The output (if any) is above this job summary.



PS:

Read file <outputs/errors/gpu_14688541.err> for stderr output of this job.

