Tue Nov  8 23:53:50 2022       
+-----------------------------------------------------------------------------+
| NVIDIA-SMI 515.65.01    Driver Version: 515.65.01    CUDA Version: 11.7     |
|-------------------------------+----------------------+----------------------+
| GPU  Name        Persistence-M| Bus-Id        Disp.A | Volatile Uncorr. ECC |
| Fan  Temp  Perf  Pwr:Usage/Cap|         Memory-Usage | GPU-Util  Compute M. |
|                               |                      |               MIG M. |
|===============================+======================+======================|
|   0  Tesla V100-PCIE...  On   | 00000000:37:00.0 Off |                    0 |
| N/A   36C    P0    29W / 250W |      0MiB / 16384MiB |      0%   E. Process |
|                               |                      |                  N/A |
+-------------------------------+----------------------+----------------------+
                                                                               
+-----------------------------------------------------------------------------+
| Processes:                                                                  |
|  GPU   GI   CI        PID   Type   Process name                  GPU Memory |
|        ID   ID                                                   Usage      |
|=============================================================================|
|  No running processes found                                                 |
+-----------------------------------------------------------------------------+
/appl/cuda/11.6.0/samples/bin/x86_64/linux/release/deviceQuery Starting...

 CUDA Device Query (Runtime API) version (CUDART static linking)

Detected 1 CUDA Capable device(s)

Device 0: "Tesla V100-PCIE-16GB"
  CUDA Driver Version / Runtime Version          11.7 / 11.6
  CUDA Capability Major/Minor version number:    7.0
  Total amount of global memory:                 16161 MBytes (16945709056 bytes)
  (080) Multiprocessors, (064) CUDA Cores/MP:    5120 CUDA Cores
  GPU Max Clock rate:                            1380 MHz (1.38 GHz)
  Memory Clock rate:                             877 Mhz
  Memory Bus Width:                              4096-bit
  L2 Cache Size:                                 6291456 bytes
  Maximum Texture Dimension Size (x,y,z)         1D=(131072), 2D=(131072, 65536), 3D=(16384, 16384, 16384)
  Maximum Layered 1D Texture Size, (num) layers  1D=(32768), 2048 layers
  Maximum Layered 2D Texture Size, (num) layers  2D=(32768, 32768), 2048 layers
  Total amount of constant memory:               65536 bytes
  Total amount of shared memory per block:       49152 bytes
  Total shared memory per multiprocessor:        98304 bytes
  Total number of registers available per block: 65536
  Warp size:                                     32
  Maximum number of threads per multiprocessor:  2048
  Maximum number of threads per block:           1024
  Max dimension size of a thread block (x,y,z): (1024, 1024, 64)
  Max dimension size of a grid size    (x,y,z): (2147483647, 65535, 65535)
  Maximum memory pitch:                          2147483647 bytes
  Texture alignment:                             512 bytes
  Concurrent copy and kernel execution:          Yes with 7 copy engine(s)
  Run time limit on kernels:                     No
  Integrated GPU sharing Host Memory:            No
  Support host page-locked memory mapping:       Yes
  Alignment requirement for Surfaces:            Yes
  Device has ECC support:                        Enabled
  Device supports Unified Addressing (UVA):      Yes
  Device supports Managed Memory:                Yes
  Device supports Compute Preemption:            Yes
  Supports Cooperative Kernel Launch:            Yes
  Supports MultiDevice Co-op Kernel Launch:      Yes
  Device PCI Domain ID / Bus ID / location ID:   0 / 55 / 0
  Compute Mode:
     < Exclusive Process (many threads in one process is able to use ::cudaSetDevice() with this device) >

deviceQuery, CUDA Driver = CUDART, CUDA Driver Version = 11.7, CUDA Runtime Version = 11.6, NumDevs = 1
Result = PASS
Deep_google
batch_size =  128 lr =  1e-06 wd =  10.0
5276 1164 1140
cuda:0
1 4.424265189094919
2 3.9583892746347655
3 3.5964662340032594
4 3.269973215503707
5 3.055295690340558
6 2.843649238235034
7 2.6918666649262413
8 2.5665306851572844
9 2.4596192614430277
10 2.3762683275525003
Train R2 - DI: -1.384
Val R2 - DI: -1.135
Test R2 - DI: -1.143
11 2.2712651580639913
12 2.176603808196952
13 2.1264723390227833
14 2.073988979652671
15 2.0106808324941094
16 1.951865872801751
17 1.8831950994582678
18 1.8614776072129777
19 1.8074198674757973
20 1.7525052832689494
Train R2 - DI: -0.756
Val R2 - DI: -0.549
Test R2 - DI: -0.610
21 1.7303851946815565
22 1.6836015522434822
23 1.6636506700443445
24 1.635778963159123
25 1.6040643534938706
26 1.591018961721338
27 1.5392476491082157
28 1.5214422623979222
29 1.5013820533051103
30 1.4979044537005595
Train R2 - DI: -0.507
Val R2 - DI: -0.338
Test R2 - DI: -0.417
31 1.4506383806670409
32 1.459716294460716
33 1.4284017809057343
34 1.4142937738846613
35 1.3637103080478377
36 1.3801600998147496
37 1.3517823804048448
38 1.3273136801932959
39 1.3247298609586806
40 1.3068897892255689
Train R2 - DI: -0.296
Val R2 - DI: -0.179
Test R2 - DI: -0.254
41 1.2843762863034818
42 1.2791253515858827
43 1.274850386033192
44 1.2567220060910305
45 1.2477843879839974
46 1.234017944679376
47 1.2340491258167154
48 1.2146801076394487
49 1.2024574395469683
50 1.1903039024488957
Train R2 - DI: -0.236
Val R2 - DI: -0.123
Test R2 - DI: -0.213
51 1.1804112681301369
52 1.1803156188078412
53 1.1616746001934084
54 1.1697188952007105
55 1.1543594166760738
56 1.146220019950028
57 1.131141026513517
58 1.1111412648453325
59 1.1105352255139411
60 1.1014757591996616
Train R2 - DI: -0.102
Val R2 - DI: -0.039
Test R2 - DI: -0.110
61 1.0933812565203413
62 1.0920301359471631
63 1.0909126187202332
64 1.0841559374124556
65 1.0815834121960777
66 1.0828785194963826
67 1.0584746658847222
68 1.0607282670724563
69 1.058386944567642
70 1.051270592655532
Train R2 - DI: -0.040
Val R2 - DI: 0.001
Test R2 - DI: -0.060
71 1.0393775411407726
72 1.0319314195948899
73 1.0448777953994555
74 1.0407596461424058
75 1.030526743322001
76 1.0194256619308102
77 1.0041850672878037
78 1.0164919156211176
79 1.0198286088512556
80 0.9932548523039597
Train R2 - DI: -0.004
Val R2 - DI: 0.028
Test R2 - DI: -0.032
81 1.0082932303040384
82 0.995060648269234
83 0.9827392816182065
84 0.9819091649738743
85 0.979602180890191
86 0.9783516879602306
87 0.9703787764290049
88 0.9719603065291167
89 0.97502314863646
90 0.9621137495380717
Train R2 - DI: 0.025
Val R2 - DI: 0.048
Test R2 - DI: -0.010
91 0.9518381470166164
92 0.9530124895675693
93 0.953480488427938
94 0.9378502186362359
95 0.9400692848295222
96 0.9376094909759071
97 0.9455931587956727
98 0.938341877964792
99 0.930213852349875
100 0.9125788912256168
Train R2 - DI: 0.076
Val R2 - DI: 0.073
Test R2 - DI: 0.031
101 0.9255083935833772
102 0.9234775876890448
103 0.9213457400370403
104 0.9174371044955713
105 0.9219868967621683
106 0.9220740182369022
107 0.9153450726107091
108 0.9119089723898661
109 0.911438772721757
110 0.8997374899103571
Train R2 - DI: 0.082
Val R2 - DI: 0.085
Test R2 - DI: 0.031
111 0.8985849336026924
112 0.9051068318079962
113 0.8955147070718408
114 0.8990242853591259
115 0.8998919417679174
116 0.8990336562124864
117 0.8915063618167591
118 0.8927706511658733
119 0.8858830329592794
120 0.8806642580881907
Train R2 - DI: 0.112
Val R2 - DI: 0.101
Test R2 - DI: 0.059
121 0.8724449339737216
122 0.8820292273193169
123 0.8674954763409584
124 0.8677973728273926
125 0.8723045803092482
126 0.8637564209395056
127 0.8745259668584843
128 0.8750780629695953
129 0.8706780029030078
130 0.8766825586851118
Train R2 - DI: 0.112
Val R2 - DI: 0.106
Test R2 - DI: 0.058
131 0.8609360473186703
132 0.8591585547025679
133 0.8587360674906536
134 0.8548520004053384
135 0.858272783407395
136 0.8609087745107603
137 0.8575271944641796
138 0.8687994459345993
139 0.8650099634672314
140 0.8548471831841573
Train R2 - DI: 0.120
Val R2 - DI: 0.114
Test R2 - DI: 0.066
141 0.8443034579574926
142 0.8530621424238278
143 0.8522426006557184
144 0.8512861739513637
145 0.8465739852375294
146 0.8543601429670303
147 0.840770579767191
148 0.8434090777000213
149 0.838386588515975
150 0.8418755872038117
Train R2 - DI: 0.139
Val R2 - DI: 0.124
Test R2 - DI: 0.084
151 0.8374156149342893
152 0.8372796670878991
153 0.8483708457932316
154 0.838952123870264
155 0.8368497249120289
156 0.8279633115330277
157 0.8412959337957525
158 0.8256508804705217
159 0.8338009558725393
160 0.8348766053328467
Train R2 - DI: 0.167
Val R2 - DI: 0.137
Test R2 - DI: 0.110
161 0.8283463021044121
162 0.8326147784781872
163 0.8272400109310598
164 0.8250844709072446
165 0.8270920396664542
166 0.8244704589236406
167 0.8276667629705404
168 0.8345606224025354
169 0.8293361679634603
170 0.8339568093656319
Train R2 - DI: 0.158
Val R2 - DI: 0.139
Test R2 - DI: 0.101
171 0.8205882043346842
172 0.8291571883200876
173 0.8263826018666751
174 0.8162898087790738
175 0.8199120220404127
176 0.820085823671487
177 0.8212721416496526
178 0.8242610444888823
179 0.8163528215984579
180 0.8161086439634472
Train R2 - DI: 0.172
Val R2 - DI: 0.145
Test R2 - DI: 0.121
181 0.8122510838635136
182 0.8169100515041684
183 0.8175471447199198
184 0.8140121646637805
185 0.8166624455853246
186 0.806732439560995
187 0.8158917285620578
188 0.8091393484592077
189 0.8075030706342736
190 0.8110799111589688
Train R2 - DI: 0.167
Val R2 - DI: 0.149
Test R2 - DI: 0.111
191 0.814623519043926
192 0.8060714846492446
193 0.8082921707422287
194 0.7978699693994327
195 0.8051170497522651
196 0.8059812219329093
197 0.8030897499124963
198 0.8034808280524022
199 0.8053491559780575
200 0.8030146906283699
Train R2 - DI: 0.175
Val R2 - DI: 0.151
Test R2 - DI: 0.122
201 0.8062847534574461
202 0.8099640918284134
203 0.8043008938804551
204 0.806707857412493
205 0.8076952356475153
206 0.8061733659783307
207 0.8051185292940957
208 0.7973488460353507
209 0.7932995767011346
210 0.7992215610707322
Train R2 - DI: 0.174
Val R2 - DI: 0.152
Test R2 - DI: 0.122
211 0.7974824436782797
212 0.7904206712287515
213 0.792906899222648
214 0.7998099860320768
215 0.7978668677888195
216 0.7970601932129415
217 0.7928837092199318
218 0.796472662727972
219 0.7962670818795934
220 0.793949929577912
Train R2 - DI: 0.198
Val R2 - DI: 0.160
Test R2 - DI: 0.147
221 0.7928781164153405
222 0.7961622935700724
223 0.7937723505307184
224 0.791940335616458
225 0.7911821601967454
226 0.7846589819828248
227 0.7859913481285031
228 0.7875291206693902
229 0.7889313112162025
230 0.7851836065662188
Train R2 - DI: 0.192
Val R2 - DI: 0.159
Test R2 - DI: 0.140
231 0.7891608205503184
232 0.7906271782311822
233 0.7844539535054662
234 0.7830021784466447
235 0.7846206733003722
236 0.7855462869791663
237 0.7881598005338182
238 0.7852963723406094
239 0.7816624926110847
240 0.7774256259044795
Train R2 - DI: 0.201
Val R2 - DI: 0.160
Test R2 - DI: 0.153
241 0.7816269920123536
242 0.7812331077092701
243 0.7788832117383275
244 0.7794563045232381
245 0.789592645898563
246 0.7802551189907759
247 0.7842153079406704
248 0.7757828509925079
249 0.7803476479037229
250 0.7799483285517833
Train R2 - DI: 0.191
Val R2 - DI: 0.158
Test R2 - DI: 0.142
251 0.778327364466062
252 0.7811754609347293
253 0.7862813174498633
254 0.7797125769529133
255 0.7778059655378224
256 0.7783942128601536
257 0.7727013012963412
258 0.7710906420357757
259 0.7676397928511943
260 0.7758067212744677
Train R2 - DI: 0.202
Val R2 - DI: 0.164
Test R2 - DI: 0.154
261 0.7744481210188038
262 0.7761722051166422
263 0.7762146608860226
264 0.7680388191959188
265 0.772024646638649
266 0.768902208608059
267 0.7748375928157925
268 0.7759726740719244
269 0.7722641040286483
270 0.7741918847631378
Train R2 - DI: 0.196
Val R2 - DI: 0.162
Test R2 - DI: 0.147
271 0.7684338046710901
272 0.7706994427434417
273 0.7664823269554843
274 0.7672188891164275
275 0.7722935897098336
276 0.7694744976114558
277 0.768234280314384
278 0.7702769050099255
279 0.7648896704215367
280 0.7666737122956869
Train R2 - DI: 0.213
Val R2 - DI: 0.166
Test R2 - DI: 0.167
281 0.7745384370132863
282 0.7712012523950457
283 0.7751150811775965
284 0.7664383312262216
285 0.7634892620490843
286 0.7677608486646229
287 0.772030515188155
288 0.7634987474120504
289 0.7636900431193394
290 0.7639015625154005
Train R2 - DI: 0.218
Val R2 - DI: 0.165
Test R2 - DI: 0.176
291 0.7688615891497816
292 0.7639272403228997
293 0.7618442279448375
294 0.7584707056418615
295 0.7668574261249603
296 0.7644100740518056
297 0.7681819440018869
298 0.762298729719765
299 0.7601499602232493
300 0.7653400358419874
Train R2 - DI: 0.216
Val R2 - DI: 0.167
Test R2 - DI: 0.172
301 0.7615232703539347
302 0.7583943614008934
303 0.7653137720652472
304 0.7581663799611251
305 0.7581741586609986
306 0.7589486166326452
307 0.7615428670416102
308 0.7589912297962469
309 0.7607192429201995
310 0.7580287226950969
Train R2 - DI: 0.208
Val R2 - DI: 0.166
Test R2 - DI: 0.162
311 0.757209632051452
312 0.7601835561395144
313 0.7551008088738743
314 0.7618803645373294
315 0.763483472806744
316 0.7540162971654202
317 0.7599474994227053
318 0.7550108384417259
319 0.7541857923948014
320 0.7499965152747708
Train R2 - DI: 0.224
Val R2 - DI: 0.169
Test R2 - DI: 0.185
321 0.7629332478702565
322 0.756667907261505
323 0.7608215062341698
324 0.7577858859160527
325 0.7572623032164266
326 0.7514397388972325
327 0.7568121136274186
328 0.7543896765669157
329 0.7538069153573135
330 0.761886266526894
Train R2 - DI: 0.211
Val R2 - DI: 0.167
Test R2 - DI: 0.169
331 0.7568656265780815
332 0.7539873645556886
333 0.7518197663179214
334 0.7513667311606939
335 0.7491252574620597
336 0.7589499897085599
337 0.7540846649582771
338 0.7538390356632143
339 0.7512034363508043
340 0.7492906753541485
Train R2 - DI: 0.222
Val R2 - DI: 0.169
Test R2 - DI: 0.181
341 0.7500363136892341
342 0.7523435002208388
343 0.7471953271644598
344 0.7557681913263785
345 0.750017818444782
346 0.7489754778133187
347 0.7554035257262837
348 0.7507147882091357
349 0.7497520205014759
350 0.7481333305204881
Train R2 - DI: 0.227
Val R2 - DI: 0.169
Test R2 - DI: 0.189
351 0.7458093629089425
352 0.7464511855883161
353 0.7510716346649621
354 0.7493208503976204
355 0.7487945377691123
356 0.746084719060315
357 0.7458153846500677
358 0.7452076455695418
359 0.7500235847535687
360 0.7498842160569799
Train R2 - DI: 0.216
Val R2 - DI: 0.171
Test R2 - DI: 0.172
361 0.747272274094698
362 0.7466405774717353
363 0.743444523547435
364 0.7457903056907509
365 0.7461915933968354
366 0.7479087453253618
367 0.7464966062255842
368 0.7463603865657457
369 0.7477484189081228
370 0.7409504654960618
Train R2 - DI: 0.229
Val R2 - DI: 0.174
Test R2 - DI: 0.189
371 0.7437255566910056
372 0.749501985072005
373 0.74395412748921
374 0.7433647108945637
375 0.7465398682844828
376 0.7451675154658499
377 0.7490222252978801
378 0.7407227284624506
379 0.7421286103850155
380 0.7446189118751168
Train R2 - DI: 0.234
Val R2 - DI: 0.177
Test R2 - DI: 0.194
381 0.7451410399773882
382 0.7431307375385872
383 0.7478020388669729
384 0.7477764840194725
385 0.7431680841641141
386 0.741401232581323
387 0.7405789886305421
388 0.7467597956183826
389 0.7419185820992378
390 0.7411466720792902
Train R2 - DI: 0.239
Val R2 - DI: 0.179
Test R2 - DI: 0.196
391 0.7432758410470426
392 0.738771995285228
393 0.7428423499771823
394 0.7397924599275162
395 0.7388792519681466
396 0.7365515897950049
397 0.7405784853124727
398 0.7397746191140465
399 0.7385254705648154
400 0.7356556762091765
Train R2 - DI: 0.239
Val R2 - DI: 0.176
Test R2 - DI: 0.200
401 0.7401411231491402
402 0.7363482911176443
403 0.7379335982045773
404 0.7395053103035196
405 0.7402011433092367
406 0.7326906460356405
407 0.7398909129275798
408 0.740258626091923
409 0.7411332244986923
410 0.7319267569752332
Train R2 - DI: 0.241
Val R2 - DI: 0.180
Test R2 - DI: 0.202
411 0.7367408951635701
412 0.7367807239000322
413 0.7390428432648248
414 0.7280871734825204
415 0.7273277135126693
416 0.7355329341920964
417 0.7346253280299825
418 0.7335369039702542
419 0.7290629907211089
420 0.7326030261684675
Train R2 - DI: 0.242
Val R2 - DI: 0.179
Test R2 - DI: 0.201
421 0.7345474070450679
422 0.7365416486530796
423 0.7298958580813867
424 0.7313976436514489
425 0.7308312282135669
426 0.7316912551374486
427 0.7358985376502638
428 0.7294793198106866
429 0.7279741173896761
430 0.7320271088509419
Train R2 - DI: 0.247
Val R2 - DI: 0.179
Test R2 - DI: 0.207
431 0.7269547798581156
432 0.7245263353588908
433 0.7262999371112161
434 0.7298914063058178
435 0.7276589389187175
436 0.7293938918489683
437 0.7322610169762097
438 0.7279153983189899
439 0.7266983830449796
440 0.7301958797554612
Train R2 - DI: 0.237
Val R2 - DI: 0.180
Test R2 - DI: 0.188
441 0.7298722876302215
442 0.7270932651045108
443 0.7286025214773674
444 0.7213834512405454
445 0.7289278220732706
446 0.7270475950450767
447 0.721131541360229
448 0.7223209952476622
449 0.7219138721158055
450 0.7219497133964295
Train R2 - DI: 0.247
Val R2 - DI: 0.183
Test R2 - DI: 0.196
451 0.7209501580996799
452 0.7193583186780801
453 0.7239165104999065
454 0.725975145843555
455 0.7205955490549014
456 0.722021250764559
457 0.7198603391828096
458 0.7212414595102884
459 0.7159964743665532
460 0.7230732120104681
Train R2 - DI: 0.252
Val R2 - DI: 0.181
Test R2 - DI: 0.199
461 0.7201176840216035
462 0.7172733203220585
463 0.7195087736352453
464 0.7227258386261269
465 0.7209784290933356
466 0.7240768736560206
467 0.7167699195563205
468 0.7154897537260366
469 0.7147296615131341
470 0.7191398442469373
Train R2 - DI: 0.262
Val R2 - DI: 0.188
Test R2 - DI: 0.206
471 0.717538876909483
472 0.7183208293856953
473 0.719114926929633
474 0.7159333603683975
475 0.7147428564179387
476 0.7203617734923519
477 0.7116395845116766
478 0.7121848830045219
479 0.7123933640549452
480 0.715548744248657
Train R2 - DI: 0.274
Val R2 - DI: 0.190
Test R2 - DI: 0.224
481 0.7114012347106413
482 0.70831399916518
483 0.7068367036027019
484 0.7059989948901739
485 0.7119845665251332
486 0.7047662047656582
487 0.7099918341257068
488 0.7116914718236048
489 0.7061613928286572
490 0.7104132373148605
Train R2 - DI: 0.259
Val R2 - DI: 0.188
Test R2 - DI: 0.189
491 0.7105758109718132
492 0.7070403249992214
493 0.7068021046202503
494 0.7061062909103506
495 0.7044582497088452
496 0.7075092373154578
497 0.7055891976381813
498 0.7033078408178007
499 0.7071671324575192
500 0.7036542492982923
Train R2 - DI: 0.274
Val R2 - DI: 0.191
Test R2 - DI: 0.216
501 0.7014946024737817
502 0.7063858774324725
503 0.7041622785296379
504 0.708988445016631
505 0.702629318691005
506 0.7064090414965487
507 0.7040025519095559
508 0.7022147808362355
509 0.7042665324308729
510 0.6994384523591279
Train R2 - DI: 0.283
Val R2 - DI: 0.185
Test R2 - DI: 0.224
511 0.6991825701613784
512 0.6987686592851108
513 0.7028907946197258
514 0.703141964412802
515 0.6958452135979722
516 0.6948545459909273
517 0.6980472952692323
518 0.6940588714996914
519 0.6952294039400895
520 0.7042615216188669
Train R2 - DI: 0.288
Val R2 - DI: 0.190
Test R2 - DI: 0.223
521 0.6968780313141876
522 0.6930815146853293
523 0.6898427655337163
524 0.693560069193887
525 0.6956597688615639
526 0.696619777222128
527 0.6933361742196433
528 0.6918781995773315
529 0.691866601457914
530 0.6914041362719793
Train R2 - DI: 0.285
Val R2 - DI: 0.184
Test R2 - DI: 0.218
531 0.688532209107151
532 0.694904345061582
533 0.6889230072543511
534 0.6827166657993702
535 0.6907606167355842
536 0.6872814562485198
537 0.6870044439556564
538 0.6827977424412627
539 0.6928458803977995
540 0.6828609022613363
Train R2 - DI: 0.297
Val R2 - DI: 0.186
Test R2 - DI: 0.231
541 0.6825695679529405
542 0.6863117814515919
543 0.6819578886393619
544 0.6854512318234447
545 0.6873857042073661
546 0.6850679983145546
547 0.6807036109274314
548 0.6837067406135947
549 0.676355834256708
550 0.6815722985327289
Train R2 - DI: 0.309
Val R2 - DI: 0.183
Test R2 - DI: 0.239
551 0.680050373303339
552 0.6776037145239372
553 0.676255582317066
554 0.6764111204342557
555 0.6797152919422234
556 0.67853150813303
557 0.6753329628339946
558 0.6785033643019751
559 0.6805694866035814
560 0.6780864753173643
Train R2 - DI: 0.306
Val R2 - DI: 0.187
Test R2 - DI: 0.224
561 0.6695940054845774
562 0.6742843631725586
563 0.6686625083212242
564 0.6728010402202967
565 0.6728837189573154
566 0.6711611152599036
567 0.6768640653485145
568 0.6742857895266205
569 0.6679752085405918
570 0.6653589726036656
Train R2 - DI: 0.318
Val R2 - DI: 0.179
Test R2 - DI: 0.232
571 0.6776044104386677
572 0.6671703538721127
573 0.6604182430521117
574 0.6621212654713883
575 0.6681217156729072
576 0.6653751579986729
577 0.6587420485975889
578 0.6545462036241266
579 0.6636181941892814
580 0.6570445966142159
Train R2 - DI: 0.328
Val R2 - DI: 0.185
Test R2 - DI: 0.226
581 0.6597833959689368
582 0.6577224567860162
583 0.6634680339113341
584 0.6556311022430952
585 0.654735899631321
586 0.6542216395229169
587 0.6491065700457257
588 0.6552569089828792
589 0.6517332857806544
590 0.6437503138756192
Train R2 - DI: 0.336
Val R2 - DI: 0.176
Test R2 - DI: 0.227
591 0.6541824662567902
592 0.6491864675640427
593 0.6476077671029334
594 0.6424838770421009
595 0.6462848685382441
596 0.6460284299250351
597 0.6459620032371943
598 0.641433818671087
599 0.6390798241464906
600 0.6470223511593914
Train R2 - DI: 0.349
Val R2 - DI: 0.183
Test R2 - DI: 0.230
601 0.6412193570017725
602 0.6442856142428719
603 0.6382764618535942
604 0.6377348191499529
605 0.6388318712644454
606 0.6371359105269234
607 0.6337734531325947
608 0.6370827161154121
609 0.6322190958591372
610 0.6271341555583106
Train R2 - DI: 0.331
Val R2 - DI: 0.174
Test R2 - DI: 0.158
611 0.6288929558143731
612 0.6295171808211346
613 0.6288357137097292
614 0.6205801365952134
615 0.6167883879312337
616 0.6232484235195973
617 0.6187204661425358
618 0.6180429514652857
619 0.617338669444685
620 0.6192839307889874
Train R2 - DI: 0.337
Val R2 - DI: 0.167
Test R2 - DI: 0.148
621 0.6178486255464272
622 0.6169175928609673
623 0.6092234837276814
624 0.6047587199496717
625 0.6055599687404937
626 0.6039714380545179
627 0.619605821221954
628 0.6015880453803487
629 0.6029965988698559
630 0.6006021518387336
Train R2 - DI: 0.377
Val R2 - DI: 0.165
Test R2 - DI: 0.193
631 0.6013498571083525
632 0.6046912175764904
633 0.5895442414500661
634 0.595877995583214
635 0.5939276199434814
636 0.5889688446903156
637 0.588283565208892
638 0.585589782951274
639 0.5874343526191653
640 0.5844889614417573
Train R2 - DI: 0.370
Val R2 - DI: 0.149
Test R2 - DI: 0.150
641 0.5778309236068089
642 0.5770979583760479
643 0.5881486151415439
644 0.5806498543794992
645 0.5718498609570322
646 0.5739752799837403
647 0.5661829661202304
648 0.5644534986248696
649 0.5657454130322397
650 0.5632768865784883
Train R2 - DI: 0.417
Val R2 - DI: 0.155
Test R2 - DI: 0.148
651 0.5663368021384435
652 0.5560269850596413
653 0.5554100045704137
654 0.5532841861383584
655 0.5492907079717623
656 0.5467667057714831
657 0.5471808382107327
658 0.5419475800436134
659 0.5439493337574106
660 0.5319917517190995
Train R2 - DI: 0.456
Val R2 - DI: 0.146
Test R2 - DI: 0.182
661 0.5338919232341717
662 0.5372936463066806
663 0.5281271787644156
664 0.533413064534055
665 0.521411534260402
666 0.5238299171431124
667 0.5221621740081258
668 0.5154065025675197
669 0.5123219824903747
670 0.5079560509407673
Train R2 - DI: 0.480
Val R2 - DI: 0.129
Test R2 - DI: 0.153
671 0.5098373655390793
672 0.5047009825435347
673 0.5036059896588054
674 0.502609187134113
675 0.49230842110422
676 0.49110241535940885
677 0.49096869238404456
678 0.49610512400324186
679 0.4843868439716313
680 0.4831384018662303
Train R2 - DI: 0.531
Val R2 - DI: 0.093
Test R2 - DI: 0.186
681 0.4780518954635299
682 0.4803151658667679
683 0.4814671844673301
684 0.4697496807873475
685 0.4647017879590923
686 0.46157966611781204
687 0.46467975340077516
688 0.4625361097003584
689 0.459372647925703
690 0.455097358399851
Train R2 - DI: 0.544
Val R2 - DI: 0.081
Test R2 - DI: 0.164
691 0.45614821875610523
692 0.45085205947747276
693 0.44477078628142375
694 0.4418326900075836
695 0.4434848761721214
696 0.4288869164855847
697 0.4313176221202231
698 0.4300037088992471
699 0.4220995934195732
700 0.4212930539822018
Train R2 - DI: 0.566
Val R2 - DI: -0.001
Test R2 - DI: 0.169
701 0.4349352317926466
702 0.42742390967933763
703 0.4211249183397387
704 0.4184104975558665
705 0.41160342702818603
706 0.4098503432823366
707 0.4124492086453181
708 0.3983670373682365
709 0.3979796712894707
710 0.39955103921564894
Train R2 - DI: 0.601
Val R2 - DI: 0.078
Test R2 - DI: 0.140
711 0.3988470027535318
712 0.40214400168528064
713 0.3859857229051308
714 0.3915606290214978
715 0.38844139375769793
716 0.3873827422180349
717 0.38882346090898084
718 0.37913379138667447
719 0.37245996410508697
720 0.37158835105953836
Train R2 - DI: 0.669
Val R2 - DI: 0.072
Test R2 - DI: 0.199
721 0.36711012237084645
722 0.3762786824473655
723 0.36902608254174557
724 0.387730201077877
725 0.358434126447601
726 0.3600948016534166
727 0.3678565657527452
728 0.3479976530686032
729 0.34653148170309234
730 0.3561146977365333
Train R2 - DI: 0.645
Val R2 - DI: 0.012
Test R2 - DI: 0.115
731 0.34045893732257826
732 0.34206168935369413
733 0.3456355933441729
734 0.34070833139206264
735 0.3445674763926057
736 0.34895062853297654
737 0.3381013062255142
738 0.3338834881963289
739 0.32945830443304897
740 0.330286117554434
Train R2 - DI: 0.492
Val R2 - DI: -0.067
Test R2 - DI: -0.176
741 0.3352679941941609
742 0.34371185594205156
743 0.3245640319346297
744 0.3230505851835261
745 0.32278879195835847
746 0.3323405785846204
747 0.3180249466689994
748 0.3211327460428546
749 0.3145588188572667
750 0.309976973345643
Train R2 - DI: 0.741
Val R2 - DI: 0.025
Test R2 - DI: 0.176
751 0.30458086968552806
752 0.29642269519172537
753 0.306044658650224
754 0.31104420720853077
755 0.31103712695398683
756 0.30159222435734323
757 0.31009442093157247
758 0.29984519033607343
759 0.29682418862195337
760 0.29650845660505376
Train R2 - DI: 0.749
Val R2 - DI: -0.011
Test R2 - DI: 0.173
761 0.29815182607222723
762 0.29561706721059655
763 0.2894795472826173
764 0.29199355160584495
765 0.28956546676800593
766 0.2776922388136432
767 0.2783079361197079
768 0.28362270002341616
769 0.2724135652738055
770 0.275447659482551
Train R2 - DI: 0.778
Val R2 - DI: 0.021
Test R2 - DI: 0.157
771 0.29347313171177764
772 0.28484922136837465
773 0.27482909211568346
774 0.26837714907795845
775 0.2615515215320963
776 0.2624494446959796
777 0.2687257938623609
778 0.2731433422887208
779 0.2708857239332047
780 0.2608068886243366
Train R2 - DI: 0.796
Val R2 - DI: -0.014
Test R2 - DI: 0.184
781 0.2650117327581309
782 0.2606186013078491
783 0.26858311936745055
784 0.2622927162934651
785 0.2580419607556526
786 0.2570383471914816
787 0.25800239366505345
788 0.24989349237439124
789 0.25364909572435024
790 0.253118472988629
Train R2 - DI: 0.783
Val R2 - DI: 0.024
Test R2 - DI: 0.100
791 0.26199769982792737
792 0.25161187824107556
793 0.2446935685454579
794 0.2632495628739054
795 0.24515383238138078
796 0.24548210909729928
797 0.2511094768134096
798 0.2510379155175626
799 0.23751538266640346
800 0.247541840777784
Train R2 - DI: 0.813
Val R2 - DI: -0.032
Test R2 - DI: 0.136
0.1905647741059291
Test R2 - DI: 0.136
Test R2 - DI: 0.216
Deep_google
batch_size =  128 lr =  1e-06 wd =  10.0
5580 1000 1000
cuda:0
1 3.0723691675398084
2 2.7938059859805637
3 2.5969243427331303
4 2.4225565532629636
5 2.316987879045548
6 2.20397687231768
7 2.114280785796463
8 2.028531537944698
9 1.967740319706633
10 1.9090672487853675
Train R2 - DI: -0.707
Val R2 - DI: -0.737
Test R2 - DI: -0.695
11 1.8463053224761854
12 1.8269335423746416
13 1.7610156460902169
14 1.711713876519152
15 1.6776046068437638
16 1.629516648391669
17 1.6102899028408912
18 1.5871483084976032
19 1.5589655346340603
20 1.5176885240821427
Train R2 - DI: -0.389
Val R2 - DI: -0.403
Test R2 - DI: -0.371
21 1.523096370526112
22 1.501223188318232
23 1.4640900707586693
24 1.4364720079633924
25 1.4299292804519763
26 1.3971035724899674
27 1.4008203283005718
28 1.3793413388259095
29 1.36025174082821
30 1.349089328106159
Train R2 - DI: -0.216
Val R2 - DI: -0.222
Test R2 - DI: -0.197
31 1.3304449096802742
32 1.3029860455502746
33 1.3048692549428633
34 1.3053288188031924
35 1.271894454016053
36 1.275293039421027
37 1.2559357653382004
38 1.256099825606124
39 1.2379048081281792
40 1.217316542987755
Train R2 - DI: -0.113
Val R2 - DI: -0.113
Test R2 - DI: -0.092
41 1.2217450142761286
42 1.207498714146221
43 1.2063543165029162
44 1.2009765112271873
45 1.1879355454957614
46 1.1902783726278598
47 1.1755396544719683
48 1.1663630558171152
49 1.1482402564804186
50 1.1462617125562442
Train R2 - DI: -0.053
Val R2 - DI: -0.054
Test R2 - DI: -0.037
51 1.1309210497845885
52 1.1407021460994597
53 1.132131720529235
54 1.1324093671682487
55 1.120656522285981
56 1.1279821324092085
57 1.1164882006183747
58 1.1182019117057964
59 1.1133618683370639
60 1.101175457559606
Train R2 - DI: 0.008
Val R2 - DI: 0.011
Test R2 - DI: 0.025
61 1.0805631207308888
62 1.0871137540827516
63 1.0841285003983419
64 1.0817443325528107
65 1.084091050052301
66 1.0765277754875922
67 1.0682492218564488
68 1.058087422941748
69 1.0450104797185535
70 1.0579596627143122
Train R2 - DI: 0.033
Val R2 - DI: 0.035
Test R2 - DI: 0.047
71 1.047860942433812
72 1.042169235897748
73 1.0440336847390752
74 1.0406455673197264
75 1.0375138344730528
76 1.0309626185338556
77 1.0266080723868476
78 1.0382979139204949
79 1.0352503950877856
80 1.017929588295653
Train R2 - DI: 0.075
Val R2 - DI: 0.083
Test R2 - DI: 0.091
81 1.0177010948085443
82 1.0278972568905054
83 1.0073955835407353
84 1.0042345591343431
85 1.0029507285377885
86 1.0045703295738466
87 0.9999328885027158
88 0.9927931214746182
89 0.9933572386328038
90 0.9860291462218035
Train R2 - DI: 0.088
Val R2 - DI: 0.096
Test R2 - DI: 0.104
91 1.0000651172412338
92 0.985199141075107
93 0.9993204546231096
94 0.9806014229319856
95 0.9797115747219346
96 0.9802031580692551
97 0.9854653375550411
98 0.9809833337756468
99 0.9700521713089345
100 0.9777392642045106
Train R2 - DI: 0.110
Val R2 - DI: 0.118
Test R2 - DI: 0.124
101 0.9718931944139542
102 0.9781000515466095
103 0.962500657702005
104 0.9698747846388047
105 0.9666303794443821
106 0.9599040893243632
107 0.9627474770323777
108 0.965440917185985
109 0.9547180784218627
110 0.9558986388654265
Train R2 - DI: 0.128
Val R2 - DI: 0.137
Test R2 - DI: 0.143
111 0.943896179387219
112 0.9481895327995328
113 0.9542896117788062
114 0.9425117653757867
115 0.945479113098541
116 0.9433378863078292
117 0.9424997467721234
118 0.9497482675805314
119 0.9401647264384881
120 0.9342922527730251
Train R2 - DI: 0.147
Val R2 - DI: 0.157
Test R2 - DI: 0.162
121 0.9357030988594109
122 0.9361529202444152
123 0.9316270400119084
124 0.9301408667290937
125 0.9292084915236333
126 0.9331869791058229
127 0.9229026592333257
128 0.9273029900793534
129 0.9233086842789873
130 0.9238116939008022
Train R2 - DI: 0.148
Val R2 - DI: 0.153
Test R2 - DI: 0.159
131 0.9179595927611047
132 0.9106122414271037
133 0.9220617795075994
134 0.9106424195792086
135 0.9184774130903265
136 0.9207976925757624
137 0.9188785747815204
138 0.9170585513542203
139 0.9137295802434285
140 0.9114137056053325
Train R2 - DI: 0.163
Val R2 - DI: 0.168
Test R2 - DI: 0.174
141 0.9101721761474473
142 0.9112795622972605
143 0.9085501968219716
144 0.9052603107199446
145 0.9071301266283972
146 0.9045226370989208
147 0.9129284958258325
148 0.9061691178215875
149 0.9067103899507967
150 0.9051604416635302
Train R2 - DI: 0.169
Val R2 - DI: 0.172
Test R2 - DI: 0.179
151 0.8995672793371275
152 0.8936744113549536
153 0.9067052092603458
154 0.9021003091207115
155 0.9041461973207399
156 0.8982144498483254
157 0.8944139839927783
158 0.8995605971650839
159 0.8926876944880332
160 0.8876436624902978
Train R2 - DI: 0.181
Val R2 - DI: 0.186
Test R2 - DI: 0.191
161 0.895587225156873
162 0.8939614560014458
163 0.8938309249057564
164 0.8870215096354057
165 0.8841454553347762
166 0.8825783088215791
167 0.8874382713789581
168 0.8900914822000756
169 0.8887727309298772
170 0.8822878493203057
Train R2 - DI: 0.183
Val R2 - DI: 0.187
Test R2 - DI: 0.192
171 0.8871017591714004
172 0.8838740225333894
173 0.8793876070702802
174 0.8862283508837436
175 0.8842817168936508
176 0.8815366240812459
177 0.8781157899928349
178 0.8730633415201658
179 0.8771943290173794
180 0.8731811636237687
Train R2 - DI: 0.191
Val R2 - DI: 0.196
Test R2 - DI: 0.202
181 0.8791617690021419
182 0.8721636290618595
183 0.8816245938714687
184 0.8764171872087704
185 0.8759339215507644
186 0.8741798635879298
187 0.8706273810410585
188 0.870389598543926
189 0.8710251633411668
190 0.8746644695599873
Train R2 - DI: 0.194
Val R2 - DI: 0.198
Test R2 - DI: 0.203
191 0.8679515713004655
192 0.8694320326637623
193 0.8656932473609952
194 0.866275377427378
195 0.8671586843801655
196 0.8629690454424923
197 0.864961401664228
198 0.8680935361906619
199 0.8611787936593469
200 0.8571210496741811
Train R2 - DI: 0.205
Val R2 - DI: 0.211
Test R2 - DI: 0.215
201 0.8586729604283542
202 0.8629663120461194
203 0.8586284859633361
204 0.857791451826745
205 0.8637718062674273
206 0.8580066613826273
207 0.8641506648405478
208 0.863031839469855
209 0.858559673105944
210 0.8552463518675938
Train R2 - DI: 0.204
Val R2 - DI: 0.208
Test R2 - DI: 0.214
211 0.8560634791210133
212 0.8587101811576487
213 0.8502255745686084
214 0.8612361549476569
215 0.8554896091902128
216 0.8526174659370094
217 0.8560753509135229
218 0.8561686840535919
219 0.8556022720097641
220 0.8555511626291445
Train R2 - DI: 0.207
Val R2 - DI: 0.210
Test R2 - DI: 0.216
221 0.8527177697014211
222 0.8526644334143635
223 0.8552221950237042
224 0.8527353425179759
225 0.849673029513342
226 0.8571133888750521
227 0.8500136665118638
228 0.8506687821880463
229 0.8476378650220919
230 0.8519174775769633
Train R2 - DI: 0.215
Val R2 - DI: 0.221
Test R2 - DI: 0.226
231 0.850274019771152
232 0.8457546750704448
233 0.8421541409680493
234 0.8432408963480303
235 0.8489907506118965
236 0.8469456345377002
237 0.8451754461907144
238 0.8485284561751991
239 0.8504076871393402
240 0.8504308544179444
Train R2 - DI: 0.210
Val R2 - DI: 0.214
Test R2 - DI: 0.220
241 0.8494773704091281
242 0.8461277819448901
243 0.8377143051461934
244 0.8431362368727243
245 0.8446376112626872
246 0.839642812402445
247 0.840607997764396
248 0.8423477643706893
249 0.8436772050823362
250 0.842314190462926
Train R2 - DI: 0.211
Val R2 - DI: 0.213
Test R2 - DI: 0.219
251 0.842868577878535
252 0.8478101766664922
253 0.8412812444044271
254 0.8391949143888275
255 0.8436865002878251
256 0.8405759548200928
257 0.839726198958667
258 0.8369648501009924
259 0.8365782300203932
260 0.8366471436288622
Train R2 - DI: 0.223
Val R2 - DI: 0.228
Test R2 - DI: 0.232
261 0.8387587313583675
262 0.836455458253088
263 0.8362928746421705
264 0.8376809978143289
265 0.8329709164130645
266 0.8288489353272223
267 0.8304941243168273
268 0.8360507743332976
269 0.8333703500395607
270 0.8390151432765427
Train R2 - DI: 0.227
Val R2 - DI: 0.231
Test R2 - DI: 0.236
271 0.8332752602074736
272 0.8323424452949169
273 0.8372716155958004
274 0.8332084252415592
275 0.8295075173019081
276 0.8325052569843963
277 0.8284323130029931
278 0.8300444451284238
279 0.8301878519810229
280 0.8255560259665212
Train R2 - DI: 0.221
Val R2 - DI: 0.222
Test R2 - DI: 0.228
281 0.8275051280161814
282 0.8319156687319492
283 0.8327210517767082
284 0.8274075379508371
285 0.82927182101007
286 0.8312102880529179
287 0.8287518599981902
288 0.8273254737204548
289 0.8290222778115222
290 0.8285107350263972
Train R2 - DI: 0.230
Val R2 - DI: 0.232
Test R2 - DI: 0.237
291 0.8244509909742622
292 0.8271916051919315
293 0.8305452128037757
294 0.8240308983778868
295 0.8267453080437089
296 0.8267327669700841
297 0.8282534289103682
298 0.8256687808207713
299 0.8268808970741901
300 0.8275069056018707
Train R2 - DI: 0.232
Val R2 - DI: 0.234
Test R2 - DI: 0.238
301 0.8231185353357732
302 0.8204625227118051
303 0.8282594063803287
304 0.8218639798489096
305 0.8207746020781951
306 0.8214131278803699
307 0.8262190770077449
308 0.821167566143911
309 0.8201717047281163
310 0.8226142556863874
Train R2 - DI: 0.237
Val R2 - DI: 0.239
Test R2 - DI: 0.244
311 0.8136619725534993
312 0.823481159227296
313 0.8181470894471718
314 0.822952939190745
315 0.8240114053517686
316 0.8194305576303954
317 0.8174142036386716
318 0.8184620208210416
319 0.8224022187639736
320 0.8145103538335438
Train R2 - DI: 0.238
Val R2 - DI: 0.239
Test R2 - DI: 0.244
321 0.8178618256763746
322 0.8163571224845011
323 0.8163247998470047
324 0.8165804233602298
325 0.822206301672057
326 0.8174016356040927
327 0.8195691638522677
328 0.8124555097685919
329 0.8161800253775812
330 0.8173243015897744
Train R2 - DI: 0.233
Val R2 - DI: 0.230
Test R2 - DI: 0.237
331 0.8155078667893632
332 0.8156261659864884
333 0.8183507432647076
334 0.8157750204045285
335 0.8073473021121008
336 0.8120633232123535
337 0.8148053230777863
338 0.8163482451097085
339 0.8163610880092907
340 0.8137549943821405
Train R2 - DI: 0.244
Val R2 - DI: 0.242
Test R2 - DI: 0.246
341 0.8089663386772183
342 0.8100802998388967
343 0.8176041532160988
344 0.8141337402832551
345 0.8092759776713601
346 0.809039174698587
347 0.8086657219890198
348 0.814227530477722
349 0.8053683644127247
350 0.8149779944009679
Train R2 - DI: 0.251
Val R2 - DI: 0.250
Test R2 - DI: 0.253
351 0.8155174540362478
352 0.8081823494699266
353 0.8101542373284644
354 0.8099262372567235
355 0.8032430401412389
356 0.8102829341392791
357 0.8079413017918987
358 0.8051236049676027
359 0.8110216114683391
360 0.8031788590561104
Train R2 - DI: 0.253
Val R2 - DI: 0.250
Test R2 - DI: 0.255
361 0.8082841842405257
362 0.80429775172237
363 0.8091335241939859
364 0.804690399263922
365 0.8019322225697152
366 0.8038089387305748
367 0.8004899017272457
368 0.8024671797684017
369 0.8059987418967763
370 0.809809059609649
Train R2 - DI: 0.250
Val R2 - DI: 0.244
Test R2 - DI: 0.250
371 0.8051528661054522
372 0.8031907017940262
373 0.8056739795592524
374 0.8000069022605923
375 0.7995533720994081
376 0.7970500327780256
377 0.7991867591830565
378 0.7966074708969363
379 0.7953444600532559
380 0.8021211443836116
Train R2 - DI: 0.257
Val R2 - DI: 0.251
Test R2 - DI: 0.256
381 0.800827624122729
382 0.7959436053870826
383 0.8003644985110102
384 0.799726048934417
385 0.799826573898288
386 0.8006778851632149
387 0.7998523190457334
388 0.7949595612437067
389 0.799972025254294
390 0.7936966409819955
Train R2 - DI: 0.259
Val R2 - DI: 0.251
Test R2 - DI: 0.256
391 0.7962816417858165
392 0.7988354953813723
393 0.795345450216724
394 0.7941002463781706
395 0.7975207103623284
396 0.7948986613195003
397 0.7971324962527094
398 0.7961546590678581
399 0.7973373507513367
400 0.7935275050901598
Train R2 - DI: 0.257
Val R2 - DI: 0.246
Test R2 - DI: 0.252
401 0.7917935759363208
402 0.7929753332582425
403 0.7938550561986943
404 0.7945791612816541
405 0.7925416324301006
406 0.7921105749718177
407 0.7944640827435319
408 0.7935186757409017
409 0.793047029655894
410 0.7941032974523455
Train R2 - DI: 0.264
Val R2 - DI: 0.254
Test R2 - DI: 0.260
411 0.794212589554462
412 0.7888240457862936
413 0.7900113735147701
414 0.7885112986342454
415 0.7896154645950564
416 0.7873617344646043
417 0.7904328260797754
418 0.788185848728303
419 0.7871819548282145
420 0.784534852009093
Train R2 - DI: 0.265
Val R2 - DI: 0.253
Test R2 - DI: 0.256
421 0.7877964516267127
422 0.7916609075334337
423 0.7851873638382095
424 0.7865717225177313
425 0.792874209299737
426 0.7811719489353959
427 0.7861583407634475
428 0.781794571021979
429 0.7844399851282865
430 0.7879744745924482
Train R2 - DI: 0.270
Val R2 - DI: 0.256
Test R2 - DI: 0.260
431 0.7825300637966416
432 0.7809477950937005
433 0.7795422732189138
434 0.7788403114964885
435 0.7795656934861214
436 0.7718766309027176
437 0.7800413405168868
438 0.7843011014350426
439 0.7766315031222545
440 0.7794552066420142
Train R2 - DI: 0.276
Val R2 - DI: 0.262
Test R2 - DI: 0.265
441 0.7810303088157408
442 0.7744920954054829
443 0.7764862172492516
444 0.7776072226117589
445 0.7780364129278395
446 0.78267659034353
447 0.7746428801594669
448 0.7751782684343262
449 0.7779364758494934
450 0.7769045403354057
Train R2 - DI: 0.282
Val R2 - DI: 0.267
Test R2 - DI: 0.269
451 0.7716396508678314
452 0.776686432711967
453 0.7698505208483734
454 0.7724900548603373
455 0.7727632132055084
456 0.7691477007336087
457 0.7678963832530497
458 0.7744806061936108
459 0.7757842871023335
460 0.7646652377420856
Train R2 - DI: 0.297
Val R2 - DI: 0.280
Test R2 - DI: 0.279
461 0.7721514782170669
462 0.7647986124066042
463 0.7654328184743081
464 0.7633600939131979
465 0.7669071391491907
466 0.7677603706236809
467 0.768825032164119
468 0.7690813423484885
469 0.7629798438813952
470 0.7649428368042019
Train R2 - DI: 0.277
Val R2 - DI: 0.254
Test R2 - DI: 0.258
471 0.760914776145771
472 0.7596411534962261
473 0.7640724026601374
474 0.7582789515936247
475 0.7572511756291953
476 0.7556062920546446
477 0.7561544945163111
478 0.7573710997899373
479 0.7608050004555761
480 0.7573099912281105
Train R2 - DI: 0.302
Val R2 - DI: 0.278
Test R2 - DI: 0.277
481 0.758849657991881
482 0.7565340830433753
483 0.7564570653823114
484 0.7556265917302887
485 0.7490053024343265
486 0.7459695852785555
487 0.7506933689544705
488 0.7492434784075692
489 0.7544162122152185
490 0.7550934299773213
Train R2 - DI: 0.306
Val R2 - DI: 0.276
Test R2 - DI: 0.277
491 0.752105320311789
492 0.7461236320088841
493 0.7474073865507666
494 0.7463375164189219
495 0.7431947576529664
496 0.7500453113227762
497 0.7452885959310771
498 0.7458412823283972
499 0.7404271586394224
500 0.7440279930723184
Train R2 - DI: 0.297
Val R2 - DI: 0.261
Test R2 - DI: 0.263
501 0.7436741872073075
502 0.7399636591207169
503 0.7413307576623869
504 0.7377649040205077
505 0.735372156097043
506 0.7327360225834727
507 0.7387855910058517
508 0.7381453820026903
509 0.7294914819006424
510 0.7367207542969761
Train R2 - DI: 0.311
Val R2 - DI: 0.270
Test R2 - DI: 0.269
511 0.7333575506791419
512 0.7271512478055919
513 0.7268612771905879
514 0.733959525374956
515 0.7298270444288903
516 0.724021355951986
517 0.7210230274012439
518 0.7259102008248742
519 0.7269479754150555
520 0.7235157693158768
Train R2 - DI: 0.338
Val R2 - DI: 0.291
Test R2 - DI: 0.288
521 0.723382666504084
522 0.7300308869303769
523 0.7208708758849824
524 0.7164722869473119
525 0.7154601943108343
526 0.7170539804684218
527 0.7233756688333327
528 0.7137986978749647
529 0.711514624173496
530 0.7085688899922115
Train R2 - DI: 0.322
Val R2 - DI: 0.266
Test R2 - DI: 0.265
531 0.710822002562998
532 0.7142100096603449
533 0.7073061792653949
534 0.7067609682305313
535 0.7077130201896886
536 0.7083266641076748
537 0.6992772310438122
538 0.7028724886183243
539 0.6971802961441779
540 0.7013333664145521
Train R2 - DI: 0.364
Val R2 - DI: 0.294
Test R2 - DI: 0.288
541 0.7007734965679894
542 0.6929126823247547
543 0.6931303048646579
544 0.6944179130284163
545 0.6911426653998727
546 0.6866044237622223
547 0.6910481869533498
548 0.6813914162711003
549 0.6808215411760474
550 0.6826780631123478
Train R2 - DI: 0.349
Val R2 - DI: 0.271
Test R2 - DI: 0.269
551 0.6844609872414648
552 0.6791879651794297
553 0.682129638126674
554 0.6743911512009132
555 0.6810710136181137
556 0.6784675424244242
557 0.6741687093584341
558 0.6679974175695877
559 0.6682295930855591
560 0.662458348274231
Train R2 - DI: 0.394
Val R2 - DI: 0.295
Test R2 - DI: 0.293
561 0.6684372509679487
562 0.6561961685030264
563 0.6573053837249784
564 0.6569188220953855
565 0.6555288909583963
566 0.6559133676645149
567 0.6488792104533069
568 0.6484513119557425
569 0.6496582840078621
570 0.6443380660053649
Train R2 - DI: 0.411
Val R2 - DI: 0.293
Test R2 - DI: 0.293
571 0.6384603119238303
572 0.6431228967977681
573 0.6438792303898856
574 0.6308421135376004
575 0.6322017495777444
576 0.6299623957671572
577 0.6310668218093106
578 0.6210233489672343
579 0.6242028225280051
580 0.6199859396531163
Train R2 - DI: 0.433
Val R2 - DI: 0.291
Test R2 - DI: 0.291
581 0.6194805227300172
582 0.6136212650165763
583 0.6181278865610826
584 0.6091233299624536
585 0.6143645129750707
586 0.6022648824372172
587 0.6017164587120002
588 0.5983821688587093
589 0.592953462327253
590 0.5947221905527149
Train R2 - DI: 0.472
Val R2 - DI: 0.310
Test R2 - DI: 0.306
591 0.5920344317258472
592 0.5832970278237456
593 0.5823886499182725
594 0.5745860884693789
595 0.5814781930711534
596 0.5702581705158329
597 0.5704513172949514
598 0.5731354557912409
599 0.5704953276128325
600 0.5611197091131654
Train R2 - DI: 0.433
Val R2 - DI: 0.249
Test R2 - DI: 0.248
601 0.5608210441032191
602 0.5556871894653552
603 0.5563084182346166
604 0.5594874388000871
605 0.5511962407165103
606 0.5477512562146751
607 0.5483645441284316
608 0.5404273595006662
609 0.5331999549301721
610 0.5404194446020228
Train R2 - DI: 0.498
Val R2 - DI: 0.271
Test R2 - DI: 0.280
611 0.5357558038926894
612 0.5368731285508815
613 0.5286854871285005
614 0.5259077798722038
615 0.5171902237613568
616 0.5166952180392426
617 0.5206276272360142
618 0.509560494675004
619 0.5169391953816977
620 0.5024830391543741
Train R2 - DI: 0.542
Val R2 - DI: 0.280
Test R2 - DI: 0.286
621 0.4971858703321026
622 0.5122645171526085
623 0.4948093094065198
624 0.49150516961210516
625 0.48177900498058635
626 0.4879042698918278
627 0.4836514553502469
628 0.4795785972721688
629 0.47191805813902166
630 0.47415552284555196
Train R2 - DI: 0.553
Val R2 - DI: 0.255
Test R2 - DI: 0.271
631 0.4618864065857344
632 0.477177172001972
633 0.4699110952756738
634 0.4652465916876297
635 0.45711454447879585
636 0.45544559353141373
637 0.4603657494736401
638 0.45559504446590243
639 0.4471620880147462
640 0.4364768680064909
Train R2 - DI: 0.638
Val R2 - DI: 0.303
Test R2 - DI: 0.299
641 0.44417469781359464
642 0.446902938470191
643 0.4345204597732927
644 0.44130170099624166
645 0.4222823857833835
646 0.44576402227511114
647 0.42887447679341906
648 0.42290239129015195
649 0.4119022175402624
650 0.42838080860807903
Train R2 - DI: 0.628
Val R2 - DI: 0.253
Test R2 - DI: 0.264
651 0.41715553503309954
652 0.40475749089299135
653 0.4146037881733269
654 0.4026302941170217
655 0.4054444439094981
656 0.3962259134725003
657 0.39617153461688737
658 0.3936671296114563
659 0.38501366517877067
660 0.3889275144932518
Train R2 - DI: 0.683
Val R2 - DI: 0.285
Test R2 - DI: 0.295
661 0.3988577163347634
662 0.38327894204406326
663 0.3798838058680189
664 0.3755829597459472
665 0.380585526373224
666 0.3726579290777979
667 0.3682342787797306
668 0.37833005474032466
669 0.3589162171955177
670 0.36522100751545267
Train R2 - DI: 0.700
Val R2 - DI: 0.279
Test R2 - DI: 0.286
671 0.3620994829576075
672 0.3587084014569559
673 0.35051270860070394
674 0.354096291355762
675 0.3519834136022889
676 0.34323756534566163
677 0.35385768024724873
678 0.3473191575978392
679 0.35094513199876287
680 0.35068902488677733
Train R2 - DI: 0.683
Val R2 - DI: 0.256
Test R2 - DI: 0.257
681 0.3470432596608302
682 0.3445097816033175
683 0.33881518422061824
684 0.3376484156723091
685 0.3375839569021724
686 0.3271645985410205
687 0.33180490909511473
688 0.33521912901204975
689 0.3248676927286237
690 0.3220138102663033
Train R2 - DI: 0.722
Val R2 - DI: 0.252
Test R2 - DI: 0.261
691 0.3151552140712738
692 0.3238502106358928
693 0.31644491112146755
694 0.3133792037391321
695 0.315335211403481
696 0.31538463869402483
697 0.3019939863874066
698 0.31003775564573144
699 0.31667293053801343
700 0.30692080103368313
Train R2 - DI: 0.737
Val R2 - DI: 0.251
Test R2 - DI: 0.262
701 0.30093353587239446
702 0.3089055667214069
703 0.3062067149574184
704 0.3033231438915362
705 0.29911221547793315
706 0.30025647021963603
707 0.295438358219721
708 0.28194324443630847
709 0.29217323545486695
710 0.2916443641467761
Train R2 - DI: 0.788
Val R2 - DI: 0.281
Test R2 - DI: 0.273
711 0.29426874917895135
712 0.2850604126530309
713 0.2794503864421639
714 0.27389292118797165
715 0.28875648545962507
716 0.29454300147230905
717 0.2757474472018553
718 0.2848790333476118
719 0.2760966370503108
720 0.27048341742980436
Train R2 - DI: 0.769
Val R2 - DI: 0.247
Test R2 - DI: 0.256
721 0.2733545486858669
722 0.2802539231315736
723 0.26237897273673805
724 0.283131115838191
725 0.27184618019288587
726 0.27824756461446004
727 0.26060358375631354
728 0.2752348335840369
729 0.265286274387845
730 0.2712865576735534
Train R2 - DI: 0.774
Val R2 - DI: 0.238
Test R2 - DI: 0.243
731 0.2584763061081637
732 0.26335843909384954
733 0.2629615085419788
734 0.25230288586736155
735 0.26587876137012223
736 0.2575926720668765
737 0.2480630309351029
738 0.2512402899590017
739 0.25466139615650246
740 0.2603119250907693
Train R2 - DI: 0.818
Val R2 - DI: 0.257
Test R2 - DI: 0.261
741 0.24624610479160022
742 0.24993212765690245
743 0.2500930973492216
744 0.2446230244038353
745 0.2485281944488539
746 0.2493298054275547
747 0.2497131921484479
748 0.23315384653947688
749 0.23188269865769212
750 0.24902904896753236
Train R2 - DI: 0.774
Val R2 - DI: 0.216
Test R2 - DI: 0.226
751 0.23871565328703986
752 0.23726268983229087
753 0.23452868301381347
754 0.23933359994469577
755 0.22925513783022494
756 0.23233297644550227
757 0.23312767487700267
758 0.23409313562736717
759 0.2410660819127141
760 0.24254948574795945
Train R2 - DI: 0.801
Val R2 - DI: 0.243
Test R2 - DI: 0.239
761 0.23067052332303858
762 0.2317511130832002
763 0.22985976412091205
764 0.2243690333913304
765 0.23209688144345436
766 0.21840734947539572
767 0.231043396201185
768 0.22103146446007554
769 0.21661167122343536
770 0.21517491844819867
Train R2 - DI: 0.841
Val R2 - DI: 0.269
Test R2 - DI: 0.258
771 0.21802952036421785
772 0.22225200903458409
773 0.2150310082674881
774 0.21770896632825174
775 0.21314374361200572
776 0.21602880683423797
777 0.222896713627282
778 0.21387307137571354
779 0.21634173788477443
780 0.21048485269255962
Train R2 - DI: 0.859
Val R2 - DI: 0.251
Test R2 - DI: 0.242
781 0.212519877860623
782 0.21376153061894107
783 0.23051923812503883
784 0.2143523870082739
785 0.2057895045126638
786 0.2067577388765137
787 0.21544318707613108
788 0.20744279586713374
789 0.206670134757582
790 0.21065165273391218
Train R2 - DI: 0.862
Val R2 - DI: 0.256
Test R2 - DI: 0.240
791 0.20552705937602614
792 0.21168702265054096
793 0.21378967405220087
794 0.2061815579091349
795 0.21643420359567075
796 0.2059477777143533
797 0.20352266117877002
798 0.19879243071574892
799 0.19997527419879874
800 0.20165719815052538
Train R2 - DI: 0.827
Val R2 - DI: 0.207
Test R2 - DI: 0.213
0.30975319264372947
Test R2 - DI: 0.213
Test R2 - DI: 0.306

------------------------------------------------------------
Sender: LSF System <lsfadmin@hpc.dtu.dk>
Subject: Job 14696104: <testjob> in cluster <dcc> Done

Job <testjob> was submitted from host <n-62-27-20> by user <s174503> in cluster <dcc> at Tue Nov  8 23:53:20 2022
Job was executed on host(s) <n-62-20-7>, in queue <gpuv100>, as user <s174503> in cluster <dcc> at Tue Nov  8 23:53:50 2022
</zhome/fd/6/127382> was used as the home directory.
</zhome/fd/6/127382/Desktop/MasterThesis/Master-thesis> was used as the working directory.
Started at Tue Nov  8 23:53:50 2022
Terminated at Wed Nov  9 08:35:51 2022
Results reported at Wed Nov  9 08:35:51 2022

Your job looked like:

------------------------------------------------------------
# LSBATCH: User input
#!/bin/sh
#BSUB -q gpuv100
#BSUB -J testjob
#BSUB -n 1
#BSUB -gpu "num=1:mode=exclusive_process"
#BSUB -W 10:00
#BSUB -R "rusage[mem=5GB]"
#BSUB -o outputs/gpu_%J.out
#BSUB -e outputs/errors/gpu_%J.err

nvidia-smi
module load cuda/11.6

/appl/cuda/11.6.0/samples/bin/x86_64/linux/release/deviceQuery

source $HOME/miniconda3/bin/activate
source venv_1/bin/activate

python3 main.py Deep_google 128 1e-6 10 800 2_4_test2 7
python3 main.py Deep_google 128 1e-6 10 800 shuffle_test2 99
#python3 main.py CNN_simple 128 1e-6 10 100 2_4 7

------------------------------------------------------------

Successfully completed.

Resource usage summary:

    CPU time :                                   26518.65 sec.
    Max Memory :                                 2270 MB
    Average Memory :                             2231.91 MB
    Total Requested Memory :                     5120.00 MB
    Delta Memory :                               2850.00 MB
    Max Swap :                                   -
    Max Processes :                              4
    Max Threads :                                8
    Run time :                                   31323 sec.
    Turnaround time :                            31351 sec.

The output (if any) is above this job summary.



PS:

Read file <outputs/errors/gpu_14696104.err> for stderr output of this job.

