Tue Nov 15 21:22:03 2022       
+-----------------------------------------------------------------------------+
| NVIDIA-SMI 520.61.05    Driver Version: 520.61.05    CUDA Version: 11.8     |
|-------------------------------+----------------------+----------------------+
| GPU  Name        Persistence-M| Bus-Id        Disp.A | Volatile Uncorr. ECC |
| Fan  Temp  Perf  Pwr:Usage/Cap|         Memory-Usage | GPU-Util  Compute M. |
|                               |                      |               MIG M. |
|===============================+======================+======================|
|   0  Tesla V100-PCIE...  On   | 00000000:58:00.0 Off |                    0 |
| N/A   30C    P0    24W / 250W |      0MiB / 32768MiB |      0%   E. Process |
|                               |                      |                  N/A |
+-------------------------------+----------------------+----------------------+
                                                                               
+-----------------------------------------------------------------------------+
| Processes:                                                                  |
|  GPU   GI   CI        PID   Type   Process name                  GPU Memory |
|        ID   ID                                                   Usage      |
|=============================================================================|
|  No running processes found                                                 |
+-----------------------------------------------------------------------------+
/appl/cuda/11.6.0/samples/bin/x86_64/linux/release/deviceQuery Starting...

 CUDA Device Query (Runtime API) version (CUDART static linking)

Detected 1 CUDA Capable device(s)

Device 0: "Tesla V100-PCIE-32GB"
  CUDA Driver Version / Runtime Version          11.8 / 11.6
  CUDA Capability Major/Minor version number:    7.0
  Total amount of global memory:                 32511 MBytes (34089926656 bytes)
  (080) Multiprocessors, (064) CUDA Cores/MP:    5120 CUDA Cores
  GPU Max Clock rate:                            1380 MHz (1.38 GHz)
  Memory Clock rate:                             877 Mhz
  Memory Bus Width:                              4096-bit
  L2 Cache Size:                                 6291456 bytes
  Maximum Texture Dimension Size (x,y,z)         1D=(131072), 2D=(131072, 65536), 3D=(16384, 16384, 16384)
  Maximum Layered 1D Texture Size, (num) layers  1D=(32768), 2048 layers
  Maximum Layered 2D Texture Size, (num) layers  2D=(32768, 32768), 2048 layers
  Total amount of constant memory:               65536 bytes
  Total amount of shared memory per block:       49152 bytes
  Total shared memory per multiprocessor:        98304 bytes
  Total number of registers available per block: 65536
  Warp size:                                     32
  Maximum number of threads per multiprocessor:  2048
  Maximum number of threads per block:           1024
  Max dimension size of a thread block (x,y,z): (1024, 1024, 64)
  Max dimension size of a grid size    (x,y,z): (2147483647, 65535, 65535)
  Maximum memory pitch:                          2147483647 bytes
  Texture alignment:                             512 bytes
  Concurrent copy and kernel execution:          Yes with 7 copy engine(s)
  Run time limit on kernels:                     No
  Integrated GPU sharing Host Memory:            No
  Support host page-locked memory mapping:       Yes
  Alignment requirement for Surfaces:            Yes
  Device has ECC support:                        Enabled
  Device supports Unified Addressing (UVA):      Yes
  Device supports Managed Memory:                Yes
  Device supports Compute Preemption:            Yes
  Supports Cooperative Kernel Launch:            Yes
  Supports MultiDevice Co-op Kernel Launch:      Yes
  Device PCI Domain ID / Bus ID / location ID:   0 / 88 / 0
  Compute Mode:
     < Exclusive Process (many threads in one process is able to use ::cudaSetDevice() with this device) >

deviceQuery, CUDA Driver = CUDART, CUDA Driver Version = 11.8, CUDA Runtime Version = 11.6, NumDevs = 1
Result = PASS
CNN_simple
batch_size =  128 lr =  1e-06 wd =  1.0
5276 1164 1140
cuda:0
Using SGD
1 2.9504188902003916
2 2.0568070468620605
3 1.649901134214047
4 1.4372023383806474
5 1.3155207166715135
6 1.2041785897767572
7 1.164343778702054
8 1.1222866156319944
9 1.0733652557722992
10 1.0431788908070556
Train R2 - DI: -0.010
Val R2 - DI: -0.127
Test R2 - DI: 0.064
11 1.0246069846142414
12 1.0145316772880293
13 0.9960165950183709
14 0.9770758526175197
15 0.966820740763033
16 0.9691822219744517
17 0.9531048627131088
18 0.9308154539595598
19 0.9312696406749092
20 0.9199659105861974
Train R2 - DI: 0.115
Val R2 - DI: -0.014
Test R2 - DI: 0.144
21 0.9253277021253353
22 0.8872907885644723
23 0.9014220825644313
24 0.9057440828246723
25 0.903698734978639
26 0.8958647609028154
27 0.8921195722331234
28 0.8930523796819032
29 0.8770729962219516
30 0.8698120748481577
Train R2 - DI: 0.167
Val R2 - DI: 0.040
Test R2 - DI: 0.183
31 0.8798591546979793
32 0.8618942299876093
33 0.8639293186044584
34 0.8658902651889474
35 0.859933528645279
36 0.8484002377066855
37 0.841848975921599
38 0.8468761444091797
39 0.8306652683033194
40 0.8389521479335493
Train R2 - DI: 0.197
Val R2 - DI: 0.086
Test R2 - DI: 0.204
41 0.8322789790595997
42 0.8340850214419535
43 0.8287168482743582
44 0.8219647587836918
45 0.8323909107530723
46 0.8297923650137848
47 0.8125119033051404
48 0.8208033859142306
49 0.807167949687359
50 0.8108908474852047
Train R2 - DI: 0.226
Val R2 - DI: 0.104
Test R2 - DI: 0.230
51 0.8069846180915109
52 0.802478095272258
53 0.8086550008672219
54 0.8129753162230028
55 0.7994259105567412
56 0.8005208737295265
57 0.8030433070036026
58 0.7956627444664216
59 0.7956493969122689
60 0.783949116037324
Train R2 - DI: 0.242
Val R2 - DI: 0.125
Test R2 - DI: 0.237
61 0.7817857066639632
62 0.7807800600346152
63 0.7900662908868594
64 0.7814621425560697
65 0.7863857553617984
66 0.7949026584444487
67 0.7812170511488665
68 0.7819539731519524
69 0.7804048127799074
70 0.7707662237151451
Train R2 - DI: 0.256
Val R2 - DI: 0.137
Test R2 - DI: 0.250
71 0.7706429745953945
72 0.7645835376219645
73 0.7888224761173344
74 0.7779130845742301
75 0.7680663732618342
76 0.7703002018626663
77 0.7846839874192022
78 0.7841464300513539
79 0.7670459655580238
80 0.7690389904675834
Train R2 - DI: 0.269
Val R2 - DI: 0.147
Test R2 - DI: 0.257
81 0.7742513893588734
82 0.7684204740629131
83 0.7598764253349536
84 0.7609337225296535
85 0.7596302322585805
86 0.7519513322513514
87 0.7732813132812436
88 0.7598142340112762
89 0.7570847735611032
90 0.7522015006276493
Train R2 - DI: 0.277
Val R2 - DI: 0.156
Test R2 - DI: 0.262
91 0.7529989230623744
92 0.7597652290516319
93 0.7604832879696225
94 0.7597850540806798
95 0.7601237669417675
96 0.7525704930097972
97 0.7534570197339668
98 0.743533770770535
99 0.7497816380223512
100 0.7415593388046253
Train R2 - DI: 0.284
Val R2 - DI: 0.163
Test R2 - DI: 0.262
101 0.7500898753539281
102 0.7466168607429088
103 0.7471069072664823
104 0.7434666261607901
105 0.7453921835380942
106 0.739431088760642
107 0.7412590966069219
108 0.7386368086520608
109 0.7452833050575285
110 0.7452344585314585
Train R2 - DI: 0.290
Val R2 - DI: 0.167
Test R2 - DI: 0.266
111 0.7419778230381879
112 0.7297890600695404
113 0.7357065327425993
114 0.7253840120567165
115 0.7351548718719251
116 0.7427588313524248
117 0.7342639702391317
118 0.727579175115445
119 0.7278447376226638
120 0.7377187646275853
Train R2 - DI: 0.297
Val R2 - DI: 0.174
Test R2 - DI: 0.264
121 0.7399262849628429
122 0.7335086705288804
123 0.7341372048520427
124 0.7394554945806195
125 0.7386039461576188
126 0.7313559218009734
127 0.723704289133753
128 0.7206767910895155
129 0.7237863158348204
130 0.732224989922504
Train R2 - DI: 0.305
Val R2 - DI: 0.171
Test R2 - DI: 0.277
131 0.7378008492161054
132 0.724509201237792
133 0.7296755949686294
134 0.7202987138568858
135 0.7198534888512623
136 0.7297228778104514
137 0.7255248323003842
138 0.7213855273259057
139 0.7167859170091613
140 0.7207024783189772
Train R2 - DI: 0.309
Val R2 - DI: 0.174
Test R2 - DI: 0.275
141 0.7237966525635998
142 0.7185346704256002
143 0.71901917245191
144 0.7244480714326198
145 0.7194463726333635
146 0.7224802586325558
147 0.7234154509449656
148 0.7147802372065524
149 0.7065221817769997
150 0.7201685056802086
Train R2 - DI: 0.314
Val R2 - DI: 0.176
Test R2 - DI: 0.279
151 0.7147730511639315
152 0.7155332610044993
153 0.7365384928831284
154 0.7158739744848696
155 0.7189936157516497
156 0.7209925587381532
157 0.7093577508767326
158 0.7143825678277684
159 0.7142757504071314
160 0.7145313666208483
Train R2 - DI: 0.317
Val R2 - DI: 0.179
Test R2 - DI: 0.278
161 0.7186689594191434
162 0.708951433650285
163 0.7047995015289676
164 0.7121148352328351
165 0.7210499133640749
166 0.7087902550538261
167 0.7088671774914809
168 0.7178671455365225
169 0.7116602651995181
170 0.7084196119754942
Train R2 - DI: 0.320
Val R2 - DI: 0.183
Test R2 - DI: 0.275
171 0.7153411961758652
172 0.7127768730376145
173 0.7010264262003462
174 0.709292738115905
175 0.7132162712034265
176 0.704769085265182
177 0.714603173768909
178 0.7128634773211736
179 0.7072201146602269
180 0.7046332155962258
Train R2 - DI: 0.324
Val R2 - DI: 0.182
Test R2 - DI: 0.277
181 0.702692436801384
182 0.7039677914206597
183 0.6995294544622698
184 0.7160409989458218
185 0.7036828658090928
186 0.7046052226973267
187 0.7043008351976714
188 0.6989106098931337
189 0.6976132595331223
190 0.7055198181479876
Train R2 - DI: 0.330
Val R2 - DI: 0.181
Test R2 - DI: 0.286
191 0.6914701152245505
192 0.7167245326754358
193 0.7047114540131549
194 0.7030023243772523
195 0.7066883257702501
196 0.7064966380912486
197 0.7020414782076554
198 0.6998862737593459
199 0.6967337478553824
200 0.6930221513512461
Train R2 - DI: 0.331
Val R2 - DI: 0.185
Test R2 - DI: 0.282
201 0.6864807891791476
202 0.6961098483695145
203 0.7039213266401602
204 0.7036088942758417
205 0.7005336593732046
206 0.6838948369206941
207 0.690965686945232
208 0.6904391137554032
209 0.7021082980873189
210 0.6894790596632997
Train R2 - DI: 0.337
Val R2 - DI: 0.182
Test R2 - DI: 0.286
211 0.6849790749177506
212 0.6936352569736975
213 0.6949434698848131
214 0.6917657863470169
215 0.6891846988036653
216 0.689473736118963
217 0.6830826186609593
218 0.68569594702999
219 0.6885832274746406
220 0.6875592262750326
Train R2 - DI: 0.337
Val R2 - DI: 0.190
Test R2 - DI: 0.276
221 0.6893849584801437
222 0.688970592254215
223 0.6838069011805363
224 0.6880515128758209
225 0.6829880893094871
226 0.6833758063168125
227 0.6862501699062258
228 0.6871448318961898
229 0.6810935913522285
230 0.6827784928975456
Train R2 - DI: 0.339
Val R2 - DI: 0.186
Test R2 - DI: 0.280
231 0.6752387344430485
232 0.6901312718525179
233 0.67660399882788
234 0.6791990866165798
235 0.681464998084004
236 0.6880316549037965
237 0.688735696969383
238 0.6808243114628333
239 0.6837382451253374
240 0.6760587921822224
Train R2 - DI: 0.344
Val R2 - DI: 0.184
Test R2 - DI: 0.285
241 0.6899698270912691
242 0.6812370481863449
243 0.6850664928340839
244 0.6784085259914759
245 0.6698552462257519
246 0.6799669092220281
247 0.6797290641399294
248 0.6857606460869177
249 0.6693569000152316
250 0.6809723029722311
Train R2 - DI: 0.345
Val R2 - DI: 0.188
Test R2 - DI: 0.282
251 0.6752779996241468
252 0.6787663057412587
253 0.674626124456491
254 0.6693257209114092
255 0.678908401316454
256 0.6900169650111079
257 0.6713282412611417
258 0.6726002047421626
259 0.6664490465235764
260 0.6864344297348324
Train R2 - DI: 0.348
Val R2 - DI: 0.189
Test R2 - DI: 0.283
261 0.6791959642189032
262 0.6760576312473274
263 0.6755449175834656
264 0.6784185565629631
265 0.6792282245663461
266 0.6708618902274386
267 0.6726482174810449
268 0.6715102782296447
269 0.6653872256345872
270 0.6645541971971629
Train R2 - DI: 0.348
Val R2 - DI: 0.192
Test R2 - DI: 0.279
271 0.6701317930239633
272 0.6814625924784998
273 0.6726502348655458
274 0.6755794904465202
275 0.6637729304229065
276 0.6776008738361587
277 0.6664774503736807
278 0.6661300663246722
279 0.6672128103193322
280 0.6774781840239807
Train R2 - DI: 0.353
Val R2 - DI: 0.190
Test R2 - DI: 0.282
281 0.6718666469445276
282 0.6655300661322744
283 0.6713668980139327
284 0.6703634633992638
285 0.6581116321865946
286 0.6726627555012793
287 0.6711780798308681
288 0.676912273576171
289 0.6667563185446004
290 0.6701572248210863
Train R2 - DI: 0.355
Val R2 - DI: 0.189
Test R2 - DI: 0.284
291 0.6731614568090691
292 0.6696401635655135
293 0.6693403597263065
294 0.6589273138422239
295 0.6644322818386637
296 0.6620174532048715
297 0.6639127424488112
298 0.6680595661493031
299 0.6628912632170728
300 0.6692115667193472
Train R2 - DI: 0.360
Val R2 - DI: 0.186
Test R2 - DI: 0.289
301 0.6603884739890254
302 0.6653259133551499
303 0.668691719048307
304 0.6620265756980138
305 0.669619683020941
306 0.6696704637380692
307 0.668318415384025
308 0.6617920386059163
309 0.6685527199773377
310 0.6667656048036508
Train R2 - DI: 0.357
Val R2 - DI: 0.192
Test R2 - DI: 0.276
311 0.6635152750434615
312 0.6664444190069434
313 0.6644366448625098
314 0.6609731680340076
315 0.6603067847162236
316 0.6742500093870764
317 0.6597319623572615
318 0.6605293167369487
319 0.6632124742293918
320 0.6607503455818559
Train R2 - DI: 0.360
Val R2 - DI: 0.189
Test R2 - DI: 0.279
321 0.6511025436454149
322 0.6627767319657569
323 0.655789523932679
324 0.6555975444665725
325 0.6543562689950017
326 0.6594754724994223
327 0.6544932763263798
328 0.6617143350717604
329 0.6495393867109471
330 0.6695112606808487
Train R2 - DI: 0.365
Val R2 - DI: 0.190
Test R2 - DI: 0.283
331 0.6484261468742001
332 0.6659683734291516
333 0.6558207961263939
334 0.65808728732694
335 0.6598890377681665
336 0.66547140684699
337 0.651839132784351
338 0.6531692622194153
339 0.6492510054308506
340 0.654774966657478
Train R2 - DI: 0.363
Val R2 - DI: 0.190
Test R2 - DI: 0.283
341 0.6573814859075742
342 0.6623357794472808
343 0.6565678224046634
344 0.652068125876267
345 0.6652836337787261
346 0.6582070672665697
347 0.6635744306424787
348 0.6454557241410175
349 0.6492592963510793
350 0.6622113003434332
Train R2 - DI: 0.369
Val R2 - DI: 0.186
Test R2 - DI: 0.290
351 0.6530225117880797
352 0.6526049505905096
353 0.6519692924729434
354 0.6549040244509543
355 0.6578440973937647
356 0.645071021754964
357 0.655386517814292
358 0.6454529311279169
359 0.6568191614541437
360 0.6560799874212816
Train R2 - DI: 0.371
Val R2 - DI: 0.185
Test R2 - DI: 0.290
361 0.6567150530171629
362 0.6422716961203424
363 0.6518314472647487
364 0.6517055059039656
365 0.6475221540459726
366 0.6416084412555969
367 0.6529250698978925
368 0.6466503577127521
369 0.648160616993633
370 0.6510562805446194
Train R2 - DI: 0.368
Val R2 - DI: 0.193
Test R2 - DI: 0.277
371 0.6515991676025449
372 0.6554200126873534
373 0.6593847183723898
374 0.6457024092833321
375 0.6511370420817447
376 0.657009000846886
377 0.6522443413372921
378 0.648019077969465
379 0.6514751693351057
380 0.6462093045351811
Train R2 - DI: 0.376
Val R2 - DI: 0.188
Test R2 - DI: 0.287
381 0.648815978920035
382 0.6567963286725927
383 0.6528603339213327
384 0.6490145364523476
385 0.6436516948049948
386 0.6407067342813129
387 0.6492065719757413
388 0.6487216431141984
389 0.6427908602811063
390 0.6407502401589082
Train R2 - DI: 0.375
Val R2 - DI: 0.191
Test R2 - DI: 0.285
391 0.6434569565792532
392 0.6411730195646308
393 0.6467360677006934
394 0.6533981851775869
395 0.6460530490383585
396 0.6437617085755459
397 0.6398922658671566
398 0.642909506580159
399 0.651427641386693
400 0.6466851621482117
Train R2 - DI: 0.378
Val R2 - DI: 0.191
Test R2 - DI: 0.283
0.19307271383684932
Test R2 - DI: 0.283
Test R2 - DI: 0.277
CNN_simple
batch_size =  128 lr =  1e-06 wd =  5.0
5276 1164 1140
cuda:0
Using SGD
1 2.393085564149881
2 1.7196360663810943
3 1.3909227510941038
4 1.2537712360350266
5 1.1661425738103286
6 1.1103952306974467
7 1.0484756843170675
8 1.0343371880967298
9 0.996914741485023
10 0.9935390327896829
Train R2 - DI: 0.064
Val R2 - DI: -0.092
Test R2 - DI: 0.078
11 0.9791744776166145
12 0.9658916265879552
13 0.9467176449307897
14 0.9522012887893978
15 0.9300046538294401
16 0.9186942994007113
17 0.9129225572372043
18 0.897864732803767
19 0.9174885851944641
20 0.9077192481220265
Train R2 - DI: 0.154
Val R2 - DI: 0.015
Test R2 - DI: 0.155
21 0.8976197478624797
22 0.8982486964356637
23 0.8711994351357379
24 0.8781680992103328
25 0.8604556323001563
26 0.863576461276473
27 0.8708145506821228
28 0.8485101272971274
29 0.8612829114199588
30 0.8612129327652579
Train R2 - DI: 0.192
Val R2 - DI: 0.076
Test R2 - DI: 0.181
31 0.8447970080050309
32 0.8508922107478178
33 0.8451346778074298
34 0.8394683010203988
35 0.8335170605762878
36 0.842615464765796
37 0.8365812664053673
38 0.826746876263275
39 0.8346078931336334
40 0.8132996409114696
Train R2 - DI: 0.222
Val R2 - DI: 0.108
Test R2 - DI: 0.209
41 0.8215913249291282
42 0.8276920657523027
43 0.8108344926718422
44 0.8235290789351127
45 0.8056558228244015
46 0.8072162352338534
47 0.8047075825626874
48 0.803707773076304
49 0.809717973133576
50 0.8125396189678791
Train R2 - DI: 0.235
Val R2 - DI: 0.139
Test R2 - DI: 0.204
51 0.7907474561565477
52 0.8125317187540634
53 0.8081251455130588
54 0.7908395851896602
55 0.7854057577091966
56 0.7945559621309132
57 0.79539501463671
58 0.8000548989868598
59 0.797103646896932
60 0.788161267467843
Train R2 - DI: 0.255
Val R2 - DI: 0.142
Test R2 - DI: 0.232
61 0.7949726971104978
62 0.788448058040509
63 0.7942895778116627
64 0.7805417835757622
65 0.7702867186277359
66 0.7863884462923422
67 0.7821585122973201
68 0.7813957338083685
69 0.7814688504510435
70 0.7725891226435178
Train R2 - DI: 0.265
Val R2 - DI: 0.160
Test R2 - DI: 0.228
71 0.7644423690142281
72 0.7716447463353716
73 0.7513144285593908
74 0.758852402806011
75 0.767238315621319
76 0.7653734853902127
77 0.763988528087159
78 0.7561594831211446
79 0.7548226579922089
80 0.758131173002259
Train R2 - DI: 0.275
Val R2 - DI: 0.169
Test R2 - DI: 0.239
81 0.764353898459081
82 0.762100889024814
83 0.7552704124219315
84 0.7477849438119964
85 0.7556047680885888
86 0.7562146113621999
87 0.7520806066821795
88 0.7454411446189592
89 0.7472051999802116
90 0.7527538464546565
Train R2 - DI: 0.286
Val R2 - DI: 0.171
Test R2 - DI: 0.245
91 0.76338536193463
92 0.7371222757768956
93 0.7420005617582771
94 0.7493048167933651
95 0.7444112434633037
96 0.736239754539082
97 0.7416544744605092
98 0.7459904889973661
99 0.7325357221309844
100 0.7388573554178546
Train R2 - DI: 0.289
Val R2 - DI: 0.182
Test R2 - DI: 0.241
101 0.742555126355759
102 0.7409733712356862
103 0.7376596266523828
104 0.7383114711365255
105 0.7427453970800665
106 0.7374756607799661
107 0.7479340195023173
108 0.7404278954201525
109 0.7400198766821889
110 0.7343547870662739
Train R2 - DI: 0.297
Val R2 - DI: 0.185
Test R2 - DI: 0.245
111 0.7431864736204892
112 0.7357262080144124
113 0.7274766244881076
114 0.7302959485881884
115 0.7358466880713745
116 0.7238829349188122
117 0.7425790250617686
118 0.7227877212167239
119 0.7338896221378882
120 0.7341567907846724
Train R2 - DI: 0.302
Val R2 - DI: 0.186
Test R2 - DI: 0.248
121 0.7238603352235067
122 0.7309335947398258
123 0.7249775945552829
124 0.7174945329065301
125 0.7196517330033025
126 0.7270607728683379
127 0.7201530437653855
128 0.7216722405797338
129 0.7282688465418465
130 0.7224657387332178
Train R2 - DI: 0.305
Val R2 - DI: 0.191
Test R2 - DI: 0.247
131 0.7165307995945871
132 0.7282105868200717
133 0.7140152145055679
134 0.7286121283542757
135 0.7236336037640865
136 0.7175462496289708
137 0.7007669208174496
138 0.7056642777093709
139 0.7304667330673917
140 0.7272750646711932
Train R2 - DI: 0.313
Val R2 - DI: 0.186
Test R2 - DI: 0.258
141 0.7207049833634661
142 0.7195530554577652
143 0.715931166655372
144 0.7294992115390942
145 0.7193107132300723
146 0.7263976908525434
147 0.7136323300159908
148 0.70741167504106
149 0.7133190509403539
150 0.7169950638330733
Train R2 - DI: 0.317
Val R2 - DI: 0.190
Test R2 - DI: 0.260
151 0.7156920923799887
152 0.7090342719957989
153 0.7174363126801757
154 0.7167176818919959
155 0.7054141924361372
156 0.7016800994715788
157 0.725128716506047
158 0.7057424146537983
159 0.7131843474256532
160 0.7139450501455693
Train R2 - DI: 0.318
Val R2 - DI: 0.196
Test R2 - DI: 0.247
161 0.723302867396299
162 0.705651640078622
163 0.7084869742845387
164 0.7107541019307383
165 0.7114474338686222
166 0.7114498499354419
167 0.7107490013728456
168 0.695900081774789
169 0.7058242068225637
170 0.7108931749313505
Train R2 - DI: 0.321
Val R2 - DI: 0.199
Test R2 - DI: 0.254
171 0.7071912759537946
172 0.7062823778756917
173 0.7061217528477683
174 0.7048487314407892
175 0.7076342812625633
176 0.7141258598187369
177 0.705926991937014
178 0.7079856903196917
179 0.7009020664639506
180 0.7037834287412786
Train R2 - DI: 0.326
Val R2 - DI: 0.197
Test R2 - DI: 0.260
181 0.6925785676198443
182 0.6970651194487132
183 0.6951901164580874
184 0.6951773599117791
185 0.6968032535592023
186 0.6995934466234747
187 0.6966601476423482
188 0.6984586117844224
189 0.7039207305937124
190 0.7019688304036381
Train R2 - DI: 0.331
Val R2 - DI: 0.194
Test R2 - DI: 0.265
191 0.6972777592674904
192 0.7008436535053673
193 0.6926396107294055
194 0.685707499801977
195 0.6884080825021901
196 0.6882000996860435
197 0.6855736636049011
198 0.6937489485858154
199 0.6938958696744223
200 0.6834140827567221
Train R2 - DI: 0.333
Val R2 - DI: 0.197
Test R2 - DI: 0.262
201 0.6900912395158078
202 0.6812133203409584
203 0.6964007294295501
204 0.6927587496592656
205 0.6939024243777769
206 0.6996908431436366
207 0.6889851124472831
208 0.693711760506836
209 0.6902695083545861
210 0.6912443127209169
Train R2 - DI: 0.334
Val R2 - DI: 0.198
Test R2 - DI: 0.264
211 0.691558618180403
212 0.7027413626120251
213 0.6985561653824807
214 0.6842367948231325
215 0.680782492590999
216 0.6937314120542831
217 0.6927805944678457
218 0.6815976939298963
219 0.6896940045414592
220 0.6855597842634402
Train R2 - DI: 0.336
Val R2 - DI: 0.201
Test R2 - DI: 0.258
221 0.6877477065101548
222 0.6845365003982758
223 0.6949884273772713
224 0.6780589374066123
225 0.685619590316784
226 0.6902043049628306
227 0.68209704772553
228 0.6855502022406293
229 0.6857045033016017
230 0.6811735157355655
Train R2 - DI: 0.340
Val R2 - DI: 0.197
Test R2 - DI: 0.266
231 0.6855464029529043
232 0.6822669999087915
233 0.6847062636903961
234 0.6815546231345755
235 0.6845177773999119
236 0.6835686351604042
237 0.6801298070893855
238 0.678644666443999
239 0.6805437337593023
240 0.6810221482715072
Train R2 - DI: 0.339
Val R2 - DI: 0.197
Test R2 - DI: 0.255
241 0.688972919569312
242 0.6877234744881029
243 0.675254473413275
244 0.69056463435891
245 0.6847835482296571
246 0.6743431451467061
247 0.684304575065124
248 0.6798930548645494
249 0.6722855269682959
250 0.6809070219227181
Train R2 - DI: 0.343
Val R2 - DI: 0.199
Test R2 - DI: 0.256
251 0.6843621409508747
252 0.6774502925749888
253 0.67885748263649
254 0.685890179678199
255 0.6826173965003655
256 0.6692520450967293
257 0.6838710730594609
258 0.6786708032840847
259 0.680451439898334
260 0.672930659219295
Train R2 - DI: 0.346
Val R2 - DI: 0.193
Test R2 - DI: 0.274
261 0.688231810780526
262 0.6665284907031548
263 0.6672974528915688
264 0.6670604859725194
265 0.6813537698518697
266 0.679137115590585
267 0.6730405963940364
268 0.6794860092322875
269 0.6772961016402631
270 0.6791831279813204
Train R2 - DI: 0.347
Val R2 - DI: 0.197
Test R2 - DI: 0.265
271 0.6768885610725411
272 0.6795928272629796
273 0.676789157245085
274 0.6704800899865684
275 0.6765003580772307
276 0.6801498279235325
277 0.6696244690615268
278 0.6679866140407537
279 0.6701505652786295
280 0.6812995598115552
Train R2 - DI: 0.348
Val R2 - DI: 0.200
Test R2 - DI: 0.257
281 0.6677710739747424
282 0.6693095555352477
283 0.6769356665238907
284 0.673215459521021
285 0.6728498454885649
286 0.6789392802279677
287 0.6744838370528521
288 0.6777754781190151
289 0.6685137827121642
290 0.6692739965745769
Train R2 - DI: 0.352
Val R2 - DI: 0.195
Test R2 - DI: 0.269
291 0.6720589941157095
292 0.6702009574132403
293 0.6722764513364247
294 0.6728783253470183
295 0.6773499188050797
296 0.6672264605060141
297 0.6777422431294352
298 0.6716396323291527
299 0.6727433342478147
300 0.667010244860443
Train R2 - DI: 0.353
Val R2 - DI: 0.199
Test R2 - DI: 0.266
301 0.6538666193913655
302 0.6653090058356366
303 0.6743989085681155
304 0.6530506821904244
305 0.6668414690442118
306 0.6651482611465309
307 0.6654569723101798
308 0.6704855746080516
309 0.6757072568662786
310 0.6673018881730549
Train R2 - DI: 0.349
Val R2 - DI: 0.201
Test R2 - DI: 0.251
311 0.6648978320733447
312 0.664440340892757
313 0.6697098587027457
314 0.6676466333043675
315 0.6622196815970091
316 0.6596457814971455
317 0.6649947608393915
318 0.6651476641059193
319 0.6660701497157836
320 0.6647371515078108
Train R2 - DI: 0.357
Val R2 - DI: 0.196
Test R2 - DI: 0.270
321 0.6688170034023195
322 0.6696027911369145
323 0.6691464359241511
324 0.6613873909873615
325 0.6570400888491436
326 0.6666366261817724
327 0.6673240961677834
328 0.6629376494134349
329 0.6703361065845042
330 0.665779484976775
Train R2 - DI: 0.358
Val R2 - DI: 0.198
Test R2 - DI: 0.268
331 0.6683477260923638
332 0.6631076070194085
333 0.6658083929357608
334 0.6637403497739305
335 0.6668728094737217
336 0.6635064341246494
337 0.6630916872921091
338 0.6588796045492779
339 0.6635854403298402
340 0.6534843577228775
Train R2 - DI: 0.356
Val R2 - DI: 0.199
Test R2 - DI: 0.258
341 0.6610659032585586
342 0.6606670247053359
343 0.6546680845935928
344 0.6544791015374832
345 0.6570979556502312
346 0.6552839550310414
347 0.6602836672422829
348 0.6588476331872051
349 0.6594402152900898
350 0.6697489094607662
Train R2 - DI: 0.360
Val R2 - DI: 0.197
Test R2 - DI: 0.268
351 0.6542478380011645
352 0.6600054820619631
353 0.6697433415102724
354 0.6608492597384016
355 0.6495835501375842
356 0.658593431849476
357 0.657586943795954
358 0.658892966518807
359 0.6544602582452874
360 0.6569664310649816
Train R2 - DI: 0.361
Val R2 - DI: 0.197
Test R2 - DI: 0.267
361 0.660225470830673
362 0.6612376749199208
363 0.6584701770584722
364 0.6562091406770869
365 0.6579542911531711
366 0.6597187658482379
367 0.6571257402943878
368 0.6688789254883368
369 0.6544514297987133
370 0.6508732077928996
Train R2 - DI: 0.363
Val R2 - DI: 0.197
Test R2 - DI: 0.269
371 0.6689098510803645
372 0.6572418510687903
373 0.6591362593479461
374 0.6552128386009454
375 0.6516171500843705
376 0.6619186233715002
377 0.6579031471595157
378 0.6556551214688832
379 0.6568667414154041
380 0.6501346536890136
Train R2 - DI: 0.364
Val R2 - DI: 0.197
Test R2 - DI: 0.269
381 0.6558473496115326
382 0.6558843473307195
383 0.6571766982664206
384 0.6516961898651875
385 0.651496912174102
386 0.660875889683782
387 0.6416775252531658
388 0.6547332641028201
389 0.6587728060855388
390 0.6510313474562603
Train R2 - DI: 0.367
Val R2 - DI: 0.193
Test R2 - DI: 0.277
391 0.6654635691299323
392 0.6551771355091034
393 0.6540144675604045
394 0.65170616205214
395 0.6519500458213395
396 0.6514471307950457
397 0.6537528649435701
398 0.647103482706245
399 0.6500719944530585
400 0.6503050798399147
Train R2 - DI: 0.367
Val R2 - DI: 0.194
Test R2 - DI: 0.277
0.2009641753141832
Test R2 - DI: 0.277
Test R2 - DI: 0.258
CNN_simple
batch_size =  128 lr =  1e-06 wd =  10.0
5276 1164 1140
cuda:0
Using SGD
1 3.0390339400209743
2 1.9667306847424106
3 1.52186080097158
4 1.306208640721099
5 1.1674181572680586
6 1.1077747136648177
7 1.0612249504986633
8 1.0273336633034418
9 1.006966140073208
10 0.993748766441432
Train R2 - DI: 0.068
Val R2 - DI: -0.094
Test R2 - DI: 0.067
11 0.9605648315160721
12 0.969864322661992
13 0.940337118820497
14 0.9399544392868459
15 0.9288917753260817
16 0.9187762028706444
17 0.927607089845948
18 0.9043997628748462
19 0.9113042540763525
20 0.8924209699204151
Train R2 - DI: 0.135
Val R2 - DI: 0.008
Test R2 - DI: 0.115
21 0.8893281545396824
22 0.8812644844076867
23 0.8792964486663679
24 0.8687932996970401
25 0.885558391087339
26 0.8783559185524074
27 0.870665311722976
28 0.8591866154757479
29 0.8682225845002876
30 0.8546014245122197
Train R2 - DI: 0.179
Val R2 - DI: 0.043
Test R2 - DI: 0.152
31 0.8524871084887119
32 0.8502865999914463
33 0.8453632620268469
34 0.8460332436756802
35 0.8439548318814473
36 0.8437003467551139
37 0.8310416083701005
38 0.8343977445088344
39 0.8400013014798458
40 0.8273628790149009
Train R2 - DI: 0.209
Val R2 - DI: 0.060
Test R2 - DI: 0.182
41 0.8243429883580211
42 0.8198159137759089
43 0.8344956621516374
44 0.8209784359892179
45 0.8136347331631988
46 0.8225411878470854
47 0.8040854829653725
48 0.8107427521308684
49 0.7993359174395801
50 0.8038647567078053
Train R2 - DI: 0.226
Val R2 - DI: 0.082
Test R2 - DI: 0.192
51 0.8143643574157929
52 0.8063060289942197
53 0.8108555599990624
54 0.8040913445557312
55 0.8027600604896747
56 0.7824566545497296
57 0.8160060971320082
58 0.7948995869750775
59 0.7899372243266651
60 0.802459632383322
Train R2 - DI: 0.244
Val R2 - DI: 0.094
Test R2 - DI: 0.208
61 0.7826025838016831
62 0.7881667555688998
63 0.7877055908623204
64 0.7813007307829868
65 0.7860494084300373
66 0.7951784735832186
67 0.7821904344482797
68 0.792146361985832
69 0.7843486459712534
70 0.7736476952601238
Train R2 - DI: 0.252
Val R2 - DI: 0.125
Test R2 - DI: 0.207
71 0.775413760730405
72 0.7672037863207188
73 0.7664672131109996
74 0.7752612847735973
75 0.7796610790369093
76 0.7761542463139931
77 0.7626936098135629
78 0.7566652501777232
79 0.764215886592865
80 0.7671003006370435
Train R2 - DI: 0.264
Val R2 - DI: 0.128
Test R2 - DI: 0.217
81 0.7664324691839702
82 0.7632472365981616
83 0.7608957748868593
84 0.7570824288255432
85 0.7665175546110354
86 0.7628317386296051
87 0.7594940608608804
88 0.7698706811896954
89 0.7504140382422201
90 0.7492988608930037
Train R2 - DI: 0.271
Val R2 - DI: 0.141
Test R2 - DI: 0.220
91 0.7621153801837773
92 0.736843258842905
93 0.74428382441345
94 0.7577430164389216
95 0.7544784310914243
96 0.7525108858344228
97 0.7412312554535855
98 0.7434378933780025
99 0.7424806848089291
100 0.7505781162499117
Train R2 - DI: 0.279
Val R2 - DI: 0.147
Test R2 - DI: 0.226
101 0.7352082801642429
102 0.7479235404273431
103 0.7324352916033544
104 0.7444253153110473
105 0.7410896486907045
106 0.7502468608381895
107 0.7287918748143408
108 0.7384972326045148
109 0.7400191399163599
110 0.7387315056557182
Train R2 - DI: 0.287
Val R2 - DI: 0.147
Test R2 - DI: 0.232
111 0.7367680932058359
112 0.7510930736287242
113 0.7399331037974701
114 0.7405107075107016
115 0.7293878724124958
116 0.7381867866248593
117 0.727368512959802
118 0.7375546594837382
119 0.7337861848293243
120 0.7272987489089359
Train R2 - DI: 0.294
Val R2 - DI: 0.152
Test R2 - DI: 0.243
121 0.7339091312261673
122 0.733325525067628
123 0.7385563585593721
124 0.7254432500809589
125 0.7304387216408927
126 0.7225269596173602
127 0.7280646131470675
128 0.7277447375680028
129 0.7340758539583757
130 0.7294944301078137
Train R2 - DI: 0.297
Val R2 - DI: 0.158
Test R2 - DI: 0.237
131 0.7323501615066976
132 0.7290409716627108
133 0.7045706334305677
134 0.7319987938203443
135 0.7222313036332987
136 0.7287317028634922
137 0.7188773697031728
138 0.7308027119325633
139 0.7325001775630954
140 0.7213382475117647
Train R2 - DI: 0.300
Val R2 - DI: 0.166
Test R2 - DI: 0.239
141 0.724027997711737
142 0.7168646348164424
143 0.7193219433506842
144 0.720063875736478
145 0.721323815776689
146 0.7215083372511585
147 0.718641857065153
148 0.7175182807707624
149 0.7092943232650555
150 0.7192990562968221
Train R2 - DI: 0.307
Val R2 - DI: 0.156
Test R2 - DI: 0.251
151 0.7154682551576298
152 0.7214366783690869
153 0.7020989887365525
154 0.713619860715266
155 0.7146953303674751
156 0.7148127952608943
157 0.7118467257002974
158 0.7133184635702455
159 0.7227648857690061
160 0.7101051257676116
Train R2 - DI: 0.308
Val R2 - DI: 0.171
Test R2 - DI: 0.244
161 0.7115998828022475
162 0.7177500730215193
163 0.7104585835931878
164 0.7044127008470286
165 0.7208670243067304
166 0.7050784476513751
167 0.7159891059852351
168 0.7138831995037851
169 0.7066711002990457
170 0.7166677921264799
Train R2 - DI: 0.312
Val R2 - DI: 0.171
Test R2 - DI: 0.248
171 0.7060726172007603
172 0.7205181785656521
173 0.704918949824558
174 0.7087070665366727
175 0.7035821861530273
176 0.7023017654100813
177 0.7094421498788135
178 0.7002078600233481
179 0.7095402659025041
180 0.7161031136736895
Train R2 - DI: 0.315
Val R2 - DI: 0.172
Test R2 - DI: 0.248
181 0.7025435327850932
182 0.7021508362367354
183 0.7087245324599734
184 0.7029582232666161
185 0.7154406797171904
186 0.7045159313243117
187 0.7063829011768894
188 0.6968789552991548
189 0.7061930489503949
190 0.6979876626522998
Train R2 - DI: 0.316
Val R2 - DI: 0.173
Test R2 - DI: 0.247
191 0.7012814615963986
192 0.7031407184542988
193 0.7001901991535444
194 0.6967961208851071
195 0.6883794813105516
196 0.6998316064036372
197 0.700145225438139
198 0.6946551205987186
199 0.6920841587954529
200 0.6955101098229797
Train R2 - DI: 0.320
Val R2 - DI: 0.176
Test R2 - DI: 0.248
201 0.6929483259148992
202 0.695426744841734
203 0.6941519762368885
204 0.705574433716795
205 0.7046510198063883
206 0.6970199992748893
207 0.7010967938442678
208 0.6948236203537103
209 0.6977261427092317
210 0.693846032418836
Train R2 - DI: 0.320
Val R2 - DI: 0.178
Test R2 - DI: 0.246
211 0.6954243640451381
212 0.6952031316451722
213 0.6948242976504623
214 0.69612621542538
215 0.6879946147066974
216 0.68870048363883
217 0.699356121805421
218 0.6856209195139193
219 0.6889209194649702
220 0.6978806193982949
Train R2 - DI: 0.321
Val R2 - DI: 0.179
Test R2 - DI: 0.246
221 0.6937015038082508
222 0.6889200805713952
223 0.6908745099596222
224 0.6942343283910657
225 0.6914439874675077
226 0.6861037986128505
227 0.6834933455917671
228 0.6855740288245669
229 0.6878828408593387
230 0.6911634770282026
Train R2 - DI: 0.323
Val R2 - DI: 0.183
Test R2 - DI: 0.249
231 0.6788856848972687
232 0.6893637248112271
233 0.6822327210471159
234 0.6909980176523656
235 0.683729752886919
236 0.6799827027808906
237 0.688467436527284
238 0.6947246087691022
239 0.6800140233271225
240 0.6843829078146506
Train R2 - DI: 0.327
Val R2 - DI: 0.180
Test R2 - DI: 0.254
241 0.6813042811411091
242 0.6960292525414358
243 0.6792696638935167
244 0.6832812236420036
245 0.6821501902145721
246 0.6834087203270202
247 0.6860696699151132
248 0.6798721629620683
249 0.6826135087772425
250 0.6902078997465225
Train R2 - DI: 0.331
Val R2 - DI: 0.173
Test R2 - DI: 0.261
251 0.6808856454105247
252 0.6787684815819287
253 0.6989372579594106
254 0.6798011050520746
255 0.688607478001698
256 0.6811459176101136
257 0.6875491277840754
258 0.6797893475727026
259 0.685015761689583
260 0.6928015985752797
Train R2 - DI: 0.332
Val R2 - DI: 0.179
Test R2 - DI: 0.257
261 0.6781970941722167
262 0.6863154413304245
263 0.6895507767943382
264 0.671222730375222
265 0.6797644833527884
266 0.6852630613381615
267 0.6824196536853695
268 0.6849725036299347
269 0.679096488269375
270 0.6786527794992679
Train R2 - DI: 0.334
Val R2 - DI: 0.178
Test R2 - DI: 0.259
271 0.6829221526540709
272 0.6909342048021769
273 0.6787811538502517
274 0.6854743978306594
275 0.6927647145071022
276 0.6759324418133728
277 0.6753000220265508
278 0.671176171826991
279 0.6805277925445059
280 0.6786608012722152
Train R2 - DI: 0.330
Val R2 - DI: 0.187
Test R2 - DI: 0.249
281 0.687078227365984
282 0.683938847833551
283 0.6954037983639842
284 0.6787911120737204
285 0.6813101441775243
286 0.6859607679813174
287 0.6730006116190311
288 0.6822873640909983
289 0.6855459383168484
290 0.6778845156658049
Train R2 - DI: 0.331
Val R2 - DI: 0.188
Test R2 - DI: 0.249
291 0.6714943841698496
292 0.6854212601542744
293 0.6753212089245748
294 0.677425766235233
295 0.6738085816356609
296 0.6723963259023821
297 0.6829267334450005
298 0.6852409612328108
299 0.6779450397766206
300 0.6747160299064717
Train R2 - DI: 0.332
Val R2 - DI: 0.187
Test R2 - DI: 0.250
301 0.6775201057917788
302 0.6779066462513169
303 0.6779072431111716
304 0.6742115839581493
305 0.6715139240998044
306 0.6662875259347356
307 0.6719274740041974
308 0.6753879407303545
309 0.6728879289251101
310 0.6704109692049351
Train R2 - DI: 0.333
Val R2 - DI: 0.185
Test R2 - DI: 0.253
311 0.6809500122359524
312 0.6776867537809377
313 0.6770211762781845
314 0.6784347817697156
315 0.6743429878880528
316 0.6776168673123438
317 0.6743683071187087
318 0.6728392862026397
319 0.6679705888868914
320 0.6744441395008356
Train R2 - DI: 0.340
Val R2 - DI: 0.180
Test R2 - DI: 0.268
321 0.6765454501433297
322 0.673804487036068
323 0.6786073998034768
324 0.6741035097109901
325 0.6726144653906688
326 0.6734773389673124
327 0.6660827117674816
328 0.6795869612440727
329 0.6800180461209683
330 0.6803608336079925
Train R2 - DI: 0.340
Val R2 - DI: 0.181
Test R2 - DI: 0.262
331 0.6746936745043502
332 0.655124572707994
333 0.6699818513265065
334 0.6779936939319758
335 0.6712937980460976
336 0.6737883921551651
337 0.672205265721559
338 0.6701436594094716
339 0.6774528514173015
340 0.6724772893451578
Train R2 - DI: 0.342
Val R2 - DI: 0.178
Test R2 - DI: 0.266
341 0.6677532114252347
342 0.6739525489051564
343 0.6715683392542072
344 0.6728616018833944
345 0.6733092330819824
346 0.678837782058687
347 0.6725416163588401
348 0.6702100413147476
349 0.6723603292610538
350 0.6749444029112491
Train R2 - DI: 0.339
Val R2 - DI: 0.184
Test R2 - DI: 0.257
351 0.6652497038233903
352 0.6667556172071577
353 0.6726488337722848
354 0.6748358460653
355 0.6716315329210427
356 0.6772079227140584
357 0.6732749941676199
358 0.6620883002617397
359 0.6689183533056113
360 0.6742694784602584
Train R2 - DI: 0.343
Val R2 - DI: 0.182
Test R2 - DI: 0.267
361 0.6772742536232451
362 0.6677287503839714
363 0.6655124414590744
364 0.6711751665465302
365 0.6751529226888754
366 0.6698874912088436
367 0.6634423352037984
368 0.665972643995755
369 0.6713516850467881
370 0.6574235903755836
Train R2 - DI: 0.342
Val R2 - DI: 0.183
Test R2 - DI: 0.264
371 0.67114568796006
372 0.6675043127318058
373 0.6722780884984229
374 0.6668275131521304
375 0.6637495047581566
376 0.6648702732625561
377 0.6701447800581342
378 0.6662659338471382
379 0.6646393412798982
380 0.6671466686853954
Train R2 - DI: 0.342
Val R2 - DI: 0.186
Test R2 - DI: 0.263
381 0.6694676335152575
382 0.6672449452665559
383 0.6678866487818292
384 0.6683505731518292
385 0.671066409263582
386 0.6655555028550276
387 0.6651029703832196
388 0.6578144925936684
389 0.6660353174437349
390 0.6677242277968192
Train R2 - DI: 0.344
Val R2 - DI: 0.184
Test R2 - DI: 0.263
391 0.6688553292340994
392 0.6637912502426194
393 0.6681118419533701
394 0.6709473400155733
395 0.6674921491364804
396 0.6662808449273764
397 0.6671942936099777
398 0.6647214407356875
399 0.6665623549081052
400 0.6660256625306344
Train R2 - DI: 0.344
Val R2 - DI: 0.183
Test R2 - DI: 0.264
0.18766398989435673
Test R2 - DI: 0.264
Test R2 - DI: 0.249

------------------------------------------------------------
Sender: LSF System <lsfadmin@hpc.dtu.dk>
Subject: Job 14772626: <testjob> in cluster <dcc> Exited

Job <testjob> was submitted from host <n-62-30-8> by user <s174503> in cluster <dcc> at Tue Nov 15 21:22:00 2022
Job was executed on host(s) <n-62-20-13>, in queue <gpuv100>, as user <s174503> in cluster <dcc> at Tue Nov 15 21:22:01 2022
</zhome/fd/6/127382> was used as the home directory.
</zhome/fd/6/127382/Desktop/MasterThesis/Master-thesis> was used as the working directory.
Started at Tue Nov 15 21:22:01 2022
Terminated at Wed Nov 16 09:22:17 2022
Results reported at Wed Nov 16 09:22:17 2022

Your job looked like:

------------------------------------------------------------
# LSBATCH: User input
#!/bin/sh
#BSUB -q gpuv100
#BSUB -J testjob
#BSUB -n 1
#BSUB -gpu "num=1:mode=exclusive_process"
#BSUB -W 12:00
#BSUB -R "rusage[mem=5GB]"
#BSUB -o outputs/gpu_%J.out
#BSUB -e outputs/errors/gpu_%J.err

nvidia-smi
module load cuda/11.6

/appl/cuda/11.6.0/samples/bin/x86_64/linux/release/deviceQuery

source $HOME/miniconda3/bin/activate
source venv_1/bin/activate

python3 main.py CNN_simple 128 1e-6 1 400 2_4_sgd_2wd5 7 SGD
python3 main.py CNN_simple 128 1e-6 5 400 2_4_sgd_2wd5 7 SGD
python3 main.py CNN_simple 128 1e-6 10 400 2_4_sgd_2wd10 7 SGD
python3 main.py CNN_simple 128 1e-6 15 400 2_4_sgd_2wd15 7 SGD
------------------------------------------------------------

TERM_RUNLIMIT: job killed after reaching LSF run time limit.
Exited with exit code 140.

Resource usage summary:

    CPU time :                                   39604.00 sec.
    Max Memory :                                 2264 MB
    Average Memory :                             2217.47 MB
    Total Requested Memory :                     5120.00 MB
    Delta Memory :                               2856.00 MB
    Max Swap :                                   -
    Max Processes :                              4
    Max Threads :                                8
    Run time :                                   43216 sec.
    Turnaround time :                            43217 sec.

The output (if any) is above this job summary.



PS:

Read file <outputs/errors/gpu_14772626.err> for stderr output of this job.

