Tue Nov  8 11:38:53 2022       
+-----------------------------------------------------------------------------+
| NVIDIA-SMI 515.65.01    Driver Version: 515.65.01    CUDA Version: 11.7     |
|-------------------------------+----------------------+----------------------+
| GPU  Name        Persistence-M| Bus-Id        Disp.A | Volatile Uncorr. ECC |
| Fan  Temp  Perf  Pwr:Usage/Cap|         Memory-Usage | GPU-Util  Compute M. |
|                               |                      |               MIG M. |
|===============================+======================+======================|
|   0  Tesla V100-PCIE...  On   | 00000000:58:00.0 Off |                    0 |
| N/A   33C    P0    25W / 250W |      0MiB / 32768MiB |      0%   E. Process |
|                               |                      |                  N/A |
+-------------------------------+----------------------+----------------------+
                                                                               
+-----------------------------------------------------------------------------+
| Processes:                                                                  |
|  GPU   GI   CI        PID   Type   Process name                  GPU Memory |
|        ID   ID                                                   Usage      |
|=============================================================================|
|  No running processes found                                                 |
+-----------------------------------------------------------------------------+
/appl/cuda/11.6.0/samples/bin/x86_64/linux/release/deviceQuery Starting...

 CUDA Device Query (Runtime API) version (CUDART static linking)

Detected 1 CUDA Capable device(s)

Device 0: "Tesla V100-PCIE-32GB"
  CUDA Driver Version / Runtime Version          11.7 / 11.6
  CUDA Capability Major/Minor version number:    7.0
  Total amount of global memory:                 32511 MBytes (34089926656 bytes)
  (080) Multiprocessors, (064) CUDA Cores/MP:    5120 CUDA Cores
  GPU Max Clock rate:                            1380 MHz (1.38 GHz)
  Memory Clock rate:                             877 Mhz
  Memory Bus Width:                              4096-bit
  L2 Cache Size:                                 6291456 bytes
  Maximum Texture Dimension Size (x,y,z)         1D=(131072), 2D=(131072, 65536), 3D=(16384, 16384, 16384)
  Maximum Layered 1D Texture Size, (num) layers  1D=(32768), 2048 layers
  Maximum Layered 2D Texture Size, (num) layers  2D=(32768, 32768), 2048 layers
  Total amount of constant memory:               65536 bytes
  Total amount of shared memory per block:       49152 bytes
  Total shared memory per multiprocessor:        98304 bytes
  Total number of registers available per block: 65536
  Warp size:                                     32
  Maximum number of threads per multiprocessor:  2048
  Maximum number of threads per block:           1024
  Max dimension size of a thread block (x,y,z): (1024, 1024, 64)
  Max dimension size of a grid size    (x,y,z): (2147483647, 65535, 65535)
  Maximum memory pitch:                          2147483647 bytes
  Texture alignment:                             512 bytes
  Concurrent copy and kernel execution:          Yes with 7 copy engine(s)
  Run time limit on kernels:                     No
  Integrated GPU sharing Host Memory:            No
  Support host page-locked memory mapping:       Yes
  Alignment requirement for Surfaces:            Yes
  Device has ECC support:                        Enabled
  Device supports Unified Addressing (UVA):      Yes
  Device supports Managed Memory:                Yes
  Device supports Compute Preemption:            Yes
  Supports Cooperative Kernel Launch:            Yes
  Supports MultiDevice Co-op Kernel Launch:      Yes
  Device PCI Domain ID / Bus ID / location ID:   0 / 88 / 0
  Compute Mode:
     < Exclusive Process (many threads in one process is able to use ::cudaSetDevice() with this device) >

deviceQuery, CUDA Driver = CUDART, CUDA Driver Version = 11.7, CUDA Runtime Version = 11.6, NumDevs = 1
Result = PASS
Deep_google
batch_size =  128 lr =  1e-05 wd =  10.0
5261 1164 1155
cuda:0
1 3.0955443857196983
2 2.081111220075386
3 1.636931504072107
4 1.4001813039333733
5 1.2854278639817143
6 1.1732226375435904
7 1.1068165626924225
8 1.0726472316212448
9 1.0329064337433664
10 0.9817965163792115
Train R2 - DI: 0.103
Val R2 - DI: 0.065
Test R2 - DI: -0.038
11 0.9778627657749833
12 0.9235812793143279
13 0.9169292223813801
14 0.9030079451538133
15 0.8774272924683163
16 0.8645657966445549
17 0.8713038873364323
18 0.8669572133252975
19 0.8355594356915181
20 0.8400649930209041
Train R2 - DI: 0.210
Val R2 - DI: 0.130
Test R2 - DI: 0.027
21 0.8340076112946592
22 0.8189468186315396
23 0.8211459813632794
24 0.8185372411287051
25 0.8158314167274946
26 0.8195444722974103
27 0.7999469195452735
28 0.8033519106329541
29 0.809644642992859
30 0.7938113528226088
Train R2 - DI: 0.233
Val R2 - DI: 0.161
Test R2 - DI: 0.067
31 0.7872311058685232
32 0.7910944547088534
33 0.7893931235996994
34 0.7863306076529815
35 0.7749107758755512
36 0.7811030779041689
37 0.7802441705770987
38 0.778602082224949
39 0.780147134634597
40 0.780362496684654
Train R2 - DI: 0.244
Val R2 - DI: 0.172
Test R2 - DI: 0.074
41 0.7724071338452715
42 0.7676273471297159
43 0.7761494206670708
44 0.7658489697606272
45 0.7632065678510664
46 0.7582505228537114
47 0.7662647444470893
48 0.7578582294289546
49 0.7516130904828702
50 0.7582445539034176
Train R2 - DI: 0.283
Val R2 - DI: 0.174
Test R2 - DI: 0.108
51 0.7523739283142876
52 0.7546835044245601
53 0.7464032638347142
54 0.7381348910723274
55 0.7461562779574674
56 0.7348718925746895
57 0.7378006606608646
58 0.7261305711292491
59 0.7271685663046344
60 0.7334283672682438
Train R2 - DI: 0.272
Val R2 - DI: 0.166
Test R2 - DI: 0.081
61 0.7295397809987919
62 0.7302927929193569
63 0.7234506068336626
64 0.7174250326995455
65 0.7272608035690679
66 0.7195508986955087
67 0.7209316779284214
68 0.7061787457254036
69 0.7184663178054717
70 0.70862633839598
Train R2 - DI: 0.281
Val R2 - DI: 0.166
Test R2 - DI: 0.084
71 0.7104038191349238
72 0.7092737753883873
73 0.7045120389555326
74 0.7049949948970321
75 0.7043284239979258
76 0.6962563654040004
77 0.692974604710135
78 0.6990795241769016
79 0.6968022302809923
80 0.6961710717691212
Train R2 - DI: 0.292
Val R2 - DI: 0.151
Test R2 - DI: 0.078
81 0.6857840866926753
82 0.6830983672321489
83 0.7016702485422154
84 0.6865783376830586
85 0.6834719920539059
86 0.7019629370455868
87 0.6805314760180032
88 0.6827906440689273
89 0.6745249892092322
90 0.6823899909766131
Train R2 - DI: 0.402
Val R2 - DI: 0.181
Test R2 - DI: 0.200
91 0.6691986287508009
92 0.6627754763524991
93 0.6524202305313027
94 0.6737648208112776
95 0.6566703123208847
96 0.6426010596006684
97 0.6654283230895213
98 0.6360706228354294
99 0.6280294422232319
100 0.6325625076286694
Train R2 - DI: 0.332
Val R2 - DI: -0.349
Test R2 - DI: -0.164
0.18145491527340873
Test R2 - DI: -0.164
Test R2 - DI: 0.200
Deep_google
batch_size =  128 lr =  1e-05 wd =  10.0
5306 1134 1140
cuda:0
1 2.868771175775625
2 1.8941418460482164
3 1.5429316755065459
4 1.3311985657433496
5 1.1948286174065295
6 1.1298322698281837
7 1.0838687746110522
8 1.0441738065350428
9 0.9744164846413458
10 0.961976602825182
Train R2 - DI: -0.078
Val R2 - DI: 0.192
Test R2 - DI: -0.096
11 0.9478944213355301
12 0.9234033100927636
13 0.9057649004203259
14 0.8899603278691751
15 0.8944442784880585
16 0.8712180790432076
17 0.8674200521610028
18 0.8548266522802589
19 0.8550805668088566
20 0.8362434023827641
Train R2 - DI: 0.059
Val R2 - DI: 0.285
Test R2 - DI: 0.011
21 0.833137779697759
22 0.8284263136788579
23 0.8274805261376126
24 0.822227946102417
25 0.8164212160006227
26 0.8168076330025691
27 0.8132703547607132
28 0.8052883861516945
29 0.8014067466691266
30 0.8017274948546809
Train R2 - DI: 0.087
Val R2 - DI: 0.309
Test R2 - DI: 0.030
31 0.7920872268701921
32 0.7979710548722965
33 0.7844718219512281
34 0.7874372193285801
35 0.7940814642020095
36 0.7892673058730901
37 0.7781446319097309
38 0.7801094586068263
39 0.7794865829019874
40 0.7792251659616901
Train R2 - DI: 0.106
Val R2 - DI: 0.332
Test R2 - DI: 0.047
41 0.7702212481960637
42 0.770559369282052
43 0.7719752973895498
44 0.7702392183786242
45 0.7737981651443111
46 0.7698304808863234
47 0.7631570275576663
48 0.7586781887840964
49 0.7596708698808315
50 0.7590616398427427
Train R2 - DI: 0.096
Val R2 - DI: 0.323
Test R2 - DI: 0.015
51 0.7573912899493273
52 0.7575077691079983
53 0.7473588046423678
54 0.7510210858665679
55 0.7538446182805639
56 0.7456987095112806
57 0.7435577239264105
58 0.7424337977155218
59 0.7398259566273278
60 0.7454832296662631
Train R2 - DI: 0.087
Val R2 - DI: 0.319
Test R2 - DI: -0.005
61 0.7345969308289859
62 0.7396196138845315
63 0.7323225181236656
64 0.7290399965815755
65 0.7345884650597426
66 0.7211853929883437
67 0.7186437605283775
68 0.7221130375092856
69 0.7218440557442833
70 0.7120955038016759
Train R2 - DI: 0.150
Val R2 - DI: 0.328
Test R2 - DI: -0.001
71 0.7181076422934707
72 0.7111844855616599
73 0.7052145594028181
74 0.7163430934261475
75 0.7061782711369111
76 0.7041682063342489
77 0.7003770063743922
78 0.6980347069667683
79 0.6980741124219639
80 0.6956465641058395
Train R2 - DI: 0.224
Val R2 - DI: 0.416
Test R2 - DI: 0.119
81 0.6861269161964514
82 0.6879669303629833
83 0.6879895694562277
84 0.6825562155655632
85 0.6749019801414466
86 0.6793090493958535
87 0.6772684300570411
88 0.6746486950001535
89 0.6708196969558912
90 0.6639506458966542
Train R2 - DI: 0.168
Val R2 - DI: 0.310
Test R2 - DI: -0.038
91 0.6634122929256725
92 0.6483004241451604
93 0.6443068191010324
94 0.6686365740325286
95 0.643123324888857
96 0.650643093065635
97 0.6385899703771359
98 0.6427652985026061
99 0.6429781063161074
100 0.6292916865021698
Train R2 - DI: 0.039
Val R2 - DI: 0.169
Test R2 - DI: -0.223
0.41607025886568005
Test R2 - DI: -0.223
Test R2 - DI: 0.119
Deep_google
batch_size =  128 lr =  1e-05 wd =  10.0
5282 1134 1164
cuda:0
1 3.071218250105662
2 2.028069539938583
3 1.6729321929822587
4 1.4480945230749058
5 1.3263690603451943
6 1.2447077527004677
7 1.1958431040234117
8 1.1293926085770378
9 1.1158735126493917
10 1.067923471878894
Train R2 - DI: -0.019
Val R2 - DI: 0.238
Test R2 - DI: 0.049
11 1.0521641639045403
12 1.0449498551941785
13 1.0135759355352938
14 1.0059943419882222
15 0.980501700275913
16 0.9815266567935821
17 0.9510733833686731
18 0.9550733469688997
19 0.9265402436301546
20 0.9382933014859218
Train R2 - DI: 0.151
Val R2 - DI: 0.374
Test R2 - DI: 0.127
21 0.9185928857854622
22 0.905981140622403
23 0.9097497619629268
24 0.8929254948889744
25 0.9043783081250406
26 0.884183389068056
27 0.8960739275760066
28 0.8800555832545806
29 0.8685664365752905
30 0.8727186029041324
Train R2 - DI: 0.176
Val R2 - DI: 0.389
Test R2 - DI: 0.154
31 0.8732949684669195
32 0.8639480098658825
33 0.8621541869455285
34 0.8583106497660229
35 0.8559162556696281
36 0.8551006548696285
37 0.8445837257915896
38 0.8426589014989686
39 0.8406778563608143
40 0.8366160541039351
Train R2 - DI: 0.207
Val R2 - DI: 0.421
Test R2 - DI: 0.163
41 0.8371006065993001
42 0.8234295951557268
43 0.830155661344438
44 0.8277102626891174
45 0.8198262854806856
46 0.8156022835933363
47 0.8224377937724942
48 0.810861156569968
49 0.8118918127338347
50 0.8095736568825392
Train R2 - DI: 0.213
Val R2 - DI: 0.439
Test R2 - DI: 0.168
51 0.8135108975062357
52 0.805513531138887
53 0.799214810708489
54 0.8085516904484634
55 0.8011050586987517
56 0.7930731926619758
57 0.8010835680308012
58 0.7984646319530535
59 0.7854608565467364
60 0.7813909085624735
Train R2 - DI: 0.264
Val R2 - DI: 0.489
Test R2 - DI: 0.153
61 0.784787385990023
62 0.7798311738343187
63 0.773320004913853
64 0.7671033271963241
65 0.7710549566882074
66 0.7568161951145951
67 0.7665784846242293
68 0.7608453939918856
69 0.7491148573934288
70 0.7591126490975365
Train R2 - DI: 0.155
Val R2 - DI: 0.368
Test R2 - DI: 0.108
71 0.7535665981564635
72 0.7520275426290108
73 0.7399665552167809
74 0.7448184004293974
75 0.7453005623970913
76 0.7400817048229172
77 0.7283592328841105
78 0.7310717103608582
79 0.7211016674061609
80 0.7136329243870135
Train R2 - DI: 0.188
Val R2 - DI: 0.402
Test R2 - DI: 0.079
81 0.7055808421180628
82 0.6945006487406551
83 0.7189585812071064
84 0.6845937512535708
85 0.6936437772648301
86 0.6814436316264484
87 0.6895010702224538
88 0.6697137998342966
89 0.6741758635530685
90 0.6667655673003566
Train R2 - DI: 0.352
Val R2 - DI: 0.387
Test R2 - DI: -0.115
91 0.6545990194302984
92 0.6310503647572071
93 0.6063934088836607
94 0.629739176184334
95 0.6273952659017793
96 0.6190230932618488
97 0.6041123450411761
98 0.5763162110665223
99 0.5706326755462655
100 0.6223083341812284
Train R2 - DI: 0.347
Val R2 - DI: 0.381
Test R2 - DI: 0.078
0.4888021583103943
Test R2 - DI: 0.078
Test R2 - DI: 0.153
Deep_google
batch_size =  128 lr =  1e-05 wd =  10.0
5590 999 991
cuda:0
1 2.778591675536577
2 1.8822579174860645
3 1.636223745516673
4 1.4274130832317264
5 1.3170549006282963
6 1.2215369562343537
7 1.1385364835718663
8 1.1023905902941027
9 1.0493694574547154
10 1.0310522778089657
Train R2 - DI: 0.064
Val R2 - DI: -0.888
Test R2 - DI: -0.413
11 0.975468948467473
12 0.9538732270648527
13 0.9431151659202917
14 0.9106776834600513
15 0.9078476420028905
16 0.9013216759523041
17 0.8738278917421808
18 0.8630523532788954
19 0.8697421334297372
20 0.8614507352943284
Train R2 - DI: 0.222
Val R2 - DI: -0.463
Test R2 - DI: -0.105
21 0.8382740134416624
22 0.85743296647541
23 0.8311033437205129
24 0.8323553931094666
25 0.8276422014176739
26 0.8237816829587564
27 0.8238752063783635
28 0.8190032068220149
29 0.8168029036632803
30 0.8069758758135473
Train R2 - DI: 0.238
Val R2 - DI: -0.415
Test R2 - DI: -0.096
31 0.8074302648602317
32 0.8029398346842934
33 0.807712664885683
34 0.8067280984521978
35 0.7977989799647937
36 0.8019467753673069
37 0.7896215082067923
38 0.7896071777574065
39 0.8036023295202921
40 0.7882759487053149
Train R2 - DI: 0.264
Val R2 - DI: -0.334
Test R2 - DI: -0.029
41 0.7834806502185269
42 0.784535812627864
43 0.7869972928905317
44 0.779750242685376
45 0.7789397084009242
46 0.7810796432290393
47 0.7820893872402649
48 0.7706613220341091
49 0.7738473416227774
50 0.7669077452692021
Train R2 - DI: 0.283
Val R2 - DI: -0.268
Test R2 - DI: 0.009
51 0.7732653380293326
52 0.760712378353467
53 0.7651687386424042
54 0.7589232898995361
55 0.755438004004934
56 0.7568208395901648
57 0.7641894790055713
58 0.7530346771259001
59 0.7587773454637136
60 0.7442872931790906
Train R2 - DI: 0.280
Val R2 - DI: -0.235
Test R2 - DI: 0.044
61 0.7480241675069805
62 0.741084748389256
63 0.739970757901562
64 0.7422548801399941
65 0.7411514854175247
66 0.7327599422023207
67 0.7408687706070424
68 0.7343722787867292
69 0.7315766894326867
70 0.726963014124971
Train R2 - DI: 0.365
Val R2 - DI: -0.120
Test R2 - DI: 0.056
71 0.7211390147055624
72 0.733011354252776
73 0.7121407360424936
74 0.7243592284873048
75 0.7137662526320047
76 0.7195115420494181
77 0.7259082255295223
78 0.7172510788990901
79 0.702984624301385
80 0.6994421304018639
Train R2 - DI: 0.378
Val R2 - DI: -0.126
Test R2 - DI: 0.036
81 0.7051178697609944
82 0.7014883336312869
83 0.7062399790197451
84 0.6973390538278761
85 0.7027305626698598
86 0.6935479753772347
87 0.6711618723937565
88 0.6832595651606115
89 0.6696637629822882
90 0.6703589284569291
Train R2 - DI: 0.411
Val R2 - DI: -0.171
Test R2 - DI: -0.267
91 0.6676962540273377
92 0.6582527325063784
93 0.6549756487708186
94 0.6431693424692307
95 0.6414151576422621
96 0.6421056440563236
97 0.6399115650513091
98 0.6030978339089477
99 0.632699274419672
100 0.600665538703393
Train R2 - DI: 0.489
Val R2 - DI: -0.162
Test R2 - DI: -0.008
-0.11955664561026058
Test R2 - DI: -0.008
Test R2 - DI: 0.056
Deep_google
batch_size =  128 lr =  1e-05 wd =  10.0
5584 997 999
cuda:0
1 2.707070930639447
2 1.8698632624907616
3 1.5563886582339048
4 1.3821469029587798
5 1.3008868417630564
6 1.208371606460615
7 1.153227359825014
8 1.1215785140635974
9 1.070448889090202
10 1.0498306894712257
Train R2 - DI: 0.087
Val R2 - DI: -0.091
Test R2 - DI: -0.565
11 1.0048174256923206
12 0.9846656175602473
13 0.9820096031642574
14 0.9550333299746144
15 0.9450121149634222
16 0.939582521560199
17 0.9256631033468383
18 0.920734553077501
19 0.9067225263248542
20 0.8972075646449639
Train R2 - DI: 0.139
Val R2 - DI: -0.062
Test R2 - DI: -0.428
21 0.8956558369633804
22 0.8935020569402372
23 0.8729262293922184
24 0.8755259196191257
25 0.8668844151633517
26 0.8663096508187346
27 0.857743181266894
28 0.8506326497796614
29 0.8421753199189304
30 0.8465184084323893
Train R2 - DI: 0.218
Val R2 - DI: -0.151
Test R2 - DI: -0.259
31 0.8404971441430144
32 0.843117065279395
33 0.8225478079052573
34 0.8270850772502429
35 0.8301233550197415
36 0.8229063812504526
37 0.8197415805819382
38 0.8242295020630844
39 0.8186747956070995
40 0.8158423740064518
Train R2 - DI: 0.218
Val R2 - DI: -0.150
Test R2 - DI: -0.244
41 0.8134249983339392
42 0.8139803894611348
43 0.8078660642178489
44 0.8108040490601329
45 0.8012274664247616
46 0.7961194428126928
47 0.8030136147337862
48 0.797537268403608
49 0.7861800318461093
50 0.7925381672416512
Train R2 - DI: 0.251
Val R2 - DI: -0.211
Test R2 - DI: -0.159
51 0.7864785001407721
52 0.7864889581087325
53 0.7841353687994118
54 0.7773479798803357
55 0.7799069118021552
56 0.7728823513902703
57 0.7753110999364224
58 0.7710578894205284
59 0.763659057610356
60 0.7623434898504896
Train R2 - DI: 0.230
Val R2 - DI: -0.171
Test R2 - DI: -0.212
61 0.7578415617901821
62 0.7542384447887497
63 0.7543511013246881
64 0.7591558267872108
65 0.7506840268315422
66 0.7547030056103594
67 0.7463444951270576
68 0.7400268331639747
69 0.7371825466524906
70 0.746731590404893
Train R2 - DI: 0.214
Val R2 - DI: -0.158
Test R2 - DI: -0.203
71 0.7325227718298619
72 0.7405141853329787
73 0.7296485835979866
74 0.7322846799661915
75 0.7165169235970025
76 0.7212619781494141
77 0.7235423444335304
78 0.7069792308575102
79 0.7129917240416082
80 0.722853337283804
Train R2 - DI: 0.270
Val R2 - DI: -0.155
Test R2 - DI: -0.204
81 0.7116978600578526
82 0.7200856032890713
83 0.7064381231551184
84 0.7133728153042943
85 0.7075235958085703
86 0.6908703142387478
87 0.7068155020219207
88 0.6958854828659647
89 0.6910041422078808
90 0.6762124247059098
Train R2 - DI: 0.292
Val R2 - DI: -0.223
Test R2 - DI: -0.209
91 0.6626418601817593
92 0.6782672922727372
93 0.6573505943005953
94 0.6459650610784405
95 0.6263613577900097
96 0.6242203876418849
97 0.6221390986510881
98 0.6024065208981577
99 0.599068957789238
100 0.6101454288023591
Train R2 - DI: 0.355
Val R2 - DI: -0.237
Test R2 - DI: -0.214
-0.06221462952154155
Test R2 - DI: -0.214
Test R2 - DI: -0.428
Deep_google
batch_size =  128 lr =  1e-05 wd =  10.0
5434 1155 991
cuda:0
1 2.7980424579470133
2 1.9224213928609462
3 1.6132630283094567
4 1.388059447914702
5 1.287458077440553
6 1.1846036052370406
7 1.1169319302008176
8 1.0676753506047962
9 1.0455426102312866
10 0.9946826576177452
Train R2 - DI: 0.088
Val R2 - DI: -0.087
Test R2 - DI: -0.198
11 0.9642632949602353
12 0.9474813567174898
13 0.9239034793988545
14 0.9009655970705753
15 0.9079356444948159
16 0.884409442143621
17 0.8806676955007217
18 0.8673382392033172
19 0.861486222799271
20 0.853683317348191
Train R2 - DI: 0.154
Val R2 - DI: -0.041
Test R2 - DI: -0.103
21 0.8530425884331417
22 0.856902924714213
23 0.8409292344490658
24 0.8442755465258296
25 0.831391937402754
26 0.8343018651622861
27 0.8262387576636735
28 0.8311748815276055
29 0.820567191722071
30 0.8208816325704008
Train R2 - DI: 0.235
Val R2 - DI: 0.043
Test R2 - DI: -0.008
31 0.8279131894652177
32 0.813599456286755
33 0.8052861291913808
34 0.8146533230713812
35 0.8113991397682867
36 0.8098668723936505
37 0.8072329284866636
38 0.8072639467043169
39 0.8012565194924263
40 0.795216472964099
Train R2 - DI: 0.226
Val R2 - DI: 0.025
Test R2 - DI: -0.012
41 0.8024019658411957
42 0.7999842436733955
43 0.7948211624993531
44 0.7960400598032491
45 0.7902808457251019
46 0.7945751054874008
47 0.7890684163478265
48 0.7849603524794243
49 0.7820976896895
50 0.779114860601183
Train R2 - DI: 0.269
Val R2 - DI: 0.059
Test R2 - DI: 0.032
51 0.7866370364678095
52 0.7767975598650466
53 0.7713925150285804
54 0.7674510080146579
55 0.7715590262965855
56 0.7718349781201348
57 0.7672237819242355
58 0.7624509527396314
59 0.7625058882368985
60 0.758939637434057
Train R2 - DI: 0.298
Val R2 - DI: 0.090
Test R2 - DI: 0.060
61 0.7521818023768689
62 0.7567991824285222
63 0.7564427401592155
64 0.7524795751383869
65 0.7498278157606606
66 0.7556437277864085
67 0.7643345201721865
68 0.7484894275094904
69 0.7410970481388877
70 0.7404515541648443
Train R2 - DI: 0.311
Val R2 - DI: 0.092
Test R2 - DI: 0.073
71 0.743002968410117
72 0.7339247012120816
73 0.7420611475643358
74 0.7348213067465421
75 0.7303760124999107
76 0.7243136806131769
77 0.7208841070340845
78 0.7137075978515338
79 0.7167843642768327
80 0.7135783738409021
Train R2 - DI: 0.367
Val R2 - DI: 0.138
Test R2 - DI: 0.047
81 0.7075039061238145
82 0.7093124582041789
83 0.7189440651987684
84 0.716738989237349
85 0.7093202221643674
86 0.7009625027712365
87 0.688032873531541
88 0.6914981938391255
89 0.6774834886078103
90 0.7017000076478572
Train R2 - DI: 0.446
Val R2 - DI: 0.240
Test R2 - DI: 0.010
91 0.6707382522877148
92 0.6667101580648244
93 0.6839053585198507
94 0.6603793491543238
95 0.6667314294422643
96 0.65563499275972
97 0.6447667248511428
98 0.6748092743154391
99 0.6477822855328829
100 0.648586213764216
Train R2 - DI: 0.413
Val R2 - DI: 0.090
Test R2 - DI: 0.005
0.24004503102862718
Test R2 - DI: 0.005
Test R2 - DI: 0.010
Deep_google
batch_size =  128 lr =  1e-05 wd =  10.0
5443 997 1140
cuda:0
1 2.5805680153016417
2 1.7594018603825468
3 1.5108979959249629
4 1.381822873099245
5 1.2745652030150767
6 1.1679754041473414
7 1.1388185349059152
8 1.08035158954428
9 1.0660379543892278
10 1.0375190445239242
Train R2 - DI: 0.005
Val R2 - DI: 0.002
Test R2 - DI: -0.003
11 0.9939771710939318
12 0.9836918733016152
13 0.9702053027470148
14 0.9521742552031539
15 0.9312459594314642
16 0.924287704231764
17 0.9118613290278631
18 0.8968392124338972
19 0.8955238952961735
20 0.8859493037630656
Train R2 - DI: 0.099
Val R2 - DI: -0.088
Test R2 - DI: 0.057
21 0.8814553590506814
22 0.8750806350097396
23 0.8725770564064391
24 0.8547114036811662
25 0.8515871992646477
26 0.8524110346578093
27 0.8471484430108288
28 0.8368995368491633
29 0.8276751037579609
30 0.8342916013321499
Train R2 - DI: 0.185
Val R2 - DI: -0.245
Test R2 - DI: 0.139
31 0.8212560609314299
32 0.8178363354486861
33 0.8135197472204383
34 0.8090439468824796
35 0.8093949751054104
36 0.8030197934238827
37 0.8005015301656224
38 0.7934548672827294
39 0.7941793744975365
40 0.7974970130037345
Train R2 - DI: 0.234
Val R2 - DI: -0.360
Test R2 - DI: 0.180
41 0.7895212957312818
42 0.7921173148638795
43 0.7874451845243707
44 0.7724184112121313
45 0.7743857901433188
46 0.7705336075790135
47 0.7674164175439708
48 0.7647695428589655
49 0.7691634515180278
50 0.761668024968952
Train R2 - DI: 0.250
Val R2 - DI: -0.403
Test R2 - DI: 0.167
51 0.7571823244451403
52 0.7590739440331011
53 0.7596623620280838
54 0.763372394698257
55 0.7530924140060077
56 0.7510344564816147
57 0.7444360527115317
58 0.7540061576782989
59 0.74584388651875
60 0.742720810221154
Train R2 - DI: 0.279
Val R2 - DI: -0.450
Test R2 - DI: 0.191
61 0.7452254566159863
62 0.7544666722748137
63 0.7407897923900738
64 0.741825917122799
65 0.7406856988187268
66 0.7324432049650885
67 0.7323737945185192
68 0.7275040143118302
69 0.7327150139939187
70 0.7325380856820422
Train R2 - DI: 0.316
Val R2 - DI: -0.831
Test R2 - DI: 0.228
71 0.7311484989777396
72 0.7315866679539033
73 0.7315961549699515
74 0.7216139235260862
75 0.7259946946994403
76 0.7173590839686649
77 0.71542698055117
78 0.7136000649315369
79 0.7067525269418828
80 0.7049560701827365
Train R2 - DI: 0.307
Val R2 - DI: -0.517
Test R2 - DI: 0.156
81 0.7103929383974182
82 0.7020167334102082
83 0.7014571732290305
84 0.7042264035140988
85 0.6965243032853349
86 0.6949450995211169
87 0.6951970999104649
88 0.6973769894181511
89 0.6834113922448538
90 0.6937773430389055
Train R2 - DI: 0.360
Val R2 - DI: -1.623
Test R2 - DI: 0.296
91 0.6991021397708204
92 0.684386658039948
93 0.6796268989841399
94 0.6753359568725718
95 0.6866606280861938
96 0.678112488283122
97 0.6852547027117274
98 0.6693607028761966
99 0.6642615248148174
100 0.6710753329871617
Train R2 - DI: 0.289
Val R2 - DI: -2.942
Test R2 - DI: 0.335
0.0024561829768873222
Test R2 - DI: 0.335
Test R2 - DI: -0.003

------------------------------------------------------------
Sender: LSF System <lsfadmin@hpc.dtu.dk>
Subject: Job 14692098: <testjob> in cluster <dcc> Done

Job <testjob> was submitted from host <n-62-30-1> by user <s174503> in cluster <dcc> at Tue Nov  8 11:38:52 2022
Job was executed on host(s) <n-62-20-13>, in queue <gpuv100>, as user <s174503> in cluster <dcc> at Tue Nov  8 11:38:52 2022
</zhome/fd/6/127382> was used as the home directory.
</zhome/fd/6/127382/Desktop/MasterThesis/Master-thesis> was used as the working directory.
Started at Tue Nov  8 11:38:52 2022
Terminated at Tue Nov  8 15:14:11 2022
Results reported at Tue Nov  8 15:14:11 2022

Your job looked like:

------------------------------------------------------------
# LSBATCH: User input
#!/bin/sh
#BSUB -q gpuv100
#BSUB -J testjob
#BSUB -n 1
#BSUB -gpu "num=1:mode=exclusive_process"
#BSUB -W 05:00
#BSUB -R "rusage[mem=5GB]"
#BSUB -o outputs/gpu_%J.out
#BSUB -e outputs/errors/gpu_%J.err

nvidia-smi
module load cuda/11.6

/appl/cuda/11.6.0/samples/bin/x86_64/linux/release/deviceQuery

source $HOME/miniconda3/bin/activate
source venv_1/bin/activate

python3 main.py Deep_google 128 1e-5 10 100 2_1 0
python3 main.py Deep_google 128 1e-5 10 100 3_4 1
python3 main.py Deep_google 128 1e-5 10 100 3_2 2
python3 main.py Deep_google 128 1e-5 10 100 6_7 3
python3 main.py Deep_google 128 1e-5 10 100 5_6 4
python3 main.py Deep_google 128 1e-5 10 100 1_7 5
python3 main.py Deep_google 128 1e-5 10 100 5_4 6

------------------------------------------------------------

Successfully completed.

Resource usage summary:

    CPU time :                                   11479.12 sec.
    Max Memory :                                 2262 MB
    Average Memory :                             2185.22 MB
    Total Requested Memory :                     5120.00 MB
    Delta Memory :                               2858.00 MB
    Max Swap :                                   -
    Max Processes :                              4
    Max Threads :                                8
    Run time :                                   12919 sec.
    Turnaround time :                            12919 sec.

The output (if any) is above this job summary.



PS:

Read file <outputs/errors/gpu_14692098.err> for stderr output of this job.

