Thu Nov 10 13:09:58 2022       
+-----------------------------------------------------------------------------+
| NVIDIA-SMI 515.65.01    Driver Version: 515.65.01    CUDA Version: 11.7     |
|-------------------------------+----------------------+----------------------+
| GPU  Name        Persistence-M| Bus-Id        Disp.A | Volatile Uncorr. ECC |
| Fan  Temp  Perf  Pwr:Usage/Cap|         Memory-Usage | GPU-Util  Compute M. |
|                               |                      |               MIG M. |
|===============================+======================+======================|
|   0  Tesla V100-PCIE...  On   | 00000000:58:00.0 Off |                    0 |
| N/A   31C    P0    26W / 250W |      0MiB / 32768MiB |      0%   E. Process |
|                               |                      |                  N/A |
+-------------------------------+----------------------+----------------------+
                                                                               
+-----------------------------------------------------------------------------+
| Processes:                                                                  |
|  GPU   GI   CI        PID   Type   Process name                  GPU Memory |
|        ID   ID                                                   Usage      |
|=============================================================================|
|  No running processes found                                                 |
+-----------------------------------------------------------------------------+
/appl/cuda/11.6.0/samples/bin/x86_64/linux/release/deviceQuery Starting...

 CUDA Device Query (Runtime API) version (CUDART static linking)

Detected 1 CUDA Capable device(s)

Device 0: "Tesla V100-PCIE-32GB"
  CUDA Driver Version / Runtime Version          11.7 / 11.6
  CUDA Capability Major/Minor version number:    7.0
  Total amount of global memory:                 32511 MBytes (34089926656 bytes)
  (080) Multiprocessors, (064) CUDA Cores/MP:    5120 CUDA Cores
  GPU Max Clock rate:                            1380 MHz (1.38 GHz)
  Memory Clock rate:                             877 Mhz
  Memory Bus Width:                              4096-bit
  L2 Cache Size:                                 6291456 bytes
  Maximum Texture Dimension Size (x,y,z)         1D=(131072), 2D=(131072, 65536), 3D=(16384, 16384, 16384)
  Maximum Layered 1D Texture Size, (num) layers  1D=(32768), 2048 layers
  Maximum Layered 2D Texture Size, (num) layers  2D=(32768, 32768), 2048 layers
  Total amount of constant memory:               65536 bytes
  Total amount of shared memory per block:       49152 bytes
  Total shared memory per multiprocessor:        98304 bytes
  Total number of registers available per block: 65536
  Warp size:                                     32
  Maximum number of threads per multiprocessor:  2048
  Maximum number of threads per block:           1024
  Max dimension size of a thread block (x,y,z): (1024, 1024, 64)
  Max dimension size of a grid size    (x,y,z): (2147483647, 65535, 65535)
  Maximum memory pitch:                          2147483647 bytes
  Texture alignment:                             512 bytes
  Concurrent copy and kernel execution:          Yes with 7 copy engine(s)
  Run time limit on kernels:                     No
  Integrated GPU sharing Host Memory:            No
  Support host page-locked memory mapping:       Yes
  Alignment requirement for Surfaces:            Yes
  Device has ECC support:                        Enabled
  Device supports Unified Addressing (UVA):      Yes
  Device supports Managed Memory:                Yes
  Device supports Compute Preemption:            Yes
  Supports Cooperative Kernel Launch:            Yes
  Supports MultiDevice Co-op Kernel Launch:      Yes
  Device PCI Domain ID / Bus ID / location ID:   0 / 88 / 0
  Compute Mode:
     < Exclusive Process (many threads in one process is able to use ::cudaSetDevice() with this device) >

deviceQuery, CUDA Driver = CUDART, CUDA Driver Version = 11.7, CUDA Runtime Version = 11.6, NumDevs = 1
Result = PASS
CNN_simple
batch_size =  128 lr =  1e-06 wd =  0.1
5580 1000 1000
cuda:0
1 1.1834382693827366
2 0.7904207946579089
3 0.7555423804508743
4 0.7275417093307741
5 0.7127493090954305
6 0.6827666804781951
7 0.6740574433812104
8 0.6509792523999368
9 0.6330073396364848
10 0.6249924890456661
Train R2 - DI: 0.473
Val R2 - DI: 0.308
Test R2 - DI: 0.268
11 0.5979775646681427
12 0.5876912268259192
13 0.5624224544426019
14 0.5565113294722787
15 0.5411790013313293
16 0.526148231311511
17 0.5088492244588859
18 0.5005501577931065
19 0.49143697796756647
20 0.4626199709471836
Train R2 - DI: 0.621
Val R2 - DI: 0.317
Test R2 - DI: 0.289
21 0.45408311232016507
22 0.45229304533278214
23 0.44147498227362136
24 0.422321694063884
25 0.4164157688617706
26 0.40638947012603927
27 0.38931106732737636
28 0.37860005480841497
29 0.3677871702819742
30 0.36449674769541696
Train R2 - DI: 0.726
Val R2 - DI: 0.331
Test R2 - DI: 0.302
31 0.34900333041785864
32 0.3434402524997684
33 0.33230952923870427
34 0.3239133859193453
35 0.3100932196049707
36 0.30337097905442706
37 0.3043584022897973
38 0.29467792028167344
39 0.28485789311829435
40 0.2801055032933485
Train R2 - DI: 0.796
Val R2 - DI: 0.325
Test R2 - DI: 0.301
41 0.2734032448261015
42 0.2623401524131871
43 0.2585379151033244
44 0.2497698988218034
45 0.23924068753010055
46 0.2370707741881784
47 0.23282572097248502
48 0.22638898629655121
49 0.22529959560081522
50 0.21830513415370792
Train R2 - DI: 0.861
Val R2 - DI: 0.328
Test R2 - DI: 0.312
51 0.2087471879831779
52 0.19904422435281952
53 0.20047045277438283
54 0.18733781425542728
55 0.1909133438675207
56 0.18376623408127857
57 0.18228067883881188
58 0.1814120808809889
59 0.1768478373793291
60 0.17213838253183605
Train R2 - DI: 0.897
Val R2 - DI: 0.325
Test R2 - DI: 0.315
61 0.16231608037239334
62 0.16104153126585014
63 0.16205268109143847
64 0.15701163067719415
65 0.15146080698804615
66 0.1523576693081941
67 0.1490362241703977
68 0.13774649527551452
69 0.13915277826316041
70 0.14369255695291744
Train R2 - DI: 0.925
Val R2 - DI: 0.321
Test R2 - DI: 0.314
71 0.13405585592365607
72 0.13320884582282821
73 0.13127865313842732
74 0.13300878267775298
75 0.12737799194978558
76 0.12361649140234916
77 0.12167787619175449
78 0.12374890868061332
79 0.11799469455061848
80 0.1190494021527656
Train R2 - DI: 0.947
Val R2 - DI: 0.329
Test R2 - DI: 0.317
81 0.11463282930808255
82 0.11632006390547667
83 0.11178176289284102
84 0.1092444411902872
85 0.1068884782199364
86 0.10500460420885394
87 0.10157905473610833
88 0.10182206533502079
89 0.1033624039382063
90 0.10088197098624321
Train R2 - DI: 0.951
Val R2 - DI: 0.316
Test R2 - DI: 0.312
91 0.10286825893173081
92 0.09961261457653456
93 0.1014378610264016
94 0.09730893409807623
95 0.09580913526289779
96 0.09504369446026381
97 0.09179122058080516
98 0.09539462388309526
99 0.0934407334975017
100 0.08583535652434099
Train R2 - DI: 0.970
Val R2 - DI: 0.322
Test R2 - DI: 0.315
101 0.08559574971916856
102 0.08732783046140466
103 0.08509776323072372
104 0.09060903098634494
105 0.08880078878560801
106 0.0803632312083757
107 0.07986815860728637
108 0.08145989067451928
109 0.07874718192550871
110 0.07943069829094794
Train R2 - DI: 0.968
Val R2 - DI: 0.323
Test R2 - DI: 0.305
111 0.07857139502054475
112 0.07831703355555893
113 0.07811211394580034
114 0.0792459804684885
115 0.07801480427330967
116 0.07920210774333673
117 0.07599625647014614
118 0.0748541639643758
119 0.07457891716538365
120 0.07600513253374339
Train R2 - DI: 0.974
Val R2 - DI: 0.326
Test R2 - DI: 0.309
121 0.07339614156273104
122 0.07056642812426372
123 0.07639919283355863
124 0.07014740416012358
125 0.07026448158220151
126 0.07161407198850399
127 0.06569527756676452
128 0.07122267710585747
129 0.06860279302015954
130 0.06822812880345998
Train R2 - DI: 0.980
Val R2 - DI: 0.322
Test R2 - DI: 0.310
131 0.06820173236044078
132 0.06847671568126662
133 0.06495064324482368
134 0.06973070796031679
135 0.06718293328011762
136 0.0648522886110463
137 0.0665156107970036
138 0.06659247840497656
139 0.06497046864427973
140 0.06481072642576738
Train R2 - DI: 0.986
Val R2 - DI: 0.320
Test R2 - DI: 0.305
141 0.06559978318684417
142 0.0644001062705739
143 0.06675506432851155
144 0.06377610803772045
145 0.061872831742716516
146 0.06380718945388726
147 0.06254287610985472
148 0.06232765283849504
149 0.062212787718114886
150 0.06278028010414065
Train R2 - DI: 0.987
Val R2 - DI: 0.321
Test R2 - DI: 0.306
151 0.057290441967466826
152 0.05879486926621006
153 0.05759410337681839
154 0.0627024140142198
155 0.05714201491900242
156 0.058763807782349194
157 0.06159362717127714
158 0.06331336118521229
159 0.05945203193733769
160 0.05882369809680515
Train R2 - DI: 0.986
Val R2 - DI: 0.321
Test R2 - DI: 0.311
161 0.05925723879087356
162 0.05853563525236636
163 0.05598844176285156
164 0.0575955617812372
165 0.05762036704995726
166 0.0559638644925796
167 0.05885872363403279
168 0.057592933974812965
169 0.05733221002644108
170 0.059009940516350515
Train R2 - DI: 0.980
Val R2 - DI: 0.309
Test R2 - DI: 0.304
171 0.053581673160569214
172 0.0570335603208952
173 0.05713150739456163
174 0.05458743289166454
175 0.05549318526861488
176 0.053535956219105736
177 0.05624541395667633
178 0.05393787359678617
179 0.058727186693940114
180 0.05717968524677352
Train R2 - DI: 0.975
Val R2 - DI: 0.308
Test R2 - DI: 0.292
181 0.05360348550168844
182 0.05796248196861223
183 0.05042333940985382
184 0.057607333420852606
185 0.05357811604242598
186 0.05393044879145947
187 0.05288656804456933
188 0.051245730111248604
189 0.05468961220755372
190 0.05614443908455551
Train R2 - DI: 0.981
Val R2 - DI: 0.307
Test R2 - DI: 0.300
191 0.05377837783226403
192 0.05187254039617422
193 0.05270481693381477
194 0.05534121683902211
195 0.055879147065049005
196 0.050763346110620805
197 0.051506723236546294
198 0.052100277635999906
199 0.05038618257663156
200 0.05085982061842437
Train R2 - DI: 0.989
Val R2 - DI: 0.317
Test R2 - DI: 0.303
0.3312441147534133
Test R2 - DI: 0.303
Test R2 - DI: 0.302
CNN_simple
batch_size =  128 lr =  1e-06 wd =  1.0
5580 1000 1000
cuda:0
1 1.1587553309283376
2 0.8161254819148758
3 0.7896810681161914
4 0.755122772254397
5 0.7268698832467465
6 0.7163133468679203
7 0.7089855767492752
8 0.6857277796259917
9 0.6735125862142091
10 0.6569582937438856
Train R2 - DI: 0.445
Val R2 - DI: 0.285
Test R2 - DI: 0.362
11 0.6352999423994385
12 0.6190181588613859
13 0.6101776021569433
14 0.6001826453379833
15 0.5894631455876067
16 0.5749968575534
17 0.5602905676783627
18 0.5499977631594545
19 0.5498161963237229
20 0.5367941130446704
Train R2 - DI: 0.556
Val R2 - DI: 0.292
Test R2 - DI: 0.370
21 0.5162820143938919
22 0.5081131719346542
23 0.5106223444357568
24 0.4875422518740418
25 0.485106073186389
26 0.47426911479256056
27 0.4718953931630726
28 0.4591984949445212
29 0.45438088843044844
30 0.44120528388194286
Train R2 - DI: 0.625
Val R2 - DI: 0.284
Test R2 - DI: 0.369
31 0.4336620081282858
32 0.4233907474625495
33 0.4224523415702218
34 0.41370966453706065
35 0.4117121688140336
36 0.3857216926031215
37 0.3944842979044897
38 0.38633492210859893
39 0.3822642769010264
40 0.3744400961211078
Train R2 - DI: 0.696
Val R2 - DI: 0.298
Test R2 - DI: 0.387
41 0.3668636865726936
42 0.35208043129213396
43 0.3635633162913784
44 0.3514392266991318
45 0.3437183867432311
46 0.33978650285778933
47 0.33150276498982556
48 0.33259932984160695
49 0.3158028648745629
50 0.31883801967439684
Train R2 - DI: 0.748
Val R2 - DI: 0.295
Test R2 - DI: 0.395
51 0.3109570635475993
52 0.3037436925809443
53 0.2932282369303447
54 0.2993036410073653
55 0.2997557632812035
56 0.29033692987589
57 0.2880073747968161
58 0.2905666611741521
59 0.27805435874342493
60 0.28166789348407456
Train R2 - DI: 0.776
Val R2 - DI: 0.272
Test R2 - DI: 0.378
61 0.2740774066003847
62 0.26501797021076245
63 0.2627537596823921
64 0.2591002906415625
65 0.25895558339293284
66 0.25017989564112864
67 0.25613401931673824
68 0.24709088513928076
69 0.24669215643918643
70 0.24896335380692636
Train R2 - DI: 0.807
Val R2 - DI: 0.297
Test R2 - DI: 0.398
71 0.24222551512675472
72 0.2350754006682331
73 0.23436658918643938
74 0.23073954839646602
75 0.23985540106305084
76 0.2299563895844217
77 0.23043987875984562
78 0.22925048161792072
79 0.22572540699581092
80 0.2196926148027502
Train R2 - DI: 0.833
Val R2 - DI: 0.273
Test R2 - DI: 0.388
81 0.21697504655007394
82 0.21540308879908696
83 0.21032337743962537
84 0.21442851404989918
85 0.20874750649416318
86 0.2037875209871586
87 0.2033555827901355
88 0.20774347824862355
89 0.1999325865806217
90 0.20392115891620677
Train R2 - DI: 0.860
Val R2 - DI: 0.297
Test R2 - DI: 0.399
91 0.1951099818432203
92 0.20698005551719323
93 0.19060455917457525
94 0.1960687203967016
95 0.19605391922817436
96 0.19076994109538295
97 0.18716441643921705
98 0.18300511968392197
99 0.1838379012534268
100 0.18209056873475352
Train R2 - DI: 0.872
Val R2 - DI: 0.296
Test R2 - DI: 0.404
101 0.1852120696750593
102 0.17926223366704894
103 0.17564890138991845
104 0.17480390670051713
105 0.1775622472113606
106 0.17803173747754866
107 0.17169496955410127
108 0.17491465225869182
109 0.17267775379628691
110 0.16934947296709998
Train R2 - DI: 0.869
Val R2 - DI: 0.288
Test R2 - DI: 0.400
111 0.16931305487096096
112 0.16548850919824348
113 0.16612206413327152
114 0.16411515973161198
115 0.16458463701936935
116 0.16191035786837232
117 0.16164775672352014
118 0.16298595832453833
119 0.15967371518252998
120 0.1604115406138068
Train R2 - DI: 0.847
Val R2 - DI: 0.269
Test R2 - DI: 0.368
121 0.16343882037960927
122 0.15981467063922608
123 0.15594839570129218
124 0.15420683326473372
125 0.15745776031820577
126 0.15873556661563107
127 0.1554817831644448
128 0.1547066609064738
129 0.1499866495957084
130 0.14838540462182842
Train R2 - DI: 0.902
Val R2 - DI: 0.285
Test R2 - DI: 0.390
131 0.15205896114363038
132 0.1536413031346482
133 0.1544748238551574
134 0.14805445301490017
135 0.14803179076281928
136 0.1509826633772115
137 0.15128348055278956
138 0.14381279671918534
139 0.1496504252209031
140 0.144295480372017
Train R2 - DI: 0.898
Val R2 - DI: 0.290
Test R2 - DI: 0.386
141 0.1436147625140819
142 0.14192188276932657
143 0.13995703721559175
144 0.14167906221095805
145 0.14233071361818622
146 0.13953919050727695
147 0.1395932939477719
148 0.13717390798753307
149 0.13408699830373128
150 0.13585958236220916
Train R2 - DI: 0.914
Val R2 - DI: 0.292
Test R2 - DI: 0.392
151 0.1314499763070896
152 0.13826518242504435
153 0.13490800302088474
154 0.13348213628628774
155 0.1314954869369025
156 0.1334591288506771
157 0.13126791613076322
158 0.13339282657724127
159 0.13242285835913858
160 0.12974808802527765
Train R2 - DI: 0.917
Val R2 - DI: 0.280
Test R2 - DI: 0.395
161 0.13037213599810035
162 0.13525810341040292
163 0.13282351293016934
164 0.1309761006985941
165 0.1303815591506206
166 0.12536585269542577
167 0.1270846004874903
168 0.12688666685721353
169 0.12672085438364294
170 0.13332901883296214
Train R2 - DI: 0.924
Val R2 - DI: 0.282
Test R2 - DI: 0.397
171 0.12713683346907298
172 0.13128186374048179
173 0.1250974293784856
174 0.1251570859156202
175 0.12841283055189262
176 0.12649050716003638
177 0.1256756766402166
178 0.12727016101067212
179 0.12085639547062604
180 0.12162349384318116
Train R2 - DI: 0.924
Val R2 - DI: 0.284
Test R2 - DI: 0.394
181 0.12046387359019249
182 0.12021722905738379
183 0.12046256476619338
184 0.1233848601259211
185 0.12148503344973356
186 0.1235548842444642
187 0.11843290488138848
188 0.12381488366793561
189 0.11897768319507654
190 0.12326914748731052
Train R2 - DI: 0.923
Val R2 - DI: 0.274
Test R2 - DI: 0.390
191 0.11856271482496707
192 0.11857891623264573
193 0.1136689821558614
194 0.11831469755873458
195 0.11382004148643932
196 0.11590896683568168
197 0.11724057925003831
198 0.12069561334066493
199 0.11801658943028433
200 0.11595509491834162
Train R2 - DI: 0.923
Val R2 - DI: 0.279
Test R2 - DI: 0.390
0.2983349591824499
Test R2 - DI: 0.390
Test R2 - DI: 0.387
CNN_simple
batch_size =  128 lr =  1e-06 wd =  10.0
5580 1000 1000
cuda:0
1 1.1829803101905358
2 0.9009819549898948
3 0.849340815099764
4 0.8130990131354247
5 0.8134866987077993
6 0.7899089999523642
7 0.7742540192860429
8 0.7584688481036908
9 0.7704513143040373
10 0.7488894021211987
Train R2 - DI: 0.365
Val R2 - DI: 0.249
Test R2 - DI: 0.297
11 0.7306364667031073
12 0.7258914226272201
13 0.7333895633297581
14 0.7090574728545322
15 0.7137740941457851
16 0.6993664050614962
17 0.6989925289239507
18 0.6868523489617105
19 0.6812427176796835
20 0.6772516572774525
Train R2 - DI: 0.412
Val R2 - DI: 0.261
Test R2 - DI: 0.306
21 0.6716299874808198
22 0.6686023674130867
23 0.6604123943168203
24 0.6593412218128054
25 0.6569392260257488
26 0.6441825164261684
27 0.6508223710521575
28 0.6394645604608734
29 0.6409795611776331
30 0.643006231665184
Train R2 - DI: 0.451
Val R2 - DI: 0.272
Test R2 - DI: 0.319
31 0.6304646891077786
32 0.6285186899178344
33 0.625012419343422
34 0.6255300001431537
35 0.6179192616093543
36 0.6133744384225551
37 0.6129433880997388
38 0.6102723647189396
39 0.6304195783044275
40 0.6066176871245053
Train R2 - DI: 0.456
Val R2 - DI: 0.261
Test R2 - DI: 0.313
41 0.6064868031436824
42 0.5999272834870123
43 0.6087708393732707
44 0.5922115054609101
45 0.5955975428917929
46 0.5938335323846469
47 0.588543898828568
48 0.5805641412307712
49 0.5929707274642042
50 0.5816455332609061
Train R2 - DI: 0.489
Val R2 - DI: 0.279
Test R2 - DI: 0.322
51 0.5840465421744999
52 0.5706507846873293
53 0.5755049297459237
54 0.569203461925616
55 0.5800302120092522
56 0.5695280078918703
57 0.5662942427888139
58 0.5663689545405808
59 0.5654786732461717
60 0.5694713520747359
Train R2 - DI: 0.501
Val R2 - DI: 0.282
Test R2 - DI: 0.326
61 0.5642789602279663
62 0.5620621131739736
63 0.5656367229731707
64 0.5644443306871639
65 0.5528639004649227
66 0.5537839997199274
67 0.5559981503366996
68 0.559793407429931
69 0.5545802354385349
70 0.5638110267218723
Train R2 - DI: 0.496
Val R2 - DI: 0.275
Test R2 - DI: 0.310
71 0.547619221671935
72 0.5600458494010365
73 0.5651622889289719
74 0.552791708216445
75 0.5439006516796714
76 0.5461820645785246
77 0.5553110392717477
78 0.541700011064502
79 0.5473779084434646
80 0.552327266752079
Train R2 - DI: 0.524
Val R2 - DI: 0.285
Test R2 - DI: 0.332
81 0.5408491637117119
82 0.5340624559310174
83 0.5415996674995696
84 0.5396220860515444
85 0.533633329235952
86 0.5386720778267016
87 0.5284345321544183
88 0.5452513218780572
89 0.542590709954607
90 0.5473418331915333
Train R2 - DI: 0.530
Val R2 - DI: 0.295
Test R2 - DI: 0.337
91 0.54037535677674
92 0.5354281954226955
93 0.5411794586848188
94 0.5369204222515065
95 0.5302275311348686
96 0.5343624629641092
97 0.5356772780204759
98 0.5443084277773416
99 0.5297498954666986
100 0.5379603068461127
Train R2 - DI: 0.530
Val R2 - DI: 0.293
Test R2 - DI: 0.329
101 0.5355688991085176
102 0.5420289268844016
103 0.5411964605786039
104 0.5367147834924814
105 0.5412287122032549
106 0.5318024333446256
107 0.5309603713746567
108 0.5218875316949728
109 0.5310402280540877
110 0.5332361391795579
Train R2 - DI: 0.528
Val R2 - DI: 0.287
Test R2 - DI: 0.329
111 0.5280474043020638
112 0.5290648037814752
113 0.5348034116102376
114 0.5284534178754334
115 0.5371255443087616
116 0.538478061631589
117 0.5328571973735714
118 0.5362023412326758
119 0.5285358285391203
120 0.5348597426568308
Train R2 - DI: 0.508
Val R2 - DI: 0.258
Test R2 - DI: 0.314
121 0.5308866044099185
122 0.5421514978545541
123 0.5319090682545871
124 0.5287442153499973
125 0.5242378423718141
126 0.5359279879746044
127 0.5267345660476275
128 0.5373255612175097
129 0.5341207891595834
130 0.5350685804120956
Train R2 - DI: 0.528
Val R2 - DI: 0.292
Test R2 - DI: 0.328
131 0.5297059128788637
132 0.5319069923038551
133 0.5291748848226335
134 0.5248226434953751
135 0.5262059333076614
136 0.5259210325697417
137 0.5404786707679858
138 0.5373217090910908
139 0.5292904256492532
140 0.5278498633147141
Train R2 - DI: 0.536
Val R2 - DI: 0.299
Test R2 - DI: 0.334
141 0.5401227900631539
142 0.5341473994502884
143 0.5355102065216256
144 0.5324549664946867
145 0.5410179217656453
146 0.5376732673269019
147 0.5323380701858083
148 0.5399877827654602
149 0.5359297094592911
150 0.5500171753240742
Train R2 - DI: 0.525
Val R2 - DI: 0.281
Test R2 - DI: 0.332
151 0.5354897233320394
152 0.5407677740179082
153 0.5426606408584075
154 0.5362325345316241
155 0.5408098087515882
156 0.530239118341904
157 0.530755657961719
158 0.531269107625476
159 0.556055647519327
160 0.5327299877306894
Train R2 - DI: 0.517
Val R2 - DI: 0.289
Test R2 - DI: 0.322
161 0.5298860540099468
162 0.5323755707792056
163 0.5338003994743457
164 0.5360323882231148
165 0.5371147330089282
166 0.5354095296193194
167 0.5385085196477966
168 0.5322472893209013
169 0.5371897365243632
170 0.5442626953125
Train R2 - DI: 0.511
Val R2 - DI: 0.270
Test R2 - DI: 0.319
171 0.534545585374251
172 0.537027068035577
173 0.5361058991442444
174 0.5338114645532382
175 0.5340993163406208
176 0.5322722598216012
177 0.5297867479717432
178 0.5552906940487551
179 0.5477278124474283
180 0.5344850092378568
Train R2 - DI: 0.519
Val R2 - DI: 0.280
Test R2 - DI: 0.321
181 0.5439806227188384
182 0.5435112563939932
183 0.5391090115125035
184 0.5372604399171781
185 0.5311983781476175
186 0.5449656324574597
187 0.5405213569868422
188 0.5408188465675573
189 0.5469946175920494
190 0.5446724546425659
Train R2 - DI: 0.523
Val R2 - DI: 0.291
Test R2 - DI: 0.329
191 0.5429321423653634
192 0.5440250401855797
193 0.5467061970823555
194 0.5421238351252771
195 0.5416890354566677
196 0.538102927686493
197 0.5367493447223445
198 0.542655233243033
199 0.540718279602707
200 0.5428453580025704
Train R2 - DI: 0.525
Val R2 - DI: 0.283
Test R2 - DI: 0.325
0.2988288857719871
Test R2 - DI: 0.325
Test R2 - DI: 0.334
CNN_simple
batch_size =  128 lr =  1e-06 wd =  20.0
5580 1000 1000
cuda:0
1 1.377339053794902
2 1.0088938241363854
3 0.9581377758347432
4 0.9345980932208372
5 0.8858896564411861
6 0.8724550395028993
7 0.8431169057405123
8 0.8302937619147762
9 0.8168674184002757
10 0.801123775632578
Train R2 - DI: 0.300
Val R2 - DI: 0.231
Test R2 - DI: 0.265
11 0.8113760444425767
12 0.8024145285715766
13 0.7834778311432049
14 0.7843119300821776
15 0.7753518248117098
16 0.7803494663221434
17 0.7630619808764441
18 0.762388087344426
19 0.7532600387022914
20 0.7427448232541375
Train R2 - DI: 0.337
Val R2 - DI: 0.252
Test R2 - DI: 0.292
21 0.753338303275433
22 0.7493926094851614
23 0.7421070785932643
24 0.7421727571436154
25 0.7347418124103204
26 0.7271929617423738
27 0.7302927331685165
28 0.7326031084129032
29 0.720842143754378
30 0.7215966592980115
Train R2 - DI: 0.356
Val R2 - DI: 0.246
Test R2 - DI: 0.293
31 0.7149139754233822
32 0.715091702630443
33 0.7049483532973942
34 0.7155860588114749
35 0.7128571978179358
36 0.7161045513272712
37 0.6945482130119023
38 0.6866144989126473
39 0.7007432925658414
40 0.7009697929078106
Train R2 - DI: 0.384
Val R2 - DI: 0.275
Test R2 - DI: 0.317
41 0.691801925500234
42 0.6965628772653559
43 0.6859598929736777
44 0.6934333231714037
45 0.6912177370867849
46 0.6808452469473671
47 0.6807530469791864
48 0.6781717972516159
49 0.6793271245922239
50 0.6780278936081889
Train R2 - DI: 0.399
Val R2 - DI: 0.279
Test R2 - DI: 0.324
51 0.6708296995009145
52 0.681313830806363
53 0.6750333009654903
54 0.6766650166562809
55 0.6709687397898739
56 0.6557073496575851
57 0.669434101735392
58 0.6611964609033318
59 0.6715837219709991
60 0.6627101355128818
Train R2 - DI: 0.408
Val R2 - DI: 0.284
Test R2 - DI: 0.326
61 0.665897997498085
62 0.6676860252588881
63 0.6715592069865127
64 0.6713166383004958
65 0.6519941078719272
66 0.6572522233036684
67 0.6627500422111976
68 0.6574953137760094
69 0.6642546346965229
70 0.6570850602614837
Train R2 - DI: 0.414
Val R2 - DI: 0.283
Test R2 - DI: 0.331
71 0.6541883463073375
72 0.664284083621049
73 0.6568711767059928
74 0.6600421303489302
75 0.6538849129899001
76 0.6500634487384537
77 0.6531468013281463
78 0.6524147411401127
79 0.6550604986888107
80 0.6700723695071368
Train R2 - DI: 0.418
Val R2 - DI: 0.286
Test R2 - DI: 0.334
81 0.6533903853226734
82 0.6386887487972082
83 0.6499173031485637
84 0.648045608561526
85 0.6486637338942525
86 0.6505450417063997
87 0.6403720511330498
88 0.6444865962937741
89 0.64166648917728
90 0.643411203139999
Train R2 - DI: 0.426
Val R2 - DI: 0.287
Test R2 - DI: 0.340
91 0.6622482673668947
92 0.6531971097847039
93 0.6439549673629064
94 0.6485048955486666
95 0.640974635078061
96 0.6334811618678459
97 0.6602697706564353
98 0.6387188229509579
99 0.6535394700624609
100 0.6425098428375832
Train R2 - DI: 0.424
Val R2 - DI: 0.287
Test R2 - DI: 0.332
101 0.644876335983208
102 0.641911123132193
103 0.6413807060983446
104 0.6496661295600262
105 0.6407806626784759
106 0.6394964461258236
107 0.6532263945080473
108 0.6511895458330818
109 0.6427077057541057
110 0.6442049461026346
Train R2 - DI: 0.428
Val R2 - DI: 0.285
Test R2 - DI: 0.338
111 0.6379141749874238
112 0.6586530299596889
113 0.650552692977331
114 0.6504816984190308
115 0.6326526933246188
116 0.6545474158393012
117 0.6480771128208407
118 0.6447509141805778
119 0.6482238438821608
120 0.6487192330394594
Train R2 - DI: 0.424
Val R2 - DI: 0.287
Test R2 - DI: 0.340
121 0.650820221546303
122 0.6432782455584481
123 0.6476300874491319
124 0.6406395587015323
125 0.6456715825210763
126 0.6522374401383075
127 0.6452354020969842
128 0.6400319336563028
129 0.6447908475834836
130 0.6519687628660578
Train R2 - DI: 0.423
Val R2 - DI: 0.291
Test R2 - DI: 0.340
131 0.6536713452749355
132 0.6444649560477144
133 0.6536346240282913
134 0.6499550084059383
135 0.6571283918982338
136 0.653148086865743
137 0.6455223459923993
138 0.6547740567542318
139 0.6485428742183152
140 0.6501009128854266
Train R2 - DI: 0.411
Val R2 - DI: 0.281
Test R2 - DI: 0.327
141 0.655354500115986
142 0.6488652971910319
143 0.6545313617661862
144 0.6444808169077801
145 0.6509815972765715
146 0.6432896440601691
147 0.6497186162993045
148 0.6485473843031032
149 0.6492317660307799
150 0.6579432064487089
Train R2 - DI: 0.420
Val R2 - DI: 0.291
Test R2 - DI: 0.342
151 0.6488389877435554
152 0.6530860161695856
153 0.6486237024320923
154 0.6589117005307187
155 0.6515654573303824
156 0.6581068050476813
157 0.6575232607062145
158 0.6654515709501013
159 0.6513191370126594
160 0.6584122867139864
Train R2 - DI: 0.414
Val R2 - DI: 0.277
Test R2 - DI: 0.333
161 0.653099601884042
162 0.6529677276542964
163 0.6634703986960927
164 0.6576548733591606
165 0.6573719980041614
166 0.6545432953424352
167 0.6528107011830935
168 0.670505191647451
169 0.6664269290944581
170 0.6509887152675232
Train R2 - DI: 0.418
Val R2 - DI: 0.288
Test R2 - DI: 0.337
171 0.6505104582796815
172 0.6551231189867929
173 0.6622119791191539
174 0.6563457486450032
175 0.6561180579192322
176 0.6534694854931165
177 0.6610192416389356
178 0.6593230338079528
179 0.6578339907217197
180 0.6548035861770739
Train R2 - DI: 0.412
Val R2 - DI: 0.291
Test R2 - DI: 0.334
181 0.6720414668001155
182 0.6721529058658094
183 0.6600605399377885
184 0.6616267781103811
185 0.6635564480203882
186 0.6555459573491073
187 0.6638922568717738
188 0.6565961355804115
189 0.6624144168310268
190 0.6663095528079618
Train R2 - DI: 0.417
Val R2 - DI: 0.290
Test R2 - DI: 0.340
191 0.6563058231039286
192 0.6543914898322047
193 0.6667184950630297
194 0.6619542130005402
195 0.6704230313659996
196 0.6566798539144592
197 0.6602400840824223
198 0.6636846665840422
199 0.671550062993094
200 0.673347421059899
Train R2 - DI: 0.406
Val R2 - DI: 0.278
Test R2 - DI: 0.327
0.29109575385279685
Test R2 - DI: 0.327
Test R2 - DI: 0.340
CNN_simple
batch_size =  128 lr =  1e-06 wd =  30.0
5580 1000 1000
cuda:0
1 1.4788065238665509
2 1.0397629804508661
3 0.9878162795070252
4 0.9459074726241464
5 0.9279942909876505
6 0.8918333814990136
7 0.865761906271767
8 0.8698471130863312
9 0.8600365501578137
10 0.8527154645612163
Train R2 - DI: 0.252
Val R2 - DI: 0.209
Test R2 - DI: 0.219
11 0.8352539216745711
12 0.8391618937147134
13 0.8150681093174924
14 0.8093148605797881
15 0.8168578921253109
16 0.801773210238385
17 0.7775163818003884
18 0.7926015162980685
19 0.7793125547388549
20 0.7824100555057594
Train R2 - DI: 0.311
Val R2 - DI: 0.266
Test R2 - DI: 0.268
21 0.7680934186477387
22 0.7694095065089537
23 0.7615532426851197
24 0.7609739820589728
25 0.7424039547588663
26 0.7662612921875438
27 0.7455979850557115
28 0.7424234626968275
29 0.7374842777047106
30 0.7265722414925961
Train R2 - DI: 0.324
Val R2 - DI: 0.269
Test R2 - DI: 0.268
31 0.727584374549141
32 0.7361096820523662
33 0.7360741288003956
34 0.7252788869710806
35 0.7218592064782283
36 0.7110832444228579
37 0.7205740826104277
38 0.7130526815264029
39 0.7160573517122576
40 0.7089463747103154
Train R2 - DI: 0.363
Val R2 - DI: 0.312
Test R2 - DI: 0.308
41 0.7042926976757665
42 0.7046134811575695
43 0.7030072918929506
44 0.7044495759899043
45 0.6967771102450655
46 0.696463270426651
47 0.6962805485639948
48 0.6981154965243459
49 0.6930502328394135
50 0.6938900658733956
Train R2 - DI: 0.371
Val R2 - DI: 0.312
Test R2 - DI: 0.307
51 0.6932933142535576
52 0.6883453396058852
53 0.680795285052296
54 0.6766587084766784
55 0.6837687328724878
56 0.6807520358365924
57 0.6765464357150498
58 0.6802271118728064
59 0.6769972487589792
60 0.6777633403791749
Train R2 - DI: 0.388
Val R2 - DI: 0.332
Test R2 - DI: 0.314
61 0.679158657682412
62 0.682803867196524
63 0.67971987984941
64 0.6781750247897214
65 0.6737904267071823
66 0.6743069617551715
67 0.6704846961096623
68 0.6659905593882325
69 0.6793714023191869
70 0.6689691111605655
Train R2 - DI: 0.387
Val R2 - DI: 0.325
Test R2 - DI: 0.316
71 0.6669765648021493
72 0.6605504902887516
73 0.6732339576581046
74 0.6638696942278134
75 0.6697588466615233
76 0.6677545835894924
77 0.6634669235957567
78 0.6673447640993262
79 0.669227253322533
80 0.6671971255305847
Train R2 - DI: 0.401
Val R2 - DI: 0.334
Test R2 - DI: 0.317
81 0.6624958276321383
82 0.6624550088332118
83 0.6639863274857989
84 0.6687923674087798
85 0.6616325118635717
86 0.6563457473631829
87 0.6606462501710461
88 0.6564005348417494
89 0.6571293582625714
90 0.6501682973677112
Train R2 - DI: 0.403
Val R2 - DI: 0.337
Test R2 - DI: 0.317
91 0.6482527690121778
92 0.6469459441400344
93 0.6584721782515126
94 0.664294036784907
95 0.6628668932504551
96 0.660294500730371
97 0.6535658748773691
98 0.6652943741463418
99 0.6687472351135746
100 0.655971096963438
Train R2 - DI: 0.407
Val R2 - DI: 0.339
Test R2 - DI: 0.320
101 0.6510576864297245
102 0.6635809929994699
103 0.661712206691824
104 0.6574258544966312
105 0.664452052244576
106 0.6571947755993054
107 0.6664580450690348
108 0.6604419695220113
109 0.6557445106113257
110 0.6569642925347906
Train R2 - DI: 0.404
Val R2 - DI: 0.335
Test R2 - DI: 0.314
111 0.662227708720819
112 0.6527722940650037
113 0.6567574785174435
114 0.6636499436098188
115 0.6732292225711235
116 0.656415659595134
117 0.6571916740855008
118 0.654172779924126
119 0.6707965409029342
120 0.6675127472074228
Train R2 - DI: 0.374
Val R2 - DI: 0.322
Test R2 - DI: 0.315
121 0.6610199567237636
122 0.6612509817632723
123 0.6656328441848892
124 0.6678181821300138
125 0.6614830703718261
126 0.6556582479066746
127 0.6744886033423912
128 0.6616558460351815
129 0.6692741700398025
130 0.6598168611526489
Train R2 - DI: 0.405
Val R2 - DI: 0.342
Test R2 - DI: 0.321
131 0.6601028220627898
132 0.6629815462242318
133 0.6523897542321127
134 0.6571787635485331
135 0.6633717572389966
136 0.6602762637172549
137 0.6634918763646088
138 0.6697540553667212
139 0.6606656409506302
140 0.6723656497548558
Train R2 - DI: 0.389
Val R2 - DI: 0.339
Test R2 - DI: 0.317
141 0.6678893268749279
142 0.657453382357047
143 0.6768098368866896
144 0.6796171070854297
145 0.6600515247245843
146 0.6837471048464484
147 0.659002791895234
148 0.670001405071614
149 0.66862966945949
150 0.67297658873288
Train R2 - DI: 0.395
Val R2 - DI: 0.329
Test R2 - DI: 0.317
151 0.6677737015122581
152 0.6673272258064653
153 0.6765790968385649
154 0.6662843397441304
155 0.6710233050435247
156 0.6655547112760578
157 0.6658436066147247
158 0.6707473472455069
159 0.6637254592338343
160 0.6717635728125076
Train R2 - DI: 0.396
Val R2 - DI: 0.344
Test R2 - DI: 0.329
161 0.6762190543622526
162 0.6772173812312464
163 0.6768050400586966
164 0.6667559801464013
165 0.6787618748176055
166 0.676014551296029
167 0.6727300183320131
168 0.6791590756840176
169 0.6716610143261571
170 0.6773023931356313
Train R2 - DI: 0.392
Val R2 - DI: 0.335
Test R2 - DI: 0.325
171 0.6795787125505427
172 0.6858272085480366
173 0.6656764375266209
174 0.667695904504441
175 0.6753415193181739
176 0.670793997301423
177 0.6797890067527799
178 0.6955058969477171
179 0.682041584932676
180 0.6785965121988754
Train R2 - DI: 0.389
Val R2 - DI: 0.333
Test R2 - DI: 0.324
181 0.6681188868365407
182 0.6771436709229665
183 0.6840297155055521
184 0.6765462385283576
185 0.6863133876127154
186 0.6681587700775448
187 0.6921688018733883
188 0.6810295936027309
189 0.6997819903930883
190 0.6768484081845985
Train R2 - DI: 0.387
Val R2 - DI: 0.336
Test R2 - DI: 0.316
191 0.6662111063157359
192 0.6781967992423683
193 0.6831403528490374
194 0.6769563177580474
195 0.6768912647787388
196 0.6864184742332786
197 0.6821804426049674
198 0.6767325463688074
199 0.6829799041525865
200 0.6820790996688241
Train R2 - DI: 0.389
Val R2 - DI: 0.339
Test R2 - DI: 0.329
0.3438862805281472
Test R2 - DI: 0.329
Test R2 - DI: 0.329

------------------------------------------------------------
Sender: LSF System <lsfadmin@hpc.dtu.dk>
Subject: Job 14715153: <testjob> in cluster <dcc> Exited

Job <testjob> was submitted from host <n-62-30-1> by user <s174503> in cluster <dcc> at Thu Nov 10 13:09:54 2022
Job was executed on host(s) <n-62-20-16>, in queue <gpuv100>, as user <s174503> in cluster <dcc> at Thu Nov 10 13:09:58 2022
</zhome/fd/6/127382> was used as the home directory.
</zhome/fd/6/127382/Desktop/MasterThesis/Master-thesis> was used as the working directory.
Started at Thu Nov 10 13:09:58 2022
Terminated at Thu Nov 10 23:11:30 2022
Results reported at Thu Nov 10 23:11:30 2022

Your job looked like:

------------------------------------------------------------
# LSBATCH: User input
#!/bin/sh
#BSUB -q gpuv100
#BSUB -J testjob
#BSUB -n 1
#BSUB -gpu "num=1:mode=exclusive_process"
#BSUB -W 10:00
#BSUB -R "rusage[mem=5GB]"
#BSUB -o outputs/gpu_%J.out
#BSUB -e outputs/errors/gpu_%J.err

nvidia-smi
module load cuda/11.6

/appl/cuda/11.6.0/samples/bin/x86_64/linux/release/deviceQuery

source $HOME/miniconda3/bin/activate
source venv_1/bin/activate

#python3 main.py Deep_google 128 1e-6 15 800 2_4_test4 7
#python3 main.py Deep_google 128 1e-6 20 800 shuffle_test5 99
python3 main.py CNN_simple 128 1e-6 0.1 200 shuffle_wd01 99
python3 main.py CNN_simple 128 1e-6 1 200 shuffle_wd1 99
python3 main.py CNN_simple 128 1e-6 10 200 shuffle_wd10 99
python3 main.py CNN_simple 128 1e-6 20 200 shuffle_wd20 99
python3 main.py CNN_simple 128 1e-6 30 200 shuffle_wd30 99
python3 main.py CNN_simple 128 1e-6 40 200 shuffle_wd40 99

------------------------------------------------------------

TERM_RUNLIMIT: job killed after reaching LSF run time limit.
Exited with exit code 140.

Resource usage summary:

    CPU time :                                   32695.00 sec.
    Max Memory :                                 2290 MB
    Average Memory :                             2192.86 MB
    Total Requested Memory :                     5120.00 MB
    Delta Memory :                               2830.00 MB
    Max Swap :                                   -
    Max Processes :                              4
    Max Threads :                                8
    Run time :                                   36092 sec.
    Turnaround time :                            36096 sec.

The output (if any) is above this job summary.



PS:

Read file <outputs/errors/gpu_14715153.err> for stderr output of this job.

