Mon Nov 14 23:09:47 2022       
+-----------------------------------------------------------------------------+
| NVIDIA-SMI 520.61.05    Driver Version: 520.61.05    CUDA Version: 11.8     |
|-------------------------------+----------------------+----------------------+
| GPU  Name        Persistence-M| Bus-Id        Disp.A | Volatile Uncorr. ECC |
| Fan  Temp  Perf  Pwr:Usage/Cap|         Memory-Usage | GPU-Util  Compute M. |
|                               |                      |               MIG M. |
|===============================+======================+======================|
|   0  Tesla V100-PCIE...  On   | 00000000:AF:00.0 Off |                    0 |
| N/A   36C    P0    41W / 250W |      0MiB / 16384MiB |      0%   E. Process |
|                               |                      |                  N/A |
+-------------------------------+----------------------+----------------------+
                                                                               
+-----------------------------------------------------------------------------+
| Processes:                                                                  |
|  GPU   GI   CI        PID   Type   Process name                  GPU Memory |
|        ID   ID                                                   Usage      |
|=============================================================================|
|  No running processes found                                                 |
+-----------------------------------------------------------------------------+
/appl/cuda/11.6.0/samples/bin/x86_64/linux/release/deviceQuery Starting...

 CUDA Device Query (Runtime API) version (CUDART static linking)

Detected 1 CUDA Capable device(s)

Device 0: "Tesla V100-PCIE-16GB"
  CUDA Driver Version / Runtime Version          11.8 / 11.6
  CUDA Capability Major/Minor version number:    7.0
  Total amount of global memory:                 16161 MBytes (16945709056 bytes)
  (080) Multiprocessors, (064) CUDA Cores/MP:    5120 CUDA Cores
  GPU Max Clock rate:                            1380 MHz (1.38 GHz)
  Memory Clock rate:                             877 Mhz
  Memory Bus Width:                              4096-bit
  L2 Cache Size:                                 6291456 bytes
  Maximum Texture Dimension Size (x,y,z)         1D=(131072), 2D=(131072, 65536), 3D=(16384, 16384, 16384)
  Maximum Layered 1D Texture Size, (num) layers  1D=(32768), 2048 layers
  Maximum Layered 2D Texture Size, (num) layers  2D=(32768, 32768), 2048 layers
  Total amount of constant memory:               65536 bytes
  Total amount of shared memory per block:       49152 bytes
  Total shared memory per multiprocessor:        98304 bytes
  Total number of registers available per block: 65536
  Warp size:                                     32
  Maximum number of threads per multiprocessor:  2048
  Maximum number of threads per block:           1024
  Max dimension size of a thread block (x,y,z): (1024, 1024, 64)
  Max dimension size of a grid size    (x,y,z): (2147483647, 65535, 65535)
  Maximum memory pitch:                          2147483647 bytes
  Texture alignment:                             512 bytes
  Concurrent copy and kernel execution:          Yes with 7 copy engine(s)
  Run time limit on kernels:                     No
  Integrated GPU sharing Host Memory:            No
  Support host page-locked memory mapping:       Yes
  Alignment requirement for Surfaces:            Yes
  Device has ECC support:                        Enabled
  Device supports Unified Addressing (UVA):      Yes
  Device supports Managed Memory:                Yes
  Device supports Compute Preemption:            Yes
  Supports Cooperative Kernel Launch:            Yes
  Supports MultiDevice Co-op Kernel Launch:      Yes
  Device PCI Domain ID / Bus ID / location ID:   0 / 175 / 0
  Compute Mode:
     < Exclusive Process (many threads in one process is able to use ::cudaSetDevice() with this device) >

deviceQuery, CUDA Driver = CUDART, CUDA Driver Version = 11.8, CUDA Runtime Version = 11.6, NumDevs = 1
Result = PASS
CNN_simple
batch_size =  128 lr =  1e-05 wd =  1.0
5580 1000 1000
cuda:0
Using SGD
1 1.819582123782045
2 1.0319530046968906
3 0.9389622461411261
4 0.9070791305393301
5 0.899115005402582
6 0.8624582274840297
7 0.8527909945416194
8 0.8403410239458938
9 0.8274817516726832
10 0.8135006564492393
Train R2 - DI: 0.290
Val R2 - DI: 0.249
Test R2 - DI: 0.246
11 0.8001121956387728
12 0.7887088868780375
13 0.7870495075820595
14 0.786346747627395
15 0.7836220400307768
16 0.7857717601201868
17 0.7798517163936383
18 0.770324798595948
19 0.7776350227735376
20 0.7601271241796487
Train R2 - DI: 0.333
Val R2 - DI: 0.275
Test R2 - DI: 0.270
21 0.7613939948833971
22 0.7510203061138002
23 0.7478779256984752
24 0.7428331974586706
25 0.7544447587809683
26 0.7421978557836197
27 0.7552823493557591
28 0.7350276811575804
29 0.735974552810833
30 0.7303173718913909
Train R2 - DI: 0.354
Val R2 - DI: 0.279
Test R2 - DI: 0.276
31 0.7248926493429368
32 0.7311272043908369
33 0.7205447687043084
34 0.7159986406671531
35 0.7267261900782158
36 0.7246758222579956
37 0.7127776484762895
38 0.7137306966875616
39 0.713424074307992
40 0.705357249065112
Train R2 - DI: 0.370
Val R2 - DI: 0.284
Test R2 - DI: 0.282
41 0.7085140051380281
42 0.7139588085126706
43 0.7005006678642766
44 0.7054172626960235
45 0.7063359345586496
46 0.6949423113604173
47 0.7039135211257525
48 0.7064318362529987
49 0.6993909894779164
50 0.6935262172025591
Train R2 - DI: 0.386
Val R2 - DI: 0.288
Test R2 - DI: 0.288
51 0.6943265815789554
52 0.6900181407142284
53 0.6942181158236705
54 0.6940287622286
55 0.6907693066050075
56 0.685755246899034
57 0.6873568614751208
58 0.6824406017539322
59 0.6787885454820476
60 0.688586022264214
Train R2 - DI: 0.391
Val R2 - DI: 0.285
Test R2 - DI: 0.286
61 0.6879173317263203
62 0.6814028522019745
63 0.6759623200235401
64 0.6773092370306719
65 0.6850852119025364
66 0.67308015071363
67 0.6743407507523841
68 0.6744099594786176
69 0.6749562731780459
70 0.669095560683999
Train R2 - DI: 0.409
Val R2 - DI: 0.293
Test R2 - DI: 0.291
71 0.6653768057036998
72 0.6625376746645965
73 0.6653259942608495
74 0.6666980242216459
75 0.6708197165988252
76 0.6678651766537765
77 0.6678067810860159
78 0.6670240011693757
79 0.6629173117726507
80 0.6594541979092423
Train R2 - DI: 0.419
Val R2 - DI: 0.295
Test R2 - DI: 0.297
81 0.658218792817926
82 0.6586453869778622
83 0.6503525124655829
84 0.6511200584391112
85 0.6453295202238158
86 0.6562374456381712
87 0.661235133507773
88 0.6430705849415085
89 0.6518830089158909
90 0.6448825406771834
Train R2 - DI: 0.430
Val R2 - DI: 0.296
Test R2 - DI: 0.299
91 0.6326893970957793
92 0.6375152200353615
93 0.6435258231282661
94 0.6341378488421013
95 0.6431085428029406
96 0.6394775049660796
97 0.6367640336781847
98 0.6439712564577765
99 0.6452015856260894
100 0.6434557299460134
Train R2 - DI: 0.427
Val R2 - DI: 0.296
Test R2 - DI: 0.298
101 0.6438651428000474
102 0.6397242890036662
103 0.6336922947651169
104 0.6298803346558711
105 0.6369867971293816
106 0.6395375733307186
107 0.6391305285115396
108 0.629545400475943
109 0.6289435974158694
110 0.6332465388868872
Train R2 - DI: 0.444
Val R2 - DI: 0.297
Test R2 - DI: 0.299
111 0.6319713644656656
112 0.6221385669537343
113 0.6276937380059219
114 0.615155685247059
115 0.6294076669600702
116 0.6273983131172837
117 0.6290659271688017
118 0.6194533662556747
119 0.6254521330197652
120 0.6268060198821475
Train R2 - DI: 0.446
Val R2 - DI: 0.297
Test R2 - DI: 0.297
121 0.6277106302186153
122 0.6205394888864196
123 0.6207304478546197
124 0.6138475586436556
125 0.6148051827611889
126 0.6131864135837897
127 0.6132350036320293
128 0.6153382401312552
129 0.6197752582556885
130 0.6136257244694617
Train R2 - DI: 0.458
Val R2 - DI: 0.299
Test R2 - DI: 0.304
131 0.604108959735508
132 0.6118154678720727
133 0.6112345257967604
134 0.6083217772958954
135 0.6146293179108678
136 0.6013530094136474
137 0.6106623924333989
138 0.6035864301479845
139 0.6031822587426845
140 0.6055631674746031
Train R2 - DI: 0.468
Val R2 - DI: 0.300
Test R2 - DI: 0.302
141 0.6041134472816221
142 0.6090637718691193
143 0.6021782884033777
144 0.5972994243799572
145 0.595609352451926
146 0.6015382825687368
147 0.5973856060735641
148 0.5982078680000852
149 0.6013196454680522
150 0.599753534452035
Train R2 - DI: 0.472
Val R2 - DI: 0.300
Test R2 - DI: 0.303
151 0.5933492948504759
152 0.6002059738695835
153 0.5984793359233487
154 0.584536784032767
155 0.5972469184133742
156 0.5982077626344551
157 0.5914604199402649
158 0.5897395706091303
159 0.5892104033500918
160 0.5962121019226676
Train R2 - DI: 0.477
Val R2 - DI: 0.301
Test R2 - DI: 0.302
161 0.5852587905835934
162 0.5889909764344547
163 0.5858484290833968
164 0.5836601640161221
165 0.5886157278946224
166 0.5877398336232776
167 0.5885047677169991
168 0.5826875643063617
169 0.5794088048533299
170 0.5875562474932722
Train R2 - DI: 0.486
Val R2 - DI: 0.303
Test R2 - DI: 0.305
171 0.5892050974471594
172 0.5884998406560618
173 0.5839992807971106
174 0.5881315246705086
175 0.5861038327217102
176 0.5851597974377294
177 0.5777290499979449
178 0.5855173183171125
179 0.5832575270779244
180 0.5791559920516065
Train R2 - DI: 0.492
Val R2 - DI: 0.303
Test R2 - DI: 0.302
181 0.5794367317230471
182 0.5801077336393377
183 0.5813129757467563
184 0.5884929133145186
185 0.5729938757462314
186 0.5645178865788231
187 0.5735123685183918
188 0.5742987737860731
189 0.5794530339565755
190 0.5693101487279365
Train R2 - DI: 0.495
Val R2 - DI: 0.302
Test R2 - DI: 0.305
191 0.5749569731801214
192 0.5743965562953743
193 0.5658586000669814
194 0.5725602278999957
195 0.5675300155489248
196 0.5617331409967073
197 0.5609334256486653
198 0.5741651646552547
199 0.5710931290435107
200 0.5626835398135647
Train R2 - DI: 0.501
Val R2 - DI: 0.304
Test R2 - DI: 0.305
0.3041325821628421
Test R2 - DI: 0.305
Test R2 - DI: 0.305
CNN_simple
batch_size =  128 lr =  1e-06 wd =  1.0
5580 1000 1000
cuda:0
Using SGD
1 3.3004964414890523
2 2.0158775988445488
3 1.5646333808112742
4 1.3677305906049666
5 1.2653472462862623
6 1.2012939364252124
7 1.1724596749924416
8 1.1425952878049626
9 1.1163286808998354
10 1.0851013550194362
Train R2 - DI: 0.058
Val R2 - DI: 0.058
Test R2 - DI: 0.050
11 1.0901249671922362
12 1.0654775718634273
13 1.0585380292707873
14 1.0447200704219093
15 1.0260987194208262
16 1.0277501739481445
17 1.0188797290179892
18 0.9981087616267598
19 1.0015823838958604
20 0.983104205772441
Train R2 - DI: 0.146
Val R2 - DI: 0.136
Test R2 - DI: 0.139
21 0.9981122313861779
22 0.9787471838749437
23 0.9818487283576773
24 0.9815581861789936
25 0.9743300666091262
26 0.9739534109296765
27 0.9635195485579925
28 0.9517429381715782
29 0.9534829198673207
30 0.9296901226043701
Train R2 - DI: 0.189
Val R2 - DI: 0.176
Test R2 - DI: 0.181
31 0.9358204610031565
32 0.9396033213130035
33 0.9289556117895256
34 0.9445382966362874
35 0.9143264968762689
36 0.9274775709302622
37 0.9340170341580573
38 0.9228104298260049
39 0.9036737353570999
40 0.9152238113905794
Train R2 - DI: 0.216
Val R2 - DI: 0.200
Test R2 - DI: 0.211
41 0.9154780647233396
42 0.908141327417025
43 0.8994443597759397
44 0.8998647613764664
45 0.8898387099679653
46 0.8911287807649182
47 0.8942898778077949
48 0.8958062751746092
49 0.8731154069678331
50 0.8840497195507035
Train R2 - DI: 0.234
Val R2 - DI: 0.217
Test R2 - DI: 0.231
51 0.8794060512255597
52 0.8996128574494393
53 0.8845254577188936
54 0.8847026768551078
55 0.8892744063476508
56 0.8856902729653116
57 0.8751864051733393
58 0.8623451805029292
59 0.8734887793072663
60 0.8603763303876351
Train R2 - DI: 0.251
Val R2 - DI: 0.232
Test R2 - DI: 0.247
61 0.8829195927120879
62 0.8672751177169089
63 0.8619528960583458
64 0.8566004091693509
65 0.8590758823579357
66 0.8622251668284017
67 0.859969215239248
68 0.8566315067284423
69 0.8522016105258764
70 0.8503131964727969
Train R2 - DI: 0.261
Val R2 - DI: 0.241
Test R2 - DI: 0.258
71 0.8596743484124488
72 0.8507738816695402
73 0.8599401343680625
74 0.8546616284650713
75 0.8488587560619505
76 0.8471785316757832
77 0.8579502584686416
78 0.8545345865270143
79 0.849098987348618
80 0.8242793610446342
Train R2 - DI: 0.271
Val R2 - DI: 0.250
Test R2 - DI: 0.266
81 0.856436516819889
82 0.8376652424053479
83 0.8371657910740077
84 0.8346398661213537
85 0.8386289114593177
86 0.8489892191357082
87 0.850922251773137
88 0.8447820086633006
89 0.8315791988885531
90 0.8394069293493865
Train R2 - DI: 0.279
Val R2 - DI: 0.256
Test R2 - DI: 0.273
91 0.8347166953975582
92 0.841242333295952
93 0.8283286107911004
94 0.8371260889969419
95 0.8205407512230685
96 0.8169051566431599
97 0.831499651170546
98 0.8303339395044526
99 0.8333165036734714
100 0.8238180521141244
Train R2 - DI: 0.286
Val R2 - DI: 0.263
Test R2 - DI: 0.279
101 0.8266664434077492
102 0.8274464738411715
103 0.821500203216375
104 0.8242881695429484
105 0.8314454612766116
106 0.8302680702619655
107 0.8222577137759082
108 0.8056069595412114
109 0.8216262622973398
110 0.8218188243954839
Train R2 - DI: 0.294
Val R2 - DI: 0.271
Test R2 - DI: 0.284
111 0.8121840884181334
112 0.818048907821751
113 0.817719249400614
114 0.8073286079164047
115 0.8155260535123955
116 0.8035893283009956
117 0.8059151236301682
118 0.8070670865769882
119 0.8109294397429326
120 0.8167904138992337
Train R2 - DI: 0.298
Val R2 - DI: 0.274
Test R2 - DI: 0.288
121 0.8153337804647329
122 0.8148634785392378
123 0.813311185418064
124 0.810604760937366
125 0.7997390322787787
126 0.8053551723452879
127 0.8135319010331212
128 0.8193927792665352
129 0.7968517987531573
130 0.8032392664194962
Train R2 - DI: 0.304
Val R2 - DI: 0.279
Test R2 - DI: 0.290
131 0.8062096216131709
132 0.8123941911591424
133 0.7980682581556313
134 0.801481735663602
135 0.8132531194276708
136 0.7938953813686166
137 0.8048004509300314
138 0.7931306914616657
139 0.8012376000804285
140 0.8021373805606664
Train R2 - DI: 0.309
Val R2 - DI: 0.283
Test R2 - DI: 0.293
141 0.7934544421011401
142 0.8108536436139042
143 0.7873265118154573
144 0.7997616908028989
145 0.8004838884517711
146 0.7960097559891294
147 0.8078157863309307
148 0.8065895976558808
149 0.8002674639865917
150 0.7970207034046077
Train R2 - DI: 0.313
Val R2 - DI: 0.287
Test R2 - DI: 0.296
151 0.7921895592016132
152 0.7940850373237364
153 0.7854498100537126
154 0.7896157157891113
155 0.7963168863327272
156 0.7865936564715532
157 0.7939581447604737
158 0.7868446624407204
159 0.7854671461607821
160 0.7874037764832965
Train R2 - DI: 0.315
Val R2 - DI: 0.288
Test R2 - DI: 0.298
161 0.7875286633395807
162 0.7975431644361078
163 0.7944423323891069
164 0.793000298588934
165 0.7818957453987504
166 0.7965076964815885
167 0.789133855817993
168 0.7949053138814947
169 0.793989412630758
170 0.7811931298197812
Train R2 - DI: 0.320
Val R2 - DI: 0.292
Test R2 - DI: 0.300
171 0.7916395239078016
172 0.7826763088557882
173 0.7696571337279453
174 0.784009681807624
175 0.786234926536519
176 0.7899758711937935
177 0.7786999432844073
178 0.7874060780344043
179 0.787244709204602
180 0.780887778728239
Train R2 - DI: 0.324
Val R2 - DI: 0.293
Test R2 - DI: 0.301
181 0.7818097413654396
182 0.7856076125175723
183 0.7875329814076851
184 0.782474521838636
185 0.784534607138685
186 0.7778526416816165
187 0.7815982597275875
188 0.7758408349047425
189 0.7782052674173882
190 0.7871589636717219
Train R2 - DI: 0.325
Val R2 - DI: 0.294
Test R2 - DI: 0.302
191 0.7694561044375102
192 0.7765222448601945
193 0.7743696777624042
194 0.7823436491805593
195 0.7891621841324701
196 0.7565789185544496
197 0.7731952034444365
198 0.7737728504297127
199 0.7770215819813444
200 0.7748006613451093
Train R2 - DI: 0.330
Val R2 - DI: 0.297
Test R2 - DI: 0.303
0.2973382907479495
Test R2 - DI: 0.303
Test R2 - DI: 0.303
CNN_simple
batch_size =  128 lr =  1e-07 wd =  1.0
5580 1000 1000
cuda:0
Using SGD
1 4.2359208223213
2 3.945929817145016
3 3.687323792433653
4 3.4583988162351766
5 3.2689064230970155
6 3.1062113707210854
7 2.9192894619425567
8 2.7272986396666496
9 2.613208571984349
10 2.488979849935005
Train R2 - DI: -1.221
Val R2 - DI: -1.290
Test R2 - DI: -1.203
11 2.3750005872446147
12 2.298621666303245
13 2.2042713084955796
14 2.1303342012521616
15 2.0600632055685937
16 1.970387457263085
17 1.9121381896371055
18 1.8713288628499567
19 1.8116287682646064
20 1.7897732608207237
Train R2 - DI: -0.570
Val R2 - DI: -0.602
Test R2 - DI: -0.586
21 1.739993424825771
22 1.7012362057162869
23 1.659546439365674
24 1.6311832565560562
25 1.5979393965027238
26 1.56196616892319
27 1.5435747094479086
28 1.5085392475982722
29 1.5169485762982386
30 1.4774034867577228
Train R2 - DI: -0.315
Val R2 - DI: -0.336
Test R2 - DI: -0.351
31 1.4712855600541639
32 1.459571571247552
33 1.428545254447554
34 1.4321309760479943
35 1.3993100214175427
36 1.372854018980457
37 1.386861925142213
38 1.358091255840862
39 1.3574652688050355
40 1.3418934046581228
Train R2 - DI: -0.183
Val R2 - DI: -0.203
Test R2 - DI: -0.223
41 1.3487745304688759
42 1.3294528483489936
43 1.3179050059301451
44 1.3150820765444027
45 1.3028433126360712
46 1.2916863753376895
47 1.278008673182525
48 1.2766202554480577
49 1.2498786716051
50 1.2549494335728306
Train R2 - DI: -0.103
Val R2 - DI: -0.126
Test R2 - DI: -0.145
51 1.2502686683422348
52 1.2596037673266558
53 1.2347848958439298
54 1.2270346092066884
55 1.2292366166268625
56 1.2025052403036411
57 1.2049605878877812
58 1.2120711311217278
59 1.1953260202134381
60 1.1854104438562973
Train R2 - DI: -0.041
Val R2 - DI: -0.064
Test R2 - DI: -0.085
61 1.1884617344025643
62 1.1966732199474048
63 1.1848131555810197
64 1.177862677651067
65 1.1704061605597056
66 1.1551374375606522
67 1.1705508893535983
68 1.1421272495741486
69 1.1627912781999103
70 1.1659656592167407
Train R2 - DI: -0.003
Val R2 - DI: -0.029
Test R2 - DI: -0.041
71 1.1670212720030098
72 1.1532884238441359
73 1.1617372545290163
74 1.1480158593064995
75 1.1310528083514142
76 1.145304452475681
77 1.1384959066640519
78 1.1351057430749298
79 1.1229732949246642
80 1.12486123367877
Train R2 - DI: 0.029
Val R2 - DI: 0.001
Test R2 - DI: -0.010
81 1.1298000022074655
82 1.1136386955083484
83 1.1134494163656747
84 1.0857250857096847
85 1.1196077160510538
86 1.118511980793382
87 1.0911385395193614
88 1.10774416359522
89 1.1089540164957765
90 1.1036598874676613
Train R2 - DI: 0.050
Val R2 - DI: 0.018
Test R2 - DI: 0.014
91 1.099104444698621
92 1.086905059250452
93 1.0976287990488032
94 1.1033702423068357
95 1.0873714545294375
96 1.0882483710952129
97 1.0917207843513899
98 1.084016444264347
99 1.0860228875204654
100 1.0799948870067528
Train R2 - DI: 0.068
Val R2 - DI: 0.036
Test R2 - DI: 0.034
101 1.0743566049042568
102 1.078041486842658
103 1.0738740907347757
104 1.0706213828483362
105 1.0636947598508608
106 1.0708932422822521
107 1.078091304874762
108 1.0866438643906706
109 1.0646168188382221
110 1.0509587910867506
Train R2 - DI: 0.085
Val R2 - DI: 0.052
Test R2 - DI: 0.048
111 1.0636001646732345
112 1.0695057738211846
113 1.064668017348081
114 1.0516190165687205
115 1.0533315315896037
116 1.0628143415656142
117 1.0549954011448823
118 1.051599956071505
119 1.0695040202055353
120 1.064703436991647
Train R2 - DI: 0.099
Val R2 - DI: 0.063
Test R2 - DI: 0.063
121 1.0520906058690882
122 1.0399483852061746
123 1.03235421616544
124 1.0391098622352846
125 1.0449259361485854
126 1.0475446640376975
127 1.0317689732411428
128 1.0301039019793166
129 1.0422591058584096
130 1.031648536266819
Train R2 - DI: 0.108
Val R2 - DI: 0.071
Test R2 - DI: 0.075
131 1.038313641770339
132 1.0396679081797173
133 1.0395499757968396
134 1.046272720700951
135 1.0251098302957404
136 1.028753940264384
137 1.0331339431919933
138 1.0417466657136076
139 1.0293893254358708
140 1.0285977490486637
Train R2 - DI: 0.117
Val R2 - DI: 0.079
Test R2 - DI: 0.084
141 1.0233161838251204
142 1.0517868265028922
143 1.0289515147499713
144 1.047086625244455
145 1.0221139631390999
146 1.0204975315319595
147 1.0343946585945758
148 1.0283961408027185
149 1.0226572712262472
150 1.0210617290175517
Train R2 - DI: 0.127
Val R2 - DI: 0.088
Test R2 - DI: 0.094
151 1.030959813996455
152 1.0263359714152565
153 1.0181059289149486
154 1.013434607153725
155 1.0098890782257135
156 1.021607264395683
157 0.9920178483036683
158 1.0276578065315027
159 0.9996782608784228
160 1.0132351396758923
Train R2 - DI: 0.134
Val R2 - DI: 0.094
Test R2 - DI: 0.102
161 1.0175617935836956
162 1.0069736279039827
163 1.012609960785049
164 1.0215887044493015
165 1.0067910134151419
166 1.0185142795244853
167 1.005165682471354
168 1.02996988920328
169 1.012915266030151
170 1.006117423802721
Train R2 - DI: 0.142
Val R2 - DI: 0.101
Test R2 - DI: 0.107
171 0.9985469284023435
172 0.9990861295371927
173 0.9977518443138369
174 1.0191265841111488
175 1.0032596759898689
176 0.9975971195005602
177 0.9884408892696477
178 0.9989790476778502
179 0.997630533095329
180 1.0132809514213206
Train R2 - DI: 0.147
Val R2 - DI: 0.103
Test R2 - DI: 0.116
181 0.9988940672207904
182 1.0031840786711717
183 1.0132655849593515
184 1.007161676071878
185 1.0004965408728541
186 0.982805141710466
187 1.00144967870473
188 0.996614926433905
189 1.0007506723472295
190 0.998168739708521
Train R2 - DI: 0.154
Val R2 - DI: 0.110
Test R2 - DI: 0.121
191 1.0045423320544664
192 0.9985692021667316
193 0.9827638828626243
194 1.0001429585145793
195 0.9735036875184719
196 1.0003093344336342
197 0.9911410822663256
198 0.9774905756810233
199 0.9808067572586853
200 0.9853582348020273
Train R2 - DI: 0.161
Val R2 - DI: 0.116
Test R2 - DI: 0.126
0.1157936533371593
Test R2 - DI: 0.126
Test R2 - DI: 0.126

------------------------------------------------------------
Sender: LSF System <lsfadmin@hpc.dtu.dk>
Subject: Job 14756944: <testjob> in cluster <dcc> Done

Job <testjob> was submitted from host <n-62-30-8> by user <s174503> in cluster <dcc> at Mon Nov 14 23:02:57 2022
Job was executed on host(s) <n-62-20-7>, in queue <gpuv100>, as user <s174503> in cluster <dcc> at Mon Nov 14 23:09:47 2022
</zhome/fd/6/127382> was used as the home directory.
</zhome/fd/6/127382/Desktop/MasterThesis/Master-thesis> was used as the working directory.
Started at Mon Nov 14 23:09:47 2022
Terminated at Tue Nov 15 04:21:14 2022
Results reported at Tue Nov 15 04:21:14 2022

Your job looked like:

------------------------------------------------------------
# LSBATCH: User input
#!/bin/sh
#BSUB -q gpuv100
#BSUB -J testjob
#BSUB -n 1
#BSUB -gpu "num=1:mode=exclusive_process"
#BSUB -W 10:00
#BSUB -R "rusage[mem=5GB]"
#BSUB -o outputs/gpu_%J.out
#BSUB -e outputs/errors/gpu_%J.err

nvidia-smi
module load cuda/11.6

/appl/cuda/11.6.0/samples/bin/x86_64/linux/release/deviceQuery

source $HOME/miniconda3/bin/activate
source venv_1/bin/activate

python3 main.py CNN_simple 128 1e-5 1 200 shuffle_1wd1 99 SGD
python3 main.py CNN_simple 128 1e-6 1 200 shuffle_1wd1 99 SGD
python3 main.py CNN_simple 128 1e-7 1 200 shuffle_1wd1 99 SGD
------------------------------------------------------------

Successfully completed.

Resource usage summary:

    CPU time :                                   16703.43 sec.
    Max Memory :                                 2244 MB
    Average Memory :                             2216.58 MB
    Total Requested Memory :                     5120.00 MB
    Delta Memory :                               2876.00 MB
    Max Swap :                                   -
    Max Processes :                              4
    Max Threads :                                8
    Run time :                                   18689 sec.
    Turnaround time :                            19097 sec.

The output (if any) is above this job summary.



PS:

Read file <outputs/errors/gpu_14756944.err> for stderr output of this job.

