Thu Nov  3 16:00:55 2022       
+-----------------------------------------------------------------------------+
| NVIDIA-SMI 515.65.01    Driver Version: 515.65.01    CUDA Version: 11.7     |
|-------------------------------+----------------------+----------------------+
| GPU  Name        Persistence-M| Bus-Id        Disp.A | Volatile Uncorr. ECC |
| Fan  Temp  Perf  Pwr:Usage/Cap|         Memory-Usage | GPU-Util  Compute M. |
|                               |                      |               MIG M. |
|===============================+======================+======================|
|   0  Tesla V100-PCIE...  On   | 00000000:AF:00.0 Off |                    0 |
| N/A   35C    P0    39W / 250W |      0MiB / 16384MiB |      0%   E. Process |
|                               |                      |                  N/A |
+-------------------------------+----------------------+----------------------+
                                                                               
+-----------------------------------------------------------------------------+
| Processes:                                                                  |
|  GPU   GI   CI        PID   Type   Process name                  GPU Memory |
|        ID   ID                                                   Usage      |
|=============================================================================|
|  No running processes found                                                 |
+-----------------------------------------------------------------------------+
/appl/cuda/11.6.0/samples/bin/x86_64/linux/release/deviceQuery Starting...

 CUDA Device Query (Runtime API) version (CUDART static linking)

Detected 1 CUDA Capable device(s)

Device 0: "Tesla V100-PCIE-16GB"
  CUDA Driver Version / Runtime Version          11.7 / 11.6
  CUDA Capability Major/Minor version number:    7.0
  Total amount of global memory:                 16161 MBytes (16945709056 bytes)
  (080) Multiprocessors, (064) CUDA Cores/MP:    5120 CUDA Cores
  GPU Max Clock rate:                            1380 MHz (1.38 GHz)
  Memory Clock rate:                             877 Mhz
  Memory Bus Width:                              4096-bit
  L2 Cache Size:                                 6291456 bytes
  Maximum Texture Dimension Size (x,y,z)         1D=(131072), 2D=(131072, 65536), 3D=(16384, 16384, 16384)
  Maximum Layered 1D Texture Size, (num) layers  1D=(32768), 2048 layers
  Maximum Layered 2D Texture Size, (num) layers  2D=(32768, 32768), 2048 layers
  Total amount of constant memory:               65536 bytes
  Total amount of shared memory per block:       49152 bytes
  Total shared memory per multiprocessor:        98304 bytes
  Total number of registers available per block: 65536
  Warp size:                                     32
  Maximum number of threads per multiprocessor:  2048
  Maximum number of threads per block:           1024
  Max dimension size of a thread block (x,y,z): (1024, 1024, 64)
  Max dimension size of a grid size    (x,y,z): (2147483647, 65535, 65535)
  Maximum memory pitch:                          2147483647 bytes
  Texture alignment:                             512 bytes
  Concurrent copy and kernel execution:          Yes with 7 copy engine(s)
  Run time limit on kernels:                     No
  Integrated GPU sharing Host Memory:            No
  Support host page-locked memory mapping:       Yes
  Alignment requirement for Surfaces:            Yes
  Device has ECC support:                        Enabled
  Device supports Unified Addressing (UVA):      Yes
  Device supports Managed Memory:                Yes
  Device supports Compute Preemption:            Yes
  Supports Cooperative Kernel Launch:            Yes
  Supports MultiDevice Co-op Kernel Launch:      Yes
  Device PCI Domain ID / Bus ID / location ID:   0 / 175 / 0
  Compute Mode:
     < Exclusive Process (many threads in one process is able to use ::cudaSetDevice() with this device) >

deviceQuery, CUDA Driver = CUDART, CUDA Driver Version = 11.7, CUDA Runtime Version = 11.6, NumDevs = 1
Result = PASS
Deep_linear
4724 1008 1016
cuda:0
1 3.0667934248146618
Train R2 - DI: -1.546
Val R2 - DI: -1.389
Test R2 - DI: -1.273
2 2.2780434538205734
Train R2 - DI: -0.923
Val R2 - DI: -0.783
Test R2 - DI: -0.748
3 1.7597412626991626
Train R2 - DI: -0.531
Val R2 - DI: -0.400
Test R2 - DI: -0.413
4 1.4440680548460376
Train R2 - DI: -0.296
Val R2 - DI: -0.168
Test R2 - DI: -0.208
5 1.264103974001979
Train R2 - DI: -0.174
Val R2 - DI: -0.047
Test R2 - DI: -0.099
6 1.1703902147868042
Train R2 - DI: -0.110
Val R2 - DI: 0.018
Test R2 - DI: -0.039
7 1.12437978031068
Train R2 - DI: -0.081
Val R2 - DI: 0.047
Test R2 - DI: -0.010
8 1.1034434444312824
Train R2 - DI: -0.067
Val R2 - DI: 0.061
Test R2 - DI: 0.004
9 1.0931756733132054
Train R2 - DI: -0.061
Val R2 - DI: 0.066
Test R2 - DI: 0.011
10 1.0879787762825213
Train R2 - DI: -0.057
Val R2 - DI: 0.069
Test R2 - DI: 0.016
11 1.0843138993543453
Train R2 - DI: -0.054
Val R2 - DI: 0.070
Test R2 - DI: 0.019
12 1.081280530760795
Train R2 - DI: -0.051
Val R2 - DI: 0.072
Test R2 - DI: 0.022
13 1.0784154612567847
Train R2 - DI: -0.048
Val R2 - DI: 0.072

------------------------------------------------------------
Sender: LSF System <lsfadmin@hpc.dtu.dk>
Subject: Job 14672013: <testjob> in cluster <dcc> Exited

Job <testjob> was submitted from host <n-62-30-6> by user <s174503> in cluster <dcc> at Thu Nov  3 16:00:38 2022
Job was executed on host(s) <n-62-20-6>, in queue <gpuv100>, as user <s174503> in cluster <dcc> at Thu Nov  3 16:00:54 2022
</zhome/fd/6/127382> was used as the home directory.
</zhome/fd/6/127382/Desktop/MasterThesis/Master-thesis> was used as the working directory.
Started at Thu Nov  3 16:00:54 2022
Terminated at Thu Nov  3 16:35:27 2022
Results reported at Thu Nov  3 16:35:27 2022

Your job looked like:

------------------------------------------------------------
# LSBATCH: User input
#!/bin/sh
#BSUB -q gpuv100
#BSUB -J testjob
#BSUB -n 1
#BSUB -gpu "num=1:mode=exclusive_process"
#BSUB -W 01:00
#BSUB -R "rusage[mem=5GB]"
#BSUB -o outputs/gpu_%J.out
#BSUB -e outputs/errors/gpu_%J.err

nvidia-smi
module load cuda/11.6

/appl/cuda/11.6.0/samples/bin/x86_64/linux/release/deviceQuery

source $HOME/miniconda3/bin/activate
source venv_1/bin/activate

python3 main.py Deep_linear
python3 main.py Deep_google

------------------------------------------------------------

TERM_OWNER: job killed by owner.
Exited with exit code 130.

Resource usage summary:

    CPU time :                                   1116.58 sec.
    Max Memory :                                 2232 MB
    Average Memory :                             2081.94 MB
    Total Requested Memory :                     5120.00 MB
    Delta Memory :                               2888.00 MB
    Max Swap :                                   -
    Max Processes :                              4
    Max Threads :                                8
    Run time :                                   2074 sec.
    Turnaround time :                            2089 sec.

The output (if any) is above this job summary.



PS:

Read file <outputs/errors/gpu_14672013.err> for stderr output of this job.

