Fri Nov  4 01:15:03 2022       
+-----------------------------------------------------------------------------+
| NVIDIA-SMI 515.65.01    Driver Version: 515.65.01    CUDA Version: 11.7     |
|-------------------------------+----------------------+----------------------+
| GPU  Name        Persistence-M| Bus-Id        Disp.A | Volatile Uncorr. ECC |
| Fan  Temp  Perf  Pwr:Usage/Cap|         Memory-Usage | GPU-Util  Compute M. |
|                               |                      |               MIG M. |
|===============================+======================+======================|
|   0  Tesla V100-PCIE...  On   | 00000000:D8:00.0 Off |                    0 |
| N/A   26C    P0    25W / 250W |      0MiB / 32768MiB |      0%   E. Process |
|                               |                      |                  N/A |
+-------------------------------+----------------------+----------------------+
                                                                               
+-----------------------------------------------------------------------------+
| Processes:                                                                  |
|  GPU   GI   CI        PID   Type   Process name                  GPU Memory |
|        ID   ID                                                   Usage      |
|=============================================================================|
|  No running processes found                                                 |
+-----------------------------------------------------------------------------+
/appl/cuda/11.6.0/samples/bin/x86_64/linux/release/deviceQuery Starting...

 CUDA Device Query (Runtime API) version (CUDART static linking)

Detected 1 CUDA Capable device(s)

Device 0: "Tesla V100-PCIE-32GB"
  CUDA Driver Version / Runtime Version          11.7 / 11.6
  CUDA Capability Major/Minor version number:    7.0
  Total amount of global memory:                 32511 MBytes (34089926656 bytes)
  (080) Multiprocessors, (064) CUDA Cores/MP:    5120 CUDA Cores
  GPU Max Clock rate:                            1380 MHz (1.38 GHz)
  Memory Clock rate:                             877 Mhz
  Memory Bus Width:                              4096-bit
  L2 Cache Size:                                 6291456 bytes
  Maximum Texture Dimension Size (x,y,z)         1D=(131072), 2D=(131072, 65536), 3D=(16384, 16384, 16384)
  Maximum Layered 1D Texture Size, (num) layers  1D=(32768), 2048 layers
  Maximum Layered 2D Texture Size, (num) layers  2D=(32768, 32768), 2048 layers
  Total amount of constant memory:               65536 bytes
  Total amount of shared memory per block:       49152 bytes
  Total shared memory per multiprocessor:        98304 bytes
  Total number of registers available per block: 65536
  Warp size:                                     32
  Maximum number of threads per multiprocessor:  2048
  Maximum number of threads per block:           1024
  Max dimension size of a thread block (x,y,z): (1024, 1024, 64)
  Max dimension size of a grid size    (x,y,z): (2147483647, 65535, 65535)
  Maximum memory pitch:                          2147483647 bytes
  Texture alignment:                             512 bytes
  Concurrent copy and kernel execution:          Yes with 7 copy engine(s)
  Run time limit on kernels:                     No
  Integrated GPU sharing Host Memory:            No
  Support host page-locked memory mapping:       Yes
  Alignment requirement for Surfaces:            Yes
  Device has ECC support:                        Enabled
  Device supports Unified Addressing (UVA):      Yes
  Device supports Managed Memory:                Yes
  Device supports Compute Preemption:            Yes
  Supports Cooperative Kernel Launch:            Yes
  Supports MultiDevice Co-op Kernel Launch:      Yes
  Device PCI Domain ID / Bus ID / location ID:   0 / 216 / 0
  Compute Mode:
     < Exclusive Process (many threads in one process is able to use ::cudaSetDevice() with this device) >

deviceQuery, CUDA Driver = CUDART, CUDA Driver Version = 11.7, CUDA Runtime Version = 11.6, NumDevs = 1
Result = PASS
Deep_google
batch_size =  128 lr =  1e-06 wd =  0.1
4724 1008 1016
cuda:0
1 3.239887509075491
2 1.7506925786177452
3 1.320865216444954
4 1.2000979096277804
5 1.1890622255259102
6 1.1567021129900474
7 1.1514951246053258
8 1.1247655805342285
9 1.1209327495774408
10 1.1330941664173277
Train R2 - DI: 0.036
Val R2 - DI: 0.053
Test R2 - DI: 0.035
11 1.1190991675217812
12 1.0992966472446464
13 1.1013331888693052
14 1.1114474556185652
15 1.0721282609734466
16 1.0800937768466183
17 1.0525159878209926
18 1.0787381790736084
19 1.048769683175729
20 1.044651455035359
Train R2 - DI: 0.084
Val R2 - DI: 0.076
Test R2 - DI: 0.057
21 1.0677176594835132
22 1.0556631312342037
23 1.0442471358858862
24 1.0300030666927884
25 1.0497986562770873
26 1.021909522566121
27 1.032599476865547
28 1.0102201345409003
29 1.0321331315379745
30 1.0175802770254472
Train R2 - DI: 0.124
Val R2 - DI: 0.081
Test R2 - DI: 0.071
31 1.003107160455993
32 0.9936119384628348
33 1.0150646503248222
34 0.991656735930576
35 1.005144826746108
36 0.9827397229507957
37 0.9761657914198828
38 0.9695028079757239
39 0.9707380328311646
40 0.9428945680879921
Train R2 - DI: 0.161
Val R2 - DI: 0.085
Test R2 - DI: 0.083
41 0.9758690418983091
42 0.962380333082036
43 0.9660951340733495
44 0.9377783761500909
45 0.920428492879585
46 0.9389470636996043
47 0.9333029928901859
48 0.9286568833548169
49 0.942344056863486
50 0.9246118476994456
Train R2 - DI: 0.195
Val R2 - DI: 0.091
Test R2 - DI: 0.100
51 0.9170485841935212
52 0.9241284320255542
53 0.9211257944967058
54 0.9140815504721723
55 0.902823943591138
56 0.9056069352281588
57 0.9010144946536808
58 0.8762418550015707
59 0.8892030896623694
60 0.8744925290825607
Train R2 - DI: 0.231
Val R2 - DI: 0.092
Test R2 - DI: 0.108
61 0.8725106978598134
62 0.8836364684520789
63 0.876374070519214
64 0.8518457973942123
65 0.855510329412869
66 0.870918578560528
67 0.859320061626725
68 0.8482767904238818
69 0.8715873411608186
70 0.8488184724391062
Train R2 - DI: 0.266
Val R2 - DI: 0.089
Test R2 - DI: 0.113
71 0.8449891246445194
72 0.8314872484505934
73 0.8342789364103338
74 0.8256355576551536
75 0.8132729068537267
76 0.8214905198401662
77 0.8064942952437889
78 0.7965331252705334
79 0.8108509896570701
80 0.8026717698846603
Train R2 - DI: 0.301
Val R2 - DI: 0.094
Test R2 - DI: 0.122
81 0.787374928883836
82 0.8004902589634049
83 0.7821541623378789
84 0.7871356342527243
85 0.7792100386534779
86 0.7832493807278277
87 0.7772187416478802
88 0.7692652247297269
89 0.7720464372110003
90 0.7768864532732338
Train R2 - DI: 0.336
Val R2 - DI: 0.081
Test R2 - DI: 0.112
91 0.7575446091194863
92 0.7553194557378899
93 0.7531433211454994
94 0.755861630235861
95 0.7362330836022334
96 0.7401006399929069
97 0.7440366836345166
98 0.7337330734194789
99 0.7314688843453364
100 0.7349491108281445
Train R2 - DI: 0.372
Val R2 - DI: 0.079
Test R2 - DI: 0.117
101 0.713237659543576
102 0.7143916483151519
103 0.7047722433503657
104 0.7023293107470449
105 0.7130691946107992
106 0.7079247469926264
107 0.6924676925423385
108 0.6904252260847681
109 0.6897899822902114
110 0.6794844212721809
Train R2 - DI: 0.409
Val R2 - DI: 0.075
Test R2 - DI: 0.116
111 0.677359371342768
112 0.6779752890504487
113 0.671704677380716
114 0.671376289249375
115 0.6651555033279212
116 0.659006244797105
117 0.6630724621061346
118 0.6503856183612478
119 0.6495926124781093
120 0.6476941545770695
Train R2 - DI: 0.445
Val R2 - DI: 0.063
Test R2 - DI: 0.104
121 0.6472634817209413
122 0.644670064725884
123 0.6414534136665564
124 0.6292522183724322
125 0.6326882682242301
126 0.6252944999383123
127 0.6144041390261541
128 0.6140112571550769
129 0.616351757939845
130 0.607709030949595
Train R2 - DI: 0.479
Val R2 - DI: 0.066
Test R2 - DI: 0.123
131 0.6005202669091996
132 0.5989789528224955
133 0.5978580778882626
134 0.5883083484820851
135 0.5916030893479234
136 0.5900627890953465
137 0.5848971784468125
138 0.5917207741767647
139 0.5708492501220089
140 0.5575055368970149
Train R2 - DI: 0.518
Val R2 - DI: 0.045
Test R2 - DI: 0.091
141 0.5734108264016258
142 0.5579946848621417
143 0.5565563321719222
144 0.5503500795384568
145 0.5524502928533562
146 0.5509110132987776
147 0.5462968935914003
148 0.5347249795581
149 0.5347518520674193
150 0.544171448282828
Train R2 - DI: 0.554
Val R2 - DI: 0.045
Test R2 - DI: 0.103
151 0.523041039074406
152 0.519919309850268
153 0.5173458784288718
154 0.5126716036295911
155 0.5069732795217903
156 0.5101835097830544
157 0.5032380792824118
158 0.5086830988160439
159 0.502008550884762
160 0.49270884388589337
Train R2 - DI: 0.589
Val R2 - DI: 0.033
Test R2 - DI: 0.091
161 0.49093664613545296
162 0.49248363661826616
163 0.48411864486414935
164 0.48489409049217425
165 0.4760587405946475
166 0.48312083282882534
167 0.46700821563311296
168 0.47164258025239625
169 0.45702981893335937
170 0.4596527889812528
Train R2 - DI: 0.623
Val R2 - DI: 0.020
Test R2 - DI: 0.079
171 0.45312087410693447
172 0.44681220633513236
173 0.4489742628252173
174 0.44127270369889066
175 0.43976292029262903
176 0.4380129480846447
177 0.4351972439448577
178 0.42712763300091405
179 0.42888712724016237
180 0.42206259327960355
Train R2 - DI: 0.658
Val R2 - DI: 0.009
Test R2 - DI: 0.059
181 0.4221992808363379
182 0.4177307345471475
183 0.4177515216291607
184 0.40924538607621574
185 0.39928058476189654
186 0.40455164364795376
187 0.401902762411208
188 0.3975695684287227
189 0.39887639342678693
190 0.39365960275289064
Train R2 - DI: 0.689
Val R2 - DI: -0.005
Test R2 - DI: 0.030
191 0.38363852173367563
192 0.381325981432255
193 0.37262174726844743
194 0.38391633903344335
195 0.3686841635962445
196 0.36860164770324993
197 0.36039691552784764
198 0.3625347486095445
199 0.35606575963559745
200 0.35308005363632317
Train R2 - DI: 0.721
Val R2 - DI: -0.016
Test R2 - DI: 0.022
0.09443767513204071
Test R2 - DI: 0.022
Test R2 - DI: 0.145
Deep_google
batch_size =  128 lr =  1e-06 wd =  0.5
4724 1008 1016
cuda:0
1 3.1496158867544484
2 1.8853178397767327
3 1.379254704910653
4 1.2452621433716724
5 1.1900149097289199
6 1.1759334947980127
7 1.1689288141765803
8 1.1535817630002299
9 1.158656594613969
10 1.1446671635291013
Train R2 - DI: 0.012
Val R2 - DI: 0.068
Test R2 - DI: 0.071
11 1.1283193549092396
12 1.1423807460104984
13 1.1364114698366428
14 1.1417261232873528
15 1.1183330135563487
16 1.112547971251453
17 1.1316443035705528
18 1.1216359071868844
19 1.0978539476548081
20 1.1255785504404918
Train R2 - DI: 0.052
Val R2 - DI: 0.090
Test R2 - DI: 0.077
21 1.0895462909257583
22 1.097834558632291
23 1.0903137858190544
24 1.1091466941235935
25 1.073445972853248
26 1.0789103155717519
27 1.0797181857227773
28 1.0368342776100683
29 1.0613637455028564
30 1.0711606601655332
Train R2 - DI: 0.082
Val R2 - DI: 0.099
Test R2 - DI: 0.082
31 1.0714046169801046
32 1.0563175821082256
33 1.0336826012661455
34 1.0581412982072596
35 1.0517239127494238
36 1.0421044586776778
37 1.0500601994395762
38 1.0382424900836607
39 1.0437245541058993
40 1.0207944348340918
Train R2 - DI: 0.108
Val R2 - DI: 0.102
Test R2 - DI: 0.085
41 1.0389211743085895
42 1.027473563566539
43 1.0025647056496416
44 1.0375141768915788
45 1.0061406123749186
46 1.0022304252887761
47 1.0013234412437975
48 1.001724214497307
49 1.0072918142129768
50 0.9932561330528809
Train R2 - DI: 0.131
Val R2 - DI: 0.106
Test R2 - DI: 0.091
51 0.9886340768936829
52 0.9878141391489286
53 0.9847712971011428
54 0.9822526055811625
55 0.9787547231023338
56 0.9947137159376604
57 0.9890673108064553
58 0.9699862942061719
59 0.9729577920176435
60 0.9732250445581512
Train R2 - DI: 0.153
Val R2 - DI: 0.104
Test R2 - DI: 0.093
61 0.9602589608248162
62 0.9632028097524974
63 0.9646848471461464
64 0.9686312065802823
65 0.9552658038256433
66 0.9609200822206799
67 0.9544120346662052
68 0.9410784263715817
69 0.9596515760696308
70 0.9409196178959549
Train R2 - DI: 0.173
Val R2 - DI: 0.102
Test R2 - DI: 0.099
71 0.9320104496141898
72 0.928277710955795
73 0.9390235652770156
74 0.9379165229102902
75 0.9225096200907462
76 0.9389956290190953
77 0.9235077314110351
78 0.9272312566852489
79 0.9174833840278122
80 0.912937125848775
Train R2 - DI: 0.193
Val R2 - DI: 0.103
Test R2 - DI: 0.105
81 0.9076791681242029
82 0.9155514041414511
83 0.9177492802976855
84 0.9241397903694327
85 0.9119633066260542
86 0.9181495573841647
87 0.8942010527339455
88 0.8925059712811307
89 0.8859953425073906
90 0.896461362105926
Train R2 - DI: 0.216
Val R2 - DI: 0.096
Test R2 - DI: 0.107
91 0.8796706564541493
92 0.8998790313186129
93 0.8810182559500298
94 0.8688190813088801
95 0.8795676722958571
96 0.8657819653950335
97 0.875313293015321
98 0.8527529194231865
99 0.8708210521890994
100 0.8573460001545776
Train R2 - DI: 0.238
Val R2 - DI: 0.093
Test R2 - DI: 0.110
101 0.8574603707178683
102 0.8584753584296495
103 0.8504723235270818
104 0.8587598493803769
105 0.849832847096171
106 0.8501760694659635
107 0.8447923038997053
108 0.8630115807207835
109 0.8431497095097534
110 0.8481688129003526
Train R2 - DI: 0.257
Val R2 - DI: 0.094
Test R2 - DI: 0.120
111 0.8455488262895201
112 0.8388518342822412
113 0.8344326982247839
114 0.8307222592739812
115 0.8262969958489472
116 0.8293111108300244
117 0.8236822183610624
118 0.8230666503070473
119 0.8134725307832826
120 0.8143143615008006
Train R2 - DI: 0.280
Val R2 - DI: 0.084
Test R2 - DI: 0.116
121 0.8055430993904611
122 0.8043877552567045
123 0.812210838185035
124 0.8045129959205769
125 0.7866959181203366
126 0.7994101558268626
127 0.7959103269358998
128 0.7900553380504288
129 0.79327432105947
130 0.7793525375621385
Train R2 - DI: 0.302
Val R2 - DI: 0.088
Test R2 - DI: 0.123
131 0.7805623086098389
132 0.7700022625579963
133 0.7839959405116567
134 0.7758523467533877
135 0.7743100733902372
136 0.7733670131923989
137 0.7636826740897984
138 0.75307448812706
139 0.7620915765483737
140 0.757815118566799
Train R2 - DI: 0.327
Val R2 - DI: 0.079
Test R2 - DI: 0.119
141 0.766138948443378
142 0.759807924614631
143 0.7465623519765836
144 0.743860569876397
145 0.7414987248247907
146 0.7423931308261021
147 0.7555904593334473
148 0.7473074350692174
149 0.7347718446462665
150 0.728059860329624
Train R2 - DI: 0.350
Val R2 - DI: 0.077
Test R2 - DI: 0.126
151 0.7304634078390815
152 0.7359112042375382
153 0.7286958658119868
154 0.7221704996005647
155 0.7133591068588405
156 0.7229373913816635
157 0.7165620000961975
158 0.7163898173678638
159 0.7107328628706387
160 0.7042375653098943
Train R2 - DI: 0.373
Val R2 - DI: 0.078
Test R2 - DI: 0.132
161 0.7013418017354283
162 0.7051905881137186
163 0.7045099482407113
164 0.6934636153476305
165 0.6975836382388665
166 0.6821882120135676
167 0.6793372380743584
168 0.6804777270752328
169 0.679531631936066
170 0.6630170310482345
Train R2 - DI: 0.404
Val R2 - DI: 0.066
Test R2 - DI: 0.122
171 0.6692095847073296
172 0.6694634971126069
173 0.6737731068846939
174 0.6617956835773413
175 0.6683262314057572
176 0.656228549040343
177 0.6627671824583656
178 0.6555247192257648
179 0.6571963946260102
180 0.6480644884299263
Train R2 - DI: 0.431
Val R2 - DI: 0.064
Test R2 - DI: 0.127
181 0.6307559620516467
182 0.6414634539957879
183 0.640656194880693
184 0.6401569695416192
185 0.639158526888144
186 0.6347620430182441
187 0.6204418616714769
188 0.6263829365208632
189 0.6243955673149942
190 0.6214405909925068
Train R2 - DI: 0.462
Val R2 - DI: 0.049
Test R2 - DI: 0.114
191 0.6006811862522823
192 0.6043390620067703
193 0.6139163734749351
194 0.5946725166823075
195 0.5990278310032844
196 0.5992355606345985
197 0.5891599204962179
198 0.5835022421129471
199 0.5839073903271952
200 0.5855470343629351
Train R2 - DI: 0.489
Val R2 - DI: 0.052
Test R2 - DI: 0.120
0.10617040724698046
Test R2 - DI: 0.120
Test R2 - DI: 0.145

------------------------------------------------------------
Sender: LSF System <lsfadmin@hpc.dtu.dk>
Subject: Job 14675410: <testjob> in cluster <dcc> Done

Job <testjob> was submitted from host <n-62-30-6> by user <s174503> in cluster <dcc> at Fri Nov  4 01:15:02 2022
Job was executed on host(s) <n-62-11-14>, in queue <gpuv100>, as user <s174503> in cluster <dcc> at Fri Nov  4 01:15:03 2022
</zhome/fd/6/127382> was used as the home directory.
</zhome/fd/6/127382/Desktop/MasterThesis/Master-thesis> was used as the working directory.
Started at Fri Nov  4 01:15:03 2022
Terminated at Fri Nov  4 06:51:09 2022
Results reported at Fri Nov  4 06:51:09 2022

Your job looked like:

------------------------------------------------------------
# LSBATCH: User input
#!/bin/sh
#BSUB -q gpuv100
#BSUB -J testjob
#BSUB -n 1
#BSUB -gpu "num=1:mode=exclusive_process"
#BSUB -W 10:00
#BSUB -R "rusage[mem=5GB]"
#BSUB -o outputs/gpu_%J.out
#BSUB -e outputs/errors/gpu_%J.err

nvidia-smi
module load cuda/11.6

/appl/cuda/11.6.0/samples/bin/x86_64/linux/release/deviceQuery

source $HOME/miniconda3/bin/activate
source venv_1/bin/activate

python3 main.py Deep_google 128 1e-6 0.1 200 t3
python3 main.py Deep_google 128 1e-6 0.5 200 t4

------------------------------------------------------------

Successfully completed.

Resource usage summary:

    CPU time :                                   17143.85 sec.
    Max Memory :                                 2323 MB
    Average Memory :                             2211.32 MB
    Total Requested Memory :                     5120.00 MB
    Delta Memory :                               2797.00 MB
    Max Swap :                                   4 MB
    Max Processes :                              4
    Max Threads :                                8
    Run time :                                   20175 sec.
    Turnaround time :                            20167 sec.

The output (if any) is above this job summary.



PS:

Read file <outputs/errors/gpu_14675410.err> for stderr output of this job.

