Mon Nov 14 23:10:40 2022       
+-----------------------------------------------------------------------------+
| NVIDIA-SMI 520.61.05    Driver Version: 520.61.05    CUDA Version: 11.8     |
|-------------------------------+----------------------+----------------------+
| GPU  Name        Persistence-M| Bus-Id        Disp.A | Volatile Uncorr. ECC |
| Fan  Temp  Perf  Pwr:Usage/Cap|         Memory-Usage | GPU-Util  Compute M. |
|                               |                      |               MIG M. |
|===============================+======================+======================|
|   0  Tesla V100-PCIE...  On   | 00000000:37:00.0 Off |                    0 |
| N/A   38C    P0    41W / 250W |      0MiB / 16384MiB |      0%   E. Process |
|                               |                      |                  N/A |
+-------------------------------+----------------------+----------------------+
                                                                               
+-----------------------------------------------------------------------------+
| Processes:                                                                  |
|  GPU   GI   CI        PID   Type   Process name                  GPU Memory |
|        ID   ID                                                   Usage      |
|=============================================================================|
|  No running processes found                                                 |
+-----------------------------------------------------------------------------+
/appl/cuda/11.6.0/samples/bin/x86_64/linux/release/deviceQuery Starting...

 CUDA Device Query (Runtime API) version (CUDART static linking)

Detected 1 CUDA Capable device(s)

Device 0: "Tesla V100-PCIE-16GB"
  CUDA Driver Version / Runtime Version          11.8 / 11.6
  CUDA Capability Major/Minor version number:    7.0
  Total amount of global memory:                 16161 MBytes (16945709056 bytes)
  (080) Multiprocessors, (064) CUDA Cores/MP:    5120 CUDA Cores
  GPU Max Clock rate:                            1380 MHz (1.38 GHz)
  Memory Clock rate:                             877 Mhz
  Memory Bus Width:                              4096-bit
  L2 Cache Size:                                 6291456 bytes
  Maximum Texture Dimension Size (x,y,z)         1D=(131072), 2D=(131072, 65536), 3D=(16384, 16384, 16384)
  Maximum Layered 1D Texture Size, (num) layers  1D=(32768), 2048 layers
  Maximum Layered 2D Texture Size, (num) layers  2D=(32768, 32768), 2048 layers
  Total amount of constant memory:               65536 bytes
  Total amount of shared memory per block:       49152 bytes
  Total shared memory per multiprocessor:        98304 bytes
  Total number of registers available per block: 65536
  Warp size:                                     32
  Maximum number of threads per multiprocessor:  2048
  Maximum number of threads per block:           1024
  Max dimension size of a thread block (x,y,z): (1024, 1024, 64)
  Max dimension size of a grid size    (x,y,z): (2147483647, 65535, 65535)
  Maximum memory pitch:                          2147483647 bytes
  Texture alignment:                             512 bytes
  Concurrent copy and kernel execution:          Yes with 7 copy engine(s)
  Run time limit on kernels:                     No
  Integrated GPU sharing Host Memory:            No
  Support host page-locked memory mapping:       Yes
  Alignment requirement for Surfaces:            Yes
  Device has ECC support:                        Enabled
  Device supports Unified Addressing (UVA):      Yes
  Device supports Managed Memory:                Yes
  Device supports Compute Preemption:            Yes
  Supports Cooperative Kernel Launch:            Yes
  Supports MultiDevice Co-op Kernel Launch:      Yes
  Device PCI Domain ID / Bus ID / location ID:   0 / 55 / 0
  Compute Mode:
     < Exclusive Process (many threads in one process is able to use ::cudaSetDevice() with this device) >

deviceQuery, CUDA Driver = CUDART, CUDA Driver Version = 11.8, CUDA Runtime Version = 11.6, NumDevs = 1
Result = PASS
CNN_simple
batch_size =  128 lr =  1e-08 wd =  1.0
5580 1000 1000
cuda:0
Using Adam
1 2.893887742873161
2 2.5442174679062273
3 2.2707210222880048
4 2.02721980993893
5 1.83056727540963
6 1.6747671753702198
7 1.542745843668565
8 1.4446849461524718
9 1.3458881587537814
10 1.3005062740763456
Train R2 - DI: -0.126
Val R2 - DI: -0.156
Test R2 - DI: -0.137
11 1.2404333007805664
12 1.2055121003085993
13 1.157791030791498
14 1.139791333376293
15 1.1284705532067139
16 1.1037521113631545
17 1.072896871301863
18 1.057699928146964
19 1.0507783887206867
20 1.0366788875244852
Train R2 - DI: 0.100
Val R2 - DI: 0.070
Test R2 - DI: 0.101
21 1.020587983353591
22 1.012564867286272
23 1.0127986331567116
24 1.0081278316009001
25 1.0075853694297079
26 0.9700569573269096
27 0.9801300697429206
28 0.9750610663044837
29 0.963298581577971
30 0.9681505130610586
Train R2 - DI: 0.171
Val R2 - DI: 0.141
Test R2 - DI: 0.166
31 0.9678462055848918
32 0.9440423068607152
33 0.9346493404825956
34 0.9385096208596315
35 0.9408267659098444
36 0.9287406512058763
37 0.9296775150042709
38 0.9329175827323749
39 0.9361034462956117
40 0.9189757598343716
Train R2 - DI: 0.214
Val R2 - DI: 0.175
Test R2 - DI: 0.201
41 0.913226345320329
42 0.9150338643340654
43 0.9111384114484206
44 0.8986290508700955
45 0.8932088940801586
46 0.8891578848216696
47 0.9033172145539288
48 0.9000647714915668
49 0.8773864263274763
50 0.8774048233544954
Train R2 - DI: 0.238
Val R2 - DI: 0.194
Test R2 - DI: 0.220
51 0.8931121578780553
52 0.8746940329510678
53 0.885615370435954
54 0.8718790680704152
55 0.8750120924792409
56 0.8746766151920442
57 0.8624377990708983
58 0.8649306127674691
59 0.8620650642661638
60 0.8628920962306333
Train R2 - DI: 0.259
Val R2 - DI: 0.208
Test R2 - DI: 0.236
61 0.8633214593360928
62 0.8701493359808427
63 0.8558258562959651
64 0.852015976965641
65 0.852510734313705
66 0.8605570845706488
67 0.8533456252467247
68 0.8543387915498467
69 0.8416302698060176
70 0.8461668385826986
Train R2 - DI: 0.275
Val R2 - DI: 0.215
Test R2 - DI: 0.247
71 0.8380475234814442
72 0.8496445017048962
73 0.8510116968530907
74 0.8398535306308432
75 0.8531579895258804
76 0.828661731323461
77 0.8388404790645859
78 0.82874819852118
79 0.8302501296484343
80 0.8325045127595198
Train R2 - DI: 0.288
Val R2 - DI: 0.220
Test R2 - DI: 0.256
81 0.827109124241764
82 0.8317822417050706
83 0.8276405076399499
84 0.8343594803605029
85 0.8243511923752378
86 0.8277385968888532
87 0.8093052170182642
88 0.8208294481359503
89 0.8135305290153805
90 0.8309980618910977
Train R2 - DI: 0.298
Val R2 - DI: 0.225
Test R2 - DI: 0.261
91 0.819071145382406
92 0.8381570400302982
93 0.8240819950257579
94 0.8239016923853146
95 0.8128897653258402
96 0.8160443626851591
97 0.8266475476244445
98 0.8082060238366486
99 0.8132633686920221
100 0.8065560809600311
Train R2 - DI: 0.304
Val R2 - DI: 0.229
Test R2 - DI: 0.266
101 0.8203493046931468
102 0.8189963758205427
103 0.8074673193757252
104 0.8067235684736656
105 0.7934823187021371
106 0.8034167288452067
107 0.8083690338237312
108 0.7964825908342997
109 0.8049496619932113
110 0.8057295087845094
Train R2 - DI: 0.314
Val R2 - DI: 0.230
Test R2 - DI: 0.271
111 0.7892749268094271
112 0.7926251278983222
113 0.8059189394383448
114 0.8100616589241985
115 0.8047426934310612
116 0.7960192651731566
117 0.7975938131305051
118 0.8024832507615448
119 0.7909424269925737
120 0.7937715221904085
Train R2 - DI: 0.321
Val R2 - DI: 0.230
Test R2 - DI: 0.275
121 0.7998738099169987
122 0.7939151571642968
123 0.7832340420787907
124 0.7936369249043072
125 0.8009193942538299
126 0.7914078496263018
127 0.7960925712807632
128 0.7783890384927018
129 0.7867331373648832
130 0.7865913118085553
Train R2 - DI: 0.324
Val R2 - DI: 0.233
Test R2 - DI: 0.278
131 0.7929720088145211
132 0.7838034072657213
133 0.7910719730948035
134 0.7973950131392393
135 0.77836585412316
136 0.7961525128733727
137 0.7765863281424328
138 0.781799476291971
139 0.7808923711913461
140 0.7882996534361207
Train R2 - DI: 0.327
Val R2 - DI: 0.234
Test R2 - DI: 0.279
141 0.7818443992659182
142 0.7693913389704988
143 0.7823506702658951
144 0.7825397065890732
145 0.7823152183204569
146 0.7720183445561317
147 0.7774542932014739
148 0.7721672923761457
149 0.7740767088414947
150 0.7826022051568527
Train R2 - DI: 0.333
Val R2 - DI: 0.237
Test R2 - DI: 0.283
151 0.7737031239335255
152 0.7792776292370212
153 0.7790938805935631
154 0.7668899330614288
155 0.7836290322324281
156 0.770066550384713
157 0.768668947937668
158 0.7710461554134191
159 0.7822588818474909
160 0.7817606583291057
Train R2 - DI: 0.337
Val R2 - DI: 0.238
Test R2 - DI: 0.286
161 0.7803028089598516
162 0.7694698469185914
163 0.7771828724919254
164 0.7643666075121972
165 0.7701119184066745
166 0.7725729447539135
167 0.7641499377920636
168 0.758206252342484
169 0.7579608039616684
170 0.7759765785227539
Train R2 - DI: 0.343
Val R2 - DI: 0.237
Test R2 - DI: 0.286
171 0.7582574153886473
172 0.7525829847140979
173 0.7605021838218935
174 0.7505048966322321
175 0.7596710024768734
176 0.7586780289167999
177 0.7647283189185631
178 0.7741919151771026
179 0.7734012869951118
180 0.7482690768002609
Train R2 - DI: 0.347
Val R2 - DI: 0.238
Test R2 - DI: 0.288
181 0.7535543421263335
182 0.7544590035219774
183 0.7604513790017815
184 0.7603368599782281
185 0.766801016860538
186 0.7674532533973776
187 0.7489160619328954
188 0.7591380555997186
189 0.7497578407701199
190 0.7587517652460324
Train R2 - DI: 0.352
Val R2 - DI: 0.238
Test R2 - DI: 0.291
191 0.7592364333436481
192 0.7468819021324103
193 0.7510898993434018
194 0.7561263386493943
195 0.7447638338611972
196 0.7489556313415582
197 0.7524855462026425
198 0.7492599265122499
199 0.7471189028046037
200 0.7448497944407992
Train R2 - DI: 0.352
Val R2 - DI: 0.241
Test R2 - DI: 0.291
201 0.7440347430953843
202 0.7440874031794968
203 0.7373115935205986
204 0.754079668667154
205 0.7555522724291757
206 0.753294594099872
207 0.7468708298112329
208 0.7484101052779878
209 0.7541870115478406
210 0.7442604225168946
Train R2 - DI: 0.358
Val R2 - DI: 0.239
Test R2 - DI: 0.293
211 0.7476383278446813
212 0.7463620065788215
213 0.7468149975636527
214 0.7493254456041535
215 0.7459763643134879
216 0.739023094194337
217 0.738728728046554
218 0.7442572635561762
219 0.7373341752636817
220 0.7355888024025921
Train R2 - DI: 0.363
Val R2 - DI: 0.237
Test R2 - DI: 0.293
221 0.7417339008341554
222 0.7406814301313038
223 0.7403001506268765
224 0.7410714330211763
225 0.7417637636584621
226 0.7389848524951593
227 0.7347613116319034
228 0.7320141168905415
229 0.7429294209753741
230 0.727202652432158
Train R2 - DI: 0.362
Val R2 - DI: 0.242
Test R2 - DI: 0.296
231 0.7443526838415413
232 0.7396212433401401
233 0.7334787963539041
234 0.7447003121444401
235 0.7386689246769019
236 0.7332796003656148
237 0.7372816136660969
238 0.7343411725909051
239 0.7495264282790564
240 0.735470873566084
Train R2 - DI: 0.366
Val R2 - DI: 0.242
Test R2 - DI: 0.297
241 0.732302554362991
242 0.7461069985102582
243 0.7290315405442296
244 0.7292521066135831
245 0.7353079578355222
246 0.7394679304092161
247 0.7384467833785601
248 0.7373402287883143
249 0.7465147705915581
250 0.7409985981107186
Train R2 - DI: 0.366
Val R2 - DI: 0.244
Test R2 - DI: 0.298
251 0.7331414171444472
252 0.7287132293520008
253 0.7295817096600823
254 0.7321016001444991
255 0.7362923258094377
256 0.7396113667009552
257 0.7266885471600358
258 0.7325015989255734
259 0.7426790868082355
260 0.731013444888549
Train R2 - DI: 0.374
Val R2 - DI: 0.240
Test R2 - DI: 0.298
261 0.7222558337300482
262 0.7285571701637733
263 0.7198756628566318
264 0.7370863156933938
265 0.7249048693632995
266 0.7269557472625514
267 0.7248679829327437
268 0.7224037837811268
269 0.7180642026299644
270 0.7212454354891213
Train R2 - DI: 0.375
Val R2 - DI: 0.242
Test R2 - DI: 0.299
271 0.7241628089258748
272 0.7269474867851503
273 0.7272639217342527
274 0.7253752670407723
275 0.7240395394277401
276 0.7222223123341905
277 0.7056665275686531
278 0.7162723791642001
279 0.7304167086505549
280 0.7158538244103873
Train R2 - DI: 0.372
Val R2 - DI: 0.246
Test R2 - DI: 0.301
281 0.712732187650537
282 0.7202574738892176
283 0.708110520745691
284 0.7265780264331448
285 0.7297513255081723
286 0.7225280094317638
287 0.7246388318290847
288 0.7242890198170925
289 0.7337054931562007
290 0.715530987922436
Train R2 - DI: 0.378
Val R2 - DI: 0.245
Test R2 - DI: 0.302
291 0.7240465937549495
292 0.7276584695744258
293 0.7247440289852867
294 0.7221752724767159
295 0.7248926902757323
296 0.721691104160842
297 0.7215557387225516
298 0.7193436494010323
299 0.721996763829262
300 0.7177768763675485
Train R2 - DI: 0.382
Val R2 - DI: 0.244
Test R2 - DI: 0.303
301 0.7030108883389435
302 0.7148538883868939
303 0.7298392304382871
304 0.720419181760494
305 0.7135141763208588
306 0.7191237583809856
307 0.7115325526524615
308 0.7157010996640797
309 0.7073294010213627
310 0.7084958419577623
Train R2 - DI: 0.380
Val R2 - DI: 0.247
Test R2 - DI: 0.303
311 0.7066802331623638
312 0.7178412121683894
313 0.7133743110096156
314 0.7265872164866403
315 0.7148244876588117
316 0.7136130865756756
317 0.712299849055574
318 0.7130829346649963
319 0.7125461879169642
320 0.7131681289724124
Train R2 - DI: 0.388
Val R2 - DI: 0.245
Test R2 - DI: 0.304
321 0.708368486059182
322 0.712289274593408
323 0.7164882492848195
324 0.7067483925477578
325 0.7027476418402887
326 0.715062615862884
327 0.7015437307323606
328 0.6961754398106674
329 0.7100302913282934
330 0.7103960185495328
Train R2 - DI: 0.388
Val R2 - DI: 0.246
Test R2 - DI: 0.305
331 0.707177340172525
332 0.7058568326803091
333 0.7106038578949522
334 0.7104788920785364
335 0.7069855204192541
336 0.7062309154900172
337 0.7004456500853261
338 0.7054347620215468
339 0.7079415032940526
340 0.69663728116661
Train R2 - DI: 0.390
Val R2 - DI: 0.247
Test R2 - DI: 0.306
341 0.7093886282281636
342 0.7050288349924122
343 0.7083851487833112
344 0.702929422248649
345 0.6996399852537339
346 0.7053170547263169
347 0.7018289056730099
348 0.7002673669527936
349 0.705978819119033
350 0.6960606528439403
Train R2 - DI: 0.393
Val R2 - DI: 0.246
Test R2 - DI: 0.306
351 0.7025286824045216
352 0.7021182223460153
353 0.6954250216911343
354 0.7034373702541474
355 0.6961316183903739
356 0.6971547916798608
357 0.7038414207837915
358 0.7069135453965929
359 0.6896828069054525
360 0.6934164123295883
Train R2 - DI: 0.398
Val R2 - DI: 0.245
Test R2 - DI: 0.307
361 0.6990006983066546
362 0.6989999338717443
363 0.7026285832500799
364 0.6951459936770914
365 0.7050079723412845
366 0.6981854649000271
367 0.7010077265428386
368 0.6931043860305595
369 0.7048196052137669
370 0.6992890333189332
Train R2 - DI: 0.397
Val R2 - DI: 0.248
Test R2 - DI: 0.308
371 0.6887285588035447
372 0.6971663837791771
373 0.6944772949355478
374 0.6906420422924889
375 0.698255498605817
376 0.6931330395001237
377 0.6978417222217846
378 0.700728212932532
379 0.6975143524053703
380 0.6878473003705342
Train R2 - DI: 0.401
Val R2 - DI: 0.246
Test R2 - DI: 0.307
381 0.6987254581143779
382 0.688353419303894
383 0.6952157891352116
384 0.6922894034761682
385 0.6927162727147448
386 0.6942600416453508
387 0.6922934120273931
388 0.6952604089586538
389 0.6960502891984892
390 0.6955715620389549
Train R2 - DI: 0.401
Val R2 - DI: 0.248
Test R2 - DI: 0.309
391 0.6927772192117562
392 0.6856286860281421
393 0.6969301922774229
394 0.6974984418534036
395 0.695914649108832
396 0.6860319819074377
397 0.6886340661715435
398 0.6925068592939753
399 0.6882896328485141
400 0.6870990833501235
Train R2 - DI: 0.407
Val R2 - DI: 0.246
Test R2 - DI: 0.309
0.24806769885133073
Test R2 - DI: 0.309
Test R2 - DI: 0.309
CNN_simple
batch_size =  128 lr =  1e-08 wd =  10.0
5580 1000 1000
cuda:0
Using Adam
1 4.150817832468231
2 3.8668749291409727
3 3.582004917137939
4 3.35213049509192
5 3.1066604046838684
6 2.9316075928322305
7 2.7342895823994846
8 2.575565742848167
9 2.446354443368946
10 2.3093008591710027
Train R2 - DI: -1.077
Val R2 - DI: -1.160
Test R2 - DI: -1.162
11 2.2152641231441157
12 2.11444326951085
13 2.0186974510069815
14 1.949472181258663
15 1.8711206198593195
16 1.7982280162927498
17 1.7386506964228914
18 1.6951639067742132
19 1.651863078746317
20 1.5954655243931706
Train R2 - DI: -0.446
Val R2 - DI: -0.525
Test R2 - DI: -0.522
21 1.5715744925228925
22 1.535597247718483
23 1.51835640604778
24 1.4653543731217744
25 1.4662951927458514
26 1.4407520879554065
27 1.4108058103951076
28 1.3964829921722413
29 1.376007174847374
30 1.3573497528670937
Train R2 - DI: -0.221
Val R2 - DI: -0.295
Test R2 - DI: -0.285
31 1.3507757687654118
32 1.338774107177625
33 1.3186869893022763
34 1.304520314568687
35 1.3093815389072596
36 1.2954811729410642
37 1.2828013931124014
38 1.2578612250666465
39 1.2565985232698447
40 1.2585718141234477
Train R2 - DI: -0.114
Val R2 - DI: -0.186
Test R2 - DI: -0.170
41 1.2423164271539258
42 1.246289768398449
43 1.2294827057042002
44 1.2267990178104797
45 1.2249400049982104
46 1.2066125056222348
47 1.1976088319628042
48 1.1826077732134037
49 1.1915594895680746
50 1.1784265745497946
Train R2 - DI: -0.033
Val R2 - DI: -0.103
Test R2 - DI: -0.086
51 1.1915981203851733
52 1.1767416335348588
53 1.1634623511290465
54 1.160747212406555
55 1.1714126967187424
56 1.1568325938289739
57 1.1426033671184253
58 1.1511016982430626
59 1.1420521462690019
60 1.140728926744085
Train R2 - DI: 0.008
Val R2 - DI: -0.060
Test R2 - DI: -0.038
61 1.1345579492575806
62 1.12255150195091
63 1.1278639953196263
64 1.12376417976981
65 1.126795525619206
66 1.1215411046499848
67 1.119286323960964
68 1.1118844664652288
69 1.102602983375604
70 1.1006091859605578
Train R2 - DI: 0.037
Val R2 - DI: -0.029
Test R2 - DI: -0.006
71 1.096761034381005
72 1.081363727969508
73 1.0920469612203618
74 1.0911760910437527
75 1.0996036122776702
76 1.0848875793504886
77 1.0807193247648124
78 1.0797812798117223
79 1.0780702015832333
80 1.0810839106959682
Train R2 - DI: 0.066
Val R2 - DI: 0.001
Test R2 - DI: 0.027
81 1.0751704574913108
82 1.0597700407000852
83 1.065749041666694
84 1.0624004313595405
85 1.0697708203373844
86 1.04304753580401
87 1.0788266969838023
88 1.0597931502967752
89 1.0543003778731097
90 1.0400315792757122
Train R2 - DI: 0.094
Val R2 - DI: 0.030
Test R2 - DI: 0.054
91 1.0600583464441333
92 1.044443142285911
93 1.0435297216565806
94 1.0427505719618986
95 1.0460241304076274
96 1.030441705642208
97 1.0395552962911598
98 1.0211507054639974
99 1.0436979033186444
100 1.0302583178738967
Train R2 - DI: 0.109
Val R2 - DI: 0.047
Test R2 - DI: 0.070
101 1.0264905938110898
102 1.0246080504523383
103 1.014378229734291
104 1.0269764797661893
105 1.0207843013989029
106 1.0208739164482308
107 1.0315223155483122
108 1.0213824224301136
109 1.0291864701923932
110 1.0208709529223836
Train R2 - DI: 0.129
Val R2 - DI: 0.067
Test R2 - DI: 0.090
111 1.0220619233278392
112 1.0096419251520574
113 1.0161508995999573
114 1.017396986783619
115 1.004788851866158
116 1.0237912217348708
117 1.0037548190803938
118 1.015428129490131
119 0.9945707339967024
120 0.9999070567896716
Train R2 - DI: 0.140
Val R2 - DI: 0.078
Test R2 - DI: 0.101
121 0.9983090895905717
122 1.0067103502143668
123 0.9859920379508781
124 0.9904002452836669
125 0.9788998742684668
126 0.9773017965337282
127 1.002931044904989
128 1.0089332064847365
129 0.9794810693323825
130 0.9881907956574553
Train R2 - DI: 0.151
Val R2 - DI: 0.090
Test R2 - DI: 0.112
131 0.9754559301988198
132 0.985881079909622
133 0.9806014617284139
134 0.9724121215095657
135 0.9870658549783905
136 0.9704734095535825
137 0.970055946611589
138 0.9823587259511366
139 0.9791571600035527
140 0.9759409724597863
Train R2 - DI: 0.160
Val R2 - DI: 0.100
Test R2 - DI: 0.123
141 0.9657169430059344
142 0.978951572730977
143 0.9660093205804039
144 0.9779623824635714
145 0.9683146435727356
146 0.963771616643475
147 0.9728359991931573
148 0.9669503528584716
149 0.9725119551022847
150 0.954475986829368
Train R2 - DI: 0.174
Val R2 - DI: 0.114
Test R2 - DI: 0.133
151 0.9634368165846794
152 0.9642906138119305
153 0.9751862437921613
154 0.9624512100305181
155 0.9500810100186255
156 0.9457421354922769
157 0.9477892773553035
158 0.946162341102477
159 0.9484646884343957
160 0.9539811735939382
Train R2 - DI: 0.184
Val R2 - DI: 0.125
Test R2 - DI: 0.146
161 0.9599652255735089
162 0.9437121096477714
163 0.9577725097697268
164 0.9512121097161351
165 0.9511576524772097
166 0.9426862785893102
167 0.9385708820008035
168 0.9456740816861497
169 0.9525719523857145
170 0.9279997627367683
Train R2 - DI: 0.197
Val R2 - DI: 0.136
Test R2 - DI: 0.156
171 0.9242750708774854
172 0.9309692161057586
173 0.9395960605272683
174 0.9350085870339452
175 0.9283268503818033
176 0.940099269386688
177 0.9376215767689503
178 0.9313441109913652
179 0.9384586621356267
180 0.9446228795581394
Train R2 - DI: 0.201
Val R2 - DI: 0.140
Test R2 - DI: 0.158
181 0.9136045809287752
182 0.9213394240239188
183 0.9332371081929908
184 0.9187489396782331
185 0.921137836842554
186 0.9420916786330575
187 0.9281193123923408
188 0.9263803960601916
189 0.9237814849422824
190 0.9123302987826768
Train R2 - DI: 0.210
Val R2 - DI: 0.149
Test R2 - DI: 0.166
191 0.9382964865708436
192 0.9321066814938753
193 0.9288872491928839
194 0.9263129720123865
195 0.9224809807688532
196 0.9233693898792336
197 0.9290025970841821
198 0.9162642369133597
199 0.9185792137645051
200 0.9268478503791234
Train R2 - DI: 0.208
Val R2 - DI: 0.147
Test R2 - DI: 0.162
201 0.9315198230914318
202 0.9158801008723543
203 0.9017047183488005
204 0.9206656610666637
205 0.9146340178759722
206 0.9021619680107281
207 0.9074783165395046
208 0.9231268369596064
209 0.9090702428612658
210 0.9095911098637461
Train R2 - DI: 0.225
Val R2 - DI: 0.163
Test R2 - DI: 0.178
211 0.8931831405154266
212 0.9105774552591386
213 0.9012802403460267
214 0.9037551248372669
215 0.8988409447413619
216 0.8996442057325849
217 0.8942662355720356
218 0.9047692633444263
219 0.8999890700890599
220 0.900888106558058
Train R2 - DI: 0.227
Val R2 - DI: 0.166
Test R2 - DI: 0.180
221 0.8970377731921425
222 0.9057034120764783
223 0.8953193217195491
224 0.8940622352357407
225 0.8911443173671709
226 0.9004198521696111
227 0.9020830961965746
228 0.8930411189260449
229 0.9010893567061339
230 0.9046046022873199
Train R2 - DI: 0.236
Val R2 - DI: 0.174
Test R2 - DI: 0.191
231 0.8974900767794647
232 0.8889541879776985
233 0.8846492056350982
234 0.9009642012657658
235 0.900170493553189
236 0.8901651586682993
237 0.8799443453443521
238 0.8948744933237739
239 0.8931178244211341
240 0.8909729897335011
Train R2 - DI: 0.238
Val R2 - DI: 0.176
Test R2 - DI: 0.191
241 0.8871543194658013
242 0.8801194458024904
243 0.8769312035225626
244 0.8981254282818045
245 0.8868243337532098
246 0.8852127431541361
247 0.8909013976332962
248 0.8897311425123591
249 0.8900543883282651
250 0.8790866305323912
Train R2 - DI: 0.245
Val R2 - DI: 0.183
Test R2 - DI: 0.196
251 0.8810670450596827
252 0.8774022522365748
253 0.8753751041214098
254 0.8887183006946331
255 0.8849399144504233
256 0.8777846348755676
257 0.8900305665522066
258 0.8676952728661158
259 0.8738602215671197
260 0.8951364442011789
Train R2 - DI: 0.250
Val R2 - DI: 0.186
Test R2 - DI: 0.200
261 0.8779571431512047
262 0.875960344054793
263 0.8791479662755057
264 0.8748191986032712
265 0.8644543248692721
266 0.8733184188497537
267 0.8778063476726573
268 0.8800049689508254
269 0.8671610312649853
270 0.8702569160410153
Train R2 - DI: 0.253
Val R2 - DI: 0.191
Test R2 - DI: 0.200
271 0.8680843266962249
272 0.8758467084190752
273 0.8758444275052744
274 0.8696479328217045
275 0.8682874861156641
276 0.8586989496771152
277 0.879043467113194
278 0.8772610582758449
279 0.8797473455415404
280 0.8587668187302073
Train R2 - DI: 0.257
Val R2 - DI: 0.192
Test R2 - DI: 0.203
281 0.8806127460626718
282 0.8718103591259235
283 0.87058985681944
284 0.8614156327367256
285 0.8769298065520529
286 0.8689958048550459
287 0.8508500995601804
288 0.8563164292697838
289 0.8776385807221936
290 0.8678974267829703
Train R2 - DI: 0.262
Val R2 - DI: 0.197
Test R2 - DI: 0.206
291 0.8704838567737183
292 0.8472402770886712
293 0.858085721795277
294 0.8717166943362109
295 0.8584224650509469
296 0.8540828803961422
297 0.8603559022308678
298 0.8549079377164123
299 0.8561437179538084
300 0.8716383414456494
Train R2 - DI: 0.264
Val R2 - DI: 0.198
Test R2 - DI: 0.209
301 0.8499449564991886
302 0.8635489991061577
303 0.8451740950239175
304 0.8595955031319759
305 0.8655352358322417
306 0.8655893344605695
307 0.8483356720657759
308 0.8573804176836458
309 0.8612535428829945
310 0.859066677862598
Train R2 - DI: 0.270
Val R2 - DI: 0.204
Test R2 - DI: 0.212
311 0.8541258400486361
312 0.85701283818932
313 0.8496970104914839
314 0.8679318032384346
315 0.8412677955883805
316 0.8495779452358095
317 0.8529014314801889
318 0.8582261549529209
319 0.8449142960237346
320 0.8486459821355813
Train R2 - DI: 0.274
Val R2 - DI: 0.207
Test R2 - DI: 0.218
321 0.8606508484023446
322 0.8525519249259784
323 0.8592363999735925
324 0.8436915402771324
325 0.858891286730339
326 0.8563772219910843
327 0.8528005005210959
328 0.8644701535129206
329 0.8501236686569815
330 0.8383042738429107
Train R2 - DI: 0.269
Val R2 - DI: 0.204
Test R2 - DI: 0.216
331 0.8550189053285934
332 0.8370650957562162
333 0.8553252310308505
334 0.8369432851405126
335 0.849843748923271
336 0.8418116775464841
337 0.8444151699329363
338 0.848393816802664
339 0.8451107309283321
340 0.8478166873737049
Train R2 - DI: 0.280
Val R2 - DI: 0.212
Test R2 - DI: 0.223
341 0.8450597518661116
342 0.8361417585803617
343 0.8396213941676642
344 0.8394365327759883
345 0.8435977573890413
346 0.8510382977010529
347 0.8560634178500022
348 0.8455284783489815
349 0.8422527067122921
350 0.837354356071855
Train R2 - DI: 0.283
Val R2 - DI: 0.215
Test R2 - DI: 0.224
351 0.8436706433586749
352 0.8373808749260441
353 0.828291005216619
354 0.8383105082751175
355 0.8364788367756806
356 0.8351292229040549
357 0.8338464300265022
358 0.8334575288184655
359 0.8412636763306074
360 0.8340304934850303
Train R2 - DI: 0.285
Val R2 - DI: 0.216
Test R2 - DI: 0.225
361 0.8324205336177648
362 0.8279917252961025
363 0.8227695925261385
364 0.8396527270262386
365 0.8347210695239378
366 0.8355272123035992
367 0.8321702336752287
368 0.8295420784249528
369 0.8321902663049732
370 0.8316789893693821
Train R2 - DI: 0.284
Val R2 - DI: 0.216
Test R2 - DI: 0.224
371 0.8335655925948987
372 0.8359313648661405
373 0.833334726458382
374 0.8442798408983428
375 0.8317769338153169
376 0.8324937891361961
377 0.8264232981589532
378 0.819111178938206
379 0.8256696377176538
380 0.8283514892755871
Train R2 - DI: 0.290
Val R2 - DI: 0.221
Test R2 - DI: 0.228
381 0.8302880522598075
382 0.8276713902805014
383 0.8426900612837952
384 0.832448787287572
385 0.8267119371335566
386 0.819221508972961
387 0.8227229279429255
388 0.8364937519514433
389 0.8194877614257157
390 0.8319121450933504
Train R2 - DI: 0.292
Val R2 - DI: 0.223
Test R2 - DI: 0.235
391 0.8237577371272562
392 0.8278399243576979
393 0.8134327541115464
394 0.8345016135537069
395 0.822264969049816
396 0.8362317143375301
397 0.8226643399525714
398 0.8267990989069784
399 0.8301854625824959
400 0.8266095306283684
Train R2 - DI: 0.290
Val R2 - DI: 0.221
Test R2 - DI: 0.229
401 0.8365182336086013
402 0.8275559401426691
403 0.8265712533800406
404 0.8115295536201914
405 0.8172447629726916
406 0.8184267370931564
407 0.8152332825472706
408 0.8251824411012794
409 0.8380127595744252
410 0.8146679938907692
Train R2 - DI: 0.297
Val R2 - DI: 0.226
Test R2 - DI: 0.235
411 0.809960259673416
412 0.8215037946205412
413 0.820577948452324
414 0.8131070441242615
415 0.8099896084877752
416 0.8200323327040587
417 0.822498374814201
418 0.8168238548395027
419 0.8194272317339443
420 0.8177118949565408
Train R2 - DI: 0.300
Val R2 - DI: 0.228
Test R2 - DI: 0.240
421 0.8146439345079511
422 0.8194383951925462
423 0.8150996623927974
424 0.8173218103292595
425 0.8150386728693507
426 0.8128025874014824
427 0.825119578282893
428 0.8033894777297974
429 0.825403528358774
430 0.8189379526722815
Train R2 - DI: 0.300
Val R2 - DI: 0.228
Test R2 - DI: 0.236
431 0.8071856717482263
432 0.8182804470848439
433 0.8154050752253515
434 0.8221045274888316
435 0.8149351103331453
436 0.8128357086130368
437 0.8164882433884461
438 0.8115786139683057
439 0.8249525951228261
440 0.8071856909328037
Train R2 - DI: 0.305
Val R2 - DI: 0.232
Test R2 - DI: 0.238
441 0.813952675344269
442 0.8082819692122893
443 0.8246123901832061
444 0.8226005664008492
445 0.8048116110986279
446 0.8012070240085698
447 0.801820151737514
448 0.8181802486860624
449 0.8136066588449649
450 0.8204172430499908
Train R2 - DI: 0.302
Val R2 - DI: 0.230
Test R2 - DI: 0.239
451 0.8123291699262503
452 0.8085930797788832
453 0.8031434733807827
454 0.8174710732207076
455 0.8026187611309858
456 0.8185192586273276
457 0.8043780609271005
458 0.8014495141617286
459 0.8031649241310721
460 0.8120809697335766
Train R2 - DI: 0.306
Val R2 - DI: 0.233
Test R2 - DI: 0.239
461 0.7974781204722688
462 0.8134975515813383
463 0.806433390588316
464 0.8154171236527009
465 0.8115132667685068
466 0.8026372575845342
467 0.8023532962286344
468 0.8041802516120309
469 0.8078889036691317
470 0.8080012717981919
Train R2 - DI: 0.308
Val R2 - DI: 0.235
Test R2 - DI: 0.243
471 0.8040185126779754
472 0.803306333266706
473 0.8120199318000493
474 0.8088480839592581
475 0.8137285041979991
476 0.8084945902174946
477 0.8048091835445828
478 0.8086075294829611
479 0.7942002566484567
480 0.8127813826752393
Train R2 - DI: 0.312
Val R2 - DI: 0.237
Test R2 - DI: 0.244
481 0.8145966235027519
482 0.7940948678173899
483 0.8019132467153679
484 0.7972778611712985
485 0.8037858083256684
486 0.8101716292801724
487 0.799078548168196
488 0.8095064591335994
489 0.8106063405245436
490 0.802298907695278
Train R2 - DI: 0.310
Val R2 - DI: 0.236
Test R2 - DI: 0.246
491 0.7974442009002932
492 0.8065076079847138
493 0.8039190068039843
494 0.8083088569743659
495 0.8069889805650199
496 0.8027933755228597
497 0.7966656443465995
498 0.8013445156022212
499 0.8034538926189518
500 0.7912614231895803
Train R2 - DI: 0.316
Val R2 - DI: 0.240
Test R2 - DI: 0.247
501 0.78431389776182
502 0.7892179165262475
503 0.798792078119025
504 0.7926481132011687
505 0.7856305328321286
506 0.787934246456324
507 0.7998996125540853
508 0.7980870327214613
509 0.8059143700907307
510 0.8071650574284215
Train R2 - DI: 0.318
Val R2 - DI: 0.241
Test R2 - DI: 0.249
511 0.8016348455969151
512 0.7978275770782143
513 0.8000722271567177
514 0.7914702751730506
515 0.7919410816657501
516 0.7911811402194389
517 0.7950328625231233
518 0.7950187261386584
519 0.7915262420544915
520 0.7982805185420538
Train R2 - DI: 0.318
Val R2 - DI: 0.240
Test R2 - DI: 0.248
521 0.7941871243993014
522 0.793888702700215
523 0.797986395299221
524 0.7925895531972249
525 0.8104737173271863
526 0.7976227887215153
527 0.7864802694662497
528 0.789573619528056
529 0.7874685245602789
530 0.7919457744099333
Train R2 - DI: 0.317
Val R2 - DI: 0.240
Test R2 - DI: 0.251
531 0.7916689695850495
532 0.7952741264869663
533 0.7872547037712562
534 0.7851397405815809
535 0.7937756524718363
536 0.7943043894237942
537 0.7914854740156495
538 0.7859906252994332
539 0.7866901687823743
540 0.7897095367472659
Train R2 - DI: 0.317
Val R2 - DI: 0.240
Test R2 - DI: 0.250
541 0.8006103135351639
542 0.7826643848504644
543 0.7821770709475309
544 0.7956554047950279
545 0.7951182666645256
546 0.7844371274380701
547 0.7875222127924684
548 0.7875814602366485
549 0.7920577372274091
550 0.7932374500031967
Train R2 - DI: 0.320
Val R2 - DI: 0.242
Test R2 - DI: 0.248
551 0.7965716698690982
552 0.7857482853328882
553 0.7875271462197799
554 0.7927745274318162
555 0.7788204284979023
556 0.7996958869759755
557 0.7908584853226993
558 0.7830319954502967
559 0.793413017343022
560 0.7877536786927117
Train R2 - DI: 0.323
Val R2 - DI: 0.245
Test R2 - DI: 0.251
561 0.788001842182597
562 0.7927698600676751
563 0.7899577928700328
564 0.7849495409210095
565 0.7716376471263107
566 0.7894196713697098
567 0.7812549978174189
568 0.7815608777880242
569 0.8011813958485922
570 0.7865909163669873
Train R2 - DI: 0.317
Val R2 - DI: 0.239
Test R2 - DI: 0.248
571 0.7872940184822219
572 0.7906007600514265
573 0.7729913530811187
574 0.7743877668107282
575 0.7876637890347443
576 0.7716879641283371
577 0.7897112291132677
578 0.7915667651801981
579 0.7817601702973834
580 0.7823310034249419
Train R2 - DI: 0.329
Val R2 - DI: 0.248
Test R2 - DI: 0.257
581 0.7851409915527563
582 0.7861695502393989
583 0.7768955955795918
584 0.773767077794639
585 0.7898391419414124
586 0.7786473069994253
587 0.7838363787606626
588 0.7845336410734388
589 0.7760530925138877
590 0.7739428762466677
Train R2 - DI: 0.322
Val R2 - DI: 0.242
Test R2 - DI: 0.247
591 0.7885480764091656
592 0.7831325186196194
593 0.7753997888616336
594 0.7855229564892349
595 0.7841931041850838
596 0.7859842824252276
597 0.7747792771640217
598 0.7813973252918558
599 0.7708125906605874
600 0.7836669842402141
Train R2 - DI: 0.329
Val R2 - DI: 0.248
Test R2 - DI: 0.256
601 0.7685297636148323
602 0.7716091671297627
603 0.7834377002545155
604 0.7725426690552825
605 0.7768407619127663
606 0.7739581596894076
607 0.7798669315580826
608 0.7765031538556554
609 0.7713321594781773
610 0.7736080888778932
Train R2 - DI: 0.331
Val R2 - DI: 0.249
Test R2 - DI: 0.254
611 0.7807025346704709
612 0.7747201687118913
613 0.7689945160701711
614 0.7846710015795991
615 0.7824067185856536
616 0.7701328746734127
617 0.7707214126022913
618 0.7689440919079661
619 0.7708790825259301
620 0.7926421303475629
Train R2 - DI: 0.333
Val R2 - DI: 0.250
Test R2 - DI: 0.256
621 0.7841699481437711
622 0.7779569071680842
623 0.7717043419892643
624 0.7847683444672588
625 0.7847768779296601
626 0.7780738426793006
627 0.7862542226750363
628 0.7837764779726665
629 0.7684778710419986
630 0.7857100362846073
Train R2 - DI: 0.333
Val R2 - DI: 0.250
Test R2 - DI: 0.256
631 0.7647149607272131
632 0.7732453759853131
633 0.7751847332523715
634 0.781200678673269
635 0.7715816690930329
636 0.7748576817973968
637 0.7683845951138432
638 0.7844807451771152
639 0.7635499209486029
640 0.7732826626856267
Train R2 - DI: 0.332
Val R2 - DI: 0.250
Test R2 - DI: 0.258
641 0.7813681160250018
642 0.7680879630922844
643 0.7804326140752402
644 0.7732848015737362
645 0.7780728866122529
646 0.770461008283827
647 0.7700236766996349
648 0.7740394963158501
649 0.762177538230855
650 0.7638661605055614
Train R2 - DI: 0.335
Val R2 - DI: 0.252
Test R2 - DI: 0.258
651 0.7593517688867439
652 0.7660898150508977
653 0.766130526732373
654 0.7698269388154416
655 0.7795551929422604
656 0.772801556382128
657 0.7652070587253912
658 0.7813732903918058
659 0.7686951915850349
660 0.7641918334055118
Train R2 - DI: 0.334
Val R2 - DI: 0.250
Test R2 - DI: 0.257
661 0.7654737078160795
662 0.7736160071947241
663 0.7737445014352012
664 0.7631928940400428
665 0.7710856524846887
666 0.7633546071240551
667 0.7721584534559626
668 0.7784248722496853
669 0.7671796649160351
670 0.7704039645024098
Train R2 - DI: 0.336
Val R2 - DI: 0.251
Test R2 - DI: 0.255
671 0.7682216138395357
672 0.7707745461053745
673 0.7745512627358933
674 0.7734728779416785
675 0.7541240238374279
676 0.7751716630860469
677 0.7654884670797641
678 0.7678619388611087
679 0.7704789176636699
680 0.7760672250528917
Train R2 - DI: 0.339
Val R2 - DI: 0.254
Test R2 - DI: 0.258
681 0.7607895041024814
682 0.7657032869622699
683 0.7637482994773482
684 0.7748435944211953
685 0.7744370804465373
686 0.7707238163999331
687 0.771788313781916
688 0.7758373866371784
689 0.766536002603483
690 0.7603303834528906
Train R2 - DI: 0.335
Val R2 - DI: 0.251
Test R2 - DI: 0.255
691 0.7730088427929895
692 0.7608256491281653
693 0.7648721065572514
694 0.7601262512600123
695 0.7682121522537696
696 0.7741340612852445
697 0.768037604473825
698 0.7695436207197046
699 0.7646459860613697
700 0.7541595826866806
Train R2 - DI: 0.337
Val R2 - DI: 0.252
Test R2 - DI: 0.259
701 0.7580436420697038
702 0.7655977301700141
703 0.7718982313268928
704 0.7656076714556704
705 0.7642324416013602
706 0.7601151071996245
707 0.764750142678565
708 0.770920825303669
709 0.7670321586738778
710 0.7608999744965611
Train R2 - DI: 0.339
Val R2 - DI: 0.253
Test R2 - DI: 0.260
711 0.7616869893979855
712 0.7705141146550469
713 0.765352311783794
714 0.7696794980743026
715 0.7644976803906075
716 0.755425996934214
717 0.7495728136818042
718 0.7671404686452667
719 0.7599574314223395
720 0.7615888503717265
Train R2 - DI: 0.343
Val R2 - DI: 0.257
Test R2 - DI: 0.260
721 0.771019538414521
722 0.7687339995069743
723 0.7661312102416937
724 0.7550112492721995
725 0.7688736231950876
726 0.7485415114296807
727 0.7684376805913918
728 0.7635493267394309
729 0.7553752069404903
730 0.7565297632234498
Train R2 - DI: 0.346
Val R2 - DI: 0.258
Test R2 - DI: 0.262
731 0.7585701488252182
732 0.7657936101745961
733 0.7543503495100151
734 0.7535294493466722
735 0.7725171452354787
736 0.7668974701221698
737 0.7587930615657547
738 0.7575091711509185
739 0.7601860255750704
740 0.7656735424927059
Train R2 - DI: 0.344
Val R2 - DI: 0.256
Test R2 - DI: 0.260
741 0.7632931106406728
742 0.7554977800256463
743 0.7550060768708533
744 0.7485345106398333
745 0.7566938859160228
746 0.7535224559913827
747 0.7621249650541599
748 0.7599021050665113
749 0.756987408027854
750 0.7458717764919377
Train R2 - DI: 0.344
Val R2 - DI: 0.256
Test R2 - DI: 0.261
751 0.7571686474653128
752 0.7567579188227226
753 0.759595187718723
754 0.7547386254461008
755 0.7480369693062211
756 0.7634913324455207
757 0.7621093611990679
758 0.7554857603110721
759 0.763111485332571
760 0.7516410517436202
Train R2 - DI: 0.350
Val R2 - DI: 0.260
Test R2 - DI: 0.265
761 0.763112337828537
762 0.7490393065209885
763 0.757702003627695
764 0.7628428330985448
765 0.7613538734801781
766 0.7559635971182136
767 0.7555287947364178
768 0.7502053591085591
769 0.7507808655393594
770 0.7622607389658582
Train R2 - DI: 0.350
Val R2 - DI: 0.261
Test R2 - DI: 0.268
771 0.7510300629882403
772 0.7518484423237463
773 0.7493646901140931
774 0.7599792687269095
775 0.7577412484367261
776 0.7583738575699509
777 0.7615234524545704
778 0.7493301573192774
779 0.7625976207863046
780 0.7537812746126592
Train R2 - DI: 0.350
Val R2 - DI: 0.259
Test R2 - DI: 0.263
781 0.7585531571859955
782 0.7560107977586835
783 0.7482908639002017
784 0.7645448107018693
785 0.754482453356507
786 0.758748406150435
787 0.7532275166562808
788 0.757977555558673
789 0.7587434844304156
790 0.7467441202491842
Train R2 - DI: 0.349
Val R2 - DI: 0.260
Test R2 - DI: 0.267
791 0.7575673451987646
792 0.7456925768151506
793 0.744788790689147
794 0.7454044114304272
795 0.7607967613418469
796 0.7445093617644362
797 0.7518636102317482
798 0.7591039792183907
799 0.7538417065015404
800 0.7601233026887354
Train R2 - DI: 0.351
Val R2 - DI: 0.259
Test R2 - DI: 0.264
0.2610800272011172
Test R2 - DI: 0.264
Test R2 - DI: 0.268

------------------------------------------------------------
Sender: LSF System <lsfadmin@hpc.dtu.dk>
Subject: Job 14756945: <testjob> in cluster <dcc> Done

Job <testjob> was submitted from host <n-62-30-8> by user <s174503> in cluster <dcc> at Mon Nov 14 23:03:00 2022
Job was executed on host(s) <n-62-20-7>, in queue <gpuv100>, as user <s174503> in cluster <dcc> at Mon Nov 14 23:10:39 2022
</zhome/fd/6/127382> was used as the home directory.
</zhome/fd/6/127382/Desktop/MasterThesis/Master-thesis> was used as the working directory.
Started at Mon Nov 14 23:10:39 2022
Terminated at Tue Nov 15 09:30:23 2022
Results reported at Tue Nov 15 09:30:23 2022

Your job looked like:

------------------------------------------------------------
# LSBATCH: User input
#!/bin/sh
#BSUB -q gpuv100
#BSUB -J testjob
#BSUB -n 1
#BSUB -gpu "num=1:mode=exclusive_process"
#BSUB -W 12:00
#BSUB -R "rusage[mem=5GB]"
#BSUB -o outputs/gpu_%J.out
#BSUB -e outputs/errors/gpu_%J.err

nvidia-smi
module load cuda/11.6

/appl/cuda/11.6.0/samples/bin/x86_64/linux/release/deviceQuery

source $HOME/miniconda3/bin/activate
source venv_1/bin/activate

python3 main.py CNN_simple 128 1e-8 1 400 shuffle_3wd1 99 adam
python3 main.py CNN_simple 128 1e-8 10 800 shuffle_3wd10 99 adam
------------------------------------------------------------

Successfully completed.

Resource usage summary:

    CPU time :                                   33491.87 sec.
    Max Memory :                                 2294 MB
    Average Memory :                             2247.75 MB
    Total Requested Memory :                     5120.00 MB
    Delta Memory :                               2826.00 MB
    Max Swap :                                   -
    Max Processes :                              4
    Max Threads :                                8
    Run time :                                   37185 sec.
    Turnaround time :                            37643 sec.

The output (if any) is above this job summary.



PS:

Read file <outputs/errors/gpu_14756945.err> for stderr output of this job.

