
------------------------------------------------------------
Sender: LSF System <lsfadmin@hpc.dtu.dk>
Subject: Job 14611927: <Tests> in cluster <dcc> Exited

Job <Tests> was submitted from host <n-62-27-19> by user <s174503> in cluster <dcc> at Thu Oct 27 20:54:33 2022
Job was executed on host(s) <16*n-62-28-31>, in queue <hpc>, as user <s174503> in cluster <dcc> at Thu Oct 27 20:54:35 2022
</zhome/fd/6/127382> was used as the home directory.
</zhome/fd/6/127382/Desktop/MasterThesis/Master-thesis> was used as the working directory.
Started at Thu Oct 27 20:54:35 2022
Terminated at Thu Oct 27 20:54:50 2022
Results reported at Thu Oct 27 20:54:50 2022

Your job looked like:

------------------------------------------------------------
# LSBATCH: User input
#!/bin/sh
#BSUB -q hpc
#BSUB -J Tests
#BSUB -n 16
#BSUB -R "span[hosts=1]"
#BSUB -R "rusage[mem=4GB]"
#BSUB -W 03:00
#BSUB -o outputs/Output_%J.out
#BSUB -e outputs/errors/Error_%J.err

source $HOME/miniconda3/bin/activate
source venv_1/bin/activate

python3 main.py synth_dataset_create
python3 main.py Deep


------------------------------------------------------------

TERM_OWNER: job killed by owner.
Exited with exit code 130.

Resource usage summary:

    CPU time :                                   3.61 sec.
    Max Memory :                                 101 MB
    Average Memory :                             95.00 MB
    Total Requested Memory :                     65536.00 MB
    Delta Memory :                               65435.00 MB
    Max Swap :                                   -
    Max Processes :                              4
    Max Threads :                                5
    Run time :                                   114 sec.
    Turnaround time :                            17 sec.

The output (if any) is above this job summary.



PS:

Read file <outputs/errors/Error_14611927.err> for stderr output of this job.

