Deep
4741 1008 1002
Feature batch shape: torch.Size([32, 4, 224, 224])
Labels batch shape: torch.Size([32])
cpu
1 1.1553403608716255
Train R2 - DI: 0.082
Val R2 - DI: 0.084
2 1.0265304134053486
Train R2 - DI: 0.145
Val R2 - DI: 0.074
3 0.9491213210095235
Train R2 - DI: 0.209
Val R2 - DI: 0.111
4 0.8752113616911577
Train R2 - DI: 0.200
Val R2 - DI: 0.041
5 0.8495169183079438
Train R2 - DI: 0.290
Val R2 - DI: 0.077
6 0.7668977595914444
Train R2 - DI: 0.317
Val R2 - DI: 0.084
7 0.7329625533215987
Train R2 - DI: 0.021
Val R2 - DI: -0.347
8 0.7086929004671604
Train R2 - DI: 0.415
Val R2 - DI: 0.061
9 0.6348869320059396
Train R2 - DI: 0.370
Val R2 - DI: -0.122
10 0.5620061585958989
Train R2 - DI: 0.577
Val R2 - DI: 0.069
11 0.490760709069696
Train R2 - DI: 0.538
Val R2 - DI: -0.025
12 0.45981370932541427
Train R2 - DI: 0.564
Val R2 - DI: -0.061
13 0.40726874423942294
Train R2 - DI: 0.600
Val R2 - DI: -0.074
14 0.3632454921854269
Train R2 - DI: 0.724
Val R2 - DI: -0.025
15 0.29782880155931063
Train R2 - DI: 0.742
Val R2 - DI: -0.092
16 0.27577491172178215
Train R2 - DI: 0.645
Val R2 - DI: -0.163
17 0.23958253549941103
Train R2 - DI: 0.758
Val R2 - DI: -0.114
18 0.21539070629773072
Train R2 - DI: 0.755
Val R2 - DI: -0.174
19 0.18535682958572555
Train R2 - DI: 0.874
Val R2 - DI: -0.105
20 0.19154102027579667
Train R2 - DI: 0.627
Val R2 - DI: -0.239
21 0.17819008185903223
Train R2 - DI: 0.881
Val R2 - DI: -0.064
22 0.1414881496835776
Train R2 - DI: 0.735
Val R2 - DI: -0.226
23 0.14158414494096164
Train R2 - DI: 0.924
Val R2 - DI: -0.013
24 0.1343757370445603
Train R2 - DI: 0.925
Val R2 - DI: -0.044
25 0.11649698114733333
Train R2 - DI: 0.931
Val R2 - DI: -0.028
26 0.10884998909118582
Train R2 - DI: 0.948
Val R2 - DI: -0.046
27 0.10865293594383284
Train R2 - DI: 0.893
Val R2 - DI: -0.119
28 0.11000417189881209
Train R2 - DI: 0.947
Val R2 - DI: -0.040
29 0.1005955632890743
Train R2 - DI: 0.911
Val R2 - DI: -0.080
30 0.09653409475692841
Train R2 - DI: 0.953
Val R2 - DI: -0.006
31 0.09102679568739085
Train R2 - DI: 0.925
Val R2 - DI: -0.042
32 0.087697489280234
Train R2 - DI: 0.960
Val R2 - DI: 0.000
33 0.08368839343321824
Train R2 - DI: 0.945
Val R2 - DI: -0.021

------------------------------------------------------------
Sender: LSF System <lsfadmin@hpc.dtu.dk>
Subject: Job 14612097: <Tests> in cluster <dcc> Exited

Job <Tests> was submitted from host <n-62-27-19> by user <s174503> in cluster <dcc> at Thu Oct 27 23:49:18 2022
Job was executed on host(s) <16*n-62-29-20>, in queue <hpc>, as user <s174503> in cluster <dcc> at Thu Oct 27 23:49:20 2022
</zhome/fd/6/127382> was used as the home directory.
</zhome/fd/6/127382/Desktop/MasterThesis/Master-thesis> was used as the working directory.
Started at Thu Oct 27 23:49:20 2022
Terminated at Fri Oct 28 09:46:10 2022
Results reported at Fri Oct 28 09:46:10 2022

Your job looked like:

------------------------------------------------------------
# LSBATCH: User input
#!/bin/sh
#BSUB -q hpc
#BSUB -J Tests
#BSUB -n 16
#BSUB -R "span[hosts=1]"
#BSUB -R "rusage[mem=4GB]"
#BSUB -W 10:00
#BSUB -o outputs/Output_%J.out
#BSUB -e outputs/errors/Error_%J.err

source $HOME/miniconda3/bin/activate
source venv_1/bin/activate

python3 main.py Deep


------------------------------------------------------------

TERM_OWNER: job killed by owner.
Exited with exit code 130.

Resource usage summary:

    CPU time :                                   35518.76 sec.
    Max Memory :                                 1548 MB
    Average Memory :                             1193.26 MB
    Total Requested Memory :                     65536.00 MB
    Delta Memory :                               63988.00 MB
    Max Swap :                                   2 MB
    Max Processes :                              4
    Max Threads :                                5
    Run time :                                   35818 sec.
    Turnaround time :                            35812 sec.

The output (if any) is above this job summary.



PS:

Read file <outputs/errors/Error_14612097.err> for stderr output of this job.

