45km_test
GM_45km_split_test
Loaded Synthetic Profile for trip: 1 / 4
Loaded Synthetic Profile for trip: 2 / 4
Loaded Synthetic Profile for trip: 3 / 4
Loaded Synthetic Profile for trip: 4 / 4
Loaded already segmented data
---------SPLIT 1--------
Run time: 8.59 mins
0.5624026478422994
0.1912213112390614
RandomForestRegressor(max_depth=6, max_features=120, min_samples_leaf=10,
                      n_estimators=1000)
---------SPLIT 2--------
Run time: 8.38 mins
0.5241935009333416
0.3043355221428061
RandomForestRegressor(max_depth=6, max_features=80, min_samples_leaf=10,
                      n_estimators=1000)
---------SPLIT 3--------
Run time: 8.23 mins
0.4514880263249553
0.323929068955772
RandomForestRegressor(max_depth=6, max_features=20, min_samples_leaf=10,
                      n_estimators=1000)
---------SPLIT 4--------
Run time: 8.24 mins
0.5499838713915586
0.1977304952271961
RandomForestRegressor(max_depth=6, max_features=110, min_samples_leaf=10,
                      n_estimators=1000)
---------SPLIT 5--------
Run time: 8.0 mins
0.5137395977362708
0.07987763281545224
RandomForestRegressor(max_depth=5, max_features=100, min_samples_leaf=10,
                      n_estimators=1000)
laser_test
GM_45km_split_test
Loaded Synthetic Profile for trip: 1 / 4
Loaded Synthetic Profile for trip: 2 / 4
Loaded Synthetic Profile for trip: 3 / 4
Loaded Synthetic Profile for trip: 4 / 4
Loaded already segmented data
---------SPLIT 1--------
Run time: 8.21 mins
0.5408086664147073
0.1764111409620217
RandomForestRegressor(max_depth=6, max_features=120, min_samples_leaf=10,
                      n_estimators=1000)
---------SPLIT 2--------
Run time: 8.13 mins
0.5352013095390975
0.2685891433489571
RandomForestRegressor(max_depth=6, max_features=120, min_samples_leaf=10,
                      n_estimators=1000)
---------SPLIT 3--------
Run time: 8.16 mins
0.421054181917933
0.35451676427456535
RandomForestRegressor(max_depth=6, max_features=120, min_samples_leaf=20,
                      n_estimators=1000)
---------SPLIT 4--------
Run time: 7.9 mins
0.5470084157193662
0.08207590681051069
RandomForestRegressor(max_depth=6, max_features=120, min_samples_leaf=10,
                      n_estimators=1000)
---------SPLIT 5--------
Run time: 7.75 mins
0.5615919596894837
0.06991602427618893
RandomForestRegressor(max_depth=6, max_features=120, min_samples_leaf=10,
                      n_estimators=1000)
synth_test
GM_synth_split_test
Loaded Synthetic Profile for trip: 1 / 4 - passage: 1 / 5
Loaded Synthetic Profile for trip: 1 / 4 - passage: 2 / 5
Loaded Synthetic Profile for trip: 1 / 4 - passage: 3 / 5
Loaded Synthetic Profile for trip: 1 / 4 - passage: 4 / 5
Loaded Synthetic Profile for trip: 1 / 4 - passage: 5 / 5
Loaded Synthetic Profile for trip: 2 / 4 - passage: 1 / 7
Loaded Synthetic Profile for trip: 2 / 4 - passage: 2 / 7
Loaded Synthetic Profile for trip: 2 / 4 - passage: 3 / 7
Loaded Synthetic Profile for trip: 2 / 4 - passage: 4 / 7
Loaded Synthetic Profile for trip: 2 / 4 - passage: 5 / 7
Loaded Synthetic Profile for trip: 2 / 4 - passage: 6 / 7
Loaded Synthetic Profile for trip: 2 / 4 - passage: 7 / 7
Loaded Synthetic Profile for trip: 3 / 4 - passage: 1 / 7
Loaded Synthetic Profile for trip: 3 / 4 - passage: 2 / 7
Loaded Synthetic Profile for trip: 3 / 4 - passage: 3 / 7
Loaded Synthetic Profile for trip: 3 / 4 - passage: 4 / 7
Loaded Synthetic Profile for trip: 3 / 4 - passage: 5 / 7
Loaded Synthetic Profile for trip: 3 / 4 - passage: 6 / 7
Loaded Synthetic Profile for trip: 3 / 4 - passage: 7 / 7
Loaded Synthetic Profile for trip: 4 / 4 - passage: 1 / 6
Loaded Synthetic Profile for trip: 4 / 4 - passage: 2 / 6
Loaded Synthetic Profile for trip: 4 / 4 - passage: 3 / 6
Loaded Synthetic Profile for trip: 4 / 4 - passage: 4 / 6
Loaded Synthetic Profile for trip: 4 / 4 - passage: 5 / 6
Loaded Synthetic Profile for trip: 4 / 4 - passage: 6 / 6
Loaded already segmented data
---------SPLIT 1--------
Run time: 66.61 mins
0.44105379216577434
0.16784949636401358
RandomForestRegressor(max_depth=6, max_features=50, min_samples_leaf=40,
                      n_estimators=1000)
---------SPLIT 2--------
Run time: 64.57 mins
0.41021063141410474
0.30848301732901606
RandomForestRegressor(max_depth=6, max_features=50, min_samples_leaf=40,
                      n_estimators=1000)
---------SPLIT 3--------
Run time: 68.29 mins
0.36197636576721626
0.38770381429632705
RandomForestRegressor(max_depth=5, max_features=110, min_samples_leaf=40,
                      n_estimators=1000)
---------SPLIT 4--------
Run time: 70.5 mins
0.4024090131052347
0.18500175975625544
RandomForestRegressor(max_depth=5, max_features=90, min_samples_leaf=50,
                      n_estimators=1000)
---------SPLIT 5--------
Run time: 70.01 mins
0.4772371234156684
0.028479483751560397
RandomForestRegressor(max_depth=6, max_features=120, min_samples_leaf=40,
                      n_estimators=1000)

------------------------------------------------------------
Sender: LSF System <lsfadmin@hpc.dtu.dk>
Subject: Job 14756943: <Tests> in cluster <dcc> Done

Job <Tests> was submitted from host <n-62-30-8> by user <s174503> in cluster <dcc> at Mon Nov 14 23:02:50 2022
Job was executed on host(s) <24*n-62-21-8>, in queue <hpc>, as user <s174503> in cluster <dcc> at Mon Nov 14 23:02:51 2022
</zhome/fd/6/127382> was used as the home directory.
</zhome/fd/6/127382/Desktop/MasterThesis/Master-thesis> was used as the working directory.
Started at Mon Nov 14 23:02:51 2022
Terminated at Tue Nov 15 06:08:16 2022
Results reported at Tue Nov 15 06:08:16 2022

Your job looked like:

------------------------------------------------------------
# LSBATCH: User input
#!/bin/sh
#BSUB -q hpc
#BSUB -J Tests
#BSUB -n 24
#BSUB -R "span[hosts=1]"
#BSUB -R "rusage[mem=4GB]"
#BSUB -W 20:00
#BSUB -o outputs/Output_%J.out
#BSUB -e outputs/errors/Error_%J.err

source $HOME/miniconda3/bin/activate
source venv_1/bin/activate

python3 main.py 45km_test train
python3 main.py laser_test train
python3 main.py synth_test train


------------------------------------------------------------

Successfully completed.

Resource usage summary:

    CPU time :                                   586467.00 sec.
    Max Memory :                                 3894 MB
    Average Memory :                             3490.06 MB
    Total Requested Memory :                     98304.00 MB
    Delta Memory :                               94410.00 MB
    Max Swap :                                   -
    Max Processes :                              30
    Max Threads :                                34
    Run time :                                   25525 sec.
    Turnaround time :                            25526 sec.

The output (if any) is above this job summary.



PS:

Read file <outputs/errors/Error_14756943.err> for stderr output of this job.

