synth_test
GM_synth_split_test
Loaded Synthetic Profile for trip: 1 / 4 - passage: 1 / 5
Loaded Synthetic Profile for trip: 1 / 4 - passage: 2 / 5
Loaded Synthetic Profile for trip: 1 / 4 - passage: 3 / 5
Loaded Synthetic Profile for trip: 1 / 4 - passage: 4 / 5
Loaded Synthetic Profile for trip: 1 / 4 - passage: 5 / 5
Loaded Synthetic Profile for trip: 2 / 4 - passage: 1 / 7
Loaded Synthetic Profile for trip: 2 / 4 - passage: 2 / 7
Loaded Synthetic Profile for trip: 2 / 4 - passage: 3 / 7
Loaded Synthetic Profile for trip: 2 / 4 - passage: 4 / 7
Loaded Synthetic Profile for trip: 2 / 4 - passage: 5 / 7
Loaded Synthetic Profile for trip: 2 / 4 - passage: 6 / 7
Loaded Synthetic Profile for trip: 2 / 4 - passage: 7 / 7
Loaded Synthetic Profile for trip: 3 / 4 - passage: 1 / 7
Loaded Synthetic Profile for trip: 3 / 4 - passage: 2 / 7
Loaded Synthetic Profile for trip: 3 / 4 - passage: 3 / 7
Loaded Synthetic Profile for trip: 3 / 4 - passage: 4 / 7
Loaded Synthetic Profile for trip: 3 / 4 - passage: 5 / 7
Loaded Synthetic Profile for trip: 3 / 4 - passage: 6 / 7
Loaded Synthetic Profile for trip: 3 / 4 - passage: 7 / 7
Loaded Synthetic Profile for trip: 4 / 4 - passage: 1 / 6
Loaded Synthetic Profile for trip: 4 / 4 - passage: 2 / 6
Loaded Synthetic Profile for trip: 4 / 4 - passage: 3 / 6
Loaded Synthetic Profile for trip: 4 / 4 - passage: 4 / 6
Loaded Synthetic Profile for trip: 4 / 4 - passage: 5 / 6
Loaded Synthetic Profile for trip: 4 / 4 - passage: 6 / 6
Loaded already segmented data
---------SPLIT 1--------
949 939 949 943 948
Run time: 89.33 mins
0.5365002330583302
0.22637166374777473
RandomForestRegressor(max_depth=5, max_features=0.6, min_samples_leaf=30,
                      min_samples_split=10, n_estimators=200)
---------SPLIT 2--------
Run time: 82.82 mins
0.5197285166486942
0.19787679975362726
RandomForestRegressor(max_depth=5, max_features=0.3, min_samples_leaf=20,
                      min_samples_split=10, n_estimators=200)
---------SPLIT 3--------
Run time: 89.21 mins
0.5211889758763852
0.286558674268943
RandomForestRegressor(max_depth=5, max_features=0.5, min_samples_leaf=20,
                      n_estimators=200)
---------SPLIT 4--------
Run time: 89.79 mins
0.5019074245148816
0.26181575451662864
RandomForestRegressor(max_depth=5, max_features=0.4, min_samples_leaf=8,
                      min_samples_split=10, n_estimators=200)
---------SPLIT 5--------
Run time: 89.2 mins
0.4697219750565641
0.34245135618143585
RandomForestRegressor(max_depth=5, max_features=0.4, min_samples_leaf=40,
                      min_samples_split=10, n_estimators=200)
45km_test
GM_45km_split_test
Loaded Synthetic Profile for trip: 1 / 4
Loaded Synthetic Profile for trip: 2 / 4
Loaded Synthetic Profile for trip: 3 / 4
Loaded Synthetic Profile for trip: 4 / 4
Loaded already segmented data
---------SPLIT 1--------
148 148 148 138 137
Run time: 9.4 mins
0.6392191444878103
0.2544749396496093
RandomForestRegressor(max_depth=5, max_features=0.8, min_samples_leaf=8,
                      min_samples_split=10, n_estimators=200)
---------SPLIT 2--------
Run time: 9.24 mins
0.671575092747806
0.12794477058277787
RandomForestRegressor(max_depth=5, max_features=0.4, n_estimators=200)
---------SPLIT 3--------
Run time: 9.38 mins
0.6619681937964759
0.2637463435427849
RandomForestRegressor(max_depth=5, max_features=0.7, min_samples_leaf=4,
                      min_samples_split=10, n_estimators=200)
---------SPLIT 4--------
Run time: 9.56 mins
0.5464209207272596
0.3183765193400231
RandomForestRegressor(max_depth=4, max_features=0.9, min_samples_leaf=8,
                      min_samples_split=10, n_estimators=200)
---------SPLIT 5--------
Run time: 9.97 mins
0.5833285210545434
0.3041971886136494
RandomForestRegressor(max_depth=5, max_features=0.9, min_samples_leaf=10,
                      n_estimators=1000)
laser_test
GM_45km_split_test
Loaded Synthetic Profile for trip: 1 / 4
Loaded Synthetic Profile for trip: 2 / 4
Loaded Synthetic Profile for trip: 3 / 4
Loaded Synthetic Profile for trip: 4 / 4
Loaded already segmented data
---------SPLIT 1--------
Run time: 8.46 mins
0.6040251407852608
0.2405252498194984
RandomForestRegressor(max_depth=5, max_features=0.6, min_samples_leaf=8,
                      min_samples_split=10, n_estimators=200)
---------SPLIT 2--------
Run time: 8.35 mins
0.6672818444188087
0.17060481921932924
RandomForestRegressor(max_depth=5, max_features=0.4, n_estimators=200)
---------SPLIT 3--------
Run time: 8.43 mins
0.582444082488788
0.1978364931640767
RandomForestRegressor(max_depth=5, max_features=0.4, min_samples_leaf=10,
                      n_estimators=200)
---------SPLIT 4--------
Run time: 8.62 mins
0.5947636156328346
0.41058199136269524
RandomForestRegressor(max_depth=5, max_features=0.6, min_samples_leaf=4,
                      min_samples_split=10, n_estimators=200)
---------SPLIT 5--------
Run time: 8.61 mins
0.6172359260787318
0.3409964058658499
RandomForestRegressor(max_depth=5, max_features=0.9, min_samples_split=10,
                      n_estimators=200)
GM_split_test
Loaded already segmented data
---------SPLIT 1--------
Run time: 18.78 mins
0.4631659965769541
0.10380379041948029
RandomForestRegressor(max_depth=4, max_features=0.3, n_estimators=200)
---------SPLIT 2--------
Run time: 18.38 mins
0.40264870684205323
0.27482736054997514
RandomForestRegressor(max_depth=4, max_features=0.5, min_samples_leaf=30,
                      n_estimators=200)
---------SPLIT 3--------
Run time: 18.7 mins
0.4312205500264198
0.158603410787014
RandomForestRegressor(max_depth=4, max_features=0.2, min_samples_split=10,
                      n_estimators=200)
---------SPLIT 4--------
Run time: 18.63 mins
0.41028520500382537
0.35775520657965454
RandomForestRegressor(max_depth=4, max_features=0.5, min_samples_split=10,
                      n_estimators=200)
---------SPLIT 5--------
Run time: 18.82 mins
0.39271621882090413
0.24603989122961445
RandomForestRegressor(max_depth=4, max_features='sqrt', n_estimators=200)

------------------------------------------------------------
Sender: LSF System <lsfadmin@hpc.dtu.dk>
Subject: Job 14794932: <Tests> in cluster <dcc> Done

Job <Tests> was submitted from host <n-62-30-5> by user <s174503> in cluster <dcc> at Thu Nov 17 18:36:01 2022
Job was executed on host(s) <24*n-62-31-12>, in queue <hpc>, as user <s174503> in cluster <dcc> at Fri Nov 18 00:57:34 2022
</zhome/fd/6/127382> was used as the home directory.
</zhome/fd/6/127382/Desktop/MasterThesis/Master-thesis> was used as the working directory.
Started at Fri Nov 18 00:57:34 2022
Terminated at Fri Nov 18 11:27:26 2022
Results reported at Fri Nov 18 11:27:26 2022

Your job looked like:

------------------------------------------------------------
# LSBATCH: User input
#!/bin/sh
#BSUB -q hpc
#BSUB -J Tests
#BSUB -n 24
#BSUB -R "span[hosts=1]"
#BSUB -R "rusage[mem=4GB]"
#BSUB -W 20:00
#BSUB -o outputs/Output_%J.out
#BSUB -e outputs/errors/Error_%J.err

source $HOME/miniconda3/bin/activate
source venv_1/bin/activate

python3 main.py synth_test train
python3 main.py 45km_test train
python3 main.py laser_test train
python3 main.py GM_split_test train



------------------------------------------------------------

Successfully completed.

Resource usage summary:

    CPU time :                                   885387.00 sec.
    Max Memory :                                 3405 MB
    Average Memory :                             3018.18 MB
    Total Requested Memory :                     98304.00 MB
    Delta Memory :                               94899.00 MB
    Max Swap :                                   -
    Max Processes :                              30
    Max Threads :                                34
    Run time :                                   37849 sec.
    Turnaround time :                            60685 sec.

The output (if any) is above this job summary.



PS:

Read file <outputs/errors/Error_14794932.err> for stderr output of this job.

