synth_test
GM_synth_split_test
Loaded Synthetic Profile for trip: 1 / 4 - passage: 1 / 5
Loaded Synthetic Profile for trip: 1 / 4 - passage: 2 / 5
Loaded Synthetic Profile for trip: 1 / 4 - passage: 3 / 5
Loaded Synthetic Profile for trip: 1 / 4 - passage: 4 / 5
Loaded Synthetic Profile for trip: 1 / 4 - passage: 5 / 5
Loaded Synthetic Profile for trip: 2 / 4 - passage: 1 / 7
Loaded Synthetic Profile for trip: 2 / 4 - passage: 2 / 7
Loaded Synthetic Profile for trip: 2 / 4 - passage: 3 / 7
Loaded Synthetic Profile for trip: 2 / 4 - passage: 4 / 7
Loaded Synthetic Profile for trip: 2 / 4 - passage: 5 / 7
Loaded Synthetic Profile for trip: 2 / 4 - passage: 6 / 7
Loaded Synthetic Profile for trip: 2 / 4 - passage: 7 / 7
Loaded Synthetic Profile for trip: 3 / 4 - passage: 1 / 7
Loaded Synthetic Profile for trip: 3 / 4 - passage: 2 / 7
Loaded Synthetic Profile for trip: 3 / 4 - passage: 3 / 7
Loaded Synthetic Profile for trip: 3 / 4 - passage: 4 / 7
Loaded Synthetic Profile for trip: 3 / 4 - passage: 5 / 7
Loaded Synthetic Profile for trip: 3 / 4 - passage: 6 / 7
Loaded Synthetic Profile for trip: 3 / 4 - passage: 7 / 7
Loaded Synthetic Profile for trip: 4 / 4 - passage: 1 / 6
Loaded Synthetic Profile for trip: 4 / 4 - passage: 2 / 6
Loaded Synthetic Profile for trip: 4 / 4 - passage: 3 / 6
Loaded Synthetic Profile for trip: 4 / 4 - passage: 4 / 6
Loaded Synthetic Profile for trip: 4 / 4 - passage: 5 / 6
Loaded Synthetic Profile for trip: 4 / 4 - passage: 6 / 6
Loaded already segmented data
---------SPLIT 1--------
949 939 949 943 948
Run time: 43.32 mins
0.5784347994257624
0.2250195461216017
RandomForestRegressor(max_depth=6, max_features=0.5, min_samples_leaf=30,
                      min_samples_split=5, n_estimators=250, oob_score=True)
45km_test
GM_45km_split_test
Loaded Synthetic Profile for trip: 1 / 4
Loaded Synthetic Profile for trip: 2 / 4
Loaded Synthetic Profile for trip: 3 / 4
Loaded Synthetic Profile for trip: 4 / 4
Loaded already segmented data
---------SPLIT 1--------
148 148 148 138 137
Run time: 4.55 mins
0.685610840670279
0.24616303033160403
RandomForestRegressor(max_depth=5, max_features=0.9, min_samples_split=5,
                      n_estimators=250, oob_score=True)
laser_test
GM_45km_split_test
Loaded Synthetic Profile for trip: 1 / 4
Loaded Synthetic Profile for trip: 2 / 4
Loaded Synthetic Profile for trip: 3 / 4
Loaded Synthetic Profile for trip: 4 / 4
Loaded already segmented data
---------SPLIT 1--------
Run time: 4.13 mins
0.7034340754801554
0.25952846634044624
RandomForestRegressor(max_depth=6, max_features=0.8, min_samples_leaf=5,
                      n_estimators=250, oob_score=True)
GM_split_test
Loaded already segmented data
---------SPLIT 1--------
Run time: 9.21 mins
0.4091817799989955
0.10225113493585536
RandomForestRegressor(max_depth=6, max_features=0.3, min_samples_leaf=50,
                      min_samples_split=15, n_estimators=250, oob_score=True)

------------------------------------------------------------
Sender: LSF System <lsfadmin@hpc.dtu.dk>
Subject: Job 14806990: <Tests> in cluster <dcc> Exited

Job <Tests> was submitted from host <n-62-30-5> by user <s174503> in cluster <dcc> at Fri Nov 18 22:03:21 2022
Job was executed on host(s) <24*n-62-30-23>, in queue <hpc>, as user <s174503> in cluster <dcc> at Fri Nov 18 22:03:22 2022
</zhome/fd/6/127382> was used as the home directory.
</zhome/fd/6/127382/Desktop/MasterThesis/Master-thesis> was used as the working directory.
Started at Fri Nov 18 22:03:22 2022
Terminated at Fri Nov 18 23:06:51 2022
Results reported at Fri Nov 18 23:06:51 2022

Your job looked like:

------------------------------------------------------------
# LSBATCH: User input
#!/bin/sh
#BSUB -q hpc
#BSUB -J Tests
#BSUB -n 24
#BSUB -R "span[hosts=1]"
#BSUB -R "rusage[mem=4GB]"
#BSUB -W 20:00
#BSUB -o outputs/Output_%J.out
#BSUB -e outputs/errors/Error_%J.err

source $HOME/miniconda3/bin/activate
source venv_1/bin/activate

python3 main.py synth_test train
python3 main.py 45km_test train
python3 main.py laser_test train
python3 main.py GM_split_test train



------------------------------------------------------------

Exited with exit code 1.

Resource usage summary:

    CPU time :                                   85780.00 sec.
    Max Memory :                                 3340 MB
    Average Memory :                             2648.28 MB
    Total Requested Memory :                     98304.00 MB
    Delta Memory :                               94964.00 MB
    Max Swap :                                   -
    Max Processes :                              30
    Max Threads :                                34
    Run time :                                   3909 sec.
    Turnaround time :                            3810 sec.

The output (if any) is above this job summary.



PS:

Read file <outputs/errors/Error_14806990.err> for stderr output of this job.

