GM_split_test
---------SPLIT 1--------
Run time: 9.34 mins
0.3798906051877432
0.1666200047664732
RandomForestRegressor(max_depth=4, max_features=100, min_samples_leaf=40,
                      n_estimators=500)
---------SPLIT 2--------
Run time: 9.07 mins
0.28341359192623183
0.2657886788015985
RandomForestRegressor(max_depth=3, max_features=60, min_samples_leaf=70,
                      n_estimators=500)
---------SPLIT 3--------
Run time: 9.36 mins
0.36343628116437876
0.2723444672534665
RandomForestRegressor(max_depth=4, max_features=100, min_samples_leaf=10,
                      n_estimators=500)
---------SPLIT 4--------
Run time: 9.78 mins
0.3938553529069616
-0.15994539889464643
RandomForestRegressor(max_depth=5, max_features=70, min_samples_leaf=30,
                      n_estimators=500)
---------SPLIT 5--------
Run time: 9.57 mins
0.319623699899929
0.12212905845707067
RandomForestRegressor(max_depth=3, max_features=90, min_samples_leaf=20,
                      n_estimators=500)

------------------------------------------------------------
Sender: LSF System <lsfadmin@hpc.dtu.dk>
Subject: Job 14280402: <Tests> in cluster <dcc> Done

Job <Tests> was submitted from host <n-62-30-1> by user <s174503> in cluster <dcc> at Sun Sep 25 12:12:47 2022
Job was executed on host(s) <16*n-62-30-25>, in queue <hpc>, as user <s174503> in cluster <dcc> at Sun Sep 25 12:12:48 2022
</zhome/fd/6/127382> was used as the home directory.
</zhome/fd/6/127382/Desktop/MasterThesis/Master-thesis> was used as the working directory.
Started at Sun Sep 25 12:12:48 2022
Terminated at Sun Sep 25 13:03:23 2022
Results reported at Sun Sep 25 13:03:23 2022

Your job looked like:

------------------------------------------------------------
# LSBATCH: User input
#!/bin/sh
#BSUB -q hpc
#BSUB -J Tests
#BSUB -n 16
#BSUB -R "span[hosts=1]"
#BSUB -R "rusage[mem=4GB]"
#BSUB -W 08:00
#BSUB -o outputs/Output_%J.out
#BSUB -e outputs/errors/Error_%J.err

source $HOME/miniconda3/bin/activate
source venv_1/bin/activate

python3 main.py GM_split_test train

------------------------------------------------------------

Successfully completed.

Resource usage summary:

    CPU time :                                   44404.00 sec.
    Max Memory :                                 1380 MB
    Average Memory :                             1063.33 MB
    Total Requested Memory :                     65536.00 MB
    Delta Memory :                               64156.00 MB
    Max Swap :                                   -
    Max Processes :                              22
    Max Threads :                                26
    Run time :                                   3063 sec.
    Turnaround time :                            3036 sec.

The output (if any) is above this job summary.



PS:

Read file <outputs/errors/Error_14280402.err> for stderr output of this job.

