synth_test
GM_synth_split_test
Loaded Synthetic Profile for trip: 1 / 4 - passage: 1 / 5
Loaded Synthetic Profile for trip: 1 / 4 - passage: 2 / 5
Loaded Synthetic Profile for trip: 1 / 4 - passage: 3 / 5
Loaded Synthetic Profile for trip: 1 / 4 - passage: 4 / 5
Loaded Synthetic Profile for trip: 1 / 4 - passage: 5 / 5
Loaded Synthetic Profile for trip: 2 / 4 - passage: 1 / 7
Loaded Synthetic Profile for trip: 2 / 4 - passage: 2 / 7
Loaded Synthetic Profile for trip: 2 / 4 - passage: 3 / 7
Loaded Synthetic Profile for trip: 2 / 4 - passage: 4 / 7
Loaded Synthetic Profile for trip: 2 / 4 - passage: 5 / 7
Loaded Synthetic Profile for trip: 2 / 4 - passage: 6 / 7
Loaded Synthetic Profile for trip: 2 / 4 - passage: 7 / 7
Loaded Synthetic Profile for trip: 3 / 4 - passage: 1 / 7
Loaded Synthetic Profile for trip: 3 / 4 - passage: 2 / 7
Loaded Synthetic Profile for trip: 3 / 4 - passage: 3 / 7
Loaded Synthetic Profile for trip: 3 / 4 - passage: 4 / 7
Loaded Synthetic Profile for trip: 3 / 4 - passage: 5 / 7
Loaded Synthetic Profile for trip: 3 / 4 - passage: 6 / 7
Loaded Synthetic Profile for trip: 3 / 4 - passage: 7 / 7
Loaded Synthetic Profile for trip: 4 / 4 - passage: 1 / 6
Loaded Synthetic Profile for trip: 4 / 4 - passage: 2 / 6
Loaded Synthetic Profile for trip: 4 / 4 - passage: 3 / 6
Loaded Synthetic Profile for trip: 4 / 4 - passage: 4 / 6
Loaded Synthetic Profile for trip: 4 / 4 - passage: 5 / 6
Loaded Synthetic Profile for trip: 4 / 4 - passage: 6 / 6
Loaded already segmented data
---------SPLIT 1--------
949 939 949 943 948
Run time: 34.75 mins
oob
0.45247504894985124
0.5085338015268596
0.21685908837804124
RandomForestRegressor(max_depth=5, max_features=0.4, min_samples_leaf=50,
                      min_samples_split=5, n_estimators=250, oob_score=True)
---------SPLIT 2--------
Run time: 32.24 mins
oob
0.4520297050744566
0.5109602596813414
0.20756965846001563
RandomForestRegressor(max_depth=5, max_features=0.4, min_samples_leaf=40,
                      min_samples_split=15, n_estimators=250, oob_score=True)
---------SPLIT 3--------
Run time: 34.99 mins
oob
0.45877964312713715
0.5307750634490311
0.27255149336155116
RandomForestRegressor(max_depth=5, max_features=0.7, min_samples_leaf=20,
                      n_estimators=250, oob_score=True)
---------SPLIT 4--------
Run time: 35.36 mins
oob
0.4234618787548716
0.48717785581538486
0.23661914237043036
RandomForestRegressor(max_depth=5, max_features=0.8, min_samples_leaf=40,
                      n_estimators=250, oob_score=True)
---------SPLIT 5--------
Run time: 34.92 mins
oob
0.4186472891616013
0.48896607833863304
0.35813027485889115
RandomForestRegressor(max_depth=5, max_features=0.6, min_samples_leaf=30,
                      min_samples_split=10, n_estimators=250, oob_score=True)
45km_test
GM_45km_split_test
Loaded Synthetic Profile for trip: 1 / 4
Loaded Synthetic Profile for trip: 2 / 4
Loaded Synthetic Profile for trip: 3 / 4
Loaded Synthetic Profile for trip: 4 / 4
Loaded already segmented data
---------SPLIT 1--------
239 241 237 260 283
Run time: 6.97 mins
oob
0.2991301569413587
0.5177234251485858
0.18708989925329123
RandomForestRegressor(max_depth=5, max_features=0.4, min_samples_leaf=10,
                      min_samples_split=15, n_estimators=250, oob_score=True)
---------SPLIT 2--------
Run time: 6.83 mins
oob
0.24502359855631684
0.3757865538602073
0.2643230345959605
RandomForestRegressor(max_depth=5, max_features='log2', min_samples_leaf=10,
                      min_samples_split=15, n_estimators=250, oob_score=True)
---------SPLIT 3--------
Run time: 7.02 mins
oob
0.24155062208911537
0.41272063345829746
0.3388789362283099
RandomForestRegressor(max_depth=4, max_features=0.8, min_samples_leaf=10,
                      min_samples_split=10, n_estimators=250, oob_score=True)
---------SPLIT 4--------
Run time: 6.78 mins
oob
0.2834898478577026
0.5346232374671783
0.21270792514057701
RandomForestRegressor(max_depth=5, max_features=0.5, min_samples_leaf=5,
                      n_estimators=250, oob_score=True)
---------SPLIT 5--------
Run time: 6.67 mins
oob
0.31977578245582006
0.557099480420018
0.05930270590527997
RandomForestRegressor(max_depth=5, max_features=0.9, min_samples_leaf=10,
                      min_samples_split=10, n_estimators=250, oob_score=True)
laser_test
GM_45km_split_test
Loaded Synthetic Profile for trip: 1 / 4
Loaded Synthetic Profile for trip: 2 / 4
Loaded Synthetic Profile for trip: 3 / 4
Loaded Synthetic Profile for trip: 4 / 4
Loaded already segmented data
---------SPLIT 1--------
Run time: 6.24 mins
oob
0.30083820749625156
0.4984239052469013
0.18681894983424085
RandomForestRegressor(max_depth=5, max_features=0.4, min_samples_leaf=10,
                      min_samples_split=5, n_estimators=250, oob_score=True)
---------SPLIT 2--------
Run time: 6.15 mins
oob
0.28444380974115024
0.43774957921878865
0.258727450306799
RandomForestRegressor(max_depth=5, max_features=0.4, min_samples_leaf=20,
                      min_samples_split=15, n_estimators=250, oob_score=True)
---------SPLIT 3--------
Run time: 6.23 mins
oob
0.24235955584964264
0.411735095589023
0.3556921911523
RandomForestRegressor(max_depth=5, max_features=0.7, min_samples_leaf=20,
                      n_estimators=250, oob_score=True)
---------SPLIT 4--------
Run time: 6.01 mins
oob
0.3074440813989633
0.5150413482041108
0.07379325465818865
RandomForestRegressor(max_depth=5, max_features=0.6, min_samples_leaf=10,
                      min_samples_split=15, n_estimators=250, oob_score=True)
---------SPLIT 5--------
Run time: 5.86 mins
oob
0.33431953337656073
0.5530171424388082
0.05199320338191604
RandomForestRegressor(max_depth=5, max_features=0.4, min_samples_leaf=5,
                      n_estimators=250, oob_score=True)
GM_split_test
Loaded already segmented data
---------SPLIT 1--------
Run time: 7.3 mins
oob
0.30602327912253147
0.37782293114661814
0.1147649838985425
RandomForestRegressor(max_depth=4, max_features='sqrt', min_samples_leaf=40,
                      n_estimators=250, oob_score=True)
---------SPLIT 2--------
Run time: 7.1 mins
oob
0.2767817885881573
0.3776610630968721
0.27332024406544386
RandomForestRegressor(max_depth=5, max_features=0.4, min_samples_leaf=50,
                      min_samples_split=15, n_estimators=250, oob_score=True)
---------SPLIT 3--------
Run time: 7.28 mins
oob
0.2860623016797389
0.5256753800470788
0.15304218851325313
RandomForestRegressor(max_depth=5, max_features=0.4, n_estimators=250,
                      oob_score=True)
---------SPLIT 4--------
Run time: 7.27 mins
oob
0.2529241682847355
0.3977169703129637
0.3490424963411001
RandomForestRegressor(max_depth=4, max_features=0.7, min_samples_leaf=20,
                      min_samples_split=15, n_estimators=250, oob_score=True)
---------SPLIT 5--------
Run time: 7.3 mins
oob
0.27639409152380745
0.3885255377833531
0.25833647303740026
RandomForestRegressor(max_depth=4, max_features=0.3, min_samples_leaf=30,
                      n_estimators=250, oob_score=True)

------------------------------------------------------------
Sender: LSF System <lsfadmin@hpc.dtu.dk>
Subject: Job 14808251: <Tests> in cluster <dcc> Done

Job <Tests> was submitted from host <n-62-30-5> by user <s174503> in cluster <dcc> at Sat Nov 19 20:27:19 2022
Job was executed on host(s) <24*n-62-31-12>, in queue <hpc>, as user <s174503> in cluster <dcc> at Sat Nov 19 20:27:19 2022
</zhome/fd/6/127382> was used as the home directory.
</zhome/fd/6/127382/Desktop/MasterThesis/Master-thesis> was used as the working directory.
Started at Sat Nov 19 20:27:19 2022
Terminated at Sun Nov 20 01:03:37 2022
Results reported at Sun Nov 20 01:03:37 2022

Your job looked like:

------------------------------------------------------------
# LSBATCH: User input
#!/bin/sh
#BSUB -q hpc
#BSUB -J Tests
#BSUB -n 24
#BSUB -R "span[hosts=1]"
#BSUB -R "rusage[mem=4GB]"
#BSUB -W 20:00
#BSUB -o outputs/Output_%J.out
#BSUB -e outputs/errors/Error_%J.err

source $HOME/miniconda3/bin/activate
source venv_1/bin/activate

python3 main.py synth_test train
python3 main.py 45km_test train
python3 main.py laser_test train
python3 main.py GM_split_test train



------------------------------------------------------------

Successfully completed.

Resource usage summary:

    CPU time :                                   384320.00 sec.
    Max Memory :                                 3350 MB
    Average Memory :                             2895.30 MB
    Total Requested Memory :                     98304.00 MB
    Delta Memory :                               94954.00 MB
    Max Swap :                                   -
    Max Processes :                              30
    Max Threads :                                34
    Run time :                                   16682 sec.
    Turnaround time :                            16578 sec.

The output (if any) is above this job summary.



PS:

Read file <outputs/errors/Error_14808251.err> for stderr output of this job.

