GM_split_test
---------SPLIT 1--------
Run time: 44.13 mins
0.43964951924523954
0.16462583540275177
RandomForestRegressor(max_depth=5, max_features=0.33, min_samples_leaf=20,
                      min_samples_split=5, n_estimators=500, oob_score=True)
---------SPLIT 2--------
Run time: 43.82 mins
0.3550184067504103
0.26762320766075265
RandomForestRegressor(max_depth=10, max_features=0.33, min_samples_leaf=50,
                      n_estimators=500, oob_score=True)
---------SPLIT 3--------
Run time: 44.92 mins
0.30447516457560253
0.2653016183050678
RandomForestRegressor(max_depth=3, min_samples_leaf=50, n_estimators=500,
                      oob_score=True)
---------SPLIT 4--------
Run time: 46.65 mins
0.393415092833607
-0.1553885234906769
RandomForestRegressor(max_depth=5, max_features=0.33, min_samples_leaf=30,
                      n_estimators=500, oob_score=True)
---------SPLIT 5--------
Run time: 45.96 mins
0.39089963537214856
0.11463299202499311
RandomForestRegressor(max_depth=4, max_features=0.66, min_samples_leaf=2,
                      n_estimators=500, oob_score=True)

------------------------------------------------------------
Sender: LSF System <lsfadmin@hpc.dtu.dk>
Subject: Job 14265942: <Tests> in cluster <dcc> Done

Job <Tests> was submitted from host <n-62-30-1> by user <s174503> in cluster <dcc> at Sun Sep 25 00:13:39 2022
Job was executed on host(s) <16*n-62-29-15>, in queue <hpc>, as user <s174503> in cluster <dcc> at Sun Sep 25 00:13:39 2022
</zhome/fd/6/127382> was used as the home directory.
</zhome/fd/6/127382/Desktop/MasterThesis/Master-thesis> was used as the working directory.
Started at Sun Sep 25 00:13:39 2022
Terminated at Sun Sep 25 04:06:10 2022
Results reported at Sun Sep 25 04:06:10 2022

Your job looked like:

------------------------------------------------------------
# LSBATCH: User input
#!/bin/sh
#BSUB -q hpc
#BSUB -J Tests
#BSUB -n 16
#BSUB -R "span[hosts=1]"
#BSUB -R "rusage[mem=4GB]"
#BSUB -W 13:00
#BSUB -o outputs/Output_%J.out
#BSUB -e outputs/errors/Error_%J.err

source $HOME/miniconda3/bin/activate
source venv_1/bin/activate

python3 main.py GM_split_test train

------------------------------------------------------------

Successfully completed.

Resource usage summary:

    CPU time :                                   215058.00 sec.
    Max Memory :                                 1517 MB
    Average Memory :                             1354.39 MB
    Total Requested Memory :                     65536.00 MB
    Delta Memory :                               64019.00 MB
    Max Swap :                                   -
    Max Processes :                              22
    Max Threads :                                26
    Run time :                                   13974 sec.
    Turnaround time :                            13951 sec.

The output (if any) is above this job summary.



PS:

Read file <outputs/errors/Error_14265942.err> for stderr output of this job.

