Deep
4741 1008 1002
Feature batch shape: torch.Size([16, 4, 224, 224])
Labels batch shape: torch.Size([16])
cpu
1 1.2130941263962034
2 1.0373305848469037
3 1.0399669283076545
4 1.033105871139813
5 1.04019052704234
6 1.0373807503588213
7 1.0309231505316538
8 1.031876040206532

------------------------------------------------------------
Sender: LSF System <lsfadmin@hpc.dtu.dk>
Subject: Job 14612001: <Tests> in cluster <dcc> Exited

Job <Tests> was submitted from host <n-62-27-19> by user <s174503> in cluster <dcc> at Thu Oct 27 21:58:09 2022
Job was executed on host(s) <16*n-62-29-18>, in queue <hpc>, as user <s174503> in cluster <dcc> at Thu Oct 27 21:58:10 2022
</zhome/fd/6/127382> was used as the home directory.
</zhome/fd/6/127382/Desktop/MasterThesis/Master-thesis> was used as the working directory.
Started at Thu Oct 27 21:58:10 2022
Terminated at Thu Oct 27 23:35:27 2022
Results reported at Thu Oct 27 23:35:27 2022

Your job looked like:

------------------------------------------------------------
# LSBATCH: User input
#!/bin/sh
#BSUB -q hpc
#BSUB -J Tests
#BSUB -n 16
#BSUB -R "span[hosts=1]"
#BSUB -R "rusage[mem=4GB]"
#BSUB -W 11:00
#BSUB -o outputs/Output_%J.out
#BSUB -e outputs/errors/Error_%J.err

source $HOME/miniconda3/bin/activate
source venv_1/bin/activate

python3 main.py Deep


------------------------------------------------------------

TERM_OWNER: job killed by owner.
Exited with exit code 130.

Resource usage summary:

    CPU time :                                   5766.37 sec.
    Max Memory :                                 890 MB
    Average Memory :                             741.51 MB
    Total Requested Memory :                     65536.00 MB
    Delta Memory :                               64646.00 MB
    Max Swap :                                   -
    Max Processes :                              4
    Max Threads :                                5
    Run time :                                   5917 sec.
    Turnaround time :                            5838 sec.

The output (if any) is above this job summary.



PS:

Read file <outputs/errors/Error_14612001.err> for stderr output of this job.

